[2022-02-06 16:36:38,088] {taskinstance.py:1032} INFO - Dependencies all met for <TaskInstance: data_ingestion_gcs_dag.bigquery_external_table_task scheduled__2021-04-02T06:00:00+00:00 [queued]>
[2022-02-06 16:36:38,106] {taskinstance.py:1032} INFO - Dependencies all met for <TaskInstance: data_ingestion_gcs_dag.bigquery_external_table_task scheduled__2021-04-02T06:00:00+00:00 [queued]>
[2022-02-06 16:36:38,107] {taskinstance.py:1238} INFO - 
--------------------------------------------------------------------------------
[2022-02-06 16:36:38,108] {taskinstance.py:1239} INFO - Starting attempt 1 of 2
[2022-02-06 16:36:38,110] {taskinstance.py:1240} INFO - 
--------------------------------------------------------------------------------
[2022-02-06 16:36:38,130] {taskinstance.py:1259} INFO - Executing <Task(BigQueryCreateExternalTableOperator): bigquery_external_table_task> on 2021-04-02 06:00:00+00:00
[2022-02-06 16:36:38,141] {standard_task_runner.py:52} INFO - Started process 3507 to run task
[2022-02-06 16:36:38,155] {standard_task_runner.py:76} INFO - Running: ['***', 'tasks', 'run', 'data_ingestion_gcs_dag', 'bigquery_external_table_task', 'scheduled__2021-04-02T06:00:00+00:00', '--job-id', '173', '--raw', '--subdir', 'DAGS_FOLDER/data_ingestion_gcs_dags_hw.py', '--cfg-path', '/tmp/tmpw7muw72h', '--error-file', '/tmp/tmpyanuh1r3']
[2022-02-06 16:36:38,158] {standard_task_runner.py:77} INFO - Job 173: Subtask bigquery_external_table_task
[2022-02-06 16:36:38,319] {logging_mixin.py:109} INFO - Running <TaskInstance: data_ingestion_gcs_dag.bigquery_external_table_task scheduled__2021-04-02T06:00:00+00:00 [running]> on host 6aa22590a839
[2022-02-06 16:36:38,392] {warnings.py:110} WARNING - /home/***/.local/lib/python3.7/site-packages/***/utils/context.py:152: AirflowContextDeprecationWarning: Accessing 'execution_date' from the template is deprecated and will be removed in a future version. Please use 'data_interval_start' or 'logical_date' instead.
  warnings.warn(_create_deprecation_warning(key, self._deprecation_replacements[key]))

[2022-02-06 16:36:38,452] {taskinstance.py:1426} INFO - Exporting the following env vars:
AIRFLOW_CTX_DAG_OWNER=***
AIRFLOW_CTX_DAG_ID=data_ingestion_gcs_dag
AIRFLOW_CTX_TASK_ID=bigquery_external_table_task
AIRFLOW_CTX_EXECUTION_DATE=2021-04-02T06:00:00+00:00
AIRFLOW_CTX_DAG_RUN_ID=scheduled__2021-04-02T06:00:00+00:00
[2022-02-06 16:36:38,456] {crypto.py:82} WARNING - empty cryptography key - values will not be stored encrypted.
[2022-02-06 16:36:39,870] {taskinstance.py:1277} INFO - Marking task as SUCCESS. dag_id=data_ingestion_gcs_dag, task_id=bigquery_external_table_task, execution_date=20210402T060000, start_date=20220206T163638, end_date=20220206T163639
[2022-02-06 16:36:39,973] {local_task_job.py:154} INFO - Task exited with return code 0
[2022-02-06 16:36:40,182] {local_task_job.py:264} INFO - 0 downstream tasks scheduled from follow-on schedule check
