[2022-02-06 15:00:09,748] {taskinstance.py:1032} INFO - Dependencies all met for <TaskInstance: data_ingestion_gcs_dag.download_dataset_task scheduled__2021-01-02T06:00:00+00:00 [queued]>
[2022-02-06 15:00:09,929] {taskinstance.py:1032} INFO - Dependencies all met for <TaskInstance: data_ingestion_gcs_dag.download_dataset_task scheduled__2021-01-02T06:00:00+00:00 [queued]>
[2022-02-06 15:00:09,933] {taskinstance.py:1238} INFO - 
--------------------------------------------------------------------------------
[2022-02-06 15:00:09,938] {taskinstance.py:1239} INFO - Starting attempt 1 of 2
[2022-02-06 15:00:09,943] {taskinstance.py:1240} INFO - 
--------------------------------------------------------------------------------
[2022-02-06 15:00:10,034] {taskinstance.py:1259} INFO - Executing <Task(BashOperator): download_dataset_task> on 2021-01-02 06:00:00+00:00
[2022-02-06 15:00:10,070] {standard_task_runner.py:52} INFO - Started process 2822 to run task
[2022-02-06 15:00:10,137] {standard_task_runner.py:76} INFO - Running: ['***', 'tasks', 'run', 'data_ingestion_gcs_dag', 'download_dataset_task', 'scheduled__2021-01-02T06:00:00+00:00', '--job-id', '145', '--raw', '--subdir', 'DAGS_FOLDER/data_ingestion_gcs_dags_hw.py', '--cfg-path', '/tmp/tmpilorn888', '--error-file', '/tmp/tmprm18manf']
[2022-02-06 15:00:10,154] {standard_task_runner.py:77} INFO - Job 145: Subtask download_dataset_task
[2022-02-06 15:00:11,422] {logging_mixin.py:109} INFO - Running <TaskInstance: data_ingestion_gcs_dag.download_dataset_task scheduled__2021-01-02T06:00:00+00:00 [running]> on host 6aa22590a839
[2022-02-06 15:00:12,569] {warnings.py:110} WARNING - /home/***/.local/lib/python3.7/site-packages/***/utils/context.py:152: AirflowContextDeprecationWarning: Accessing 'execution_date' from the template is deprecated and will be removed in a future version. Please use 'data_interval_start' or 'logical_date' instead.
  warnings.warn(_create_deprecation_warning(key, self._deprecation_replacements[key]))

[2022-02-06 15:00:12,749] {taskinstance.py:1426} INFO - Exporting the following env vars:
AIRFLOW_CTX_DAG_OWNER=***
AIRFLOW_CTX_DAG_ID=data_ingestion_gcs_dag
AIRFLOW_CTX_TASK_ID=download_dataset_task
AIRFLOW_CTX_EXECUTION_DATE=2021-01-02T06:00:00+00:00
AIRFLOW_CTX_DAG_RUN_ID=scheduled__2021-01-02T06:00:00+00:00
[2022-02-06 15:00:12,763] {subprocess.py:62} INFO - Tmp dir root location: 
 /tmp
[2022-02-06 15:00:12,797] {subprocess.py:74} INFO - Running command: ['bash', '-c', 'curl -sS https://s3.amazonaws.com/nyc-tlc/trip+data/yellow_tripdata_2021-01.csv > /opt/***/yellow_tripdata_2021-01.csv']
[2022-02-06 15:00:13,038] {subprocess.py:85} INFO - Output:
[2022-02-06 15:01:17,994] {subprocess.py:93} INFO - Command exited with return code 0
[2022-02-06 15:01:18,639] {taskinstance.py:1277} INFO - Marking task as SUCCESS. dag_id=data_ingestion_gcs_dag, task_id=download_dataset_task, execution_date=20210102T060000, start_date=20220206T150009, end_date=20220206T150118
[2022-02-06 15:01:19,571] {local_task_job.py:154} INFO - Task exited with return code 0
[2022-02-06 15:01:20,614] {local_task_job.py:264} INFO - 0 downstream tasks scheduled from follow-on schedule check
