[2022-01-30 21:59:41,663] {taskinstance.py:1032} INFO - Dependencies all met for <TaskInstance: data_ingestion_gcs_dag.format_to_parquet_task scheduled__2022-01-28T00:00:00+00:00 [queued]>
[2022-01-30 21:59:41,682] {taskinstance.py:1032} INFO - Dependencies all met for <TaskInstance: data_ingestion_gcs_dag.format_to_parquet_task scheduled__2022-01-28T00:00:00+00:00 [queued]>
[2022-01-30 21:59:41,688] {taskinstance.py:1238} INFO - 
--------------------------------------------------------------------------------
[2022-01-30 21:59:41,689] {taskinstance.py:1239} INFO - Starting attempt 1 of 2
[2022-01-30 21:59:41,690] {taskinstance.py:1240} INFO - 
--------------------------------------------------------------------------------
[2022-01-30 21:59:41,720] {taskinstance.py:1259} INFO - Executing <Task(PythonOperator): format_to_parquet_task> on 2022-01-28 00:00:00+00:00
[2022-01-30 21:59:41,727] {standard_task_runner.py:52} INFO - Started process 186 to run task
[2022-01-30 21:59:41,733] {standard_task_runner.py:76} INFO - Running: ['***', 'tasks', 'run', 'data_ingestion_gcs_dag', 'format_to_parquet_task', 'scheduled__2022-01-28T00:00:00+00:00', '--job-id', '39', '--raw', '--subdir', 'DAGS_FOLDER/data_ingestion_gcs_dags.py', '--cfg-path', '/tmp/tmpss22s2j3', '--error-file', '/tmp/tmpe3190qyv']
[2022-01-30 21:59:41,735] {standard_task_runner.py:77} INFO - Job 39: Subtask format_to_parquet_task
[2022-01-30 21:59:41,795] {logging_mixin.py:109} INFO - Running <TaskInstance: data_ingestion_gcs_dag.format_to_parquet_task scheduled__2022-01-28T00:00:00+00:00 [running]> on host 6aa22590a839
[2022-01-30 21:59:41,846] {taskinstance.py:1426} INFO - Exporting the following env vars:
AIRFLOW_CTX_DAG_OWNER=***
AIRFLOW_CTX_DAG_ID=data_ingestion_gcs_dag
AIRFLOW_CTX_TASK_ID=format_to_parquet_task
AIRFLOW_CTX_EXECUTION_DATE=2022-01-28T00:00:00+00:00
AIRFLOW_CTX_DAG_RUN_ID=scheduled__2022-01-28T00:00:00+00:00
[2022-01-30 21:59:45,037] {python.py:175} INFO - Done. Returned value was: None
[2022-01-30 21:59:45,063] {taskinstance.py:1277} INFO - Marking task as SUCCESS. dag_id=data_ingestion_gcs_dag, task_id=format_to_parquet_task, execution_date=20220128T000000, start_date=20220130T215941, end_date=20220130T215945
[2022-01-30 21:59:45,282] {local_task_job.py:154} INFO - Task exited with return code 0
[2022-01-30 21:59:45,326] {local_task_job.py:264} INFO - 1 downstream tasks scheduled from follow-on schedule check
