[2022-01-30 22:03:28,443] {taskinstance.py:1032} INFO - Dependencies all met for <TaskInstance: data_ingestion_gcs_dag.format_to_parquet_task scheduled__2022-01-28T00:00:00+00:00 [queued]>
[2022-01-30 22:03:28,469] {taskinstance.py:1032} INFO - Dependencies all met for <TaskInstance: data_ingestion_gcs_dag.format_to_parquet_task scheduled__2022-01-28T00:00:00+00:00 [queued]>
[2022-01-30 22:03:28,473] {taskinstance.py:1238} INFO - 
--------------------------------------------------------------------------------
[2022-01-30 22:03:28,479] {taskinstance.py:1239} INFO - Starting attempt 2 of 3
[2022-01-30 22:03:28,480] {taskinstance.py:1240} INFO - 
--------------------------------------------------------------------------------
[2022-01-30 22:03:28,507] {taskinstance.py:1259} INFO - Executing <Task(PythonOperator): format_to_parquet_task> on 2022-01-28 00:00:00+00:00
[2022-01-30 22:03:28,519] {standard_task_runner.py:52} INFO - Started process 353 to run task
[2022-01-30 22:03:28,551] {standard_task_runner.py:76} INFO - Running: ['***', 'tasks', 'run', 'data_ingestion_gcs_dag', 'format_to_parquet_task', 'scheduled__2022-01-28T00:00:00+00:00', '--job-id', '42', '--raw', '--subdir', 'DAGS_FOLDER/data_ingestion_gcs_dags.py', '--cfg-path', '/tmp/tmpd_lbolbv', '--error-file', '/tmp/tmprokym_gl']
[2022-01-30 22:03:28,555] {standard_task_runner.py:77} INFO - Job 42: Subtask format_to_parquet_task
[2022-01-30 22:03:28,699] {logging_mixin.py:109} INFO - Running <TaskInstance: data_ingestion_gcs_dag.format_to_parquet_task scheduled__2022-01-28T00:00:00+00:00 [running]> on host 6aa22590a839
[2022-01-30 22:03:28,770] {taskinstance.py:1426} INFO - Exporting the following env vars:
AIRFLOW_CTX_DAG_OWNER=***
AIRFLOW_CTX_DAG_ID=data_ingestion_gcs_dag
AIRFLOW_CTX_TASK_ID=format_to_parquet_task
AIRFLOW_CTX_EXECUTION_DATE=2022-01-28T00:00:00+00:00
AIRFLOW_CTX_DAG_RUN_ID=scheduled__2022-01-28T00:00:00+00:00
[2022-01-30 22:03:35,861] {python.py:175} INFO - Done. Returned value was: None
[2022-01-30 22:03:35,919] {taskinstance.py:1277} INFO - Marking task as SUCCESS. dag_id=data_ingestion_gcs_dag, task_id=format_to_parquet_task, execution_date=20220128T000000, start_date=20220130T220328, end_date=20220130T220335
[2022-01-30 22:03:36,193] {local_task_job.py:154} INFO - Task exited with return code 0
[2022-01-30 22:03:36,298] {local_task_job.py:264} INFO - 1 downstream tasks scheduled from follow-on schedule check
