[2022-02-06 16:32:50,311] {taskinstance.py:1032} INFO - Dependencies all met for <TaskInstance: data_ingestion_gcs_dag.download_dataset_task scheduled__2021-04-02T06:00:00+00:00 [queued]>
[2022-02-06 16:32:50,534] {taskinstance.py:1032} INFO - Dependencies all met for <TaskInstance: data_ingestion_gcs_dag.download_dataset_task scheduled__2021-04-02T06:00:00+00:00 [queued]>
[2022-02-06 16:32:50,551] {taskinstance.py:1238} INFO - 
--------------------------------------------------------------------------------
[2022-02-06 16:32:50,555] {taskinstance.py:1239} INFO - Starting attempt 2 of 2
[2022-02-06 16:32:50,561] {taskinstance.py:1240} INFO - 
--------------------------------------------------------------------------------
[2022-02-06 16:32:51,081] {taskinstance.py:1259} INFO - Executing <Task(BashOperator): download_dataset_task> on 2021-04-02 06:00:00+00:00
[2022-02-06 16:32:51,653] {standard_task_runner.py:52} INFO - Started process 3365 to run task
[2022-02-06 16:32:51,817] {standard_task_runner.py:76} INFO - Running: ['***', 'tasks', 'run', 'data_ingestion_gcs_dag', 'download_dataset_task', 'scheduled__2021-04-02T06:00:00+00:00', '--job-id', '167', '--raw', '--subdir', 'DAGS_FOLDER/data_ingestion_gcs_dags_hw.py', '--cfg-path', '/tmp/tmpoudprmjk', '--error-file', '/tmp/tmpvw_z_eh3']
[2022-02-06 16:32:51,858] {standard_task_runner.py:77} INFO - Job 167: Subtask download_dataset_task
[2022-02-06 16:32:55,053] {logging_mixin.py:109} INFO - Running <TaskInstance: data_ingestion_gcs_dag.download_dataset_task scheduled__2021-04-02T06:00:00+00:00 [running]> on host 6aa22590a839
[2022-02-06 16:32:57,421] {warnings.py:110} WARNING - /home/***/.local/lib/python3.7/site-packages/***/utils/context.py:152: AirflowContextDeprecationWarning: Accessing 'execution_date' from the template is deprecated and will be removed in a future version. Please use 'data_interval_start' or 'logical_date' instead.
  warnings.warn(_create_deprecation_warning(key, self._deprecation_replacements[key]))

[2022-02-06 16:32:58,633] {taskinstance.py:1426} INFO - Exporting the following env vars:
AIRFLOW_CTX_DAG_OWNER=***
AIRFLOW_CTX_DAG_ID=data_ingestion_gcs_dag
AIRFLOW_CTX_TASK_ID=download_dataset_task
AIRFLOW_CTX_EXECUTION_DATE=2021-04-02T06:00:00+00:00
AIRFLOW_CTX_DAG_RUN_ID=scheduled__2021-04-02T06:00:00+00:00
[2022-02-06 16:32:58,646] {subprocess.py:62} INFO - Tmp dir root location: 
 /tmp
[2022-02-06 16:32:58,658] {subprocess.py:74} INFO - Running command: ['bash', '-c', 'curl -sS https://s3.amazonaws.com/nyc-tlc/trip+data/yellow_tripdata_2021-04.csv > /opt/***/yellow_tripdata_2021-04.csv']
[2022-02-06 16:32:59,244] {subprocess.py:85} INFO - Output:
[2022-02-06 16:35:07,250] {subprocess.py:93} INFO - Command exited with return code 0
[2022-02-06 16:35:07,998] {taskinstance.py:1277} INFO - Marking task as SUCCESS. dag_id=data_ingestion_gcs_dag, task_id=download_dataset_task, execution_date=20210402T060000, start_date=20220206T163250, end_date=20220206T163507
[2022-02-06 16:35:08,512] {local_task_job.py:154} INFO - Task exited with return code 0
[2022-02-06 16:35:08,792] {local_task_job.py:264} INFO - 0 downstream tasks scheduled from follow-on schedule check
