[2022-02-06 15:03:45,499] {taskinstance.py:1032} INFO - Dependencies all met for <TaskInstance: data_ingestion_gcs_dag.local_to_gcs_task scheduled__2020-11-02T06:00:00+00:00 [queued]>
[2022-02-06 15:03:45,530] {taskinstance.py:1032} INFO - Dependencies all met for <TaskInstance: data_ingestion_gcs_dag.local_to_gcs_task scheduled__2020-11-02T06:00:00+00:00 [queued]>
[2022-02-06 15:03:45,531] {taskinstance.py:1238} INFO - 
--------------------------------------------------------------------------------
[2022-02-06 15:03:45,533] {taskinstance.py:1239} INFO - Starting attempt 1 of 2
[2022-02-06 15:03:45,534] {taskinstance.py:1240} INFO - 
--------------------------------------------------------------------------------
[2022-02-06 15:03:45,585] {taskinstance.py:1259} INFO - Executing <Task(PythonOperator): local_to_gcs_task> on 2020-11-02 06:00:00+00:00
[2022-02-06 15:03:45,612] {standard_task_runner.py:52} INFO - Started process 2953 to run task
[2022-02-06 15:03:45,632] {standard_task_runner.py:76} INFO - Running: ['***', 'tasks', 'run', 'data_ingestion_gcs_dag', 'local_to_gcs_task', 'scheduled__2020-11-02T06:00:00+00:00', '--job-id', '151', '--raw', '--subdir', 'DAGS_FOLDER/data_ingestion_gcs_dags_hw.py', '--cfg-path', '/tmp/tmpz16vp61x', '--error-file', '/tmp/tmp9x0xknjl']
[2022-02-06 15:03:45,644] {standard_task_runner.py:77} INFO - Job 151: Subtask local_to_gcs_task
[2022-02-06 15:03:45,845] {logging_mixin.py:109} INFO - Running <TaskInstance: data_ingestion_gcs_dag.local_to_gcs_task scheduled__2020-11-02T06:00:00+00:00 [running]> on host 6aa22590a839
[2022-02-06 15:03:46,168] {warnings.py:110} WARNING - /home/***/.local/lib/python3.7/site-packages/***/utils/context.py:152: AirflowContextDeprecationWarning: Accessing 'execution_date' from the template is deprecated and will be removed in a future version. Please use 'data_interval_start' or 'logical_date' instead.
  warnings.warn(_create_deprecation_warning(key, self._deprecation_replacements[key]))

[2022-02-06 15:03:46,312] {taskinstance.py:1426} INFO - Exporting the following env vars:
AIRFLOW_CTX_DAG_OWNER=***
AIRFLOW_CTX_DAG_ID=data_ingestion_gcs_dag
AIRFLOW_CTX_TASK_ID=local_to_gcs_task
AIRFLOW_CTX_EXECUTION_DATE=2020-11-02T06:00:00+00:00
AIRFLOW_CTX_DAG_RUN_ID=scheduled__2020-11-02T06:00:00+00:00
[2022-02-06 15:04:31,050] {python.py:175} INFO - Done. Returned value was: None
[2022-02-06 15:04:31,091] {taskinstance.py:1277} INFO - Marking task as SUCCESS. dag_id=data_ingestion_gcs_dag, task_id=local_to_gcs_task, execution_date=20201102T060000, start_date=20220206T150345, end_date=20220206T150431
[2022-02-06 15:04:31,177] {local_task_job.py:154} INFO - Task exited with return code 0
[2022-02-06 15:04:31,269] {local_task_job.py:264} INFO - 1 downstream tasks scheduled from follow-on schedule check
