[2022-02-06 22:06:38,084] {taskinstance.py:1032} INFO - Dependencies all met for <TaskInstance: data_ingestion_gcs_dag.local_to_gcs_task scheduled__2020-06-02T06:00:00+00:00 [queued]>
[2022-02-06 22:06:38,171] {taskinstance.py:1032} INFO - Dependencies all met for <TaskInstance: data_ingestion_gcs_dag.local_to_gcs_task scheduled__2020-06-02T06:00:00+00:00 [queued]>
[2022-02-06 22:06:38,173] {taskinstance.py:1238} INFO - 
--------------------------------------------------------------------------------
[2022-02-06 22:06:38,177] {taskinstance.py:1239} INFO - Starting attempt 1 of 2
[2022-02-06 22:06:38,180] {taskinstance.py:1240} INFO - 
--------------------------------------------------------------------------------
[2022-02-06 22:06:38,283] {taskinstance.py:1259} INFO - Executing <Task(PythonOperator): local_to_gcs_task> on 2020-06-02 06:00:00+00:00
[2022-02-06 22:06:38,338] {standard_task_runner.py:52} INFO - Started process 1728 to run task
[2022-02-06 22:06:38,387] {standard_task_runner.py:76} INFO - Running: ['***', 'tasks', 'run', 'data_ingestion_gcs_dag', 'local_to_gcs_task', 'scheduled__2020-06-02T06:00:00+00:00', '--job-id', '218', '--raw', '--subdir', 'DAGS_FOLDER/data_ingestion_gcs_dags_hw.py', '--cfg-path', '/tmp/tmp9mvileag', '--error-file', '/tmp/tmp_33u3xs6']
[2022-02-06 22:06:38,402] {standard_task_runner.py:77} INFO - Job 218: Subtask local_to_gcs_task
[2022-02-06 22:06:39,410] {logging_mixin.py:109} INFO - Running <TaskInstance: data_ingestion_gcs_dag.local_to_gcs_task scheduled__2020-06-02T06:00:00+00:00 [running]> on host 6aa22590a839
[2022-02-06 22:06:39,739] {warnings.py:110} WARNING - /home/***/.local/lib/python3.7/site-packages/***/utils/context.py:152: AirflowContextDeprecationWarning: Accessing 'execution_date' from the template is deprecated and will be removed in a future version. Please use 'data_interval_start' or 'logical_date' instead.
  warnings.warn(_create_deprecation_warning(key, self._deprecation_replacements[key]))

[2022-02-06 22:06:40,035] {taskinstance.py:1426} INFO - Exporting the following env vars:
AIRFLOW_CTX_DAG_OWNER=***
AIRFLOW_CTX_DAG_ID=data_ingestion_gcs_dag
AIRFLOW_CTX_TASK_ID=local_to_gcs_task
AIRFLOW_CTX_EXECUTION_DATE=2020-06-02T06:00:00+00:00
AIRFLOW_CTX_DAG_RUN_ID=scheduled__2020-06-02T06:00:00+00:00
[2022-02-06 22:06:55,949] {python.py:175} INFO - Done. Returned value was: None
[2022-02-06 22:06:56,139] {taskinstance.py:1277} INFO - Marking task as SUCCESS. dag_id=data_ingestion_gcs_dag, task_id=local_to_gcs_task, execution_date=20200602T060000, start_date=20220206T220638, end_date=20220206T220656
[2022-02-06 22:06:56,582] {local_task_job.py:154} INFO - Task exited with return code 0
[2022-02-06 22:06:57,087] {local_task_job.py:264} INFO - 0 downstream tasks scheduled from follow-on schedule check
