[2022-02-06 22:05:47,819] {taskinstance.py:1032} INFO - Dependencies all met for <TaskInstance: data_ingestion_gcs_dag.format_to_parquet_task scheduled__2020-04-02T06:00:00+00:00 [queued]>
[2022-02-06 22:05:47,973] {taskinstance.py:1032} INFO - Dependencies all met for <TaskInstance: data_ingestion_gcs_dag.format_to_parquet_task scheduled__2020-04-02T06:00:00+00:00 [queued]>
[2022-02-06 22:05:47,983] {taskinstance.py:1238} INFO - 
--------------------------------------------------------------------------------
[2022-02-06 22:05:47,992] {taskinstance.py:1239} INFO - Starting attempt 1 of 2
[2022-02-06 22:05:47,993] {taskinstance.py:1240} INFO - 
--------------------------------------------------------------------------------
[2022-02-06 22:05:48,188] {taskinstance.py:1259} INFO - Executing <Task(PythonOperator): format_to_parquet_task> on 2020-04-02 06:00:00+00:00
[2022-02-06 22:05:48,609] {standard_task_runner.py:52} INFO - Started process 1684 to run task
[2022-02-06 22:05:48,950] {standard_task_runner.py:76} INFO - Running: ['***', 'tasks', 'run', 'data_ingestion_gcs_dag', 'format_to_parquet_task', 'scheduled__2020-04-02T06:00:00+00:00', '--job-id', '215', '--raw', '--subdir', 'DAGS_FOLDER/data_ingestion_gcs_dags_hw.py', '--cfg-path', '/tmp/tmpv2o29_9d', '--error-file', '/tmp/tmpejnwprux']
[2022-02-06 22:05:48,979] {standard_task_runner.py:77} INFO - Job 215: Subtask format_to_parquet_task
[2022-02-06 22:05:49,575] {logging_mixin.py:109} INFO - Running <TaskInstance: data_ingestion_gcs_dag.format_to_parquet_task scheduled__2020-04-02T06:00:00+00:00 [running]> on host 6aa22590a839
[2022-02-06 22:05:50,387] {warnings.py:110} WARNING - /home/***/.local/lib/python3.7/site-packages/***/utils/context.py:152: AirflowContextDeprecationWarning: Accessing 'execution_date' from the template is deprecated and will be removed in a future version. Please use 'data_interval_start' or 'logical_date' instead.
  warnings.warn(_create_deprecation_warning(key, self._deprecation_replacements[key]))

[2022-02-06 22:05:50,602] {taskinstance.py:1426} INFO - Exporting the following env vars:
AIRFLOW_CTX_DAG_OWNER=***
AIRFLOW_CTX_DAG_ID=data_ingestion_gcs_dag
AIRFLOW_CTX_TASK_ID=format_to_parquet_task
AIRFLOW_CTX_EXECUTION_DATE=2020-04-02T06:00:00+00:00
AIRFLOW_CTX_DAG_RUN_ID=scheduled__2020-04-02T06:00:00+00:00
[2022-02-06 22:05:57,451] {python.py:175} INFO - Done. Returned value was: None
[2022-02-06 22:05:57,665] {taskinstance.py:1277} INFO - Marking task as SUCCESS. dag_id=data_ingestion_gcs_dag, task_id=format_to_parquet_task, execution_date=20200402T060000, start_date=20220206T220547, end_date=20220206T220557
[2022-02-06 22:05:58,249] {local_task_job.py:154} INFO - Task exited with return code 0
[2022-02-06 22:06:00,158] {local_task_job.py:264} INFO - 0 downstream tasks scheduled from follow-on schedule check
