[2022-02-05 19:11:04,416] {taskinstance.py:1032} INFO - Dependencies all met for <TaskInstance: data_ingestion_gcs_dag.format_to_parquet_task scheduled__2019-01-02T06:00:00+00:00 [queued]>
[2022-02-05 19:11:04,452] {taskinstance.py:1032} INFO - Dependencies all met for <TaskInstance: data_ingestion_gcs_dag.format_to_parquet_task scheduled__2019-01-02T06:00:00+00:00 [queued]>
[2022-02-05 19:11:04,455] {taskinstance.py:1238} INFO - 
--------------------------------------------------------------------------------
[2022-02-05 19:11:04,462] {taskinstance.py:1239} INFO - Starting attempt 1 of 2
[2022-02-05 19:11:04,466] {taskinstance.py:1240} INFO - 
--------------------------------------------------------------------------------
[2022-02-05 19:11:04,487] {taskinstance.py:1259} INFO - Executing <Task(PythonOperator): format_to_parquet_task> on 2019-01-02 06:00:00+00:00
[2022-02-05 19:11:04,496] {standard_task_runner.py:52} INFO - Started process 389 to run task
[2022-02-05 19:11:04,515] {standard_task_runner.py:76} INFO - Running: ['***', 'tasks', 'run', 'data_ingestion_gcs_dag', 'format_to_parquet_task', 'scheduled__2019-01-02T06:00:00+00:00', '--job-id', '94', '--raw', '--subdir', 'DAGS_FOLDER/data_ingestion_gcs_dags_hw.py', '--cfg-path', '/tmp/tmprmogtyyr', '--error-file', '/tmp/tmpqeg7tcav']
[2022-02-05 19:11:04,542] {standard_task_runner.py:77} INFO - Job 94: Subtask format_to_parquet_task
[2022-02-05 19:11:05,611] {logging_mixin.py:109} INFO - Running <TaskInstance: data_ingestion_gcs_dag.format_to_parquet_task scheduled__2019-01-02T06:00:00+00:00 [running]> on host 6aa22590a839
[2022-02-05 19:11:06,135] {warnings.py:110} WARNING - /home/***/.local/lib/python3.7/site-packages/***/utils/context.py:152: AirflowContextDeprecationWarning: Accessing 'execution_date' from the template is deprecated and will be removed in a future version. Please use 'data_interval_start' or 'logical_date' instead.
  warnings.warn(_create_deprecation_warning(key, self._deprecation_replacements[key]))

[2022-02-05 19:11:06,370] {taskinstance.py:1426} INFO - Exporting the following env vars:
AIRFLOW_CTX_DAG_OWNER=***
AIRFLOW_CTX_DAG_ID=data_ingestion_gcs_dag
AIRFLOW_CTX_TASK_ID=format_to_parquet_task
AIRFLOW_CTX_EXECUTION_DATE=2019-01-02T06:00:00+00:00
AIRFLOW_CTX_DAG_RUN_ID=scheduled__2019-01-02T06:00:00+00:00
[2022-02-05 19:17:03,730] {local_task_job.py:154} INFO - Task exited with return code Negsignal.SIGKILL
[2022-02-05 19:17:05,635] {taskinstance.py:1277} INFO - Marking task as UP_FOR_RETRY. dag_id=data_ingestion_gcs_dag, task_id=format_to_parquet_task, execution_date=20190102T060000, start_date=20220205T191104, end_date=20220205T191705
[2022-02-05 19:17:09,700] {local_task_job.py:264} INFO - 0 downstream tasks scheduled from follow-on schedule check
