[2022-02-06 15:07:17,683] {taskinstance.py:1032} INFO - Dependencies all met for <TaskInstance: data_ingestion_gcs_dag.local_to_gcs_task scheduled__2021-03-02T06:00:00+00:00 [queued]>
[2022-02-06 15:07:17,924] {taskinstance.py:1032} INFO - Dependencies all met for <TaskInstance: data_ingestion_gcs_dag.local_to_gcs_task scheduled__2021-03-02T06:00:00+00:00 [queued]>
[2022-02-06 15:07:17,931] {taskinstance.py:1238} INFO - 
--------------------------------------------------------------------------------
[2022-02-06 15:07:17,959] {taskinstance.py:1239} INFO - Starting attempt 1 of 2
[2022-02-06 15:07:17,962] {taskinstance.py:1240} INFO - 
--------------------------------------------------------------------------------
[2022-02-06 15:07:18,245] {taskinstance.py:1259} INFO - Executing <Task(PythonOperator): local_to_gcs_task> on 2021-03-02 06:00:00+00:00
[2022-02-06 15:07:18,289] {standard_task_runner.py:52} INFO - Started process 3107 to run task
[2022-02-06 15:07:18,419] {standard_task_runner.py:76} INFO - Running: ['***', 'tasks', 'run', 'data_ingestion_gcs_dag', 'local_to_gcs_task', 'scheduled__2021-03-02T06:00:00+00:00', '--job-id', '159', '--raw', '--subdir', 'DAGS_FOLDER/data_ingestion_gcs_dags_hw.py', '--cfg-path', '/tmp/tmpwzggapyd', '--error-file', '/tmp/tmp630rz4k8']
[2022-02-06 15:07:18,444] {standard_task_runner.py:77} INFO - Job 159: Subtask local_to_gcs_task
[2022-02-06 15:07:19,520] {logging_mixin.py:109} INFO - Running <TaskInstance: data_ingestion_gcs_dag.local_to_gcs_task scheduled__2021-03-02T06:00:00+00:00 [running]> on host 6aa22590a839
[2022-02-06 15:07:20,156] {warnings.py:110} WARNING - /home/***/.local/lib/python3.7/site-packages/***/utils/context.py:152: AirflowContextDeprecationWarning: Accessing 'execution_date' from the template is deprecated and will be removed in a future version. Please use 'data_interval_start' or 'logical_date' instead.
  warnings.warn(_create_deprecation_warning(key, self._deprecation_replacements[key]))

[2022-02-06 15:07:20,458] {taskinstance.py:1426} INFO - Exporting the following env vars:
AIRFLOW_CTX_DAG_OWNER=***
AIRFLOW_CTX_DAG_ID=data_ingestion_gcs_dag
AIRFLOW_CTX_TASK_ID=local_to_gcs_task
AIRFLOW_CTX_EXECUTION_DATE=2021-03-02T06:00:00+00:00
AIRFLOW_CTX_DAG_RUN_ID=scheduled__2021-03-02T06:00:00+00:00
[2022-02-06 15:09:00,071] {python.py:175} INFO - Done. Returned value was: None
[2022-02-06 15:09:00,193] {taskinstance.py:1277} INFO - Marking task as SUCCESS. dag_id=data_ingestion_gcs_dag, task_id=local_to_gcs_task, execution_date=20210302T060000, start_date=20220206T150717, end_date=20220206T150900
[2022-02-06 15:09:00,465] {local_task_job.py:154} INFO - Task exited with return code 0
[2022-02-06 15:09:00,691] {local_task_job.py:264} INFO - 1 downstream tasks scheduled from follow-on schedule check
