[2022-01-31 22:09:56,674] {taskinstance.py:1032} INFO - Dependencies all met for <TaskInstance: data_ingestion_gcs_dag.bigquery_external_table_task scheduled__2022-01-30T00:00:00+00:00 [queued]>
[2022-01-31 22:09:56,854] {taskinstance.py:1032} INFO - Dependencies all met for <TaskInstance: data_ingestion_gcs_dag.bigquery_external_table_task scheduled__2022-01-30T00:00:00+00:00 [queued]>
[2022-01-31 22:09:56,863] {taskinstance.py:1238} INFO - 
--------------------------------------------------------------------------------
[2022-01-31 22:09:56,865] {taskinstance.py:1239} INFO - Starting attempt 1 of 2
[2022-01-31 22:09:56,868] {taskinstance.py:1240} INFO - 
--------------------------------------------------------------------------------
[2022-01-31 22:09:57,163] {taskinstance.py:1259} INFO - Executing <Task(BigQueryCreateExternalTableOperator): bigquery_external_table_task> on 2022-01-30 00:00:00+00:00
[2022-01-31 22:09:57,300] {standard_task_runner.py:52} INFO - Started process 238 to run task
[2022-01-31 22:09:57,507] {standard_task_runner.py:76} INFO - Running: ['***', 'tasks', 'run', 'data_ingestion_gcs_dag', 'bigquery_external_table_task', 'scheduled__2022-01-30T00:00:00+00:00', '--job-id', '84', '--raw', '--subdir', 'DAGS_FOLDER/data_ingestion_gcs_dags.py', '--cfg-path', '/tmp/tmpn5o4vkjg', '--error-file', '/tmp/tmpnga5neyy']
[2022-01-31 22:09:57,511] {standard_task_runner.py:77} INFO - Job 84: Subtask bigquery_external_table_task
[2022-01-31 22:09:57,988] {logging_mixin.py:109} INFO - Running <TaskInstance: data_ingestion_gcs_dag.bigquery_external_table_task scheduled__2022-01-30T00:00:00+00:00 [running]> on host 6aa22590a839
[2022-01-31 22:09:58,999] {taskinstance.py:1426} INFO - Exporting the following env vars:
AIRFLOW_CTX_DAG_OWNER=***
AIRFLOW_CTX_DAG_ID=data_ingestion_gcs_dag
AIRFLOW_CTX_TASK_ID=bigquery_external_table_task
AIRFLOW_CTX_EXECUTION_DATE=2022-01-30T00:00:00+00:00
AIRFLOW_CTX_DAG_RUN_ID=scheduled__2022-01-30T00:00:00+00:00
[2022-01-31 22:09:59,020] {crypto.py:82} WARNING - empty cryptography key - values will not be stored encrypted.
[2022-01-31 22:10:00,197] {taskinstance.py:1277} INFO - Marking task as SUCCESS. dag_id=data_ingestion_gcs_dag, task_id=bigquery_external_table_task, execution_date=20220130T000000, start_date=20220131T220956, end_date=20220131T221000
[2022-01-31 22:10:00,443] {local_task_job.py:154} INFO - Task exited with return code 0
[2022-01-31 22:10:00,681] {local_task_job.py:264} INFO - 0 downstream tasks scheduled from follow-on schedule check
