[2022-02-06 22:06:09,919] {taskinstance.py:1032} INFO - Dependencies all met for <TaskInstance: data_ingestion_gcs_dag.format_to_parquet_task scheduled__2020-06-02T06:00:00+00:00 [queued]>
[2022-02-06 22:06:10,049] {taskinstance.py:1032} INFO - Dependencies all met for <TaskInstance: data_ingestion_gcs_dag.format_to_parquet_task scheduled__2020-06-02T06:00:00+00:00 [queued]>
[2022-02-06 22:06:10,068] {taskinstance.py:1238} INFO - 
--------------------------------------------------------------------------------
[2022-02-06 22:06:10,077] {taskinstance.py:1239} INFO - Starting attempt 1 of 2
[2022-02-06 22:06:10,086] {taskinstance.py:1240} INFO - 
--------------------------------------------------------------------------------
[2022-02-06 22:06:10,612] {taskinstance.py:1259} INFO - Executing <Task(PythonOperator): format_to_parquet_task> on 2020-06-02 06:00:00+00:00
[2022-02-06 22:06:10,911] {standard_task_runner.py:52} INFO - Started process 1701 to run task
[2022-02-06 22:06:11,799] {standard_task_runner.py:76} INFO - Running: ['***', 'tasks', 'run', 'data_ingestion_gcs_dag', 'format_to_parquet_task', 'scheduled__2020-06-02T06:00:00+00:00', '--job-id', '216', '--raw', '--subdir', 'DAGS_FOLDER/data_ingestion_gcs_dags_hw.py', '--cfg-path', '/tmp/tmphi_9h__5', '--error-file', '/tmp/tmpdeaudg3o']
[2022-02-06 22:06:11,816] {standard_task_runner.py:77} INFO - Job 216: Subtask format_to_parquet_task
[2022-02-06 22:06:13,900] {logging_mixin.py:109} INFO - Running <TaskInstance: data_ingestion_gcs_dag.format_to_parquet_task scheduled__2020-06-02T06:00:00+00:00 [running]> on host 6aa22590a839
[2022-02-06 22:06:14,357] {warnings.py:110} WARNING - /home/***/.local/lib/python3.7/site-packages/***/utils/context.py:152: AirflowContextDeprecationWarning: Accessing 'execution_date' from the template is deprecated and will be removed in a future version. Please use 'data_interval_start' or 'logical_date' instead.
  warnings.warn(_create_deprecation_warning(key, self._deprecation_replacements[key]))

[2022-02-06 22:06:14,543] {taskinstance.py:1426} INFO - Exporting the following env vars:
AIRFLOW_CTX_DAG_OWNER=***
AIRFLOW_CTX_DAG_ID=data_ingestion_gcs_dag
AIRFLOW_CTX_TASK_ID=format_to_parquet_task
AIRFLOW_CTX_EXECUTION_DATE=2020-06-02T06:00:00+00:00
AIRFLOW_CTX_DAG_RUN_ID=scheduled__2020-06-02T06:00:00+00:00
[2022-02-06 22:06:26,088] {python.py:175} INFO - Done. Returned value was: None
[2022-02-06 22:06:26,243] {taskinstance.py:1277} INFO - Marking task as SUCCESS. dag_id=data_ingestion_gcs_dag, task_id=format_to_parquet_task, execution_date=20200602T060000, start_date=20220206T220609, end_date=20220206T220626
[2022-02-06 22:06:27,229] {local_task_job.py:154} INFO - Task exited with return code 0
[2022-02-06 22:06:27,536] {local_task_job.py:264} INFO - 1 downstream tasks scheduled from follow-on schedule check
