[2022-01-27 15:47:34,042] {taskinstance.py:1032} INFO - Dependencies all met for <TaskInstance: data_ingestion_gcs_dag.format_to_parquet_task manual__2022-01-27T15:46:31.386348+00:00 [queued]>
[2022-01-27 15:47:34,058] {taskinstance.py:1032} INFO - Dependencies all met for <TaskInstance: data_ingestion_gcs_dag.format_to_parquet_task manual__2022-01-27T15:46:31.386348+00:00 [queued]>
[2022-01-27 15:47:34,062] {taskinstance.py:1238} INFO - 
--------------------------------------------------------------------------------
[2022-01-27 15:47:34,063] {taskinstance.py:1239} INFO - Starting attempt 1 of 2
[2022-01-27 15:47:34,067] {taskinstance.py:1240} INFO - 
--------------------------------------------------------------------------------
[2022-01-27 15:47:34,100] {taskinstance.py:1259} INFO - Executing <Task(PythonOperator): format_to_parquet_task> on 2022-01-27 15:46:31.386348+00:00
[2022-01-27 15:47:34,119] {standard_task_runner.py:52} INFO - Started process 1632 to run task
[2022-01-27 15:47:34,133] {standard_task_runner.py:76} INFO - Running: ['***', 'tasks', 'run', 'data_ingestion_gcs_dag', 'format_to_parquet_task', 'manual__2022-01-27T15:46:31.386348+00:00', '--job-id', '21', '--raw', '--subdir', 'DAGS_FOLDER/data_ingestion_gcs_dags.py', '--cfg-path', '/tmp/tmpldxs4ws1', '--error-file', '/tmp/tmp015w2bwn']
[2022-01-27 15:47:34,139] {standard_task_runner.py:77} INFO - Job 21: Subtask format_to_parquet_task
[2022-01-27 15:47:34,251] {logging_mixin.py:109} INFO - Running <TaskInstance: data_ingestion_gcs_dag.format_to_parquet_task manual__2022-01-27T15:46:31.386348+00:00 [running]> on host 6aa22590a839
[2022-01-27 15:47:34,347] {taskinstance.py:1426} INFO - Exporting the following env vars:
AIRFLOW_CTX_DAG_OWNER=***
AIRFLOW_CTX_DAG_ID=data_ingestion_gcs_dag
AIRFLOW_CTX_TASK_ID=format_to_parquet_task
AIRFLOW_CTX_EXECUTION_DATE=2022-01-27T15:46:31.386348+00:00
AIRFLOW_CTX_DAG_RUN_ID=manual__2022-01-27T15:46:31.386348+00:00
[2022-01-27 15:47:38,268] {python.py:175} INFO - Done. Returned value was: None
[2022-01-27 15:47:38,283] {taskinstance.py:1277} INFO - Marking task as SUCCESS. dag_id=data_ingestion_gcs_dag, task_id=format_to_parquet_task, execution_date=20220127T154631, start_date=20220127T154734, end_date=20220127T154738
[2022-01-27 15:47:38,546] {local_task_job.py:154} INFO - Task exited with return code 0
[2022-01-27 15:47:38,629] {local_task_job.py:264} INFO - 1 downstream tasks scheduled from follow-on schedule check
