[2022-02-05 19:30:39,715] {taskinstance.py:1032} INFO - Dependencies all met for <TaskInstance: data_ingestion_gcs_dag.bigquery_external_table_task scheduled__2019-01-02T06:00:00+00:00 [queued]>
[2022-02-05 19:30:39,820] {taskinstance.py:1032} INFO - Dependencies all met for <TaskInstance: data_ingestion_gcs_dag.bigquery_external_table_task scheduled__2019-01-02T06:00:00+00:00 [queued]>
[2022-02-05 19:30:39,824] {taskinstance.py:1238} INFO - 
--------------------------------------------------------------------------------
[2022-02-05 19:30:39,826] {taskinstance.py:1239} INFO - Starting attempt 1 of 2
[2022-02-05 19:30:39,828] {taskinstance.py:1240} INFO - 
--------------------------------------------------------------------------------
[2022-02-05 19:30:39,906] {taskinstance.py:1259} INFO - Executing <Task(BigQueryCreateExternalTableOperator): bigquery_external_table_task> on 2019-01-02 06:00:00+00:00
[2022-02-05 19:30:39,915] {standard_task_runner.py:52} INFO - Started process 942 to run task
[2022-02-05 19:30:39,927] {standard_task_runner.py:76} INFO - Running: ['***', 'tasks', 'run', 'data_ingestion_gcs_dag', 'bigquery_external_table_task', 'scheduled__2019-01-02T06:00:00+00:00', '--job-id', '101', '--raw', '--subdir', 'DAGS_FOLDER/data_ingestion_gcs_dags_hw.py', '--cfg-path', '/tmp/tmpp29rtnvj', '--error-file', '/tmp/tmp1rejvt44']
[2022-02-05 19:30:39,940] {standard_task_runner.py:77} INFO - Job 101: Subtask bigquery_external_table_task
[2022-02-05 19:30:40,152] {logging_mixin.py:109} INFO - Running <TaskInstance: data_ingestion_gcs_dag.bigquery_external_table_task scheduled__2019-01-02T06:00:00+00:00 [running]> on host 6aa22590a839
[2022-02-05 19:30:40,306] {warnings.py:110} WARNING - /home/***/.local/lib/python3.7/site-packages/***/utils/context.py:152: AirflowContextDeprecationWarning: Accessing 'execution_date' from the template is deprecated and will be removed in a future version. Please use 'data_interval_start' or 'logical_date' instead.
  warnings.warn(_create_deprecation_warning(key, self._deprecation_replacements[key]))

[2022-02-05 19:30:40,370] {taskinstance.py:1426} INFO - Exporting the following env vars:
AIRFLOW_CTX_DAG_OWNER=***
AIRFLOW_CTX_DAG_ID=data_ingestion_gcs_dag
AIRFLOW_CTX_TASK_ID=bigquery_external_table_task
AIRFLOW_CTX_EXECUTION_DATE=2019-01-02T06:00:00+00:00
AIRFLOW_CTX_DAG_RUN_ID=scheduled__2019-01-02T06:00:00+00:00
[2022-02-05 19:30:40,383] {crypto.py:82} WARNING - empty cryptography key - values will not be stored encrypted.
[2022-02-05 19:30:42,557] {taskinstance.py:1277} INFO - Marking task as SUCCESS. dag_id=data_ingestion_gcs_dag, task_id=bigquery_external_table_task, execution_date=20190102T060000, start_date=20220205T193039, end_date=20220205T193042
[2022-02-05 19:30:42,630] {local_task_job.py:154} INFO - Task exited with return code 0
[2022-02-05 19:30:42,655] {local_task_job.py:264} INFO - 0 downstream tasks scheduled from follow-on schedule check
