[2022-01-31 22:09:15,798] {taskinstance.py:1032} INFO - Dependencies all met for <TaskInstance: data_ingestion_gcs_dag.format_to_parquet_task scheduled__2022-01-30T00:00:00+00:00 [queued]>
[2022-01-31 22:09:15,817] {taskinstance.py:1032} INFO - Dependencies all met for <TaskInstance: data_ingestion_gcs_dag.format_to_parquet_task scheduled__2022-01-30T00:00:00+00:00 [queued]>
[2022-01-31 22:09:15,820] {taskinstance.py:1238} INFO - 
--------------------------------------------------------------------------------
[2022-01-31 22:09:15,822] {taskinstance.py:1239} INFO - Starting attempt 1 of 2
[2022-01-31 22:09:15,825] {taskinstance.py:1240} INFO - 
--------------------------------------------------------------------------------
[2022-01-31 22:09:15,848] {taskinstance.py:1259} INFO - Executing <Task(PythonOperator): format_to_parquet_task> on 2022-01-30 00:00:00+00:00
[2022-01-31 22:09:15,857] {standard_task_runner.py:52} INFO - Started process 212 to run task
[2022-01-31 22:09:15,880] {standard_task_runner.py:76} INFO - Running: ['***', 'tasks', 'run', 'data_ingestion_gcs_dag', 'format_to_parquet_task', 'scheduled__2022-01-30T00:00:00+00:00', '--job-id', '82', '--raw', '--subdir', 'DAGS_FOLDER/data_ingestion_gcs_dags.py', '--cfg-path', '/tmp/tmpycmh4336', '--error-file', '/tmp/tmp9ajzuunk']
[2022-01-31 22:09:15,882] {standard_task_runner.py:77} INFO - Job 82: Subtask format_to_parquet_task
[2022-01-31 22:09:16,033] {logging_mixin.py:109} INFO - Running <TaskInstance: data_ingestion_gcs_dag.format_to_parquet_task scheduled__2022-01-30T00:00:00+00:00 [running]> on host 6aa22590a839
[2022-01-31 22:09:16,105] {taskinstance.py:1426} INFO - Exporting the following env vars:
AIRFLOW_CTX_DAG_OWNER=***
AIRFLOW_CTX_DAG_ID=data_ingestion_gcs_dag
AIRFLOW_CTX_TASK_ID=format_to_parquet_task
AIRFLOW_CTX_EXECUTION_DATE=2022-01-30T00:00:00+00:00
AIRFLOW_CTX_DAG_RUN_ID=scheduled__2022-01-30T00:00:00+00:00
[2022-01-31 22:09:23,909] {python.py:175} INFO - Done. Returned value was: None
[2022-01-31 22:09:23,984] {taskinstance.py:1277} INFO - Marking task as SUCCESS. dag_id=data_ingestion_gcs_dag, task_id=format_to_parquet_task, execution_date=20220130T000000, start_date=20220131T220915, end_date=20220131T220923
[2022-01-31 22:09:24,192] {local_task_job.py:154} INFO - Task exited with return code 0
[2022-01-31 22:09:24,270] {local_task_job.py:264} INFO - 1 downstream tasks scheduled from follow-on schedule check
