[2022-02-06 22:46:44,768] {taskinstance.py:1032} INFO - Dependencies all met for <TaskInstance: data_ingestion_gcs_dag_yellow.format_to_parquet_task manual__2022-02-06T22:46:12.353148+00:00 [queued]>
[2022-02-06 22:46:45,009] {taskinstance.py:1032} INFO - Dependencies all met for <TaskInstance: data_ingestion_gcs_dag_yellow.format_to_parquet_task manual__2022-02-06T22:46:12.353148+00:00 [queued]>
[2022-02-06 22:46:45,054] {taskinstance.py:1238} INFO - 
--------------------------------------------------------------------------------
[2022-02-06 22:46:45,068] {taskinstance.py:1239} INFO - Starting attempt 1 of 2
[2022-02-06 22:46:45,100] {taskinstance.py:1240} INFO - 
--------------------------------------------------------------------------------
[2022-02-06 22:46:45,657] {taskinstance.py:1259} INFO - Executing <Task(PythonOperator): format_to_parquet_task> on 2022-02-06 22:46:12.353148+00:00
[2022-02-06 22:46:46,051] {standard_task_runner.py:52} INFO - Started process 3387 to run task
[2022-02-06 22:46:46,255] {standard_task_runner.py:76} INFO - Running: ['***', 'tasks', 'run', 'data_ingestion_gcs_dag_yellow', 'format_to_parquet_task', 'manual__2022-02-06T22:46:12.353148+00:00', '--job-id', '248', '--raw', '--subdir', 'DAGS_FOLDER/data_ingestion_gcs_dags_yellowfull.py', '--cfg-path', '/tmp/tmprs7k9sus', '--error-file', '/tmp/tmprap650an']
[2022-02-06 22:46:46,287] {standard_task_runner.py:77} INFO - Job 248: Subtask format_to_parquet_task
[2022-02-06 22:46:48,109] {logging_mixin.py:109} INFO - Running <TaskInstance: data_ingestion_gcs_dag_yellow.format_to_parquet_task manual__2022-02-06T22:46:12.353148+00:00 [running]> on host 6aa22590a839
[2022-02-06 22:46:48,991] {warnings.py:110} WARNING - /home/***/.local/lib/python3.7/site-packages/***/utils/context.py:152: AirflowContextDeprecationWarning: Accessing 'execution_date' from the template is deprecated and will be removed in a future version. Please use 'data_interval_start' or 'logical_date' instead.
  warnings.warn(_create_deprecation_warning(key, self._deprecation_replacements[key]))

[2022-02-06 22:46:49,548] {taskinstance.py:1426} INFO - Exporting the following env vars:
AIRFLOW_CTX_DAG_OWNER=***
AIRFLOW_CTX_DAG_ID=data_ingestion_gcs_dag_yellow
AIRFLOW_CTX_TASK_ID=format_to_parquet_task
AIRFLOW_CTX_EXECUTION_DATE=2022-02-06T22:46:12.353148+00:00
AIRFLOW_CTX_DAG_RUN_ID=manual__2022-02-06T22:46:12.353148+00:00
[2022-02-06 22:46:52,815] {python.py:175} INFO - Done. Returned value was: None
[2022-02-06 22:46:53,116] {taskinstance.py:1277} INFO - Marking task as SUCCESS. dag_id=data_ingestion_gcs_dag_yellow, task_id=format_to_parquet_task, execution_date=20220206T224612, start_date=20220206T224644, end_date=20220206T224653
[2022-02-06 22:46:53,459] {local_task_job.py:154} INFO - Task exited with return code 0
[2022-02-06 22:46:53,754] {local_task_job.py:264} INFO - 1 downstream tasks scheduled from follow-on schedule check
