[2022-02-06 22:07:17,431] {taskinstance.py:1032} INFO - Dependencies all met for <TaskInstance: data_ingestion_gcs_dag.download_dataset_task scheduled__2020-08-02T06:00:00+00:00 [queued]>
[2022-02-06 22:07:17,457] {taskinstance.py:1032} INFO - Dependencies all met for <TaskInstance: data_ingestion_gcs_dag.download_dataset_task scheduled__2020-08-02T06:00:00+00:00 [queued]>
[2022-02-06 22:07:17,458] {taskinstance.py:1238} INFO - 
--------------------------------------------------------------------------------
[2022-02-06 22:07:17,463] {taskinstance.py:1239} INFO - Starting attempt 2 of 3
[2022-02-06 22:07:17,464] {taskinstance.py:1240} INFO - 
--------------------------------------------------------------------------------
[2022-02-06 22:07:17,511] {taskinstance.py:1259} INFO - Executing <Task(BashOperator): download_dataset_task> on 2020-08-02 06:00:00+00:00
[2022-02-06 22:07:17,538] {standard_task_runner.py:52} INFO - Started process 1761 to run task
[2022-02-06 22:07:17,567] {standard_task_runner.py:76} INFO - Running: ['***', 'tasks', 'run', 'data_ingestion_gcs_dag', 'download_dataset_task', 'scheduled__2020-08-02T06:00:00+00:00', '--job-id', '222', '--raw', '--subdir', 'DAGS_FOLDER/data_ingestion_gcs_dags_hw.py', '--cfg-path', '/tmp/tmp8wghom3o', '--error-file', '/tmp/tmpw658hvq1']
[2022-02-06 22:07:17,583] {standard_task_runner.py:77} INFO - Job 222: Subtask download_dataset_task
[2022-02-06 22:07:17,808] {logging_mixin.py:109} INFO - Running <TaskInstance: data_ingestion_gcs_dag.download_dataset_task scheduled__2020-08-02T06:00:00+00:00 [running]> on host 6aa22590a839
[2022-02-06 22:07:18,116] {warnings.py:110} WARNING - /home/***/.local/lib/python3.7/site-packages/***/utils/context.py:152: AirflowContextDeprecationWarning: Accessing 'execution_date' from the template is deprecated and will be removed in a future version. Please use 'data_interval_start' or 'logical_date' instead.
  warnings.warn(_create_deprecation_warning(key, self._deprecation_replacements[key]))

[2022-02-06 22:07:18,264] {taskinstance.py:1426} INFO - Exporting the following env vars:
AIRFLOW_CTX_DAG_OWNER=***
AIRFLOW_CTX_DAG_ID=data_ingestion_gcs_dag
AIRFLOW_CTX_TASK_ID=download_dataset_task
AIRFLOW_CTX_EXECUTION_DATE=2020-08-02T06:00:00+00:00
AIRFLOW_CTX_DAG_RUN_ID=scheduled__2020-08-02T06:00:00+00:00
[2022-02-06 22:07:18,277] {subprocess.py:62} INFO - Tmp dir root location: 
 /tmp
[2022-02-06 22:07:18,290] {subprocess.py:74} INFO - Running command: ['bash', '-c', 'curl -sS https://s3.amazonaws.com/nyc-tlc/trip+data/yellow_tripdata_2020-08.csv > /opt/***/yellow_tripdata_2020-08.csv']
[2022-02-06 22:07:18,430] {subprocess.py:85} INFO - Output:
[2022-02-06 22:08:11,664] {subprocess.py:93} INFO - Command exited with return code 0
[2022-02-06 22:08:11,769] {taskinstance.py:1277} INFO - Marking task as SUCCESS. dag_id=data_ingestion_gcs_dag, task_id=download_dataset_task, execution_date=20200802T060000, start_date=20220206T220717, end_date=20220206T220811
[2022-02-06 22:08:11,935] {local_task_job.py:154} INFO - Task exited with return code 0
[2022-02-06 22:08:12,260] {local_task_job.py:264} INFO - 1 downstream tasks scheduled from follow-on schedule check
