[2022-02-05 19:48:21,604] {taskinstance.py:1032} INFO - Dependencies all met for <TaskInstance: data_ingestion_gcs_dag.format_to_parquet_task scheduled__2019-06-02T06:00:00+00:00 [queued]>
[2022-02-05 19:48:21,641] {taskinstance.py:1032} INFO - Dependencies all met for <TaskInstance: data_ingestion_gcs_dag.format_to_parquet_task scheduled__2019-06-02T06:00:00+00:00 [queued]>
[2022-02-05 19:48:21,642] {taskinstance.py:1238} INFO - 
--------------------------------------------------------------------------------
[2022-02-05 19:48:21,644] {taskinstance.py:1239} INFO - Starting attempt 1 of 2
[2022-02-05 19:48:21,645] {taskinstance.py:1240} INFO - 
--------------------------------------------------------------------------------
[2022-02-05 19:48:21,667] {taskinstance.py:1259} INFO - Executing <Task(PythonOperator): format_to_parquet_task> on 2019-06-02 06:00:00+00:00
[2022-02-05 19:48:21,708] {standard_task_runner.py:52} INFO - Started process 1550 to run task
[2022-02-05 19:48:21,753] {standard_task_runner.py:76} INFO - Running: ['***', 'tasks', 'run', 'data_ingestion_gcs_dag', 'format_to_parquet_task', 'scheduled__2019-06-02T06:00:00+00:00', '--job-id', '112', '--raw', '--subdir', 'DAGS_FOLDER/data_ingestion_gcs_dags_hw.py', '--cfg-path', '/tmp/tmphpa496lk', '--error-file', '/tmp/tmper52snm8']
[2022-02-05 19:48:21,765] {standard_task_runner.py:77} INFO - Job 112: Subtask format_to_parquet_task
[2022-02-05 19:48:21,903] {logging_mixin.py:109} INFO - Running <TaskInstance: data_ingestion_gcs_dag.format_to_parquet_task scheduled__2019-06-02T06:00:00+00:00 [running]> on host 6aa22590a839
[2022-02-05 19:48:22,020] {warnings.py:110} WARNING - /home/***/.local/lib/python3.7/site-packages/***/utils/context.py:152: AirflowContextDeprecationWarning: Accessing 'execution_date' from the template is deprecated and will be removed in a future version. Please use 'data_interval_start' or 'logical_date' instead.
  warnings.warn(_create_deprecation_warning(key, self._deprecation_replacements[key]))

[2022-02-05 19:48:22,117] {taskinstance.py:1426} INFO - Exporting the following env vars:
AIRFLOW_CTX_DAG_OWNER=***
AIRFLOW_CTX_DAG_ID=data_ingestion_gcs_dag
AIRFLOW_CTX_TASK_ID=format_to_parquet_task
AIRFLOW_CTX_EXECUTION_DATE=2019-06-02T06:00:00+00:00
AIRFLOW_CTX_DAG_RUN_ID=scheduled__2019-06-02T06:00:00+00:00
[2022-02-05 19:49:51,098] {python.py:175} INFO - Done. Returned value was: None
[2022-02-05 19:49:51,332] {taskinstance.py:1277} INFO - Marking task as SUCCESS. dag_id=data_ingestion_gcs_dag, task_id=format_to_parquet_task, execution_date=20190602T060000, start_date=20220205T194821, end_date=20220205T194951
[2022-02-05 19:49:53,812] {local_task_job.py:212} WARNING - State of this instance has been externally set to success. Terminating instance.
[2022-02-05 19:49:56,026] {process_utils.py:124} INFO - Sending Signals.SIGTERM to group 1550. PIDs of all processes in the group: [1550]
[2022-02-05 19:49:56,168] {process_utils.py:75} INFO - Sending the signal Signals.SIGTERM to group 1550
[2022-02-05 19:50:01,891] {process_utils.py:70} INFO - Process psutil.Process(pid=1550, status='terminated', exitcode=0, started='19:48:21') (1550) terminated with exit code 0
