[2022-01-28 09:45:53,842] {taskinstance.py:1032} INFO - Dependencies all met for <TaskInstance: data_ingestion_gcs_dag.format_to_parquet_task scheduled__2022-01-27T00:00:00+00:00 [queued]>
[2022-01-28 09:45:53,859] {taskinstance.py:1032} INFO - Dependencies all met for <TaskInstance: data_ingestion_gcs_dag.format_to_parquet_task scheduled__2022-01-27T00:00:00+00:00 [queued]>
[2022-01-28 09:45:53,860] {taskinstance.py:1238} INFO - 
--------------------------------------------------------------------------------
[2022-01-28 09:45:53,862] {taskinstance.py:1239} INFO - Starting attempt 1 of 2
[2022-01-28 09:45:53,863] {taskinstance.py:1240} INFO - 
--------------------------------------------------------------------------------
[2022-01-28 09:45:53,884] {taskinstance.py:1259} INFO - Executing <Task(PythonOperator): format_to_parquet_task> on 2022-01-27 00:00:00+00:00
[2022-01-28 09:45:53,897] {standard_task_runner.py:52} INFO - Started process 2480 to run task
[2022-01-28 09:45:53,901] {standard_task_runner.py:76} INFO - Running: ['***', 'tasks', 'run', 'data_ingestion_gcs_dag', 'format_to_parquet_task', 'scheduled__2022-01-27T00:00:00+00:00', '--job-id', '29', '--raw', '--subdir', 'DAGS_FOLDER/data_ingestion_gcs_dags.py', '--cfg-path', '/tmp/tmpyy_9vqy4', '--error-file', '/tmp/tmp08weu7tl']
[2022-01-28 09:45:53,912] {standard_task_runner.py:77} INFO - Job 29: Subtask format_to_parquet_task
[2022-01-28 09:45:54,004] {logging_mixin.py:109} INFO - Running <TaskInstance: data_ingestion_gcs_dag.format_to_parquet_task scheduled__2022-01-27T00:00:00+00:00 [running]> on host 6aa22590a839
[2022-01-28 09:45:54,064] {taskinstance.py:1426} INFO - Exporting the following env vars:
AIRFLOW_CTX_DAG_OWNER=***
AIRFLOW_CTX_DAG_ID=data_ingestion_gcs_dag
AIRFLOW_CTX_TASK_ID=format_to_parquet_task
AIRFLOW_CTX_EXECUTION_DATE=2022-01-27T00:00:00+00:00
AIRFLOW_CTX_DAG_RUN_ID=scheduled__2022-01-27T00:00:00+00:00
[2022-01-28 09:45:56,241] {python.py:175} INFO - Done. Returned value was: None
[2022-01-28 09:45:56,285] {taskinstance.py:1277} INFO - Marking task as SUCCESS. dag_id=data_ingestion_gcs_dag, task_id=format_to_parquet_task, execution_date=20220127T000000, start_date=20220128T094553, end_date=20220128T094556
[2022-01-28 09:45:56,405] {local_task_job.py:154} INFO - Task exited with return code 0
[2022-01-28 09:45:56,450] {local_task_job.py:264} INFO - 1 downstream tasks scheduled from follow-on schedule check
