[2022-02-06 22:11:13,578] {taskinstance.py:1032} INFO - Dependencies all met for <TaskInstance: data_ingestion_gcs_dag.download_dataset_task scheduled__2021-07-02T06:00:00+00:00 [queued]>
[2022-02-06 22:11:13,692] {taskinstance.py:1032} INFO - Dependencies all met for <TaskInstance: data_ingestion_gcs_dag.download_dataset_task scheduled__2021-07-02T06:00:00+00:00 [queued]>
[2022-02-06 22:11:13,701] {taskinstance.py:1238} INFO - 
--------------------------------------------------------------------------------
[2022-02-06 22:11:13,710] {taskinstance.py:1239} INFO - Starting attempt 2 of 3
[2022-02-06 22:11:13,713] {taskinstance.py:1240} INFO - 
--------------------------------------------------------------------------------
[2022-02-06 22:11:13,823] {taskinstance.py:1259} INFO - Executing <Task(BashOperator): download_dataset_task> on 2021-07-02 06:00:00+00:00
[2022-02-06 22:11:13,879] {standard_task_runner.py:52} INFO - Started process 1939 to run task
[2022-02-06 22:11:13,963] {standard_task_runner.py:76} INFO - Running: ['***', 'tasks', 'run', 'data_ingestion_gcs_dag', 'download_dataset_task', 'scheduled__2021-07-02T06:00:00+00:00', '--job-id', '236', '--raw', '--subdir', 'DAGS_FOLDER/data_ingestion_gcs_dags_hw.py', '--cfg-path', '/tmp/tmpke7gqxc8', '--error-file', '/tmp/tmpvvb1wwa5']
[2022-02-06 22:11:13,978] {standard_task_runner.py:77} INFO - Job 236: Subtask download_dataset_task
[2022-02-06 22:11:14,507] {logging_mixin.py:109} INFO - Running <TaskInstance: data_ingestion_gcs_dag.download_dataset_task scheduled__2021-07-02T06:00:00+00:00 [running]> on host 6aa22590a839
[2022-02-06 22:11:14,832] {warnings.py:110} WARNING - /home/***/.local/lib/python3.7/site-packages/***/utils/context.py:152: AirflowContextDeprecationWarning: Accessing 'execution_date' from the template is deprecated and will be removed in a future version. Please use 'data_interval_start' or 'logical_date' instead.
  warnings.warn(_create_deprecation_warning(key, self._deprecation_replacements[key]))

[2022-02-06 22:11:15,027] {taskinstance.py:1426} INFO - Exporting the following env vars:
AIRFLOW_CTX_DAG_OWNER=***
AIRFLOW_CTX_DAG_ID=data_ingestion_gcs_dag
AIRFLOW_CTX_TASK_ID=download_dataset_task
AIRFLOW_CTX_EXECUTION_DATE=2021-07-02T06:00:00+00:00
AIRFLOW_CTX_DAG_RUN_ID=scheduled__2021-07-02T06:00:00+00:00
[2022-02-06 22:11:15,049] {subprocess.py:62} INFO - Tmp dir root location: 
 /tmp
[2022-02-06 22:11:15,064] {subprocess.py:74} INFO - Running command: ['bash', '-c', 'curl -sS https://s3.amazonaws.com/nyc-tlc/trip+data/yellow_tripdata_2021-07.csv > /opt/***/yellow_tripdata_2021-07.csv']
[2022-02-06 22:11:15,424] {subprocess.py:85} INFO - Output:
[2022-02-06 22:13:15,370] {subprocess.py:93} INFO - Command exited with return code 0
[2022-02-06 22:13:15,621] {taskinstance.py:1277} INFO - Marking task as SUCCESS. dag_id=data_ingestion_gcs_dag, task_id=download_dataset_task, execution_date=20210702T060000, start_date=20220206T221113, end_date=20220206T221315
[2022-02-06 22:13:15,763] {local_task_job.py:154} INFO - Task exited with return code 0
[2022-02-06 22:13:16,010] {local_task_job.py:264} INFO - 1 downstream tasks scheduled from follow-on schedule check
