[2022-01-30 22:06:44,121] {taskinstance.py:1032} INFO - Dependencies all met for <TaskInstance: data_ingestion_gcs_dag.download_dataset_task manual__2022-01-30T22:02:17.156008+00:00 [queued]>
[2022-01-30 22:06:44,132] {taskinstance.py:1032} INFO - Dependencies all met for <TaskInstance: data_ingestion_gcs_dag.download_dataset_task manual__2022-01-30T22:02:17.156008+00:00 [queued]>
[2022-01-30 22:06:44,133] {taskinstance.py:1238} INFO - 
--------------------------------------------------------------------------------
[2022-01-30 22:06:44,134] {taskinstance.py:1239} INFO - Starting attempt 1 of 2
[2022-01-30 22:06:44,135] {taskinstance.py:1240} INFO - 
--------------------------------------------------------------------------------
[2022-01-30 22:06:44,149] {taskinstance.py:1259} INFO - Executing <Task(BashOperator): download_dataset_task> on 2022-01-30 22:02:17.156008+00:00
[2022-01-30 22:06:44,155] {standard_task_runner.py:52} INFO - Started process 466 to run task
[2022-01-30 22:06:44,165] {standard_task_runner.py:76} INFO - Running: ['***', 'tasks', 'run', 'data_ingestion_gcs_dag', 'download_dataset_task', 'manual__2022-01-30T22:02:17.156008+00:00', '--job-id', '44', '--raw', '--subdir', 'DAGS_FOLDER/data_ingestion_gcs_dags.py', '--cfg-path', '/tmp/tmpswelrfmw', '--error-file', '/tmp/tmp3q_bct__']
[2022-01-30 22:06:44,166] {standard_task_runner.py:77} INFO - Job 44: Subtask download_dataset_task
[2022-01-30 22:06:44,240] {logging_mixin.py:109} INFO - Running <TaskInstance: data_ingestion_gcs_dag.download_dataset_task manual__2022-01-30T22:02:17.156008+00:00 [running]> on host 6aa22590a839
[2022-01-30 22:06:44,303] {taskinstance.py:1426} INFO - Exporting the following env vars:
AIRFLOW_CTX_DAG_OWNER=***
AIRFLOW_CTX_DAG_ID=data_ingestion_gcs_dag
AIRFLOW_CTX_TASK_ID=download_dataset_task
AIRFLOW_CTX_EXECUTION_DATE=2022-01-30T22:02:17.156008+00:00
AIRFLOW_CTX_DAG_RUN_ID=manual__2022-01-30T22:02:17.156008+00:00
[2022-01-30 22:06:44,308] {subprocess.py:62} INFO - Tmp dir root location: 
 /tmp
[2022-01-30 22:06:44,310] {subprocess.py:74} INFO - Running command: ['bash', '-c', 'curl -sS https://s3.amazonaws.com/nyc-tlc/trip+data/yellow_tripdata_2021-01.csv > /opt/***/yellow_tripdata_2021-01.csv']
[2022-01-30 22:06:44,326] {subprocess.py:85} INFO - Output:
[2022-01-30 22:07:09,805] {subprocess.py:93} INFO - Command exited with return code 0
[2022-01-30 22:07:09,964] {taskinstance.py:1277} INFO - Marking task as SUCCESS. dag_id=data_ingestion_gcs_dag, task_id=download_dataset_task, execution_date=20220130T220217, start_date=20220130T220644, end_date=20220130T220709
[2022-01-30 22:07:10,040] {local_task_job.py:154} INFO - Task exited with return code 0
[2022-01-30 22:07:10,098] {local_task_job.py:264} INFO - 1 downstream tasks scheduled from follow-on schedule check
