[2022-02-06 15:06:38,078] {taskinstance.py:1032} INFO - Dependencies all met for <TaskInstance: data_ingestion_gcs_dag.format_to_parquet_task scheduled__2021-03-02T06:00:00+00:00 [queued]>
[2022-02-06 15:06:38,108] {taskinstance.py:1032} INFO - Dependencies all met for <TaskInstance: data_ingestion_gcs_dag.format_to_parquet_task scheduled__2021-03-02T06:00:00+00:00 [queued]>
[2022-02-06 15:06:38,111] {taskinstance.py:1238} INFO - 
--------------------------------------------------------------------------------
[2022-02-06 15:06:38,113] {taskinstance.py:1239} INFO - Starting attempt 1 of 2
[2022-02-06 15:06:38,115] {taskinstance.py:1240} INFO - 
--------------------------------------------------------------------------------
[2022-02-06 15:06:38,179] {taskinstance.py:1259} INFO - Executing <Task(PythonOperator): format_to_parquet_task> on 2021-03-02 06:00:00+00:00
[2022-02-06 15:06:38,225] {standard_task_runner.py:52} INFO - Started process 3079 to run task
[2022-02-06 15:06:38,233] {standard_task_runner.py:76} INFO - Running: ['***', 'tasks', 'run', 'data_ingestion_gcs_dag', 'format_to_parquet_task', 'scheduled__2021-03-02T06:00:00+00:00', '--job-id', '158', '--raw', '--subdir', 'DAGS_FOLDER/data_ingestion_gcs_dags_hw.py', '--cfg-path', '/tmp/tmpr3gw5lwf', '--error-file', '/tmp/tmpjuwro4f_']
[2022-02-06 15:06:38,248] {standard_task_runner.py:77} INFO - Job 158: Subtask format_to_parquet_task
[2022-02-06 15:06:38,561] {logging_mixin.py:109} INFO - Running <TaskInstance: data_ingestion_gcs_dag.format_to_parquet_task scheduled__2021-03-02T06:00:00+00:00 [running]> on host 6aa22590a839
[2022-02-06 15:06:39,063] {warnings.py:110} WARNING - /home/***/.local/lib/python3.7/site-packages/***/utils/context.py:152: AirflowContextDeprecationWarning: Accessing 'execution_date' from the template is deprecated and will be removed in a future version. Please use 'data_interval_start' or 'logical_date' instead.
  warnings.warn(_create_deprecation_warning(key, self._deprecation_replacements[key]))

[2022-02-06 15:06:39,167] {taskinstance.py:1426} INFO - Exporting the following env vars:
AIRFLOW_CTX_DAG_OWNER=***
AIRFLOW_CTX_DAG_ID=data_ingestion_gcs_dag
AIRFLOW_CTX_TASK_ID=format_to_parquet_task
AIRFLOW_CTX_EXECUTION_DATE=2021-03-02T06:00:00+00:00
AIRFLOW_CTX_DAG_RUN_ID=scheduled__2021-03-02T06:00:00+00:00
[2022-02-06 15:06:56,220] {python.py:175} INFO - Done. Returned value was: None
[2022-02-06 15:06:57,905] {taskinstance.py:1277} INFO - Marking task as SUCCESS. dag_id=data_ingestion_gcs_dag, task_id=format_to_parquet_task, execution_date=20210302T060000, start_date=20220206T150638, end_date=20220206T150657
[2022-02-06 15:06:58,754] {local_task_job.py:154} INFO - Task exited with return code 0
[2022-02-06 15:06:59,108] {local_task_job.py:264} INFO - 1 downstream tasks scheduled from follow-on schedule check
