[2022-02-06 21:53:33,691] {taskinstance.py:1032} INFO - Dependencies all met for <TaskInstance: data_ingestion_gcs_dag.format_to_parquet_task scheduled__2020-03-02T06:00:00+00:00 [queued]>
[2022-02-06 21:53:33,714] {taskinstance.py:1032} INFO - Dependencies all met for <TaskInstance: data_ingestion_gcs_dag.format_to_parquet_task scheduled__2020-03-02T06:00:00+00:00 [queued]>
[2022-02-06 21:53:33,715] {taskinstance.py:1238} INFO - 
--------------------------------------------------------------------------------
[2022-02-06 21:53:33,717] {taskinstance.py:1239} INFO - Starting attempt 1 of 2
[2022-02-06 21:53:33,718] {taskinstance.py:1240} INFO - 
--------------------------------------------------------------------------------
[2022-02-06 21:53:33,745] {taskinstance.py:1259} INFO - Executing <Task(PythonOperator): format_to_parquet_task> on 2020-03-02 06:00:00+00:00
[2022-02-06 21:53:33,762] {standard_task_runner.py:52} INFO - Started process 1321 to run task
[2022-02-06 21:53:33,783] {standard_task_runner.py:76} INFO - Running: ['***', 'tasks', 'run', 'data_ingestion_gcs_dag', 'format_to_parquet_task', 'scheduled__2020-03-02T06:00:00+00:00', '--job-id', '207', '--raw', '--subdir', 'DAGS_FOLDER/data_ingestion_gcs_dags_hw.py', '--cfg-path', '/tmp/tmpn9xrsu7n', '--error-file', '/tmp/tmp1n0yz7rz']
[2022-02-06 21:53:33,785] {standard_task_runner.py:77} INFO - Job 207: Subtask format_to_parquet_task
[2022-02-06 21:53:33,890] {logging_mixin.py:109} INFO - Running <TaskInstance: data_ingestion_gcs_dag.format_to_parquet_task scheduled__2020-03-02T06:00:00+00:00 [running]> on host 6aa22590a839
[2022-02-06 21:53:33,968] {warnings.py:110} WARNING - /home/***/.local/lib/python3.7/site-packages/***/utils/context.py:152: AirflowContextDeprecationWarning: Accessing 'execution_date' from the template is deprecated and will be removed in a future version. Please use 'data_interval_start' or 'logical_date' instead.
  warnings.warn(_create_deprecation_warning(key, self._deprecation_replacements[key]))

[2022-02-06 21:53:34,001] {taskinstance.py:1426} INFO - Exporting the following env vars:
AIRFLOW_CTX_DAG_OWNER=***
AIRFLOW_CTX_DAG_ID=data_ingestion_gcs_dag
AIRFLOW_CTX_TASK_ID=format_to_parquet_task
AIRFLOW_CTX_EXECUTION_DATE=2020-03-02T06:00:00+00:00
AIRFLOW_CTX_DAG_RUN_ID=scheduled__2020-03-02T06:00:00+00:00
[2022-02-06 21:53:50,189] {python.py:175} INFO - Done. Returned value was: None
[2022-02-06 21:53:50,853] {taskinstance.py:1277} INFO - Marking task as SUCCESS. dag_id=data_ingestion_gcs_dag, task_id=format_to_parquet_task, execution_date=20200302T060000, start_date=20220206T215333, end_date=20220206T215350
[2022-02-06 21:53:51,367] {local_task_job.py:154} INFO - Task exited with return code 0
[2022-02-06 21:53:51,629] {local_task_job.py:264} INFO - 0 downstream tasks scheduled from follow-on schedule check
