[2022-02-05 19:05:07,628] {taskinstance.py:1032} INFO - Dependencies all met for <TaskInstance: data_ingestion_gcs_dag.download_dataset_task scheduled__2019-01-02T06:00:00+00:00 [queued]>
[2022-02-05 19:05:07,667] {taskinstance.py:1032} INFO - Dependencies all met for <TaskInstance: data_ingestion_gcs_dag.download_dataset_task scheduled__2019-01-02T06:00:00+00:00 [queued]>
[2022-02-05 19:05:07,668] {taskinstance.py:1238} INFO - 
--------------------------------------------------------------------------------
[2022-02-05 19:05:07,669] {taskinstance.py:1239} INFO - Starting attempt 1 of 2
[2022-02-05 19:05:07,669] {taskinstance.py:1240} INFO - 
--------------------------------------------------------------------------------
[2022-02-05 19:05:07,705] {taskinstance.py:1259} INFO - Executing <Task(BashOperator): download_dataset_task> on 2019-01-02 06:00:00+00:00
[2022-02-05 19:05:07,725] {standard_task_runner.py:52} INFO - Started process 156 to run task
[2022-02-05 19:05:07,752] {standard_task_runner.py:76} INFO - Running: ['***', 'tasks', 'run', 'data_ingestion_gcs_dag', 'download_dataset_task', 'scheduled__2019-01-02T06:00:00+00:00', '--job-id', '88', '--raw', '--subdir', 'DAGS_FOLDER/data_ingestion_gcs_dags_hw.py', '--cfg-path', '/tmp/tmpkfvw0gy4', '--error-file', '/tmp/tmpex650nbs']
[2022-02-05 19:05:07,756] {standard_task_runner.py:77} INFO - Job 88: Subtask download_dataset_task
[2022-02-05 19:05:07,919] {logging_mixin.py:109} INFO - Running <TaskInstance: data_ingestion_gcs_dag.download_dataset_task scheduled__2019-01-02T06:00:00+00:00 [running]> on host 6aa22590a839
[2022-02-05 19:05:08,169] {warnings.py:110} WARNING - /home/***/.local/lib/python3.7/site-packages/***/utils/context.py:152: AirflowContextDeprecationWarning: Accessing 'execution_date' from the template is deprecated and will be removed in a future version. Please use 'data_interval_start' or 'logical_date' instead.
  warnings.warn(_create_deprecation_warning(key, self._deprecation_replacements[key]))

[2022-02-05 19:05:08,340] {taskinstance.py:1426} INFO - Exporting the following env vars:
AIRFLOW_CTX_DAG_OWNER=***
AIRFLOW_CTX_DAG_ID=data_ingestion_gcs_dag
AIRFLOW_CTX_TASK_ID=download_dataset_task
AIRFLOW_CTX_EXECUTION_DATE=2019-01-02T06:00:00+00:00
AIRFLOW_CTX_DAG_RUN_ID=scheduled__2019-01-02T06:00:00+00:00
[2022-02-05 19:05:08,351] {subprocess.py:62} INFO - Tmp dir root location: 
 /tmp
[2022-02-05 19:05:08,361] {subprocess.py:74} INFO - Running command: ['bash', '-c', 'curl -sS https://s3.amazonaws.com/nyc-tlc/trip+data/yellow_tripdata_2019-01.csv > /opt/***/yellow_tripdata_2019-01.csv']
[2022-02-05 19:05:08,572] {subprocess.py:85} INFO - Output:
[2022-02-05 19:10:58,700] {subprocess.py:93} INFO - Command exited with return code 0
[2022-02-05 19:10:59,151] {taskinstance.py:1277} INFO - Marking task as SUCCESS. dag_id=data_ingestion_gcs_dag, task_id=download_dataset_task, execution_date=20190102T060000, start_date=20220205T190507, end_date=20220205T191059
[2022-02-05 19:10:59,410] {local_task_job.py:154} INFO - Task exited with return code 0
[2022-02-05 19:10:59,611] {local_task_job.py:264} INFO - 1 downstream tasks scheduled from follow-on schedule check
