[2022-02-06 22:13:38,796] {taskinstance.py:1032} INFO - Dependencies all met for <TaskInstance: data_ingestion_gcs_dag.local_to_gcs_task scheduled__2021-07-02T06:00:00+00:00 [queued]>
[2022-02-06 22:13:38,819] {taskinstance.py:1032} INFO - Dependencies all met for <TaskInstance: data_ingestion_gcs_dag.local_to_gcs_task scheduled__2021-07-02T06:00:00+00:00 [queued]>
[2022-02-06 22:13:38,820] {taskinstance.py:1238} INFO - 
--------------------------------------------------------------------------------
[2022-02-06 22:13:38,823] {taskinstance.py:1239} INFO - Starting attempt 2 of 3
[2022-02-06 22:13:38,825] {taskinstance.py:1240} INFO - 
--------------------------------------------------------------------------------
[2022-02-06 22:13:38,851] {taskinstance.py:1259} INFO - Executing <Task(PythonOperator): local_to_gcs_task> on 2021-07-02 06:00:00+00:00
[2022-02-06 22:13:38,864] {standard_task_runner.py:52} INFO - Started process 2057 to run task
[2022-02-06 22:13:38,875] {standard_task_runner.py:76} INFO - Running: ['***', 'tasks', 'run', 'data_ingestion_gcs_dag', 'local_to_gcs_task', 'scheduled__2021-07-02T06:00:00+00:00', '--job-id', '243', '--raw', '--subdir', 'DAGS_FOLDER/data_ingestion_gcs_dags_hw.py', '--cfg-path', '/tmp/tmp45lg6g6c', '--error-file', '/tmp/tmp67hqwq_n']
[2022-02-06 22:13:38,878] {standard_task_runner.py:77} INFO - Job 243: Subtask local_to_gcs_task
[2022-02-06 22:13:39,027] {logging_mixin.py:109} INFO - Running <TaskInstance: data_ingestion_gcs_dag.local_to_gcs_task scheduled__2021-07-02T06:00:00+00:00 [running]> on host 6aa22590a839
[2022-02-06 22:13:39,128] {warnings.py:110} WARNING - /home/***/.local/lib/python3.7/site-packages/***/utils/context.py:152: AirflowContextDeprecationWarning: Accessing 'execution_date' from the template is deprecated and will be removed in a future version. Please use 'data_interval_start' or 'logical_date' instead.
  warnings.warn(_create_deprecation_warning(key, self._deprecation_replacements[key]))

[2022-02-06 22:13:39,188] {taskinstance.py:1426} INFO - Exporting the following env vars:
AIRFLOW_CTX_DAG_OWNER=***
AIRFLOW_CTX_DAG_ID=data_ingestion_gcs_dag
AIRFLOW_CTX_TASK_ID=local_to_gcs_task
AIRFLOW_CTX_EXECUTION_DATE=2021-07-02T06:00:00+00:00
AIRFLOW_CTX_DAG_RUN_ID=scheduled__2021-07-02T06:00:00+00:00
[2022-02-06 22:14:41,118] {python.py:175} INFO - Done. Returned value was: None
[2022-02-06 22:14:42,053] {taskinstance.py:1277} INFO - Marking task as SUCCESS. dag_id=data_ingestion_gcs_dag, task_id=local_to_gcs_task, execution_date=20210702T060000, start_date=20220206T221338, end_date=20220206T221442
[2022-02-06 22:14:43,326] {local_task_job.py:154} INFO - Task exited with return code 0
[2022-02-06 22:14:43,616] {local_task_job.py:264} INFO - 0 downstream tasks scheduled from follow-on schedule check
