[2022-02-06 11:22:36,121] {taskinstance.py:1032} INFO - Dependencies all met for <TaskInstance: data_ingestion_gcs_dag.format_to_parquet_task scheduled__2020-08-02T06:00:00+00:00 [queued]>
[2022-02-06 11:22:36,161] {taskinstance.py:1032} INFO - Dependencies all met for <TaskInstance: data_ingestion_gcs_dag.format_to_parquet_task scheduled__2020-08-02T06:00:00+00:00 [queued]>
[2022-02-06 11:22:36,164] {taskinstance.py:1238} INFO - 
--------------------------------------------------------------------------------
[2022-02-06 11:22:36,165] {taskinstance.py:1239} INFO - Starting attempt 1 of 2
[2022-02-06 11:22:36,166] {taskinstance.py:1240} INFO - 
--------------------------------------------------------------------------------
[2022-02-06 11:22:36,206] {taskinstance.py:1259} INFO - Executing <Task(PythonOperator): format_to_parquet_task> on 2020-08-02 06:00:00+00:00
[2022-02-06 11:22:36,248] {standard_task_runner.py:52} INFO - Started process 2741 to run task
[2022-02-06 11:22:36,258] {standard_task_runner.py:76} INFO - Running: ['***', 'tasks', 'run', 'data_ingestion_gcs_dag', 'format_to_parquet_task', 'scheduled__2020-08-02T06:00:00+00:00', '--job-id', '141', '--raw', '--subdir', 'DAGS_FOLDER/data_ingestion_gcs_dags_hw.py', '--cfg-path', '/tmp/tmpxj5y8fkm', '--error-file', '/tmp/tmppjt_f3_v']
[2022-02-06 11:22:36,263] {standard_task_runner.py:77} INFO - Job 141: Subtask format_to_parquet_task
[2022-02-06 11:22:36,460] {logging_mixin.py:109} INFO - Running <TaskInstance: data_ingestion_gcs_dag.format_to_parquet_task scheduled__2020-08-02T06:00:00+00:00 [running]> on host 6aa22590a839
[2022-02-06 11:22:36,674] {warnings.py:110} WARNING - /home/***/.local/lib/python3.7/site-packages/***/utils/context.py:152: AirflowContextDeprecationWarning: Accessing 'execution_date' from the template is deprecated and will be removed in a future version. Please use 'data_interval_start' or 'logical_date' instead.
  warnings.warn(_create_deprecation_warning(key, self._deprecation_replacements[key]))

[2022-02-06 11:22:36,985] {taskinstance.py:1426} INFO - Exporting the following env vars:
AIRFLOW_CTX_DAG_OWNER=***
AIRFLOW_CTX_DAG_ID=data_ingestion_gcs_dag
AIRFLOW_CTX_TASK_ID=format_to_parquet_task
AIRFLOW_CTX_EXECUTION_DATE=2020-08-02T06:00:00+00:00
AIRFLOW_CTX_DAG_RUN_ID=scheduled__2020-08-02T06:00:00+00:00
[2022-02-06 11:22:40,311] {python.py:175} INFO - Done. Returned value was: None
[2022-02-06 11:22:40,330] {taskinstance.py:1277} INFO - Marking task as SUCCESS. dag_id=data_ingestion_gcs_dag, task_id=format_to_parquet_task, execution_date=20200802T060000, start_date=20220206T112236, end_date=20220206T112240
[2022-02-06 11:22:40,453] {local_task_job.py:154} INFO - Task exited with return code 0
[2022-02-06 11:22:40,518] {local_task_job.py:264} INFO - 1 downstream tasks scheduled from follow-on schedule check
