[2022-02-06 22:25:19,426] {processor.py:163} INFO - Started process (PID=2453) to work on /opt/airflow/dags/data_ingestion_gcs_dags_fhv.py
[2022-02-06 22:25:19,429] {processor.py:642} INFO - Processing file /opt/airflow/dags/data_ingestion_gcs_dags_fhv.py for tasks to queue
[2022-02-06 22:25:19,432] {logging_mixin.py:109} INFO - [2022-02-06 22:25:19,432] {dagbag.py:500} INFO - Filling up the DagBag from /opt/airflow/dags/data_ingestion_gcs_dags_fhv.py
[2022-02-06 22:25:20,435] {processor.py:654} INFO - DAG(s) dict_keys(['data_ingestion_gcs_dag']) retrieved from /opt/airflow/dags/data_ingestion_gcs_dags_fhv.py
[2022-02-06 22:25:21,803] {logging_mixin.py:109} INFO - [2022-02-06 22:25:21,803] {dag.py:2396} INFO - Sync 1 DAGs
[2022-02-06 22:25:21,824] {logging_mixin.py:109} INFO - [2022-02-06 22:25:21,824] {dag.py:2935} INFO - Setting next_dagrun for data_ingestion_gcs_dag to 2022-02-02T06:00:00+00:00
[2022-02-06 22:25:21,898] {processor.py:171} INFO - Processing /opt/airflow/dags/data_ingestion_gcs_dags_fhv.py took 2.516 seconds
[2022-02-06 22:25:52,325] {processor.py:163} INFO - Started process (PID=2484) to work on /opt/airflow/dags/data_ingestion_gcs_dags_fhv.py
[2022-02-06 22:25:52,328] {processor.py:642} INFO - Processing file /opt/airflow/dags/data_ingestion_gcs_dags_fhv.py for tasks to queue
[2022-02-06 22:25:52,330] {logging_mixin.py:109} INFO - [2022-02-06 22:25:52,329] {dagbag.py:500} INFO - Filling up the DagBag from /opt/airflow/dags/data_ingestion_gcs_dags_fhv.py
[2022-02-06 22:25:53,218] {processor.py:654} INFO - DAG(s) dict_keys(['data_ingestion_gcs_dag']) retrieved from /opt/airflow/dags/data_ingestion_gcs_dags_fhv.py
[2022-02-06 22:25:53,230] {logging_mixin.py:109} INFO - [2022-02-06 22:25:53,229] {dag.py:2396} INFO - Sync 1 DAGs
[2022-02-06 22:25:53,250] {logging_mixin.py:109} INFO - [2022-02-06 22:25:53,250] {dag.py:2935} INFO - Setting next_dagrun for data_ingestion_gcs_dag to 2022-02-02T06:00:00+00:00
[2022-02-06 22:25:53,264] {processor.py:171} INFO - Processing /opt/airflow/dags/data_ingestion_gcs_dags_fhv.py took 0.943 seconds
[2022-02-06 22:26:23,467] {processor.py:163} INFO - Started process (PID=2506) to work on /opt/airflow/dags/data_ingestion_gcs_dags_fhv.py
[2022-02-06 22:26:23,472] {processor.py:642} INFO - Processing file /opt/airflow/dags/data_ingestion_gcs_dags_fhv.py for tasks to queue
[2022-02-06 22:26:23,474] {logging_mixin.py:109} INFO - [2022-02-06 22:26:23,473] {dagbag.py:500} INFO - Filling up the DagBag from /opt/airflow/dags/data_ingestion_gcs_dags_fhv.py
[2022-02-06 22:26:24,270] {processor.py:654} INFO - DAG(s) dict_keys(['data_ingestion_gcs_dag']) retrieved from /opt/airflow/dags/data_ingestion_gcs_dags_fhv.py
[2022-02-06 22:26:24,281] {logging_mixin.py:109} INFO - [2022-02-06 22:26:24,280] {dag.py:2396} INFO - Sync 1 DAGs
[2022-02-06 22:26:24,301] {logging_mixin.py:109} INFO - [2022-02-06 22:26:24,301] {dag.py:2935} INFO - Setting next_dagrun for data_ingestion_gcs_dag to 2022-02-02T06:00:00+00:00
[2022-02-06 22:26:24,319] {processor.py:171} INFO - Processing /opt/airflow/dags/data_ingestion_gcs_dags_fhv.py took 0.857 seconds
[2022-02-06 22:26:54,440] {processor.py:163} INFO - Started process (PID=2527) to work on /opt/airflow/dags/data_ingestion_gcs_dags_fhv.py
[2022-02-06 22:26:54,444] {processor.py:642} INFO - Processing file /opt/airflow/dags/data_ingestion_gcs_dags_fhv.py for tasks to queue
[2022-02-06 22:26:54,446] {logging_mixin.py:109} INFO - [2022-02-06 22:26:54,446] {dagbag.py:500} INFO - Filling up the DagBag from /opt/airflow/dags/data_ingestion_gcs_dags_fhv.py
[2022-02-06 22:26:55,264] {processor.py:654} INFO - DAG(s) dict_keys(['data_ingestion_gcs_dag']) retrieved from /opt/airflow/dags/data_ingestion_gcs_dags_fhv.py
[2022-02-06 22:26:55,280] {logging_mixin.py:109} INFO - [2022-02-06 22:26:55,279] {dag.py:2396} INFO - Sync 1 DAGs
[2022-02-06 22:26:55,301] {logging_mixin.py:109} INFO - [2022-02-06 22:26:55,301] {dag.py:2935} INFO - Setting next_dagrun for data_ingestion_gcs_dag to 2022-02-02T06:00:00+00:00
[2022-02-06 22:26:55,317] {processor.py:171} INFO - Processing /opt/airflow/dags/data_ingestion_gcs_dags_fhv.py took 0.881 seconds
[2022-02-06 22:27:25,506] {processor.py:163} INFO - Started process (PID=2560) to work on /opt/airflow/dags/data_ingestion_gcs_dags_fhv.py
[2022-02-06 22:27:25,512] {processor.py:642} INFO - Processing file /opt/airflow/dags/data_ingestion_gcs_dags_fhv.py for tasks to queue
[2022-02-06 22:27:25,515] {logging_mixin.py:109} INFO - [2022-02-06 22:27:25,514] {dagbag.py:500} INFO - Filling up the DagBag from /opt/airflow/dags/data_ingestion_gcs_dags_fhv.py
[2022-02-06 22:27:26,348] {processor.py:654} INFO - DAG(s) dict_keys(['data_ingestion_gcs_dag']) retrieved from /opt/airflow/dags/data_ingestion_gcs_dags_fhv.py
[2022-02-06 22:27:26,363] {logging_mixin.py:109} INFO - [2022-02-06 22:27:26,363] {dag.py:2396} INFO - Sync 1 DAGs
[2022-02-06 22:27:26,382] {logging_mixin.py:109} INFO - [2022-02-06 22:27:26,382] {dag.py:2935} INFO - Setting next_dagrun for data_ingestion_gcs_dag to 2022-02-02T06:00:00+00:00
[2022-02-06 22:27:26,393] {processor.py:171} INFO - Processing /opt/airflow/dags/data_ingestion_gcs_dags_fhv.py took 0.893 seconds
[2022-02-06 22:27:56,499] {processor.py:163} INFO - Started process (PID=2581) to work on /opt/airflow/dags/data_ingestion_gcs_dags_fhv.py
[2022-02-06 22:27:56,502] {processor.py:642} INFO - Processing file /opt/airflow/dags/data_ingestion_gcs_dags_fhv.py for tasks to queue
[2022-02-06 22:27:56,504] {logging_mixin.py:109} INFO - [2022-02-06 22:27:56,504] {dagbag.py:500} INFO - Filling up the DagBag from /opt/airflow/dags/data_ingestion_gcs_dags_fhv.py
[2022-02-06 22:27:57,365] {processor.py:654} INFO - DAG(s) dict_keys(['data_ingestion_gcs_dag']) retrieved from /opt/airflow/dags/data_ingestion_gcs_dags_fhv.py
[2022-02-06 22:27:57,382] {logging_mixin.py:109} INFO - [2022-02-06 22:27:57,382] {dag.py:2396} INFO - Sync 1 DAGs
[2022-02-06 22:27:57,409] {logging_mixin.py:109} INFO - [2022-02-06 22:27:57,409] {dag.py:2935} INFO - Setting next_dagrun for data_ingestion_gcs_dag to 2022-02-02T06:00:00+00:00
[2022-02-06 22:27:57,421] {processor.py:171} INFO - Processing /opt/airflow/dags/data_ingestion_gcs_dags_fhv.py took 0.926 seconds
[2022-02-06 22:28:27,658] {processor.py:163} INFO - Started process (PID=2604) to work on /opt/airflow/dags/data_ingestion_gcs_dags_fhv.py
[2022-02-06 22:28:27,662] {processor.py:642} INFO - Processing file /opt/airflow/dags/data_ingestion_gcs_dags_fhv.py for tasks to queue
[2022-02-06 22:28:27,665] {logging_mixin.py:109} INFO - [2022-02-06 22:28:27,665] {dagbag.py:500} INFO - Filling up the DagBag from /opt/airflow/dags/data_ingestion_gcs_dags_fhv.py
[2022-02-06 22:28:28,581] {processor.py:654} INFO - DAG(s) dict_keys(['data_ingestion_gcs_dag']) retrieved from /opt/airflow/dags/data_ingestion_gcs_dags_fhv.py
[2022-02-06 22:28:28,597] {logging_mixin.py:109} INFO - [2022-02-06 22:28:28,596] {dag.py:2396} INFO - Sync 1 DAGs
[2022-02-06 22:28:28,617] {logging_mixin.py:109} INFO - [2022-02-06 22:28:28,617] {dag.py:2935} INFO - Setting next_dagrun for data_ingestion_gcs_dag to 2022-02-02T06:00:00+00:00
[2022-02-06 22:28:28,632] {processor.py:171} INFO - Processing /opt/airflow/dags/data_ingestion_gcs_dags_fhv.py took 0.982 seconds
[2022-02-06 22:28:58,911] {processor.py:163} INFO - Started process (PID=2637) to work on /opt/airflow/dags/data_ingestion_gcs_dags_fhv.py
[2022-02-06 22:28:58,926] {processor.py:642} INFO - Processing file /opt/airflow/dags/data_ingestion_gcs_dags_fhv.py for tasks to queue
[2022-02-06 22:28:58,931] {logging_mixin.py:109} INFO - [2022-02-06 22:28:58,930] {dagbag.py:500} INFO - Filling up the DagBag from /opt/airflow/dags/data_ingestion_gcs_dags_fhv.py
[2022-02-06 22:28:59,931] {processor.py:654} INFO - DAG(s) dict_keys(['data_ingestion_gcs_dag']) retrieved from /opt/airflow/dags/data_ingestion_gcs_dags_fhv.py
[2022-02-06 22:28:59,948] {logging_mixin.py:109} INFO - [2022-02-06 22:28:59,948] {dag.py:2396} INFO - Sync 1 DAGs
[2022-02-06 22:28:59,964] {logging_mixin.py:109} INFO - [2022-02-06 22:28:59,964] {dag.py:2935} INFO - Setting next_dagrun for data_ingestion_gcs_dag to 2022-02-02T06:00:00+00:00
[2022-02-06 22:28:59,979] {processor.py:171} INFO - Processing /opt/airflow/dags/data_ingestion_gcs_dags_fhv.py took 1.083 seconds
[2022-02-06 22:29:30,230] {processor.py:163} INFO - Started process (PID=2658) to work on /opt/airflow/dags/data_ingestion_gcs_dags_fhv.py
[2022-02-06 22:29:30,235] {processor.py:642} INFO - Processing file /opt/airflow/dags/data_ingestion_gcs_dags_fhv.py for tasks to queue
[2022-02-06 22:29:30,240] {logging_mixin.py:109} INFO - [2022-02-06 22:29:30,240] {dagbag.py:500} INFO - Filling up the DagBag from /opt/airflow/dags/data_ingestion_gcs_dags_fhv.py
[2022-02-06 22:29:31,382] {processor.py:654} INFO - DAG(s) dict_keys(['data_ingestion_gcs_dag']) retrieved from /opt/airflow/dags/data_ingestion_gcs_dags_fhv.py
[2022-02-06 22:29:31,396] {logging_mixin.py:109} INFO - [2022-02-06 22:29:31,396] {dag.py:2396} INFO - Sync 1 DAGs
[2022-02-06 22:29:31,415] {logging_mixin.py:109} INFO - [2022-02-06 22:29:31,415] {dag.py:2935} INFO - Setting next_dagrun for data_ingestion_gcs_dag to 2022-02-02T06:00:00+00:00
[2022-02-06 22:29:31,430] {processor.py:171} INFO - Processing /opt/airflow/dags/data_ingestion_gcs_dags_fhv.py took 1.205 seconds
[2022-02-06 22:30:01,669] {processor.py:163} INFO - Started process (PID=2678) to work on /opt/airflow/dags/data_ingestion_gcs_dags_fhv.py
[2022-02-06 22:30:01,676] {processor.py:642} INFO - Processing file /opt/airflow/dags/data_ingestion_gcs_dags_fhv.py for tasks to queue
[2022-02-06 22:30:01,679] {logging_mixin.py:109} INFO - [2022-02-06 22:30:01,679] {dagbag.py:500} INFO - Filling up the DagBag from /opt/airflow/dags/data_ingestion_gcs_dags_fhv.py
[2022-02-06 22:30:03,425] {processor.py:654} INFO - DAG(s) dict_keys(['data_ingestion_gcs_dag']) retrieved from /opt/airflow/dags/data_ingestion_gcs_dags_fhv.py
[2022-02-06 22:30:03,440] {logging_mixin.py:109} INFO - [2022-02-06 22:30:03,440] {dag.py:2396} INFO - Sync 1 DAGs
[2022-02-06 22:30:03,460] {logging_mixin.py:109} INFO - [2022-02-06 22:30:03,459] {dag.py:2935} INFO - Setting next_dagrun for data_ingestion_gcs_dag to 2022-02-02T06:00:00+00:00
[2022-02-06 22:30:03,473] {processor.py:171} INFO - Processing /opt/airflow/dags/data_ingestion_gcs_dags_fhv.py took 1.813 seconds
[2022-02-06 22:30:33,662] {processor.py:163} INFO - Started process (PID=2700) to work on /opt/airflow/dags/data_ingestion_gcs_dags_fhv.py
[2022-02-06 22:30:33,666] {processor.py:642} INFO - Processing file /opt/airflow/dags/data_ingestion_gcs_dags_fhv.py for tasks to queue
[2022-02-06 22:30:33,668] {logging_mixin.py:109} INFO - [2022-02-06 22:30:33,667] {dagbag.py:500} INFO - Filling up the DagBag from /opt/airflow/dags/data_ingestion_gcs_dags_fhv.py
[2022-02-06 22:30:34,405] {processor.py:654} INFO - DAG(s) dict_keys(['data_ingestion_gcs_dag']) retrieved from /opt/airflow/dags/data_ingestion_gcs_dags_fhv.py
[2022-02-06 22:30:34,422] {logging_mixin.py:109} INFO - [2022-02-06 22:30:34,421] {dag.py:2396} INFO - Sync 1 DAGs
[2022-02-06 22:30:34,440] {logging_mixin.py:109} INFO - [2022-02-06 22:30:34,439] {dag.py:2935} INFO - Setting next_dagrun for data_ingestion_gcs_dag to 2022-02-02T06:00:00+00:00
[2022-02-06 22:30:34,451] {processor.py:171} INFO - Processing /opt/airflow/dags/data_ingestion_gcs_dags_fhv.py took 0.798 seconds
[2022-02-06 22:31:04,651] {processor.py:163} INFO - Started process (PID=2725) to work on /opt/airflow/dags/data_ingestion_gcs_dags_fhv.py
[2022-02-06 22:31:04,657] {processor.py:642} INFO - Processing file /opt/airflow/dags/data_ingestion_gcs_dags_fhv.py for tasks to queue
[2022-02-06 22:31:04,660] {logging_mixin.py:109} INFO - [2022-02-06 22:31:04,660] {dagbag.py:500} INFO - Filling up the DagBag from /opt/airflow/dags/data_ingestion_gcs_dags_fhv.py
[2022-02-06 22:31:05,542] {processor.py:654} INFO - DAG(s) dict_keys(['data_ingestion_gcs_dag']) retrieved from /opt/airflow/dags/data_ingestion_gcs_dags_fhv.py
[2022-02-06 22:31:05,563] {logging_mixin.py:109} INFO - [2022-02-06 22:31:05,562] {dag.py:2396} INFO - Sync 1 DAGs
[2022-02-06 22:31:05,595] {logging_mixin.py:109} INFO - [2022-02-06 22:31:05,595] {dag.py:2935} INFO - Setting next_dagrun for data_ingestion_gcs_dag to 2022-02-02T06:00:00+00:00
[2022-02-06 22:31:05,620] {processor.py:171} INFO - Processing /opt/airflow/dags/data_ingestion_gcs_dags_fhv.py took 0.980 seconds
[2022-02-06 22:31:35,918] {processor.py:163} INFO - Started process (PID=2749) to work on /opt/airflow/dags/data_ingestion_gcs_dags_fhv.py
[2022-02-06 22:31:35,923] {processor.py:642} INFO - Processing file /opt/airflow/dags/data_ingestion_gcs_dags_fhv.py for tasks to queue
[2022-02-06 22:31:35,926] {logging_mixin.py:109} INFO - [2022-02-06 22:31:35,926] {dagbag.py:500} INFO - Filling up the DagBag from /opt/airflow/dags/data_ingestion_gcs_dags_fhv.py
[2022-02-06 22:31:37,231] {processor.py:654} INFO - DAG(s) dict_keys(['data_ingestion_gcs_dag']) retrieved from /opt/airflow/dags/data_ingestion_gcs_dags_fhv.py
[2022-02-06 22:31:37,249] {logging_mixin.py:109} INFO - [2022-02-06 22:31:37,249] {dag.py:2396} INFO - Sync 1 DAGs
[2022-02-06 22:31:37,276] {logging_mixin.py:109} INFO - [2022-02-06 22:31:37,276] {dag.py:2935} INFO - Setting next_dagrun for data_ingestion_gcs_dag to 2022-02-02T06:00:00+00:00
[2022-02-06 22:31:37,294] {processor.py:171} INFO - Processing /opt/airflow/dags/data_ingestion_gcs_dags_fhv.py took 1.381 seconds
[2022-02-06 22:32:07,557] {processor.py:163} INFO - Started process (PID=2782) to work on /opt/airflow/dags/data_ingestion_gcs_dags_fhv.py
[2022-02-06 22:32:07,561] {processor.py:642} INFO - Processing file /opt/airflow/dags/data_ingestion_gcs_dags_fhv.py for tasks to queue
[2022-02-06 22:32:07,564] {logging_mixin.py:109} INFO - [2022-02-06 22:32:07,563] {dagbag.py:500} INFO - Filling up the DagBag from /opt/airflow/dags/data_ingestion_gcs_dags_fhv.py
[2022-02-06 22:32:08,317] {processor.py:654} INFO - DAG(s) dict_keys(['data_ingestion_gcs_dag']) retrieved from /opt/airflow/dags/data_ingestion_gcs_dags_fhv.py
[2022-02-06 22:32:08,331] {logging_mixin.py:109} INFO - [2022-02-06 22:32:08,331] {dag.py:2396} INFO - Sync 1 DAGs
[2022-02-06 22:32:08,351] {logging_mixin.py:109} INFO - [2022-02-06 22:32:08,351] {dag.py:2935} INFO - Setting next_dagrun for data_ingestion_gcs_dag to 2022-02-02T06:00:00+00:00
[2022-02-06 22:32:08,366] {processor.py:171} INFO - Processing /opt/airflow/dags/data_ingestion_gcs_dags_fhv.py took 0.818 seconds
[2022-02-06 22:32:38,533] {processor.py:163} INFO - Started process (PID=2803) to work on /opt/airflow/dags/data_ingestion_gcs_dags_fhv.py
[2022-02-06 22:32:38,535] {processor.py:642} INFO - Processing file /opt/airflow/dags/data_ingestion_gcs_dags_fhv.py for tasks to queue
[2022-02-06 22:32:38,537] {logging_mixin.py:109} INFO - [2022-02-06 22:32:38,537] {dagbag.py:500} INFO - Filling up the DagBag from /opt/airflow/dags/data_ingestion_gcs_dags_fhv.py
[2022-02-06 22:32:39,253] {processor.py:654} INFO - DAG(s) dict_keys(['data_ingestion_gcs_dag']) retrieved from /opt/airflow/dags/data_ingestion_gcs_dags_fhv.py
[2022-02-06 22:32:39,264] {logging_mixin.py:109} INFO - [2022-02-06 22:32:39,263] {dag.py:2396} INFO - Sync 1 DAGs
[2022-02-06 22:32:39,279] {logging_mixin.py:109} INFO - [2022-02-06 22:32:39,279] {dag.py:2935} INFO - Setting next_dagrun for data_ingestion_gcs_dag to 2022-02-02T06:00:00+00:00
[2022-02-06 22:32:39,294] {processor.py:171} INFO - Processing /opt/airflow/dags/data_ingestion_gcs_dags_fhv.py took 0.765 seconds
[2022-02-06 22:33:09,409] {processor.py:163} INFO - Started process (PID=2835) to work on /opt/airflow/dags/data_ingestion_gcs_dags_fhv.py
[2022-02-06 22:33:09,414] {processor.py:642} INFO - Processing file /opt/airflow/dags/data_ingestion_gcs_dags_fhv.py for tasks to queue
[2022-02-06 22:33:09,417] {logging_mixin.py:109} INFO - [2022-02-06 22:33:09,417] {dagbag.py:500} INFO - Filling up the DagBag from /opt/airflow/dags/data_ingestion_gcs_dags_fhv.py
[2022-02-06 22:33:10,147] {processor.py:654} INFO - DAG(s) dict_keys(['data_ingestion_gcs_dag']) retrieved from /opt/airflow/dags/data_ingestion_gcs_dags_fhv.py
[2022-02-06 22:33:10,165] {logging_mixin.py:109} INFO - [2022-02-06 22:33:10,165] {dag.py:2396} INFO - Sync 1 DAGs
[2022-02-06 22:33:10,189] {logging_mixin.py:109} INFO - [2022-02-06 22:33:10,189] {dag.py:2935} INFO - Setting next_dagrun for data_ingestion_gcs_dag to 2022-02-02T06:00:00+00:00
[2022-02-06 22:33:10,209] {processor.py:171} INFO - Processing /opt/airflow/dags/data_ingestion_gcs_dags_fhv.py took 0.814 seconds
[2022-02-06 22:33:40,418] {processor.py:163} INFO - Started process (PID=2858) to work on /opt/airflow/dags/data_ingestion_gcs_dags_fhv.py
[2022-02-06 22:33:40,424] {processor.py:642} INFO - Processing file /opt/airflow/dags/data_ingestion_gcs_dags_fhv.py for tasks to queue
[2022-02-06 22:33:40,427] {logging_mixin.py:109} INFO - [2022-02-06 22:33:40,427] {dagbag.py:500} INFO - Filling up the DagBag from /opt/airflow/dags/data_ingestion_gcs_dags_fhv.py
[2022-02-06 22:33:41,285] {processor.py:654} INFO - DAG(s) dict_keys(['data_ingestion_gcs_dag']) retrieved from /opt/airflow/dags/data_ingestion_gcs_dags_fhv.py
[2022-02-06 22:33:41,300] {logging_mixin.py:109} INFO - [2022-02-06 22:33:41,300] {dag.py:2396} INFO - Sync 1 DAGs
[2022-02-06 22:33:41,320] {logging_mixin.py:109} INFO - [2022-02-06 22:33:41,320] {dag.py:2935} INFO - Setting next_dagrun for data_ingestion_gcs_dag to 2022-02-02T06:00:00+00:00
[2022-02-06 22:33:41,338] {processor.py:171} INFO - Processing /opt/airflow/dags/data_ingestion_gcs_dags_fhv.py took 0.924 seconds
[2022-02-06 22:34:11,494] {processor.py:163} INFO - Started process (PID=2880) to work on /opt/airflow/dags/data_ingestion_gcs_dags_fhv.py
[2022-02-06 22:34:11,500] {processor.py:642} INFO - Processing file /opt/airflow/dags/data_ingestion_gcs_dags_fhv.py for tasks to queue
[2022-02-06 22:34:11,504] {logging_mixin.py:109} INFO - [2022-02-06 22:34:11,503] {dagbag.py:500} INFO - Filling up the DagBag from /opt/airflow/dags/data_ingestion_gcs_dags_fhv.py
[2022-02-06 22:34:12,364] {processor.py:654} INFO - DAG(s) dict_keys(['data_ingestion_gcs_dag']) retrieved from /opt/airflow/dags/data_ingestion_gcs_dags_fhv.py
[2022-02-06 22:34:12,390] {logging_mixin.py:109} INFO - [2022-02-06 22:34:12,390] {dag.py:2396} INFO - Sync 1 DAGs
[2022-02-06 22:34:12,414] {logging_mixin.py:109} INFO - [2022-02-06 22:34:12,414] {dag.py:2935} INFO - Setting next_dagrun for data_ingestion_gcs_dag to 2022-02-02T06:00:00+00:00
[2022-02-06 22:34:12,430] {processor.py:171} INFO - Processing /opt/airflow/dags/data_ingestion_gcs_dags_fhv.py took 0.944 seconds
[2022-02-06 22:34:42,590] {processor.py:163} INFO - Started process (PID=2910) to work on /opt/airflow/dags/data_ingestion_gcs_dags_fhv.py
[2022-02-06 22:34:42,593] {processor.py:642} INFO - Processing file /opt/airflow/dags/data_ingestion_gcs_dags_fhv.py for tasks to queue
[2022-02-06 22:34:42,596] {logging_mixin.py:109} INFO - [2022-02-06 22:34:42,596] {dagbag.py:500} INFO - Filling up the DagBag from /opt/airflow/dags/data_ingestion_gcs_dags_fhv.py
[2022-02-06 22:34:43,714] {processor.py:654} INFO - DAG(s) dict_keys(['data_ingestion_gcs_dag']) retrieved from /opt/airflow/dags/data_ingestion_gcs_dags_fhv.py
[2022-02-06 22:34:43,724] {logging_mixin.py:109} INFO - [2022-02-06 22:34:43,724] {dag.py:2396} INFO - Sync 1 DAGs
[2022-02-06 22:34:43,739] {logging_mixin.py:109} INFO - [2022-02-06 22:34:43,739] {dag.py:2935} INFO - Setting next_dagrun for data_ingestion_gcs_dag to 2022-02-02T06:00:00+00:00
[2022-02-06 22:34:43,749] {processor.py:171} INFO - Processing /opt/airflow/dags/data_ingestion_gcs_dags_fhv.py took 1.164 seconds
[2022-02-06 22:35:13,939] {processor.py:163} INFO - Started process (PID=2930) to work on /opt/airflow/dags/data_ingestion_gcs_dags_fhv.py
[2022-02-06 22:35:13,943] {processor.py:642} INFO - Processing file /opt/airflow/dags/data_ingestion_gcs_dags_fhv.py for tasks to queue
[2022-02-06 22:35:13,950] {logging_mixin.py:109} INFO - [2022-02-06 22:35:13,948] {dagbag.py:500} INFO - Filling up the DagBag from /opt/airflow/dags/data_ingestion_gcs_dags_fhv.py
[2022-02-06 22:35:15,217] {processor.py:654} INFO - DAG(s) dict_keys(['data_ingestion_gcs_dag']) retrieved from /opt/airflow/dags/data_ingestion_gcs_dags_fhv.py
[2022-02-06 22:35:15,233] {logging_mixin.py:109} INFO - [2022-02-06 22:35:15,232] {dag.py:2396} INFO - Sync 1 DAGs
[2022-02-06 22:35:15,258] {logging_mixin.py:109} INFO - [2022-02-06 22:35:15,258] {dag.py:2935} INFO - Setting next_dagrun for data_ingestion_gcs_dag to 2022-02-02T06:00:00+00:00
[2022-02-06 22:35:15,269] {processor.py:171} INFO - Processing /opt/airflow/dags/data_ingestion_gcs_dags_fhv.py took 1.336 seconds
[2022-02-06 22:35:45,375] {processor.py:163} INFO - Started process (PID=2951) to work on /opt/airflow/dags/data_ingestion_gcs_dags_fhv.py
[2022-02-06 22:35:45,381] {processor.py:642} INFO - Processing file /opt/airflow/dags/data_ingestion_gcs_dags_fhv.py for tasks to queue
[2022-02-06 22:35:45,383] {logging_mixin.py:109} INFO - [2022-02-06 22:35:45,382] {dagbag.py:500} INFO - Filling up the DagBag from /opt/airflow/dags/data_ingestion_gcs_dags_fhv.py
[2022-02-06 22:35:48,239] {processor.py:654} INFO - DAG(s) dict_keys(['data_ingestion_gcs_dag']) retrieved from /opt/airflow/dags/data_ingestion_gcs_dags_fhv.py
[2022-02-06 22:35:48,254] {logging_mixin.py:109} INFO - [2022-02-06 22:35:48,253] {dag.py:2396} INFO - Sync 1 DAGs
[2022-02-06 22:35:48,274] {logging_mixin.py:109} INFO - [2022-02-06 22:35:48,274] {dag.py:2935} INFO - Setting next_dagrun for data_ingestion_gcs_dag to 2022-02-02T06:00:00+00:00
[2022-02-06 22:35:48,300] {processor.py:171} INFO - Processing /opt/airflow/dags/data_ingestion_gcs_dags_fhv.py took 2.928 seconds
[2022-02-06 22:36:18,612] {processor.py:163} INFO - Started process (PID=2981) to work on /opt/airflow/dags/data_ingestion_gcs_dags_fhv.py
[2022-02-06 22:36:18,625] {processor.py:642} INFO - Processing file /opt/airflow/dags/data_ingestion_gcs_dags_fhv.py for tasks to queue
[2022-02-06 22:36:18,633] {logging_mixin.py:109} INFO - [2022-02-06 22:36:18,632] {dagbag.py:500} INFO - Filling up the DagBag from /opt/airflow/dags/data_ingestion_gcs_dags_fhv.py
[2022-02-06 22:36:20,694] {processor.py:654} INFO - DAG(s) dict_keys(['data_ingestion_gcs_dag']) retrieved from /opt/airflow/dags/data_ingestion_gcs_dags_fhv.py
[2022-02-06 22:36:20,717] {logging_mixin.py:109} INFO - [2022-02-06 22:36:20,716] {dag.py:2396} INFO - Sync 1 DAGs
[2022-02-06 22:36:20,744] {logging_mixin.py:109} INFO - [2022-02-06 22:36:20,744] {dag.py:2935} INFO - Setting next_dagrun for data_ingestion_gcs_dag to 2022-02-02T06:00:00+00:00
[2022-02-06 22:36:20,759] {processor.py:171} INFO - Processing /opt/airflow/dags/data_ingestion_gcs_dags_fhv.py took 2.201 seconds
[2022-02-06 22:36:50,951] {processor.py:163} INFO - Started process (PID=3009) to work on /opt/airflow/dags/data_ingestion_gcs_dags_fhv.py
[2022-02-06 22:36:50,955] {processor.py:642} INFO - Processing file /opt/airflow/dags/data_ingestion_gcs_dags_fhv.py for tasks to queue
[2022-02-06 22:36:50,958] {logging_mixin.py:109} INFO - [2022-02-06 22:36:50,958] {dagbag.py:500} INFO - Filling up the DagBag from /opt/airflow/dags/data_ingestion_gcs_dags_fhv.py
[2022-02-06 22:36:51,770] {processor.py:654} INFO - DAG(s) dict_keys(['data_ingestion_gcs_dag']) retrieved from /opt/airflow/dags/data_ingestion_gcs_dags_fhv.py
[2022-02-06 22:36:51,784] {logging_mixin.py:109} INFO - [2022-02-06 22:36:51,784] {dag.py:2396} INFO - Sync 1 DAGs
[2022-02-06 22:36:51,802] {logging_mixin.py:109} INFO - [2022-02-06 22:36:51,802] {dag.py:2935} INFO - Setting next_dagrun for data_ingestion_gcs_dag to 2022-02-02T06:00:00+00:00
[2022-02-06 22:36:51,815] {processor.py:171} INFO - Processing /opt/airflow/dags/data_ingestion_gcs_dags_fhv.py took 0.870 seconds
[2022-02-06 22:37:21,945] {processor.py:163} INFO - Started process (PID=3032) to work on /opt/airflow/dags/data_ingestion_gcs_dags_fhv.py
[2022-02-06 22:37:21,950] {processor.py:642} INFO - Processing file /opt/airflow/dags/data_ingestion_gcs_dags_fhv.py for tasks to queue
[2022-02-06 22:37:21,953] {logging_mixin.py:109} INFO - [2022-02-06 22:37:21,953] {dagbag.py:500} INFO - Filling up the DagBag from /opt/airflow/dags/data_ingestion_gcs_dags_fhv.py
[2022-02-06 22:37:23,154] {processor.py:654} INFO - DAG(s) dict_keys(['data_ingestion_gcs_dag']) retrieved from /opt/airflow/dags/data_ingestion_gcs_dags_fhv.py
[2022-02-06 22:37:23,179] {logging_mixin.py:109} INFO - [2022-02-06 22:37:23,178] {dag.py:2396} INFO - Sync 1 DAGs
[2022-02-06 22:37:23,221] {logging_mixin.py:109} INFO - [2022-02-06 22:37:23,221] {dag.py:2935} INFO - Setting next_dagrun for data_ingestion_gcs_dag to 2022-02-02T06:00:00+00:00
[2022-02-06 22:37:23,245] {processor.py:171} INFO - Processing /opt/airflow/dags/data_ingestion_gcs_dags_fhv.py took 1.305 seconds
[2022-02-06 22:37:53,493] {processor.py:163} INFO - Started process (PID=3055) to work on /opt/airflow/dags/data_ingestion_gcs_dags_fhv.py
[2022-02-06 22:37:53,497] {processor.py:642} INFO - Processing file /opt/airflow/dags/data_ingestion_gcs_dags_fhv.py for tasks to queue
[2022-02-06 22:37:53,499] {logging_mixin.py:109} INFO - [2022-02-06 22:37:53,498] {dagbag.py:500} INFO - Filling up the DagBag from /opt/airflow/dags/data_ingestion_gcs_dags_fhv.py
[2022-02-06 22:37:54,952] {processor.py:654} INFO - DAG(s) dict_keys(['data_ingestion_gcs_dag']) retrieved from /opt/airflow/dags/data_ingestion_gcs_dags_fhv.py
[2022-02-06 22:37:54,983] {logging_mixin.py:109} INFO - [2022-02-06 22:37:54,983] {dag.py:2396} INFO - Sync 1 DAGs
[2022-02-06 22:37:55,032] {logging_mixin.py:109} INFO - [2022-02-06 22:37:55,031] {dag.py:2935} INFO - Setting next_dagrun for data_ingestion_gcs_dag to 2022-02-02T06:00:00+00:00
[2022-02-06 22:37:55,257] {processor.py:171} INFO - Processing /opt/airflow/dags/data_ingestion_gcs_dags_fhv.py took 1.767 seconds
[2022-02-06 22:38:25,417] {processor.py:163} INFO - Started process (PID=3077) to work on /opt/airflow/dags/data_ingestion_gcs_dags_fhv.py
[2022-02-06 22:38:25,427] {processor.py:642} INFO - Processing file /opt/airflow/dags/data_ingestion_gcs_dags_fhv.py for tasks to queue
[2022-02-06 22:38:25,435] {logging_mixin.py:109} INFO - [2022-02-06 22:38:25,434] {dagbag.py:500} INFO - Filling up the DagBag from /opt/airflow/dags/data_ingestion_gcs_dags_fhv.py
[2022-02-06 22:38:26,326] {processor.py:654} INFO - DAG(s) dict_keys(['data_ingestion_gcs_dag']) retrieved from /opt/airflow/dags/data_ingestion_gcs_dags_fhv.py
[2022-02-06 22:38:26,349] {logging_mixin.py:109} INFO - [2022-02-06 22:38:26,344] {dag.py:2396} INFO - Sync 1 DAGs
[2022-02-06 22:38:26,381] {logging_mixin.py:109} INFO - [2022-02-06 22:38:26,381] {dag.py:2935} INFO - Setting next_dagrun for data_ingestion_gcs_dag to 2022-02-02T06:00:00+00:00
[2022-02-06 22:38:26,407] {processor.py:171} INFO - Processing /opt/airflow/dags/data_ingestion_gcs_dags_fhv.py took 0.997 seconds
[2022-02-06 22:38:56,594] {processor.py:163} INFO - Started process (PID=3109) to work on /opt/airflow/dags/data_ingestion_gcs_dags_fhv.py
[2022-02-06 22:38:56,598] {processor.py:642} INFO - Processing file /opt/airflow/dags/data_ingestion_gcs_dags_fhv.py for tasks to queue
[2022-02-06 22:38:56,600] {logging_mixin.py:109} INFO - [2022-02-06 22:38:56,600] {dagbag.py:500} INFO - Filling up the DagBag from /opt/airflow/dags/data_ingestion_gcs_dags_fhv.py
[2022-02-06 22:38:57,426] {processor.py:654} INFO - DAG(s) dict_keys(['data_ingestion_gcs_dag']) retrieved from /opt/airflow/dags/data_ingestion_gcs_dags_fhv.py
[2022-02-06 22:38:57,446] {logging_mixin.py:109} INFO - [2022-02-06 22:38:57,446] {dag.py:2396} INFO - Sync 1 DAGs
[2022-02-06 22:38:57,493] {logging_mixin.py:109} INFO - [2022-02-06 22:38:57,493] {dag.py:2935} INFO - Setting next_dagrun for data_ingestion_gcs_dag to 2022-02-02T06:00:00+00:00
[2022-02-06 22:38:57,512] {processor.py:171} INFO - Processing /opt/airflow/dags/data_ingestion_gcs_dags_fhv.py took 0.921 seconds
[2022-02-06 22:39:27,674] {processor.py:163} INFO - Started process (PID=3132) to work on /opt/airflow/dags/data_ingestion_gcs_dags_fhv.py
[2022-02-06 22:39:27,684] {processor.py:642} INFO - Processing file /opt/airflow/dags/data_ingestion_gcs_dags_fhv.py for tasks to queue
[2022-02-06 22:39:27,690] {logging_mixin.py:109} INFO - [2022-02-06 22:39:27,689] {dagbag.py:500} INFO - Filling up the DagBag from /opt/airflow/dags/data_ingestion_gcs_dags_fhv.py
[2022-02-06 22:39:28,500] {processor.py:654} INFO - DAG(s) dict_keys(['data_ingestion_gcs_dag']) retrieved from /opt/airflow/dags/data_ingestion_gcs_dags_fhv.py
[2022-02-06 22:39:28,521] {logging_mixin.py:109} INFO - [2022-02-06 22:39:28,520] {dag.py:2396} INFO - Sync 1 DAGs
[2022-02-06 22:39:28,563] {logging_mixin.py:109} INFO - [2022-02-06 22:39:28,563] {dag.py:2935} INFO - Setting next_dagrun for data_ingestion_gcs_dag to 2022-02-02T06:00:00+00:00
[2022-02-06 22:39:28,588] {processor.py:171} INFO - Processing /opt/airflow/dags/data_ingestion_gcs_dags_fhv.py took 0.927 seconds
[2022-02-06 22:39:59,139] {processor.py:163} INFO - Started process (PID=3155) to work on /opt/airflow/dags/data_ingestion_gcs_dags_fhv.py
[2022-02-06 22:39:59,150] {processor.py:642} INFO - Processing file /opt/airflow/dags/data_ingestion_gcs_dags_fhv.py for tasks to queue
[2022-02-06 22:39:59,154] {logging_mixin.py:109} INFO - [2022-02-06 22:39:59,154] {dagbag.py:500} INFO - Filling up the DagBag from /opt/airflow/dags/data_ingestion_gcs_dags_fhv.py
[2022-02-06 22:40:00,568] {processor.py:654} INFO - DAG(s) dict_keys(['data_ingestion_gcs_dag']) retrieved from /opt/airflow/dags/data_ingestion_gcs_dags_fhv.py
[2022-02-06 22:40:00,608] {logging_mixin.py:109} INFO - [2022-02-06 22:40:00,607] {dag.py:2396} INFO - Sync 1 DAGs
[2022-02-06 22:40:00,648] {logging_mixin.py:109} INFO - [2022-02-06 22:40:00,648] {dag.py:2935} INFO - Setting next_dagrun for data_ingestion_gcs_dag to 2022-02-02T06:00:00+00:00
[2022-02-06 22:40:00,671] {processor.py:171} INFO - Processing /opt/airflow/dags/data_ingestion_gcs_dags_fhv.py took 1.566 seconds
[2022-02-06 22:40:30,839] {processor.py:163} INFO - Started process (PID=3188) to work on /opt/airflow/dags/data_ingestion_gcs_dags_fhv.py
[2022-02-06 22:40:30,844] {processor.py:642} INFO - Processing file /opt/airflow/dags/data_ingestion_gcs_dags_fhv.py for tasks to queue
[2022-02-06 22:40:30,849] {logging_mixin.py:109} INFO - [2022-02-06 22:40:30,848] {dagbag.py:500} INFO - Filling up the DagBag from /opt/airflow/dags/data_ingestion_gcs_dags_fhv.py
[2022-02-06 22:40:32,067] {processor.py:654} INFO - DAG(s) dict_keys(['data_ingestion_gcs_dag']) retrieved from /opt/airflow/dags/data_ingestion_gcs_dags_fhv.py
[2022-02-06 22:40:32,086] {logging_mixin.py:109} INFO - [2022-02-06 22:40:32,085] {dag.py:2396} INFO - Sync 1 DAGs
[2022-02-06 22:40:32,108] {logging_mixin.py:109} INFO - [2022-02-06 22:40:32,108] {dag.py:2935} INFO - Setting next_dagrun for data_ingestion_gcs_dag to 2022-02-02T06:00:00+00:00
[2022-02-06 22:40:32,128] {processor.py:171} INFO - Processing /opt/airflow/dags/data_ingestion_gcs_dags_fhv.py took 1.294 seconds
[2022-02-06 22:41:02,425] {processor.py:163} INFO - Started process (PID=3215) to work on /opt/airflow/dags/data_ingestion_gcs_dags_fhv.py
[2022-02-06 22:41:02,471] {processor.py:642} INFO - Processing file /opt/airflow/dags/data_ingestion_gcs_dags_fhv.py for tasks to queue
[2022-02-06 22:41:02,484] {logging_mixin.py:109} INFO - [2022-02-06 22:41:02,484] {dagbag.py:500} INFO - Filling up the DagBag from /opt/airflow/dags/data_ingestion_gcs_dags_fhv.py
[2022-02-06 22:41:04,825] {processor.py:654} INFO - DAG(s) dict_keys(['data_ingestion_gcs_dag']) retrieved from /opt/airflow/dags/data_ingestion_gcs_dags_fhv.py
[2022-02-06 22:41:04,859] {logging_mixin.py:109} INFO - [2022-02-06 22:41:04,858] {dag.py:2396} INFO - Sync 1 DAGs
[2022-02-06 22:41:04,886] {logging_mixin.py:109} INFO - [2022-02-06 22:41:04,886] {dag.py:2935} INFO - Setting next_dagrun for data_ingestion_gcs_dag to 2022-02-02T06:00:00+00:00
[2022-02-06 22:41:04,898] {processor.py:171} INFO - Processing /opt/airflow/dags/data_ingestion_gcs_dags_fhv.py took 2.510 seconds
[2022-02-06 22:41:14,293] {processor.py:163} INFO - Started process (PID=3218) to work on /opt/airflow/dags/data_ingestion_gcs_dags_fhv.py
[2022-02-06 22:41:14,303] {processor.py:642} INFO - Processing file /opt/airflow/dags/data_ingestion_gcs_dags_fhv.py for tasks to queue
[2022-02-06 22:41:14,306] {logging_mixin.py:109} INFO - [2022-02-06 22:41:14,306] {dagbag.py:500} INFO - Filling up the DagBag from /opt/airflow/dags/data_ingestion_gcs_dags_fhv.py
[2022-02-06 22:41:16,049] {processor.py:654} INFO - DAG(s) dict_keys(['data_ingestion_gcs_dag']) retrieved from /opt/airflow/dags/data_ingestion_gcs_dags_fhv.py
[2022-02-06 22:41:16,068] {logging_mixin.py:109} INFO - [2022-02-06 22:41:16,067] {dag.py:2396} INFO - Sync 1 DAGs
[2022-02-06 22:41:16,103] {logging_mixin.py:109} INFO - [2022-02-06 22:41:16,103] {dag.py:2935} INFO - Setting next_dagrun for data_ingestion_gcs_dag to 2022-02-02T06:00:00+00:00
[2022-02-06 22:41:16,140] {processor.py:171} INFO - Processing /opt/airflow/dags/data_ingestion_gcs_dags_fhv.py took 1.878 seconds
[2022-02-06 22:49:14,996] {processor.py:163} INFO - Started process (PID=3518) to work on /opt/airflow/dags/data_ingestion_gcs_dags_fhv.py
[2022-02-06 22:49:15,221] {processor.py:642} INFO - Processing file /opt/airflow/dags/data_ingestion_gcs_dags_fhv.py for tasks to queue
[2022-02-06 22:49:15,317] {logging_mixin.py:109} INFO - [2022-02-06 22:49:15,295] {dagbag.py:500} INFO - Filling up the DagBag from /opt/airflow/dags/data_ingestion_gcs_dags_fhv.py
[2022-02-06 22:49:45,631] {logging_mixin.py:109} INFO - [2022-02-06 22:49:45,334] {timeout.py:36} ERROR - Process timed out, PID: 3518
[2022-02-06 22:49:46,438] {logging_mixin.py:109} INFO - [2022-02-06 22:49:45,775] {dagbag.py:334} ERROR - Failed to import: /opt/airflow/dags/data_ingestion_gcs_dags_fhv.py
Traceback (most recent call last):
  File "/home/airflow/.local/lib/python3.7/site-packages/airflow/models/dagbag.py", line 331, in _load_modules_from_file
    loader.exec_module(new_module)
  File "<frozen importlib._bootstrap_external>", line 728, in exec_module
  File "<frozen importlib._bootstrap>", line 219, in _call_with_frames_removed
  File "/opt/airflow/dags/data_ingestion_gcs_dags_fhv.py", line 10, in <module>
    from airflow.providers.google.cloud.operators.bigquery import BigQueryCreateExternalTableOperator
  File "/home/airflow/.local/lib/python3.7/site-packages/airflow/providers/google/cloud/operators/bigquery.py", line 38, in <module>
    from airflow.providers.google.cloud.hooks.bigquery import BigQueryHook, BigQueryJob
  File "/home/airflow/.local/lib/python3.7/site-packages/airflow/providers/google/cloud/hooks/bigquery.py", line 33, in <module>
    from google.cloud.bigquery import (
  File "/home/airflow/.local/lib/python3.7/site-packages/google/cloud/bigquery/__init__.py", line 35, in <module>
    from google.cloud.bigquery.client import Client
  File "/home/airflow/.local/lib/python3.7/site-packages/google/cloud/bigquery/client.py", line 61, in <module>
    from google.cloud.bigquery_storage_v1.services.big_query_read.client import (
  File "/home/airflow/.local/lib/python3.7/site-packages/google/cloud/bigquery_storage_v1/__init__.py", line 25, in <module>
    from google.cloud.bigquery_storage_v1 import client
  File "/home/airflow/.local/lib/python3.7/site-packages/google/cloud/bigquery_storage_v1/client.py", line 26, in <module>
    from google.cloud.bigquery_storage_v1 import reader
  File "/home/airflow/.local/lib/python3.7/site-packages/google/cloud/bigquery_storage_v1/reader.py", line 28, in <module>
    import pandas
  File "/home/airflow/.local/lib/python3.7/site-packages/pandas/__init__.py", line 22, in <module>
    from pandas.compat import (
  File "/home/airflow/.local/lib/python3.7/site-packages/pandas/compat/__init__.py", line 15, in <module>
    from pandas.compat.numpy import (
  File "/home/airflow/.local/lib/python3.7/site-packages/pandas/compat/numpy/__init__.py", line 7, in <module>
    from pandas.util.version import Version
  File "/home/airflow/.local/lib/python3.7/site-packages/pandas/util/__init__.py", line 7, in <module>
    from pandas.core.util.hashing import (  # noqa
  File "/home/airflow/.local/lib/python3.7/site-packages/pandas/core/util/hashing.py", line 24, in <module>
    from pandas.core.dtypes.common import (
  File "/home/airflow/.local/lib/python3.7/site-packages/pandas/core/dtypes/common.py", line 27, in <module>
    from pandas.core.dtypes.dtypes import (
  File "/home/airflow/.local/lib/python3.7/site-packages/pandas/core/dtypes/dtypes.py", line 632, in <module>
    class DatetimeTZDtype(PandasExtensionDtype):
  File "/home/airflow/.local/lib/python3.7/site-packages/pandas/core/dtypes/dtypes.py", line 676, in DatetimeTZDtype
    _match = re.compile(r"(datetime64|M8)\[(?P<unit>.+), (?P<tz>.+)\]")
  File "/usr/local/lib/python3.7/re.py", line 236, in compile
    return _compile(pattern, flags)
  File "/usr/local/lib/python3.7/re.py", line 288, in _compile
    p = sre_compile.compile(pattern, flags)
  File "/usr/local/lib/python3.7/sre_compile.py", line 764, in compile
    p = sre_parse.parse(p, flags)
  File "/usr/local/lib/python3.7/sre_parse.py", line 924, in parse
    p = _parse_sub(source, pattern, flags & SRE_FLAG_VERBOSE, 0)
  File "/usr/local/lib/python3.7/sre_parse.py", line 420, in _parse_sub
    not nested and not items))
  File "/usr/local/lib/python3.7/sre_parse.py", line 810, in _parse
    p = _parse_sub(source, state, sub_verbose, nested + 1)
  File "/usr/local/lib/python3.7/sre_parse.py", line 420, in _parse_sub
    not nested and not items))
  File "/usr/local/lib/python3.7/sre_parse.py", line 828, in _parse
    for i in range(len(subpattern))[::-1]:
  File "/home/airflow/.local/lib/python3.7/site-packages/airflow/utils/timeout.py", line 37, in handle_timeout
    raise AirflowTaskTimeout(self.error_message)
airflow.exceptions.AirflowTaskTimeout: DagBag import timeout for /opt/airflow/dags/data_ingestion_gcs_dags_fhv.py after 30.0s.
Please take a look at these docs to improve your DAG import time:
* https://airflow.apache.org/docs/apache-airflow/2.2.3/best-practices.html#top-level-python-code
* https://airflow.apache.org/docs/apache-airflow/2.2.3/best-practices.html#reducing-dag-complexity, PID: 3518
[2022-02-06 22:49:52,558] {processor.py:656} WARNING - No viable dags retrieved from /opt/airflow/dags/data_ingestion_gcs_dags_fhv.py
[2022-02-06 22:49:54,443] {processor.py:171} INFO - Processing /opt/airflow/dags/data_ingestion_gcs_dags_fhv.py took 39.625 seconds
[2022-02-06 22:50:17,954] {processor.py:163} INFO - Started process (PID=3549) to work on /opt/airflow/dags/data_ingestion_gcs_dags_fhv.py
[2022-02-06 22:50:17,998] {processor.py:642} INFO - Processing file /opt/airflow/dags/data_ingestion_gcs_dags_fhv.py for tasks to queue
[2022-02-06 22:50:18,020] {logging_mixin.py:109} INFO - [2022-02-06 22:50:18,020] {dagbag.py:500} INFO - Filling up the DagBag from /opt/airflow/dags/data_ingestion_gcs_dags_fhv.py
[2022-02-06 22:50:51,746] {logging_mixin.py:109} INFO - [2022-02-06 22:50:50,596] {timeout.py:36} ERROR - Process timed out, PID: 3549
[2022-02-06 22:50:54,388] {logging_mixin.py:109} INFO - [2022-02-06 22:50:54,110] {dagbag.py:334} ERROR - Failed to import: /opt/airflow/dags/data_ingestion_gcs_dags_fhv.py
Traceback (most recent call last):
  File "/home/airflow/.local/lib/python3.7/site-packages/airflow/models/dagbag.py", line 331, in _load_modules_from_file
    loader.exec_module(new_module)
  File "<frozen importlib._bootstrap_external>", line 728, in exec_module
  File "<frozen importlib._bootstrap>", line 219, in _call_with_frames_removed
  File "/opt/airflow/dags/data_ingestion_gcs_dags_fhv.py", line 10, in <module>
    from airflow.providers.google.cloud.operators.bigquery import BigQueryCreateExternalTableOperator
  File "<frozen importlib._bootstrap>", line 983, in _find_and_load
  File "<frozen importlib._bootstrap>", line 967, in _find_and_load_unlocked
  File "<frozen importlib._bootstrap>", line 677, in _load_unlocked
  File "<frozen importlib._bootstrap_external>", line 724, in exec_module
  File "<frozen importlib._bootstrap_external>", line 857, in get_code
  File "<frozen importlib._bootstrap_external>", line 525, in _compile_bytecode
  File "/home/airflow/.local/lib/python3.7/site-packages/airflow/utils/timeout.py", line 37, in handle_timeout
    raise AirflowTaskTimeout(self.error_message)
airflow.exceptions.AirflowTaskTimeout: DagBag import timeout for /opt/airflow/dags/data_ingestion_gcs_dags_fhv.py after 30.0s.
Please take a look at these docs to improve your DAG import time:
* https://airflow.apache.org/docs/apache-airflow/2.2.3/best-practices.html#top-level-python-code
* https://airflow.apache.org/docs/apache-airflow/2.2.3/best-practices.html#reducing-dag-complexity, PID: 3549
[2022-02-06 22:50:58,351] {processor.py:656} WARNING - No viable dags retrieved from /opt/airflow/dags/data_ingestion_gcs_dags_fhv.py
[2022-02-06 22:50:59,596] {processor.py:171} INFO - Processing /opt/airflow/dags/data_ingestion_gcs_dags_fhv.py took 41.933 seconds
[2022-02-06 22:52:02,198] {processor.py:163} INFO - Started process (PID=3597) to work on /opt/airflow/dags/data_ingestion_gcs_dags_fhv.py
[2022-02-06 22:52:02,405] {processor.py:642} INFO - Processing file /opt/airflow/dags/data_ingestion_gcs_dags_fhv.py for tasks to queue
[2022-02-06 22:52:02,498] {logging_mixin.py:109} INFO - [2022-02-06 22:52:02,462] {dagbag.py:500} INFO - Filling up the DagBag from /opt/airflow/dags/data_ingestion_gcs_dags_fhv.py
[2022-02-06 22:52:32,955] {logging_mixin.py:109} INFO - [2022-02-06 22:52:32,954] {timeout.py:36} ERROR - Process timed out, PID: 3597
[2022-02-06 22:52:34,413] {logging_mixin.py:109} INFO - [2022-02-06 22:52:33,653] {dagbag.py:334} ERROR - Failed to import: /opt/airflow/dags/data_ingestion_gcs_dags_fhv.py
Traceback (most recent call last):
  File "/home/airflow/.local/lib/python3.7/site-packages/airflow/models/dagbag.py", line 331, in _load_modules_from_file
    loader.exec_module(new_module)
  File "<frozen importlib._bootstrap_external>", line 728, in exec_module
  File "<frozen importlib._bootstrap>", line 219, in _call_with_frames_removed
  File "/opt/airflow/dags/data_ingestion_gcs_dags_fhv.py", line 9, in <module>
    from google.cloud import storage
  File "/home/airflow/.local/lib/python3.7/site-packages/google/cloud/storage/__init__.py", line 35, in <module>
    from google.cloud.storage.batch import Batch
  File "/home/airflow/.local/lib/python3.7/site-packages/google/cloud/storage/batch.py", line 29, in <module>
    from google.cloud import _helpers
  File "/home/airflow/.local/lib/python3.7/site-packages/google/cloud/_helpers.py", line 33, in <module>
    from google.protobuf import duration_pb2
  File "/home/airflow/.local/lib/python3.7/site-packages/google/protobuf/duration_pb2.py", line 5, in <module>
    from google.protobuf import descriptor as _descriptor
  File "<frozen importlib._bootstrap>", line 983, in _find_and_load
  File "<frozen importlib._bootstrap>", line 967, in _find_and_load_unlocked
  File "<frozen importlib._bootstrap>", line 677, in _load_unlocked
  File "<frozen importlib._bootstrap_external>", line 724, in exec_module
  File "<frozen importlib._bootstrap_external>", line 857, in get_code
  File "<frozen importlib._bootstrap_external>", line 525, in _compile_bytecode
  File "/home/airflow/.local/lib/python3.7/site-packages/airflow/dag_processing/manager.py", line 496, in _exit_gracefully
    self.log.debug("Current Stacktrace is: %s", '\n'.join(map(str, inspect.stack())))
  File "/usr/local/lib/python3.7/inspect.py", line 1513, in stack
    return getouterframes(sys._getframe(1), context)
  File "/usr/local/lib/python3.7/inspect.py", line 1490, in getouterframes
    frameinfo = (frame,) + getframeinfo(frame, context)
  File "/usr/local/lib/python3.7/inspect.py", line 1464, in getframeinfo
    lines, lnum = findsource(frame)
  File "/usr/local/lib/python3.7/inspect.py", line 780, in findsource
    module = getmodule(object, file)
  File "/usr/local/lib/python3.7/inspect.py", line 739, in getmodule
    f = getabsfile(module)
  File "/usr/local/lib/python3.7/inspect.py", line 708, in getabsfile
    _filename = getsourcefile(object) or getfile(object)
  File "/usr/local/lib/python3.7/inspect.py", line 693, in getsourcefile
    if os.path.exists(filename):
  File "/usr/local/lib/python3.7/genericpath.py", line 19, in exists
    os.stat(path)
  File "/home/airflow/.local/lib/python3.7/site-packages/airflow/utils/timeout.py", line 37, in handle_timeout
    raise AirflowTaskTimeout(self.error_message)
airflow.exceptions.AirflowTaskTimeout: DagBag import timeout for /opt/airflow/dags/data_ingestion_gcs_dags_fhv.py after 30.0s.
Please take a look at these docs to improve your DAG import time:
* https://airflow.apache.org/docs/apache-airflow/2.2.3/best-practices.html#top-level-python-code
* https://airflow.apache.org/docs/apache-airflow/2.2.3/best-practices.html#reducing-dag-complexity, PID: 3597
[2022-02-06 22:52:39,701] {processor.py:656} WARNING - No viable dags retrieved from /opt/airflow/dags/data_ingestion_gcs_dags_fhv.py
[2022-02-06 22:52:41,276] {processor.py:171} INFO - Processing /opt/airflow/dags/data_ingestion_gcs_dags_fhv.py took 39.866 seconds
[2022-02-06 22:54:41,780] {processor.py:163} INFO - Started process (PID=3657) to work on /opt/airflow/dags/data_ingestion_gcs_dags_fhv.py
[2022-02-06 22:54:43,239] {processor.py:642} INFO - Processing file /opt/airflow/dags/data_ingestion_gcs_dags_fhv.py for tasks to queue
[2022-02-06 22:54:43,316] {logging_mixin.py:109} INFO - [2022-02-06 22:54:43,283] {dagbag.py:500} INFO - Filling up the DagBag from /opt/airflow/dags/data_ingestion_gcs_dags_fhv.py
[2022-02-06 22:54:49,302] {processor.py:656} WARNING - No viable dags retrieved from /opt/airflow/dags/data_ingestion_gcs_dags_fhv.py
[2022-02-06 22:54:50,335] {processor.py:171} INFO - Processing /opt/airflow/dags/data_ingestion_gcs_dags_fhv.py took 14.888 seconds
