[2022-02-06 22:08:38,790] {taskinstance.py:1032} INFO - Dependencies all met for <TaskInstance: data_ingestion_gcs_dag.local_to_gcs_task scheduled__2020-08-02T06:00:00+00:00 [queued]>
[2022-02-06 22:08:38,810] {taskinstance.py:1032} INFO - Dependencies all met for <TaskInstance: data_ingestion_gcs_dag.local_to_gcs_task scheduled__2020-08-02T06:00:00+00:00 [queued]>
[2022-02-06 22:08:38,813] {taskinstance.py:1238} INFO - 
--------------------------------------------------------------------------------
[2022-02-06 22:08:38,814] {taskinstance.py:1239} INFO - Starting attempt 2 of 3
[2022-02-06 22:08:38,816] {taskinstance.py:1240} INFO - 
--------------------------------------------------------------------------------
[2022-02-06 22:08:38,879] {taskinstance.py:1259} INFO - Executing <Task(PythonOperator): local_to_gcs_task> on 2020-08-02 06:00:00+00:00
[2022-02-06 22:08:38,927] {standard_task_runner.py:52} INFO - Started process 1826 to run task
[2022-02-06 22:08:38,961] {standard_task_runner.py:76} INFO - Running: ['***', 'tasks', 'run', 'data_ingestion_gcs_dag', 'local_to_gcs_task', 'scheduled__2020-08-02T06:00:00+00:00', '--job-id', '227', '--raw', '--subdir', 'DAGS_FOLDER/data_ingestion_gcs_dags_hw.py', '--cfg-path', '/tmp/tmplxjnlw3i', '--error-file', '/tmp/tmp3quusbzw']
[2022-02-06 22:08:38,973] {standard_task_runner.py:77} INFO - Job 227: Subtask local_to_gcs_task
[2022-02-06 22:08:39,469] {logging_mixin.py:109} INFO - Running <TaskInstance: data_ingestion_gcs_dag.local_to_gcs_task scheduled__2020-08-02T06:00:00+00:00 [running]> on host 6aa22590a839
[2022-02-06 22:08:39,646] {warnings.py:110} WARNING - /home/***/.local/lib/python3.7/site-packages/***/utils/context.py:152: AirflowContextDeprecationWarning: Accessing 'execution_date' from the template is deprecated and will be removed in a future version. Please use 'data_interval_start' or 'logical_date' instead.
  warnings.warn(_create_deprecation_warning(key, self._deprecation_replacements[key]))

[2022-02-06 22:08:39,704] {taskinstance.py:1426} INFO - Exporting the following env vars:
AIRFLOW_CTX_DAG_OWNER=***
AIRFLOW_CTX_DAG_ID=data_ingestion_gcs_dag
AIRFLOW_CTX_TASK_ID=local_to_gcs_task
AIRFLOW_CTX_EXECUTION_DATE=2020-08-02T06:00:00+00:00
AIRFLOW_CTX_DAG_RUN_ID=scheduled__2020-08-02T06:00:00+00:00
[2022-02-06 22:09:16,688] {python.py:175} INFO - Done. Returned value was: None
[2022-02-06 22:09:16,707] {taskinstance.py:1277} INFO - Marking task as SUCCESS. dag_id=data_ingestion_gcs_dag, task_id=local_to_gcs_task, execution_date=20200802T060000, start_date=20220206T220838, end_date=20220206T220916
[2022-02-06 22:09:16,853] {local_task_job.py:154} INFO - Task exited with return code 0
[2022-02-06 22:09:17,038] {local_task_job.py:264} INFO - 0 downstream tasks scheduled from follow-on schedule check
