[2022-02-06 11:02:20,279] {taskinstance.py:1032} INFO - Dependencies all met for <TaskInstance: data_ingestion_gcs_dag.download_dataset_task scheduled__2020-05-02T06:00:00+00:00 [queued]>
[2022-02-06 11:02:20,710] {taskinstance.py:1032} INFO - Dependencies all met for <TaskInstance: data_ingestion_gcs_dag.download_dataset_task scheduled__2020-05-02T06:00:00+00:00 [queued]>
[2022-02-06 11:02:20,747] {taskinstance.py:1238} INFO - 
--------------------------------------------------------------------------------
[2022-02-06 11:02:20,765] {taskinstance.py:1239} INFO - Starting attempt 1 of 2
[2022-02-06 11:02:20,772] {taskinstance.py:1240} INFO - 
--------------------------------------------------------------------------------
[2022-02-06 11:02:21,173] {taskinstance.py:1259} INFO - Executing <Task(BashOperator): download_dataset_task> on 2020-05-02 06:00:00+00:00
[2022-02-06 11:02:21,699] {standard_task_runner.py:52} INFO - Started process 2477 to run task
[2022-02-06 11:02:22,002] {standard_task_runner.py:76} INFO - Running: ['***', 'tasks', 'run', 'data_ingestion_gcs_dag', 'download_dataset_task', 'scheduled__2020-05-02T06:00:00+00:00', '--job-id', '131', '--raw', '--subdir', 'DAGS_FOLDER/data_ingestion_gcs_dags_hw.py', '--cfg-path', '/tmp/tmpc7ibddn2', '--error-file', '/tmp/tmpf4rpiml_']
[2022-02-06 11:02:22,050] {standard_task_runner.py:77} INFO - Job 131: Subtask download_dataset_task
[2022-02-06 11:02:24,739] {logging_mixin.py:109} INFO - Running <TaskInstance: data_ingestion_gcs_dag.download_dataset_task scheduled__2020-05-02T06:00:00+00:00 [running]> on host 6aa22590a839
[2022-02-06 11:02:26,077] {warnings.py:110} WARNING - /home/***/.local/lib/python3.7/site-packages/***/utils/context.py:152: AirflowContextDeprecationWarning: Accessing 'execution_date' from the template is deprecated and will be removed in a future version. Please use 'data_interval_start' or 'logical_date' instead.
  warnings.warn(_create_deprecation_warning(key, self._deprecation_replacements[key]))

[2022-02-06 11:02:26,437] {taskinstance.py:1426} INFO - Exporting the following env vars:
AIRFLOW_CTX_DAG_OWNER=***
AIRFLOW_CTX_DAG_ID=data_ingestion_gcs_dag
AIRFLOW_CTX_TASK_ID=download_dataset_task
AIRFLOW_CTX_EXECUTION_DATE=2020-05-02T06:00:00+00:00
AIRFLOW_CTX_DAG_RUN_ID=scheduled__2020-05-02T06:00:00+00:00
[2022-02-06 11:02:26,467] {subprocess.py:62} INFO - Tmp dir root location: 
 /tmp
[2022-02-06 11:02:26,555] {subprocess.py:74} INFO - Running command: ['bash', '-c', 'curl -sS https://s3.amazonaws.com/nyc-tlc/trip+data/yellow_tripdata_2020-05.csv > /opt/***/yellow_tripdata_2020-05.csv']
[2022-02-06 11:02:27,242] {subprocess.py:85} INFO - Output:
[2022-02-06 11:02:59,890] {taskinstance.py:1026} INFO - Dependencies not met for <TaskInstance: data_ingestion_gcs_dag.download_dataset_task scheduled__2020-05-02T06:00:00+00:00 [running]>, dependency 'Task Instance Not Running' FAILED: Task is in the running state
[2022-02-06 11:03:00,084] {taskinstance.py:1026} INFO - Dependencies not met for <TaskInstance: data_ingestion_gcs_dag.download_dataset_task scheduled__2020-05-02T06:00:00+00:00 [running]>, dependency 'Task Instance State' FAILED: Task is in the 'running' state.
[2022-02-06 11:03:00,784] {local_task_job.py:99} INFO - Task is not able to be run
[2022-02-06 11:03:11,080] {subprocess.py:93} INFO - Command exited with return code 0
[2022-02-06 11:03:17,376] {taskinstance.py:1277} INFO - Marking task as SUCCESS. dag_id=data_ingestion_gcs_dag, task_id=download_dataset_task, execution_date=20200502T060000, start_date=20220206T110220, end_date=20220206T110317
[2022-02-06 11:03:22,065] {local_task_job.py:154} INFO - Task exited with return code 0
[2022-02-06 11:03:30,435] {local_task_job.py:264} INFO - 1 downstream tasks scheduled from follow-on schedule check
