[2022-02-06 21:54:00,581] {taskinstance.py:1032} INFO - Dependencies all met for <TaskInstance: data_ingestion_gcs_dag.local_to_gcs_task scheduled__2020-03-02T06:00:00+00:00 [queued]>
[2022-02-06 21:54:00,622] {taskinstance.py:1032} INFO - Dependencies all met for <TaskInstance: data_ingestion_gcs_dag.local_to_gcs_task scheduled__2020-03-02T06:00:00+00:00 [queued]>
[2022-02-06 21:54:00,624] {taskinstance.py:1238} INFO - 
--------------------------------------------------------------------------------
[2022-02-06 21:54:00,626] {taskinstance.py:1239} INFO - Starting attempt 1 of 2
[2022-02-06 21:54:00,628] {taskinstance.py:1240} INFO - 
--------------------------------------------------------------------------------
[2022-02-06 21:54:00,704] {taskinstance.py:1259} INFO - Executing <Task(PythonOperator): local_to_gcs_task> on 2020-03-02 06:00:00+00:00
[2022-02-06 21:54:00,739] {standard_task_runner.py:52} INFO - Started process 1336 to run task
[2022-02-06 21:54:00,782] {standard_task_runner.py:76} INFO - Running: ['***', 'tasks', 'run', 'data_ingestion_gcs_dag', 'local_to_gcs_task', 'scheduled__2020-03-02T06:00:00+00:00', '--job-id', '208', '--raw', '--subdir', 'DAGS_FOLDER/data_ingestion_gcs_dags_hw.py', '--cfg-path', '/tmp/tmp6y89oodz', '--error-file', '/tmp/tmp75ot2pex']
[2022-02-06 21:54:00,789] {standard_task_runner.py:77} INFO - Job 208: Subtask local_to_gcs_task
[2022-02-06 21:54:00,963] {logging_mixin.py:109} INFO - Running <TaskInstance: data_ingestion_gcs_dag.local_to_gcs_task scheduled__2020-03-02T06:00:00+00:00 [running]> on host 6aa22590a839
[2022-02-06 21:54:01,640] {warnings.py:110} WARNING - /home/***/.local/lib/python3.7/site-packages/***/utils/context.py:152: AirflowContextDeprecationWarning: Accessing 'execution_date' from the template is deprecated and will be removed in a future version. Please use 'data_interval_start' or 'logical_date' instead.
  warnings.warn(_create_deprecation_warning(key, self._deprecation_replacements[key]))

[2022-02-06 21:54:01,769] {taskinstance.py:1426} INFO - Exporting the following env vars:
AIRFLOW_CTX_DAG_OWNER=***
AIRFLOW_CTX_DAG_ID=data_ingestion_gcs_dag
AIRFLOW_CTX_TASK_ID=local_to_gcs_task
AIRFLOW_CTX_EXECUTION_DATE=2020-03-02T06:00:00+00:00
AIRFLOW_CTX_DAG_RUN_ID=scheduled__2020-03-02T06:00:00+00:00
[2022-02-06 21:55:50,757] {python.py:175} INFO - Done. Returned value was: None
[2022-02-06 21:55:50,916] {taskinstance.py:1277} INFO - Marking task as SUCCESS. dag_id=data_ingestion_gcs_dag, task_id=local_to_gcs_task, execution_date=20200302T060000, start_date=20220206T215400, end_date=20220206T215550
[2022-02-06 21:55:51,242] {local_task_job.py:154} INFO - Task exited with return code 0
[2022-02-06 21:55:51,512] {local_task_job.py:264} INFO - 1 downstream tasks scheduled from follow-on schedule check
