[2022-02-06 17:13:50,876] {taskinstance.py:1032} INFO - Dependencies all met for <TaskInstance: data_ingestion_gcs_dag.local_to_gcs_task scheduled__2021-06-02T06:00:00+00:00 [queued]>
[2022-02-06 17:13:51,223] {taskinstance.py:1032} INFO - Dependencies all met for <TaskInstance: data_ingestion_gcs_dag.local_to_gcs_task scheduled__2021-06-02T06:00:00+00:00 [queued]>
[2022-02-06 17:13:51,227] {taskinstance.py:1238} INFO - 
--------------------------------------------------------------------------------
[2022-02-06 17:13:51,231] {taskinstance.py:1239} INFO - Starting attempt 1 of 2
[2022-02-06 17:13:51,237] {taskinstance.py:1240} INFO - 
--------------------------------------------------------------------------------
[2022-02-06 17:13:51,879] {taskinstance.py:1259} INFO - Executing <Task(PythonOperator): local_to_gcs_task> on 2021-06-02 06:00:00+00:00
[2022-02-06 17:13:52,780] {standard_task_runner.py:52} INFO - Started process 3742 to run task
[2022-02-06 17:13:53,438] {standard_task_runner.py:76} INFO - Running: ['***', 'tasks', 'run', 'data_ingestion_gcs_dag', 'local_to_gcs_task', 'scheduled__2021-06-02T06:00:00+00:00', '--job-id', '180', '--raw', '--subdir', 'DAGS_FOLDER/data_ingestion_gcs_dags_hw.py', '--cfg-path', '/tmp/tmp8380owge', '--error-file', '/tmp/tmplro54pk0']
[2022-02-06 17:13:53,562] {standard_task_runner.py:77} INFO - Job 180: Subtask local_to_gcs_task
[2022-02-06 17:13:56,232] {logging_mixin.py:109} INFO - Running <TaskInstance: data_ingestion_gcs_dag.local_to_gcs_task scheduled__2021-06-02T06:00:00+00:00 [running]> on host 6aa22590a839
[2022-02-06 17:13:56,995] {warnings.py:110} WARNING - /home/***/.local/lib/python3.7/site-packages/***/utils/context.py:152: AirflowContextDeprecationWarning: Accessing 'execution_date' from the template is deprecated and will be removed in a future version. Please use 'data_interval_start' or 'logical_date' instead.
  warnings.warn(_create_deprecation_warning(key, self._deprecation_replacements[key]))

[2022-02-06 17:13:57,171] {taskinstance.py:1426} INFO - Exporting the following env vars:
AIRFLOW_CTX_DAG_OWNER=***
AIRFLOW_CTX_DAG_ID=data_ingestion_gcs_dag
AIRFLOW_CTX_TASK_ID=local_to_gcs_task
AIRFLOW_CTX_EXECUTION_DATE=2021-06-02T06:00:00+00:00
AIRFLOW_CTX_DAG_RUN_ID=scheduled__2021-06-02T06:00:00+00:00
[2022-02-06 17:14:54,293] {python.py:175} INFO - Done. Returned value was: None
[2022-02-06 17:14:56,003] {taskinstance.py:1277} INFO - Marking task as SUCCESS. dag_id=data_ingestion_gcs_dag, task_id=local_to_gcs_task, execution_date=20210602T060000, start_date=20220206T171350, end_date=20220206T171455
[2022-02-06 17:14:58,066] {local_task_job.py:154} INFO - Task exited with return code 0
[2022-02-06 17:14:58,535] {local_task_job.py:264} INFO - 0 downstream tasks scheduled from follow-on schedule check
