[2022-01-31 22:08:34,332] {taskinstance.py:1032} INFO - Dependencies all met for <TaskInstance: data_ingestion_gcs_dag.bigquery_external_table_task manual__2022-01-30T22:02:17.156008+00:00 [queued]>
[2022-01-31 22:08:34,377] {taskinstance.py:1032} INFO - Dependencies all met for <TaskInstance: data_ingestion_gcs_dag.bigquery_external_table_task manual__2022-01-30T22:02:17.156008+00:00 [queued]>
[2022-01-31 22:08:34,401] {taskinstance.py:1238} INFO - 
--------------------------------------------------------------------------------
[2022-01-31 22:08:34,402] {taskinstance.py:1239} INFO - Starting attempt 1 of 2
[2022-01-31 22:08:34,406] {taskinstance.py:1240} INFO - 
--------------------------------------------------------------------------------
[2022-01-31 22:08:34,466] {taskinstance.py:1259} INFO - Executing <Task(BigQueryCreateExternalTableOperator): bigquery_external_table_task> on 2022-01-30 22:02:17.156008+00:00
[2022-01-31 22:08:34,545] {standard_task_runner.py:52} INFO - Started process 174 to run task
[2022-01-31 22:08:34,566] {standard_task_runner.py:76} INFO - Running: ['***', 'tasks', 'run', 'data_ingestion_gcs_dag', 'bigquery_external_table_task', 'manual__2022-01-30T22:02:17.156008+00:00', '--job-id', '80', '--raw', '--subdir', 'DAGS_FOLDER/data_ingestion_gcs_dags.py', '--cfg-path', '/tmp/tmp1q48t028', '--error-file', '/tmp/tmp4f7vj596']
[2022-01-31 22:08:34,573] {standard_task_runner.py:77} INFO - Job 80: Subtask bigquery_external_table_task
[2022-01-31 22:08:34,800] {logging_mixin.py:109} INFO - Running <TaskInstance: data_ingestion_gcs_dag.bigquery_external_table_task manual__2022-01-30T22:02:17.156008+00:00 [running]> on host 6aa22590a839
[2022-01-31 22:08:35,178] {taskinstance.py:1426} INFO - Exporting the following env vars:
AIRFLOW_CTX_DAG_OWNER=***
AIRFLOW_CTX_DAG_ID=data_ingestion_gcs_dag
AIRFLOW_CTX_TASK_ID=bigquery_external_table_task
AIRFLOW_CTX_EXECUTION_DATE=2022-01-30T22:02:17.156008+00:00
AIRFLOW_CTX_DAG_RUN_ID=manual__2022-01-30T22:02:17.156008+00:00
[2022-01-31 22:08:35,190] {crypto.py:82} WARNING - empty cryptography key - values will not be stored encrypted.
[2022-01-31 22:08:36,101] {taskinstance.py:1277} INFO - Marking task as SUCCESS. dag_id=data_ingestion_gcs_dag, task_id=bigquery_external_table_task, execution_date=20220130T220217, start_date=20220131T220834, end_date=20220131T220836
[2022-01-31 22:08:36,165] {local_task_job.py:154} INFO - Task exited with return code 0
[2022-01-31 22:08:36,220] {local_task_job.py:264} INFO - 0 downstream tasks scheduled from follow-on schedule check
