[2022-02-06 22:46:21,461] {taskinstance.py:1032} INFO - Dependencies all met for <TaskInstance: data_ingestion_gcs_dag_yellow.download_dataset_task manual__2022-02-06T22:46:12.353148+00:00 [queued]>
[2022-02-06 22:46:21,511] {taskinstance.py:1032} INFO - Dependencies all met for <TaskInstance: data_ingestion_gcs_dag_yellow.download_dataset_task manual__2022-02-06T22:46:12.353148+00:00 [queued]>
[2022-02-06 22:46:21,514] {taskinstance.py:1238} INFO - 
--------------------------------------------------------------------------------
[2022-02-06 22:46:21,516] {taskinstance.py:1239} INFO - Starting attempt 1 of 2
[2022-02-06 22:46:21,517] {taskinstance.py:1240} INFO - 
--------------------------------------------------------------------------------
[2022-02-06 22:46:21,550] {taskinstance.py:1259} INFO - Executing <Task(BashOperator): download_dataset_task> on 2022-02-06 22:46:12.353148+00:00
[2022-02-06 22:46:21,589] {standard_task_runner.py:52} INFO - Started process 3368 to run task
[2022-02-06 22:46:21,613] {standard_task_runner.py:76} INFO - Running: ['***', 'tasks', 'run', 'data_ingestion_gcs_dag_yellow', 'download_dataset_task', 'manual__2022-02-06T22:46:12.353148+00:00', '--job-id', '246', '--raw', '--subdir', 'DAGS_FOLDER/data_ingestion_gcs_dags_yellowfull.py', '--cfg-path', '/tmp/tmpqjsenhlk', '--error-file', '/tmp/tmp4kj425nb']
[2022-02-06 22:46:21,617] {standard_task_runner.py:77} INFO - Job 246: Subtask download_dataset_task
[2022-02-06 22:46:22,832] {logging_mixin.py:109} INFO - Running <TaskInstance: data_ingestion_gcs_dag_yellow.download_dataset_task manual__2022-02-06T22:46:12.353148+00:00 [running]> on host 6aa22590a839
[2022-02-06 22:46:23,184] {warnings.py:110} WARNING - /home/***/.local/lib/python3.7/site-packages/***/utils/context.py:152: AirflowContextDeprecationWarning: Accessing 'execution_date' from the template is deprecated and will be removed in a future version. Please use 'data_interval_start' or 'logical_date' instead.
  warnings.warn(_create_deprecation_warning(key, self._deprecation_replacements[key]))

[2022-02-06 22:46:23,387] {taskinstance.py:1426} INFO - Exporting the following env vars:
AIRFLOW_CTX_DAG_OWNER=***
AIRFLOW_CTX_DAG_ID=data_ingestion_gcs_dag_yellow
AIRFLOW_CTX_TASK_ID=download_dataset_task
AIRFLOW_CTX_EXECUTION_DATE=2022-02-06T22:46:12.353148+00:00
AIRFLOW_CTX_DAG_RUN_ID=manual__2022-02-06T22:46:12.353148+00:00
[2022-02-06 22:46:23,391] {subprocess.py:62} INFO - Tmp dir root location: 
 /tmp
[2022-02-06 22:46:23,408] {subprocess.py:74} INFO - Running command: ['bash', '-c', 'curl -sS https://s3.amazonaws.com/nyc-tlc/trip+data/yellow_tripdata_2022-02.csv > /opt/***/yellow_tripdata_2022-02.csv']
[2022-02-06 22:46:23,499] {subprocess.py:85} INFO - Output:
[2022-02-06 22:46:24,405] {subprocess.py:93} INFO - Command exited with return code 0
[2022-02-06 22:46:24,891] {taskinstance.py:1277} INFO - Marking task as SUCCESS. dag_id=data_ingestion_gcs_dag_yellow, task_id=download_dataset_task, execution_date=20220206T224612, start_date=20220206T224621, end_date=20220206T224624
[2022-02-06 22:46:25,170] {local_task_job.py:154} INFO - Task exited with return code 0
[2022-02-06 22:46:25,458] {local_task_job.py:264} INFO - 1 downstream tasks scheduled from follow-on schedule check
