[2022-02-06 22:11:41,894] {taskinstance.py:1032} INFO - Dependencies all met for <TaskInstance: data_ingestion_gcs_dag.bigquery_external_table_task scheduled__2021-08-02T06:00:00+00:00 [queued]>
[2022-02-06 22:11:41,927] {taskinstance.py:1032} INFO - Dependencies all met for <TaskInstance: data_ingestion_gcs_dag.bigquery_external_table_task scheduled__2021-08-02T06:00:00+00:00 [queued]>
[2022-02-06 22:11:41,928] {taskinstance.py:1238} INFO - 
--------------------------------------------------------------------------------
[2022-02-06 22:11:41,930] {taskinstance.py:1239} INFO - Starting attempt 1 of 2
[2022-02-06 22:11:41,931] {taskinstance.py:1240} INFO - 
--------------------------------------------------------------------------------
[2022-02-06 22:11:41,959] {taskinstance.py:1259} INFO - Executing <Task(BigQueryCreateExternalTableOperator): bigquery_external_table_task> on 2021-08-02 06:00:00+00:00
[2022-02-06 22:11:41,975] {standard_task_runner.py:52} INFO - Started process 1969 to run task
[2022-02-06 22:11:41,989] {standard_task_runner.py:76} INFO - Running: ['***', 'tasks', 'run', 'data_ingestion_gcs_dag', 'bigquery_external_table_task', 'scheduled__2021-08-02T06:00:00+00:00', '--job-id', '240', '--raw', '--subdir', 'DAGS_FOLDER/data_ingestion_gcs_dags_hw.py', '--cfg-path', '/tmp/tmp6_si932p', '--error-file', '/tmp/tmppbpexoie']
[2022-02-06 22:11:41,991] {standard_task_runner.py:77} INFO - Job 240: Subtask bigquery_external_table_task
[2022-02-06 22:11:42,094] {logging_mixin.py:109} INFO - Running <TaskInstance: data_ingestion_gcs_dag.bigquery_external_table_task scheduled__2021-08-02T06:00:00+00:00 [running]> on host 6aa22590a839
[2022-02-06 22:11:42,247] {warnings.py:110} WARNING - /home/***/.local/lib/python3.7/site-packages/***/utils/context.py:152: AirflowContextDeprecationWarning: Accessing 'execution_date' from the template is deprecated and will be removed in a future version. Please use 'data_interval_start' or 'logical_date' instead.
  warnings.warn(_create_deprecation_warning(key, self._deprecation_replacements[key]))

[2022-02-06 22:11:42,327] {taskinstance.py:1426} INFO - Exporting the following env vars:
AIRFLOW_CTX_DAG_OWNER=***
AIRFLOW_CTX_DAG_ID=data_ingestion_gcs_dag
AIRFLOW_CTX_TASK_ID=bigquery_external_table_task
AIRFLOW_CTX_EXECUTION_DATE=2021-08-02T06:00:00+00:00
AIRFLOW_CTX_DAG_RUN_ID=scheduled__2021-08-02T06:00:00+00:00
[2022-02-06 22:11:42,337] {crypto.py:82} WARNING - empty cryptography key - values will not be stored encrypted.
[2022-02-06 22:11:44,232] {taskinstance.py:1277} INFO - Marking task as SUCCESS. dag_id=data_ingestion_gcs_dag, task_id=bigquery_external_table_task, execution_date=20210802T060000, start_date=20220206T221141, end_date=20220206T221144
[2022-02-06 22:11:44,901] {local_task_job.py:154} INFO - Task exited with return code 0
[2022-02-06 22:11:46,165] {local_task_job.py:264} INFO - 0 downstream tasks scheduled from follow-on schedule check
