[2022-02-06 21:50:11,034] {taskinstance.py:1032} INFO - Dependencies all met for <TaskInstance: data_ingestion_gcs_dag.download_dataset_task scheduled__2020-02-02T06:00:00+00:00 [queued]>
[2022-02-06 21:50:11,081] {taskinstance.py:1032} INFO - Dependencies all met for <TaskInstance: data_ingestion_gcs_dag.download_dataset_task scheduled__2020-02-02T06:00:00+00:00 [queued]>
[2022-02-06 21:50:11,085] {taskinstance.py:1238} INFO - 
--------------------------------------------------------------------------------
[2022-02-06 21:50:11,089] {taskinstance.py:1239} INFO - Starting attempt 3 of 4
[2022-02-06 21:50:11,097] {taskinstance.py:1240} INFO - 
--------------------------------------------------------------------------------
[2022-02-06 21:50:11,144] {taskinstance.py:1259} INFO - Executing <Task(BashOperator): download_dataset_task> on 2020-02-02 06:00:00+00:00
[2022-02-06 21:50:11,275] {standard_task_runner.py:52} INFO - Started process 1198 to run task
[2022-02-06 21:50:11,288] {standard_task_runner.py:76} INFO - Running: ['***', 'tasks', 'run', 'data_ingestion_gcs_dag', 'download_dataset_task', 'scheduled__2020-02-02T06:00:00+00:00', '--job-id', '205', '--raw', '--subdir', 'DAGS_FOLDER/data_ingestion_gcs_dags_hw.py', '--cfg-path', '/tmp/tmppr0csxzg', '--error-file', '/tmp/tmp3onipnmj']
[2022-02-06 21:50:11,320] {standard_task_runner.py:77} INFO - Job 205: Subtask download_dataset_task
[2022-02-06 21:50:12,226] {logging_mixin.py:109} INFO - Running <TaskInstance: data_ingestion_gcs_dag.download_dataset_task scheduled__2020-02-02T06:00:00+00:00 [running]> on host 6aa22590a839
[2022-02-06 21:50:12,368] {warnings.py:110} WARNING - /home/***/.local/lib/python3.7/site-packages/***/utils/context.py:152: AirflowContextDeprecationWarning: Accessing 'execution_date' from the template is deprecated and will be removed in a future version. Please use 'data_interval_start' or 'logical_date' instead.
  warnings.warn(_create_deprecation_warning(key, self._deprecation_replacements[key]))

[2022-02-06 21:50:12,414] {taskinstance.py:1426} INFO - Exporting the following env vars:
AIRFLOW_CTX_DAG_OWNER=***
AIRFLOW_CTX_DAG_ID=data_ingestion_gcs_dag
AIRFLOW_CTX_TASK_ID=download_dataset_task
AIRFLOW_CTX_EXECUTION_DATE=2020-02-02T06:00:00+00:00
AIRFLOW_CTX_DAG_RUN_ID=scheduled__2020-02-02T06:00:00+00:00
[2022-02-06 21:50:12,419] {subprocess.py:62} INFO - Tmp dir root location: 
 /tmp
[2022-02-06 21:50:12,421] {subprocess.py:74} INFO - Running command: ['bash', '-c', 'curl -sS https://s3.amazonaws.com/nyc-tlc/trip+data/yellow_tripdata_2020-02.csv > /opt/***/yellow_tripdata_2020-02.csv']
[2022-02-06 21:50:12,493] {subprocess.py:85} INFO - Output:
[2022-02-06 21:55:41,137] {subprocess.py:93} INFO - Command exited with return code 0
[2022-02-06 21:55:41,489] {taskinstance.py:1277} INFO - Marking task as SUCCESS. dag_id=data_ingestion_gcs_dag, task_id=download_dataset_task, execution_date=20200202T060000, start_date=20220206T215011, end_date=20220206T215541
[2022-02-06 21:55:41,684] {local_task_job.py:154} INFO - Task exited with return code 0
[2022-02-06 21:55:41,769] {local_task_job.py:264} INFO - 1 downstream tasks scheduled from follow-on schedule check
