[2022-01-27 15:37:40,712] {taskinstance.py:1032} INFO - Dependencies all met for <TaskInstance: data_ingestion_gcs_dag.download_dataset_task manual__2022-01-27T15:37:38.039699+00:00 [queued]>
[2022-01-27 15:37:40,736] {taskinstance.py:1032} INFO - Dependencies all met for <TaskInstance: data_ingestion_gcs_dag.download_dataset_task manual__2022-01-27T15:37:38.039699+00:00 [queued]>
[2022-01-27 15:37:40,738] {taskinstance.py:1238} INFO - 
--------------------------------------------------------------------------------
[2022-01-27 15:37:40,739] {taskinstance.py:1239} INFO - Starting attempt 1 of 2
[2022-01-27 15:37:40,740] {taskinstance.py:1240} INFO - 
--------------------------------------------------------------------------------
[2022-01-27 15:37:40,759] {taskinstance.py:1259} INFO - Executing <Task(BashOperator): download_dataset_task> on 2022-01-27 15:37:38.039699+00:00
[2022-01-27 15:37:40,767] {standard_task_runner.py:52} INFO - Started process 1211 to run task
[2022-01-27 15:37:40,776] {standard_task_runner.py:76} INFO - Running: ['***', 'tasks', 'run', 'data_ingestion_gcs_dag', 'download_dataset_task', 'manual__2022-01-27T15:37:38.039699+00:00', '--job-id', '16', '--raw', '--subdir', 'DAGS_FOLDER/data_ingestion_gcs_dags.py', '--cfg-path', '/tmp/tmpw84hck8e', '--error-file', '/tmp/tmp8g3idk5o']
[2022-01-27 15:37:40,778] {standard_task_runner.py:77} INFO - Job 16: Subtask download_dataset_task
[2022-01-27 15:37:40,842] {logging_mixin.py:109} INFO - Running <TaskInstance: data_ingestion_gcs_dag.download_dataset_task manual__2022-01-27T15:37:38.039699+00:00 [running]> on host 6aa22590a839
[2022-01-27 15:37:40,905] {taskinstance.py:1426} INFO - Exporting the following env vars:
AIRFLOW_CTX_DAG_OWNER=***
AIRFLOW_CTX_DAG_ID=data_ingestion_gcs_dag
AIRFLOW_CTX_TASK_ID=download_dataset_task
AIRFLOW_CTX_EXECUTION_DATE=2022-01-27T15:37:38.039699+00:00
AIRFLOW_CTX_DAG_RUN_ID=manual__2022-01-27T15:37:38.039699+00:00
[2022-01-27 15:37:40,907] {subprocess.py:62} INFO - Tmp dir root location: 
 /tmp
[2022-01-27 15:37:40,908] {subprocess.py:74} INFO - Running command: ['bash', '-c', 'curl -sS https://s3.amazonaws.com/nyc-tlc/trip+data/yellow_tripdata_2021-01.csv > /opt/***/yellow_tripdata_2021-01.csv']
[2022-01-27 15:37:40,936] {subprocess.py:85} INFO - Output:
[2022-01-27 15:38:47,896] {subprocess.py:93} INFO - Command exited with return code 0
[2022-01-27 15:38:48,006] {taskinstance.py:1277} INFO - Marking task as SUCCESS. dag_id=data_ingestion_gcs_dag, task_id=download_dataset_task, execution_date=20220127T153738, start_date=20220127T153740, end_date=20220127T153848
[2022-01-27 15:38:48,127] {local_task_job.py:154} INFO - Task exited with return code 0
[2022-01-27 15:38:48,228] {local_task_job.py:264} INFO - 1 downstream tasks scheduled from follow-on schedule check
