[2022-02-06 15:04:17,536] {taskinstance.py:1032} INFO - Dependencies all met for <TaskInstance: data_ingestion_gcs_dag.download_dataset_task scheduled__2019-03-02T06:00:00+00:00 [queued]>
[2022-02-06 15:04:17,552] {taskinstance.py:1032} INFO - Dependencies all met for <TaskInstance: data_ingestion_gcs_dag.download_dataset_task scheduled__2019-03-02T06:00:00+00:00 [queued]>
[2022-02-06 15:04:17,553] {taskinstance.py:1238} INFO - 
--------------------------------------------------------------------------------
[2022-02-06 15:04:17,554] {taskinstance.py:1239} INFO - Starting attempt 3 of 4
[2022-02-06 15:04:17,555] {taskinstance.py:1240} INFO - 
--------------------------------------------------------------------------------
[2022-02-06 15:04:17,575] {taskinstance.py:1259} INFO - Executing <Task(BashOperator): download_dataset_task> on 2019-03-02 06:00:00+00:00
[2022-02-06 15:04:17,584] {standard_task_runner.py:52} INFO - Started process 2979 to run task
[2022-02-06 15:04:17,603] {standard_task_runner.py:76} INFO - Running: ['***', 'tasks', 'run', 'data_ingestion_gcs_dag', 'download_dataset_task', 'scheduled__2019-03-02T06:00:00+00:00', '--job-id', '153', '--raw', '--subdir', 'DAGS_FOLDER/data_ingestion_gcs_dags_hw.py', '--cfg-path', '/tmp/tmpxruw2has', '--error-file', '/tmp/tmpqcrdn1s4']
[2022-02-06 15:04:17,611] {standard_task_runner.py:77} INFO - Job 153: Subtask download_dataset_task
[2022-02-06 15:04:17,736] {logging_mixin.py:109} INFO - Running <TaskInstance: data_ingestion_gcs_dag.download_dataset_task scheduled__2019-03-02T06:00:00+00:00 [running]> on host 6aa22590a839
[2022-02-06 15:04:17,816] {warnings.py:110} WARNING - /home/***/.local/lib/python3.7/site-packages/***/utils/context.py:152: AirflowContextDeprecationWarning: Accessing 'execution_date' from the template is deprecated and will be removed in a future version. Please use 'data_interval_start' or 'logical_date' instead.
  warnings.warn(_create_deprecation_warning(key, self._deprecation_replacements[key]))

[2022-02-06 15:04:17,853] {taskinstance.py:1426} INFO - Exporting the following env vars:
AIRFLOW_CTX_DAG_OWNER=***
AIRFLOW_CTX_DAG_ID=data_ingestion_gcs_dag
AIRFLOW_CTX_TASK_ID=download_dataset_task
AIRFLOW_CTX_EXECUTION_DATE=2019-03-02T06:00:00+00:00
AIRFLOW_CTX_DAG_RUN_ID=scheduled__2019-03-02T06:00:00+00:00
[2022-02-06 15:04:17,857] {subprocess.py:62} INFO - Tmp dir root location: 
 /tmp
[2022-02-06 15:04:17,865] {subprocess.py:74} INFO - Running command: ['bash', '-c', 'curl -sS https://s3.amazonaws.com/nyc-tlc/trip+data/yellow_tripdata_2019-03.csv > /opt/***/yellow_tripdata_2019-03.csv']
[2022-02-06 15:04:17,925] {subprocess.py:85} INFO - Output:
[2022-02-06 15:09:06,289] {subprocess.py:93} INFO - Command exited with return code 0
[2022-02-06 15:09:06,551] {taskinstance.py:1277} INFO - Marking task as SUCCESS. dag_id=data_ingestion_gcs_dag, task_id=download_dataset_task, execution_date=20190302T060000, start_date=20220206T150417, end_date=20220206T150906
[2022-02-06 15:09:06,634] {local_task_job.py:154} INFO - Task exited with return code 0
[2022-02-06 15:09:06,701] {local_task_job.py:264} INFO - 1 downstream tasks scheduled from follow-on schedule check
