[2022-02-06 19:12:18,693] {taskinstance.py:1032} INFO - Dependencies all met for <TaskInstance: data_ingestion_gcs_dag.bigquery_external_table_task scheduled__2022-01-02T06:00:00+00:00 [queued]>
[2022-02-06 19:12:18,716] {taskinstance.py:1032} INFO - Dependencies all met for <TaskInstance: data_ingestion_gcs_dag.bigquery_external_table_task scheduled__2022-01-02T06:00:00+00:00 [queued]>
[2022-02-06 19:12:18,717] {taskinstance.py:1238} INFO - 
--------------------------------------------------------------------------------
[2022-02-06 19:12:18,719] {taskinstance.py:1239} INFO - Starting attempt 1 of 2
[2022-02-06 19:12:18,720] {taskinstance.py:1240} INFO - 
--------------------------------------------------------------------------------
[2022-02-06 19:12:18,741] {taskinstance.py:1259} INFO - Executing <Task(BigQueryCreateExternalTableOperator): bigquery_external_table_task> on 2022-01-02 06:00:00+00:00
[2022-02-06 19:12:18,755] {standard_task_runner.py:52} INFO - Started process 430 to run task
[2022-02-06 19:12:18,765] {standard_task_runner.py:76} INFO - Running: ['***', 'tasks', 'run', 'data_ingestion_gcs_dag', 'bigquery_external_table_task', 'scheduled__2022-01-02T06:00:00+00:00', '--job-id', '204', '--raw', '--subdir', 'DAGS_FOLDER/data_ingestion_gcs_dags_hw.py', '--cfg-path', '/tmp/tmp0mpqm8kc', '--error-file', '/tmp/tmpane9e_32']
[2022-02-06 19:12:18,771] {standard_task_runner.py:77} INFO - Job 204: Subtask bigquery_external_table_task
[2022-02-06 19:12:18,873] {logging_mixin.py:109} INFO - Running <TaskInstance: data_ingestion_gcs_dag.bigquery_external_table_task scheduled__2022-01-02T06:00:00+00:00 [running]> on host 6aa22590a839
[2022-02-06 19:12:18,951] {warnings.py:110} WARNING - /home/***/.local/lib/python3.7/site-packages/***/utils/context.py:152: AirflowContextDeprecationWarning: Accessing 'execution_date' from the template is deprecated and will be removed in a future version. Please use 'data_interval_start' or 'logical_date' instead.
  warnings.warn(_create_deprecation_warning(key, self._deprecation_replacements[key]))

[2022-02-06 19:12:18,979] {taskinstance.py:1426} INFO - Exporting the following env vars:
AIRFLOW_CTX_DAG_OWNER=***
AIRFLOW_CTX_DAG_ID=data_ingestion_gcs_dag
AIRFLOW_CTX_TASK_ID=bigquery_external_table_task
AIRFLOW_CTX_EXECUTION_DATE=2022-01-02T06:00:00+00:00
AIRFLOW_CTX_DAG_RUN_ID=scheduled__2022-01-02T06:00:00+00:00
[2022-02-06 19:12:18,984] {crypto.py:82} WARNING - empty cryptography key - values will not be stored encrypted.
[2022-02-06 19:12:19,832] {taskinstance.py:1277} INFO - Marking task as SUCCESS. dag_id=data_ingestion_gcs_dag, task_id=bigquery_external_table_task, execution_date=20220102T060000, start_date=20220206T191218, end_date=20220206T191219
[2022-02-06 19:12:19,922] {local_task_job.py:154} INFO - Task exited with return code 0
[2022-02-06 19:12:20,022] {local_task_job.py:264} INFO - 0 downstream tasks scheduled from follow-on schedule check
