[2022-01-31 22:08:06,535] {taskinstance.py:1032} INFO - Dependencies all met for <TaskInstance: data_ingestion_gcs_dag.local_to_gcs_task manual__2022-01-30T22:02:17.156008+00:00 [queued]>
[2022-01-31 22:08:06,564] {taskinstance.py:1032} INFO - Dependencies all met for <TaskInstance: data_ingestion_gcs_dag.local_to_gcs_task manual__2022-01-30T22:02:17.156008+00:00 [queued]>
[2022-01-31 22:08:06,566] {taskinstance.py:1238} INFO - 
--------------------------------------------------------------------------------
[2022-01-31 22:08:06,569] {taskinstance.py:1239} INFO - Starting attempt 2 of 2
[2022-01-31 22:08:06,571] {taskinstance.py:1240} INFO - 
--------------------------------------------------------------------------------
[2022-01-31 22:08:06,596] {taskinstance.py:1259} INFO - Executing <Task(PythonOperator): local_to_gcs_task> on 2022-01-30 22:02:17.156008+00:00
[2022-01-31 22:08:06,610] {standard_task_runner.py:52} INFO - Started process 153 to run task
[2022-01-31 22:08:06,650] {standard_task_runner.py:76} INFO - Running: ['***', 'tasks', 'run', 'data_ingestion_gcs_dag', 'local_to_gcs_task', 'manual__2022-01-30T22:02:17.156008+00:00', '--job-id', '79', '--raw', '--subdir', 'DAGS_FOLDER/data_ingestion_gcs_dags.py', '--cfg-path', '/tmp/tmpwll9m_b2', '--error-file', '/tmp/tmpjcymyld2']
[2022-01-31 22:08:06,652] {standard_task_runner.py:77} INFO - Job 79: Subtask local_to_gcs_task
[2022-01-31 22:08:06,784] {logging_mixin.py:109} INFO - Running <TaskInstance: data_ingestion_gcs_dag.local_to_gcs_task manual__2022-01-30T22:02:17.156008+00:00 [running]> on host 6aa22590a839
[2022-01-31 22:08:06,887] {taskinstance.py:1426} INFO - Exporting the following env vars:
AIRFLOW_CTX_DAG_OWNER=***
AIRFLOW_CTX_DAG_ID=data_ingestion_gcs_dag
AIRFLOW_CTX_TASK_ID=local_to_gcs_task
AIRFLOW_CTX_EXECUTION_DATE=2022-01-30T22:02:17.156008+00:00
AIRFLOW_CTX_DAG_RUN_ID=manual__2022-01-30T22:02:17.156008+00:00
[2022-01-31 22:08:26,781] {python.py:175} INFO - Done. Returned value was: None
[2022-01-31 22:08:26,816] {taskinstance.py:1277} INFO - Marking task as SUCCESS. dag_id=data_ingestion_gcs_dag, task_id=local_to_gcs_task, execution_date=20220130T220217, start_date=20220131T220806, end_date=20220131T220826
[2022-01-31 22:08:26,941] {local_task_job.py:154} INFO - Task exited with return code 0
[2022-01-31 22:08:27,003] {local_task_job.py:264} INFO - 1 downstream tasks scheduled from follow-on schedule check
