[2022-02-07 14:35:40,953] {processor.py:163} INFO - Started process (PID=67) to work on /opt/airflow/dags/data_ingestion_gcs_dags_zone.py
[2022-02-07 14:35:40,985] {processor.py:642} INFO - Processing file /opt/airflow/dags/data_ingestion_gcs_dags_zone.py for tasks to queue
[2022-02-07 14:35:41,007] {logging_mixin.py:109} INFO - [2022-02-07 14:35:41,007] {dagbag.py:500} INFO - Filling up the DagBag from /opt/airflow/dags/data_ingestion_gcs_dags_zone.py
[2022-02-07 14:35:46,979] {processor.py:654} INFO - DAG(s) dict_keys(['data_ingestion_gcs_dag_zone']) retrieved from /opt/airflow/dags/data_ingestion_gcs_dags_zone.py
[2022-02-07 14:35:50,942] {logging_mixin.py:109} INFO - [2022-02-07 14:35:50,942] {manager.py:496} INFO - Created Permission View: can edit on DAG:data_ingestion_gcs_dag_zone
[2022-02-07 14:35:50,974] {logging_mixin.py:109} INFO - [2022-02-07 14:35:50,973] {manager.py:496} INFO - Created Permission View: can read on DAG:data_ingestion_gcs_dag_zone
[2022-02-07 14:35:50,986] {logging_mixin.py:109} INFO - [2022-02-07 14:35:50,986] {dag.py:2396} INFO - Sync 1 DAGs
[2022-02-07 14:35:51,009] {logging_mixin.py:109} INFO - [2022-02-07 14:35:51,009] {dag.py:2415} INFO - Creating ORM DAG for data_ingestion_gcs_dag_zone
[2022-02-07 14:35:51,047] {logging_mixin.py:109} INFO - [2022-02-07 14:35:51,046] {dag.py:2935} INFO - Setting next_dagrun for data_ingestion_gcs_dag_zone to 2022-02-06T00:00:00+00:00
[2022-02-07 14:35:51,118] {processor.py:171} INFO - Processing /opt/airflow/dags/data_ingestion_gcs_dags_zone.py took 10.598 seconds
[2022-02-07 14:36:23,477] {processor.py:163} INFO - Started process (PID=92) to work on /opt/airflow/dags/data_ingestion_gcs_dags_zone.py
[2022-02-07 14:36:23,483] {processor.py:642} INFO - Processing file /opt/airflow/dags/data_ingestion_gcs_dags_zone.py for tasks to queue
[2022-02-07 14:36:23,489] {logging_mixin.py:109} INFO - [2022-02-07 14:36:23,489] {dagbag.py:500} INFO - Filling up the DagBag from /opt/airflow/dags/data_ingestion_gcs_dags_zone.py
[2022-02-07 14:36:26,264] {processor.py:654} INFO - DAG(s) dict_keys(['data_ingestion_gcs_dag_zone']) retrieved from /opt/airflow/dags/data_ingestion_gcs_dags_zone.py
[2022-02-07 14:36:26,285] {logging_mixin.py:109} INFO - [2022-02-07 14:36:26,285] {dag.py:2396} INFO - Sync 1 DAGs
[2022-02-07 14:36:26,311] {logging_mixin.py:109} INFO - [2022-02-07 14:36:26,311] {dag.py:2935} INFO - Setting next_dagrun for data_ingestion_gcs_dag_zone to 2022-02-06T00:00:00+00:00
[2022-02-07 14:36:26,329] {processor.py:171} INFO - Processing /opt/airflow/dags/data_ingestion_gcs_dags_zone.py took 2.872 seconds
[2022-02-07 14:36:57,061] {processor.py:163} INFO - Started process (PID=117) to work on /opt/airflow/dags/data_ingestion_gcs_dags_zone.py
[2022-02-07 14:36:57,066] {processor.py:642} INFO - Processing file /opt/airflow/dags/data_ingestion_gcs_dags_zone.py for tasks to queue
[2022-02-07 14:36:57,069] {logging_mixin.py:109} INFO - [2022-02-07 14:36:57,069] {dagbag.py:500} INFO - Filling up the DagBag from /opt/airflow/dags/data_ingestion_gcs_dags_zone.py
[2022-02-07 14:37:00,975] {processor.py:654} INFO - DAG(s) dict_keys(['data_ingestion_gcs_dag_zone']) retrieved from /opt/airflow/dags/data_ingestion_gcs_dags_zone.py
[2022-02-07 14:37:00,989] {logging_mixin.py:109} INFO - [2022-02-07 14:37:00,989] {dag.py:2396} INFO - Sync 1 DAGs
[2022-02-07 14:37:01,005] {logging_mixin.py:109} INFO - [2022-02-07 14:37:01,005] {dag.py:2935} INFO - Setting next_dagrun for data_ingestion_gcs_dag_zone to 2022-02-06T00:00:00+00:00
[2022-02-07 14:37:01,019] {processor.py:171} INFO - Processing /opt/airflow/dags/data_ingestion_gcs_dags_zone.py took 3.967 seconds
[2022-02-07 14:37:31,394] {processor.py:163} INFO - Started process (PID=145) to work on /opt/airflow/dags/data_ingestion_gcs_dags_zone.py
[2022-02-07 14:37:31,402] {processor.py:642} INFO - Processing file /opt/airflow/dags/data_ingestion_gcs_dags_zone.py for tasks to queue
[2022-02-07 14:37:31,404] {logging_mixin.py:109} INFO - [2022-02-07 14:37:31,404] {dagbag.py:500} INFO - Filling up the DagBag from /opt/airflow/dags/data_ingestion_gcs_dags_zone.py
[2022-02-07 14:37:32,490] {processor.py:654} INFO - DAG(s) dict_keys(['data_ingestion_gcs_dag_zone']) retrieved from /opt/airflow/dags/data_ingestion_gcs_dags_zone.py
[2022-02-07 14:37:32,501] {logging_mixin.py:109} INFO - [2022-02-07 14:37:32,501] {dag.py:2396} INFO - Sync 1 DAGs
[2022-02-07 14:37:32,515] {logging_mixin.py:109} INFO - [2022-02-07 14:37:32,515] {dag.py:2935} INFO - Setting next_dagrun for data_ingestion_gcs_dag_zone to 2022-02-06T00:00:00+00:00
[2022-02-07 14:37:32,524] {processor.py:171} INFO - Processing /opt/airflow/dags/data_ingestion_gcs_dags_zone.py took 1.136 seconds
[2022-02-07 14:38:04,091] {processor.py:163} INFO - Started process (PID=173) to work on /opt/airflow/dags/data_ingestion_gcs_dags_zone.py
[2022-02-07 14:38:04,103] {processor.py:642} INFO - Processing file /opt/airflow/dags/data_ingestion_gcs_dags_zone.py for tasks to queue
[2022-02-07 14:38:04,133] {logging_mixin.py:109} INFO - [2022-02-07 14:38:04,133] {dagbag.py:500} INFO - Filling up the DagBag from /opt/airflow/dags/data_ingestion_gcs_dags_zone.py
[2022-02-07 14:38:06,529] {processor.py:654} INFO - DAG(s) dict_keys(['data_ingestion_gcs_dag_zone']) retrieved from /opt/airflow/dags/data_ingestion_gcs_dags_zone.py
[2022-02-07 14:38:06,556] {logging_mixin.py:109} INFO - [2022-02-07 14:38:06,555] {dag.py:2396} INFO - Sync 1 DAGs
[2022-02-07 14:38:06,590] {logging_mixin.py:109} INFO - [2022-02-07 14:38:06,590] {dag.py:2935} INFO - Setting next_dagrun for data_ingestion_gcs_dag_zone to 2022-02-06T00:00:00+00:00
[2022-02-07 14:38:06,602] {processor.py:171} INFO - Processing /opt/airflow/dags/data_ingestion_gcs_dags_zone.py took 2.560 seconds
[2022-02-07 14:38:37,058] {processor.py:163} INFO - Started process (PID=208) to work on /opt/airflow/dags/data_ingestion_gcs_dags_zone.py
[2022-02-07 14:38:37,067] {processor.py:642} INFO - Processing file /opt/airflow/dags/data_ingestion_gcs_dags_zone.py for tasks to queue
[2022-02-07 14:38:37,074] {logging_mixin.py:109} INFO - [2022-02-07 14:38:37,074] {dagbag.py:500} INFO - Filling up the DagBag from /opt/airflow/dags/data_ingestion_gcs_dags_zone.py
[2022-02-07 14:38:39,468] {processor.py:654} INFO - DAG(s) dict_keys(['data_ingestion_gcs_dag_zone']) retrieved from /opt/airflow/dags/data_ingestion_gcs_dags_zone.py
[2022-02-07 14:38:39,498] {logging_mixin.py:109} INFO - [2022-02-07 14:38:39,497] {dag.py:2396} INFO - Sync 1 DAGs
[2022-02-07 14:38:39,531] {logging_mixin.py:109} INFO - [2022-02-07 14:38:39,530] {dag.py:2935} INFO - Setting next_dagrun for data_ingestion_gcs_dag_zone to 2022-02-06T00:00:00+00:00
[2022-02-07 14:38:39,552] {processor.py:171} INFO - Processing /opt/airflow/dags/data_ingestion_gcs_dags_zone.py took 2.497 seconds
[2022-02-07 14:39:09,638] {processor.py:163} INFO - Started process (PID=234) to work on /opt/airflow/dags/data_ingestion_gcs_dags_zone.py
[2022-02-07 14:39:09,641] {processor.py:642} INFO - Processing file /opt/airflow/dags/data_ingestion_gcs_dags_zone.py for tasks to queue
[2022-02-07 14:39:09,643] {logging_mixin.py:109} INFO - [2022-02-07 14:39:09,643] {dagbag.py:500} INFO - Filling up the DagBag from /opt/airflow/dags/data_ingestion_gcs_dags_zone.py
[2022-02-07 14:39:10,468] {processor.py:654} INFO - DAG(s) dict_keys(['data_ingestion_gcs_dag_zone']) retrieved from /opt/airflow/dags/data_ingestion_gcs_dags_zone.py
[2022-02-07 14:39:10,479] {logging_mixin.py:109} INFO - [2022-02-07 14:39:10,479] {dag.py:2396} INFO - Sync 1 DAGs
[2022-02-07 14:39:10,493] {logging_mixin.py:109} INFO - [2022-02-07 14:39:10,493] {dag.py:2935} INFO - Setting next_dagrun for data_ingestion_gcs_dag_zone to 2022-02-06T00:00:00+00:00
[2022-02-07 14:39:10,505] {processor.py:171} INFO - Processing /opt/airflow/dags/data_ingestion_gcs_dags_zone.py took 0.870 seconds
[2022-02-07 14:39:40,759] {processor.py:163} INFO - Started process (PID=270) to work on /opt/airflow/dags/data_ingestion_gcs_dags_zone.py
[2022-02-07 14:39:40,762] {processor.py:642} INFO - Processing file /opt/airflow/dags/data_ingestion_gcs_dags_zone.py for tasks to queue
[2022-02-07 14:39:40,764] {logging_mixin.py:109} INFO - [2022-02-07 14:39:40,763] {dagbag.py:500} INFO - Filling up the DagBag from /opt/airflow/dags/data_ingestion_gcs_dags_zone.py
[2022-02-07 14:39:41,432] {processor.py:654} INFO - DAG(s) dict_keys(['data_ingestion_gcs_dag_zone']) retrieved from /opt/airflow/dags/data_ingestion_gcs_dags_zone.py
[2022-02-07 14:39:41,442] {logging_mixin.py:109} INFO - [2022-02-07 14:39:41,442] {dag.py:2396} INFO - Sync 1 DAGs
[2022-02-07 14:39:41,468] {logging_mixin.py:109} INFO - [2022-02-07 14:39:41,467] {dag.py:2935} INFO - Setting next_dagrun for data_ingestion_gcs_dag_zone to 2022-02-06T00:00:00+00:00
[2022-02-07 14:39:41,481] {processor.py:171} INFO - Processing /opt/airflow/dags/data_ingestion_gcs_dags_zone.py took 0.728 seconds
[2022-02-07 14:40:12,366] {processor.py:163} INFO - Started process (PID=295) to work on /opt/airflow/dags/data_ingestion_gcs_dags_zone.py
[2022-02-07 14:40:12,372] {processor.py:642} INFO - Processing file /opt/airflow/dags/data_ingestion_gcs_dags_zone.py for tasks to queue
[2022-02-07 14:40:12,374] {logging_mixin.py:109} INFO - [2022-02-07 14:40:12,373] {dagbag.py:500} INFO - Filling up the DagBag from /opt/airflow/dags/data_ingestion_gcs_dags_zone.py
[2022-02-07 14:40:14,376] {processor.py:654} INFO - DAG(s) dict_keys(['data_ingestion_gcs_dag_zone']) retrieved from /opt/airflow/dags/data_ingestion_gcs_dags_zone.py
[2022-02-07 14:40:14,472] {logging_mixin.py:109} INFO - [2022-02-07 14:40:14,472] {dag.py:2396} INFO - Sync 1 DAGs
[2022-02-07 14:40:14,527] {logging_mixin.py:109} INFO - [2022-02-07 14:40:14,527] {dag.py:2935} INFO - Setting next_dagrun for data_ingestion_gcs_dag_zone to 2022-02-06T00:00:00+00:00
[2022-02-07 14:40:14,551] {processor.py:171} INFO - Processing /opt/airflow/dags/data_ingestion_gcs_dags_zone.py took 2.201 seconds
[2022-02-07 14:40:44,863] {processor.py:163} INFO - Started process (PID=324) to work on /opt/airflow/dags/data_ingestion_gcs_dags_zone.py
[2022-02-07 14:40:44,867] {processor.py:642} INFO - Processing file /opt/airflow/dags/data_ingestion_gcs_dags_zone.py for tasks to queue
[2022-02-07 14:40:44,870] {logging_mixin.py:109} INFO - [2022-02-07 14:40:44,870] {dagbag.py:500} INFO - Filling up the DagBag from /opt/airflow/dags/data_ingestion_gcs_dags_zone.py
[2022-02-07 14:40:45,973] {processor.py:654} INFO - DAG(s) dict_keys(['data_ingestion_gcs_dag_zone']) retrieved from /opt/airflow/dags/data_ingestion_gcs_dags_zone.py
[2022-02-07 14:40:45,987] {logging_mixin.py:109} INFO - [2022-02-07 14:40:45,987] {dag.py:2396} INFO - Sync 1 DAGs
[2022-02-07 14:40:46,008] {logging_mixin.py:109} INFO - [2022-02-07 14:40:46,008] {dag.py:2935} INFO - Setting next_dagrun for data_ingestion_gcs_dag_zone to 2022-02-06T00:00:00+00:00
[2022-02-07 14:40:46,021] {processor.py:171} INFO - Processing /opt/airflow/dags/data_ingestion_gcs_dags_zone.py took 1.164 seconds
[2022-02-07 14:41:16,181] {processor.py:163} INFO - Started process (PID=351) to work on /opt/airflow/dags/data_ingestion_gcs_dags_zone.py
[2022-02-07 14:41:16,190] {processor.py:642} INFO - Processing file /opt/airflow/dags/data_ingestion_gcs_dags_zone.py for tasks to queue
[2022-02-07 14:41:16,217] {logging_mixin.py:109} INFO - [2022-02-07 14:41:16,217] {dagbag.py:500} INFO - Filling up the DagBag from /opt/airflow/dags/data_ingestion_gcs_dags_zone.py
[2022-02-07 14:41:18,800] {processor.py:654} INFO - DAG(s) dict_keys(['data_ingestion_gcs_dag_zone']) retrieved from /opt/airflow/dags/data_ingestion_gcs_dags_zone.py
[2022-02-07 14:41:18,820] {logging_mixin.py:109} INFO - [2022-02-07 14:41:18,819] {dag.py:2396} INFO - Sync 1 DAGs
[2022-02-07 14:41:18,872] {logging_mixin.py:109} INFO - [2022-02-07 14:41:18,871] {dag.py:2935} INFO - Setting next_dagrun for data_ingestion_gcs_dag_zone to 2022-02-06T00:00:00+00:00
[2022-02-07 14:41:18,922] {processor.py:171} INFO - Processing /opt/airflow/dags/data_ingestion_gcs_dags_zone.py took 2.753 seconds
[2022-02-07 14:41:49,743] {processor.py:163} INFO - Started process (PID=376) to work on /opt/airflow/dags/data_ingestion_gcs_dags_zone.py
[2022-02-07 14:41:49,746] {processor.py:642} INFO - Processing file /opt/airflow/dags/data_ingestion_gcs_dags_zone.py for tasks to queue
[2022-02-07 14:41:49,748] {logging_mixin.py:109} INFO - [2022-02-07 14:41:49,748] {dagbag.py:500} INFO - Filling up the DagBag from /opt/airflow/dags/data_ingestion_gcs_dags_zone.py
[2022-02-07 14:41:50,479] {processor.py:654} INFO - DAG(s) dict_keys(['data_ingestion_gcs_dag_zone']) retrieved from /opt/airflow/dags/data_ingestion_gcs_dags_zone.py
[2022-02-07 14:41:50,493] {logging_mixin.py:109} INFO - [2022-02-07 14:41:50,493] {dag.py:2396} INFO - Sync 1 DAGs
[2022-02-07 14:41:50,516] {logging_mixin.py:109} INFO - [2022-02-07 14:41:50,516] {dag.py:2935} INFO - Setting next_dagrun for data_ingestion_gcs_dag_zone to 2022-02-06T00:00:00+00:00
[2022-02-07 14:41:50,531] {processor.py:171} INFO - Processing /opt/airflow/dags/data_ingestion_gcs_dags_zone.py took 0.793 seconds
[2022-02-07 14:42:21,275] {processor.py:163} INFO - Started process (PID=411) to work on /opt/airflow/dags/data_ingestion_gcs_dags_zone.py
[2022-02-07 14:42:21,284] {processor.py:642} INFO - Processing file /opt/airflow/dags/data_ingestion_gcs_dags_zone.py for tasks to queue
[2022-02-07 14:42:21,286] {logging_mixin.py:109} INFO - [2022-02-07 14:42:21,286] {dagbag.py:500} INFO - Filling up the DagBag from /opt/airflow/dags/data_ingestion_gcs_dags_zone.py
[2022-02-07 14:42:22,541] {processor.py:654} INFO - DAG(s) dict_keys(['data_ingestion_gcs_dag_zone']) retrieved from /opt/airflow/dags/data_ingestion_gcs_dags_zone.py
[2022-02-07 14:42:22,560] {logging_mixin.py:109} INFO - [2022-02-07 14:42:22,560] {dag.py:2396} INFO - Sync 1 DAGs
[2022-02-07 14:42:22,597] {logging_mixin.py:109} INFO - [2022-02-07 14:42:22,597] {dag.py:2935} INFO - Setting next_dagrun for data_ingestion_gcs_dag_zone to 2022-02-06T00:00:00+00:00
[2022-02-07 14:42:22,617] {processor.py:171} INFO - Processing /opt/airflow/dags/data_ingestion_gcs_dags_zone.py took 1.363 seconds
[2022-02-07 14:42:52,775] {processor.py:163} INFO - Started process (PID=439) to work on /opt/airflow/dags/data_ingestion_gcs_dags_zone.py
[2022-02-07 14:42:52,779] {processor.py:642} INFO - Processing file /opt/airflow/dags/data_ingestion_gcs_dags_zone.py for tasks to queue
[2022-02-07 14:42:52,782] {logging_mixin.py:109} INFO - [2022-02-07 14:42:52,781] {dagbag.py:500} INFO - Filling up the DagBag from /opt/airflow/dags/data_ingestion_gcs_dags_zone.py
[2022-02-07 14:42:54,606] {processor.py:654} INFO - DAG(s) dict_keys(['data_ingestion_gcs_dag_zone']) retrieved from /opt/airflow/dags/data_ingestion_gcs_dags_zone.py
[2022-02-07 14:42:54,624] {logging_mixin.py:109} INFO - [2022-02-07 14:42:54,623] {dag.py:2396} INFO - Sync 1 DAGs
[2022-02-07 14:42:54,644] {logging_mixin.py:109} INFO - [2022-02-07 14:42:54,644] {dag.py:2935} INFO - Setting next_dagrun for data_ingestion_gcs_dag_zone to 2022-02-06T00:00:00+00:00
[2022-02-07 14:42:54,659] {processor.py:171} INFO - Processing /opt/airflow/dags/data_ingestion_gcs_dags_zone.py took 1.892 seconds
[2022-02-07 14:43:24,909] {processor.py:163} INFO - Started process (PID=465) to work on /opt/airflow/dags/data_ingestion_gcs_dags_zone.py
[2022-02-07 14:43:24,911] {processor.py:642} INFO - Processing file /opt/airflow/dags/data_ingestion_gcs_dags_zone.py for tasks to queue
[2022-02-07 14:43:24,913] {logging_mixin.py:109} INFO - [2022-02-07 14:43:24,913] {dagbag.py:500} INFO - Filling up the DagBag from /opt/airflow/dags/data_ingestion_gcs_dags_zone.py
[2022-02-07 14:43:25,840] {processor.py:654} INFO - DAG(s) dict_keys(['data_ingestion_gcs_dag_zone']) retrieved from /opt/airflow/dags/data_ingestion_gcs_dags_zone.py
[2022-02-07 14:43:25,867] {logging_mixin.py:109} INFO - [2022-02-07 14:43:25,867] {dag.py:2396} INFO - Sync 1 DAGs
[2022-02-07 14:43:25,890] {logging_mixin.py:109} INFO - [2022-02-07 14:43:25,890] {dag.py:2935} INFO - Setting next_dagrun for data_ingestion_gcs_dag_zone to 2022-02-06T00:00:00+00:00
[2022-02-07 14:43:25,908] {processor.py:171} INFO - Processing /opt/airflow/dags/data_ingestion_gcs_dags_zone.py took 1.003 seconds
[2022-02-07 14:43:56,122] {processor.py:163} INFO - Started process (PID=490) to work on /opt/airflow/dags/data_ingestion_gcs_dags_zone.py
[2022-02-07 14:43:56,127] {processor.py:642} INFO - Processing file /opt/airflow/dags/data_ingestion_gcs_dags_zone.py for tasks to queue
[2022-02-07 14:43:56,128] {logging_mixin.py:109} INFO - [2022-02-07 14:43:56,128] {dagbag.py:500} INFO - Filling up the DagBag from /opt/airflow/dags/data_ingestion_gcs_dags_zone.py
[2022-02-07 14:43:56,796] {processor.py:654} INFO - DAG(s) dict_keys(['data_ingestion_gcs_dag_zone']) retrieved from /opt/airflow/dags/data_ingestion_gcs_dags_zone.py
[2022-02-07 14:43:56,805] {logging_mixin.py:109} INFO - [2022-02-07 14:43:56,805] {dag.py:2396} INFO - Sync 1 DAGs
[2022-02-07 14:43:56,832] {logging_mixin.py:109} INFO - [2022-02-07 14:43:56,832] {dag.py:2935} INFO - Setting next_dagrun for data_ingestion_gcs_dag_zone to 2022-02-06T00:00:00+00:00
[2022-02-07 14:43:56,843] {processor.py:171} INFO - Processing /opt/airflow/dags/data_ingestion_gcs_dags_zone.py took 0.725 seconds
[2022-02-07 14:44:27,405] {processor.py:163} INFO - Started process (PID=523) to work on /opt/airflow/dags/data_ingestion_gcs_dags_zone.py
[2022-02-07 14:44:27,410] {processor.py:642} INFO - Processing file /opt/airflow/dags/data_ingestion_gcs_dags_zone.py for tasks to queue
[2022-02-07 14:44:27,412] {logging_mixin.py:109} INFO - [2022-02-07 14:44:27,411] {dagbag.py:500} INFO - Filling up the DagBag from /opt/airflow/dags/data_ingestion_gcs_dags_zone.py
[2022-02-07 14:44:28,622] {processor.py:654} INFO - DAG(s) dict_keys(['data_ingestion_gcs_dag_zone']) retrieved from /opt/airflow/dags/data_ingestion_gcs_dags_zone.py
[2022-02-07 14:44:28,647] {logging_mixin.py:109} INFO - [2022-02-07 14:44:28,646] {dag.py:2396} INFO - Sync 1 DAGs
[2022-02-07 14:44:28,709] {logging_mixin.py:109} INFO - [2022-02-07 14:44:28,700] {dag.py:2935} INFO - Setting next_dagrun for data_ingestion_gcs_dag_zone to 2022-02-06T00:00:00+00:00
[2022-02-07 14:44:28,727] {processor.py:171} INFO - Processing /opt/airflow/dags/data_ingestion_gcs_dags_zone.py took 1.332 seconds
[2022-02-07 14:44:59,673] {processor.py:163} INFO - Started process (PID=551) to work on /opt/airflow/dags/data_ingestion_gcs_dags_zone.py
[2022-02-07 14:44:59,676] {processor.py:642} INFO - Processing file /opt/airflow/dags/data_ingestion_gcs_dags_zone.py for tasks to queue
[2022-02-07 14:44:59,679] {logging_mixin.py:109} INFO - [2022-02-07 14:44:59,678] {dagbag.py:500} INFO - Filling up the DagBag from /opt/airflow/dags/data_ingestion_gcs_dags_zone.py
[2022-02-07 14:45:00,367] {processor.py:654} INFO - DAG(s) dict_keys(['data_ingestion_gcs_dag_zone']) retrieved from /opt/airflow/dags/data_ingestion_gcs_dags_zone.py
[2022-02-07 14:45:00,379] {logging_mixin.py:109} INFO - [2022-02-07 14:45:00,379] {dag.py:2396} INFO - Sync 1 DAGs
[2022-02-07 14:45:00,396] {logging_mixin.py:109} INFO - [2022-02-07 14:45:00,396] {dag.py:2935} INFO - Setting next_dagrun for data_ingestion_gcs_dag_zone to 2022-02-06T00:00:00+00:00
[2022-02-07 14:45:00,407] {processor.py:171} INFO - Processing /opt/airflow/dags/data_ingestion_gcs_dags_zone.py took 0.740 seconds
[2022-02-07 14:45:30,843] {processor.py:163} INFO - Started process (PID=577) to work on /opt/airflow/dags/data_ingestion_gcs_dags_zone.py
[2022-02-07 14:45:30,847] {processor.py:642} INFO - Processing file /opt/airflow/dags/data_ingestion_gcs_dags_zone.py for tasks to queue
[2022-02-07 14:45:30,849] {logging_mixin.py:109} INFO - [2022-02-07 14:45:30,848] {dagbag.py:500} INFO - Filling up the DagBag from /opt/airflow/dags/data_ingestion_gcs_dags_zone.py
[2022-02-07 14:45:31,767] {processor.py:654} INFO - DAG(s) dict_keys(['data_ingestion_gcs_dag_zone']) retrieved from /opt/airflow/dags/data_ingestion_gcs_dags_zone.py
[2022-02-07 14:45:31,778] {logging_mixin.py:109} INFO - [2022-02-07 14:45:31,777] {dag.py:2396} INFO - Sync 1 DAGs
[2022-02-07 14:45:31,793] {logging_mixin.py:109} INFO - [2022-02-07 14:45:31,793] {dag.py:2935} INFO - Setting next_dagrun for data_ingestion_gcs_dag_zone to 2022-02-06T00:00:00+00:00
[2022-02-07 14:45:31,803] {processor.py:171} INFO - Processing /opt/airflow/dags/data_ingestion_gcs_dags_zone.py took 0.965 seconds
[2022-02-07 14:46:02,145] {processor.py:163} INFO - Started process (PID=610) to work on /opt/airflow/dags/data_ingestion_gcs_dags_zone.py
[2022-02-07 14:46:02,149] {processor.py:642} INFO - Processing file /opt/airflow/dags/data_ingestion_gcs_dags_zone.py for tasks to queue
[2022-02-07 14:46:02,151] {logging_mixin.py:109} INFO - [2022-02-07 14:46:02,151] {dagbag.py:500} INFO - Filling up the DagBag from /opt/airflow/dags/data_ingestion_gcs_dags_zone.py
[2022-02-07 14:46:03,217] {processor.py:654} INFO - DAG(s) dict_keys(['data_ingestion_gcs_dag_zone']) retrieved from /opt/airflow/dags/data_ingestion_gcs_dags_zone.py
[2022-02-07 14:46:03,236] {logging_mixin.py:109} INFO - [2022-02-07 14:46:03,236] {dag.py:2396} INFO - Sync 1 DAGs
[2022-02-07 14:46:03,286] {logging_mixin.py:109} INFO - [2022-02-07 14:46:03,286] {dag.py:2935} INFO - Setting next_dagrun for data_ingestion_gcs_dag_zone to 2022-02-06T00:00:00+00:00
[2022-02-07 14:46:03,313] {processor.py:171} INFO - Processing /opt/airflow/dags/data_ingestion_gcs_dags_zone.py took 1.176 seconds
[2022-02-07 14:46:33,926] {processor.py:163} INFO - Started process (PID=638) to work on /opt/airflow/dags/data_ingestion_gcs_dags_zone.py
[2022-02-07 14:46:33,931] {processor.py:642} INFO - Processing file /opt/airflow/dags/data_ingestion_gcs_dags_zone.py for tasks to queue
[2022-02-07 14:46:33,935] {logging_mixin.py:109} INFO - [2022-02-07 14:46:33,934] {dagbag.py:500} INFO - Filling up the DagBag from /opt/airflow/dags/data_ingestion_gcs_dags_zone.py
[2022-02-07 14:46:34,704] {processor.py:654} INFO - DAG(s) dict_keys(['data_ingestion_gcs_dag_zone']) retrieved from /opt/airflow/dags/data_ingestion_gcs_dags_zone.py
[2022-02-07 14:46:34,713] {logging_mixin.py:109} INFO - [2022-02-07 14:46:34,712] {dag.py:2396} INFO - Sync 1 DAGs
[2022-02-07 14:46:34,741] {logging_mixin.py:109} INFO - [2022-02-07 14:46:34,741] {dag.py:2935} INFO - Setting next_dagrun for data_ingestion_gcs_dag_zone to 2022-02-06T00:00:00+00:00
[2022-02-07 14:46:34,751] {processor.py:171} INFO - Processing /opt/airflow/dags/data_ingestion_gcs_dags_zone.py took 0.829 seconds
[2022-02-07 14:47:05,162] {processor.py:163} INFO - Started process (PID=665) to work on /opt/airflow/dags/data_ingestion_gcs_dags_zone.py
[2022-02-07 14:47:05,164] {processor.py:642} INFO - Processing file /opt/airflow/dags/data_ingestion_gcs_dags_zone.py for tasks to queue
[2022-02-07 14:47:05,165] {logging_mixin.py:109} INFO - [2022-02-07 14:47:05,165] {dagbag.py:500} INFO - Filling up the DagBag from /opt/airflow/dags/data_ingestion_gcs_dags_zone.py
[2022-02-07 14:47:06,390] {processor.py:654} INFO - DAG(s) dict_keys(['data_ingestion_gcs_dag_zone']) retrieved from /opt/airflow/dags/data_ingestion_gcs_dags_zone.py
[2022-02-07 14:47:06,401] {logging_mixin.py:109} INFO - [2022-02-07 14:47:06,401] {dag.py:2396} INFO - Sync 1 DAGs
[2022-02-07 14:47:06,418] {logging_mixin.py:109} INFO - [2022-02-07 14:47:06,418] {dag.py:2935} INFO - Setting next_dagrun for data_ingestion_gcs_dag_zone to 2022-02-06T00:00:00+00:00
[2022-02-07 14:47:06,430] {processor.py:171} INFO - Processing /opt/airflow/dags/data_ingestion_gcs_dags_zone.py took 1.272 seconds
[2022-02-07 14:47:36,587] {processor.py:163} INFO - Started process (PID=699) to work on /opt/airflow/dags/data_ingestion_gcs_dags_zone.py
[2022-02-07 14:47:36,591] {processor.py:642} INFO - Processing file /opt/airflow/dags/data_ingestion_gcs_dags_zone.py for tasks to queue
[2022-02-07 14:47:36,599] {logging_mixin.py:109} INFO - [2022-02-07 14:47:36,599] {dagbag.py:500} INFO - Filling up the DagBag from /opt/airflow/dags/data_ingestion_gcs_dags_zone.py
[2022-02-07 14:47:37,760] {processor.py:654} INFO - DAG(s) dict_keys(['data_ingestion_gcs_dag_zone']) retrieved from /opt/airflow/dags/data_ingestion_gcs_dags_zone.py
[2022-02-07 14:47:37,772] {logging_mixin.py:109} INFO - [2022-02-07 14:47:37,772] {dag.py:2396} INFO - Sync 1 DAGs
[2022-02-07 14:47:37,795] {logging_mixin.py:109} INFO - [2022-02-07 14:47:37,795] {dag.py:2935} INFO - Setting next_dagrun for data_ingestion_gcs_dag_zone to 2022-02-06T00:00:00+00:00
[2022-02-07 14:47:37,809] {processor.py:171} INFO - Processing /opt/airflow/dags/data_ingestion_gcs_dags_zone.py took 1.227 seconds
[2022-02-07 14:48:07,990] {processor.py:163} INFO - Started process (PID=725) to work on /opt/airflow/dags/data_ingestion_gcs_dags_zone.py
[2022-02-07 14:48:07,993] {processor.py:642} INFO - Processing file /opt/airflow/dags/data_ingestion_gcs_dags_zone.py for tasks to queue
[2022-02-07 14:48:07,994] {logging_mixin.py:109} INFO - [2022-02-07 14:48:07,994] {dagbag.py:500} INFO - Filling up the DagBag from /opt/airflow/dags/data_ingestion_gcs_dags_zone.py
[2022-02-07 14:48:09,158] {processor.py:654} INFO - DAG(s) dict_keys(['data_ingestion_gcs_dag_zone']) retrieved from /opt/airflow/dags/data_ingestion_gcs_dags_zone.py
[2022-02-07 14:48:09,276] {logging_mixin.py:109} INFO - [2022-02-07 14:48:09,274] {dag.py:2396} INFO - Sync 1 DAGs
[2022-02-07 14:48:09,329] {logging_mixin.py:109} INFO - [2022-02-07 14:48:09,329] {dag.py:2935} INFO - Setting next_dagrun for data_ingestion_gcs_dag_zone to 2022-02-06T00:00:00+00:00
[2022-02-07 14:48:09,350] {processor.py:171} INFO - Processing /opt/airflow/dags/data_ingestion_gcs_dags_zone.py took 1.367 seconds
[2022-02-07 14:48:40,279] {processor.py:163} INFO - Started process (PID=750) to work on /opt/airflow/dags/data_ingestion_gcs_dags_zone.py
[2022-02-07 14:48:40,284] {processor.py:642} INFO - Processing file /opt/airflow/dags/data_ingestion_gcs_dags_zone.py for tasks to queue
[2022-02-07 14:48:40,286] {logging_mixin.py:109} INFO - [2022-02-07 14:48:40,286] {dagbag.py:500} INFO - Filling up the DagBag from /opt/airflow/dags/data_ingestion_gcs_dags_zone.py
[2022-02-07 14:48:41,943] {processor.py:654} INFO - DAG(s) dict_keys(['data_ingestion_gcs_dag_zone']) retrieved from /opt/airflow/dags/data_ingestion_gcs_dags_zone.py
[2022-02-07 14:48:41,961] {logging_mixin.py:109} INFO - [2022-02-07 14:48:41,961] {dag.py:2396} INFO - Sync 1 DAGs
[2022-02-07 14:48:41,982] {logging_mixin.py:109} INFO - [2022-02-07 14:48:41,982] {dag.py:2935} INFO - Setting next_dagrun for data_ingestion_gcs_dag_zone to 2022-02-06T00:00:00+00:00
[2022-02-07 14:48:41,995] {processor.py:171} INFO - Processing /opt/airflow/dags/data_ingestion_gcs_dags_zone.py took 1.719 seconds
[2022-02-07 14:49:12,610] {processor.py:163} INFO - Started process (PID=789) to work on /opt/airflow/dags/data_ingestion_gcs_dags_zone.py
[2022-02-07 14:49:12,614] {processor.py:642} INFO - Processing file /opt/airflow/dags/data_ingestion_gcs_dags_zone.py for tasks to queue
[2022-02-07 14:49:12,616] {logging_mixin.py:109} INFO - [2022-02-07 14:49:12,616] {dagbag.py:500} INFO - Filling up the DagBag from /opt/airflow/dags/data_ingestion_gcs_dags_zone.py
[2022-02-07 14:49:14,189] {processor.py:654} INFO - DAG(s) dict_keys(['data_ingestion_gcs_dag_zone']) retrieved from /opt/airflow/dags/data_ingestion_gcs_dags_zone.py
[2022-02-07 14:49:14,215] {logging_mixin.py:109} INFO - [2022-02-07 14:49:14,215] {dag.py:2396} INFO - Sync 1 DAGs
[2022-02-07 14:49:14,253] {logging_mixin.py:109} INFO - [2022-02-07 14:49:14,253] {dag.py:2935} INFO - Setting next_dagrun for data_ingestion_gcs_dag_zone to 2022-02-06T00:00:00+00:00
[2022-02-07 14:49:14,286] {processor.py:171} INFO - Processing /opt/airflow/dags/data_ingestion_gcs_dags_zone.py took 1.685 seconds
[2022-02-07 14:49:45,042] {processor.py:163} INFO - Started process (PID=815) to work on /opt/airflow/dags/data_ingestion_gcs_dags_zone.py
[2022-02-07 14:49:45,044] {processor.py:642} INFO - Processing file /opt/airflow/dags/data_ingestion_gcs_dags_zone.py for tasks to queue
[2022-02-07 14:49:45,046] {logging_mixin.py:109} INFO - [2022-02-07 14:49:45,046] {dagbag.py:500} INFO - Filling up the DagBag from /opt/airflow/dags/data_ingestion_gcs_dags_zone.py
[2022-02-07 14:49:46,072] {processor.py:654} INFO - DAG(s) dict_keys(['data_ingestion_gcs_dag_zone']) retrieved from /opt/airflow/dags/data_ingestion_gcs_dags_zone.py
[2022-02-07 14:49:46,090] {logging_mixin.py:109} INFO - [2022-02-07 14:49:46,089] {dag.py:2396} INFO - Sync 1 DAGs
[2022-02-07 14:49:46,120] {logging_mixin.py:109} INFO - [2022-02-07 14:49:46,119] {dag.py:2935} INFO - Setting next_dagrun for data_ingestion_gcs_dag_zone to 2022-02-06T00:00:00+00:00
[2022-02-07 14:49:46,133] {processor.py:171} INFO - Processing /opt/airflow/dags/data_ingestion_gcs_dags_zone.py took 1.097 seconds
[2022-02-07 14:50:16,339] {processor.py:163} INFO - Started process (PID=842) to work on /opt/airflow/dags/data_ingestion_gcs_dags_zone.py
[2022-02-07 14:50:16,348] {processor.py:642} INFO - Processing file /opt/airflow/dags/data_ingestion_gcs_dags_zone.py for tasks to queue
[2022-02-07 14:50:16,349] {logging_mixin.py:109} INFO - [2022-02-07 14:50:16,349] {dagbag.py:500} INFO - Filling up the DagBag from /opt/airflow/dags/data_ingestion_gcs_dags_zone.py
[2022-02-07 14:50:17,800] {processor.py:654} INFO - DAG(s) dict_keys(['data_ingestion_gcs_dag_zone']) retrieved from /opt/airflow/dags/data_ingestion_gcs_dags_zone.py
[2022-02-07 14:50:17,815] {logging_mixin.py:109} INFO - [2022-02-07 14:50:17,815] {dag.py:2396} INFO - Sync 1 DAGs
[2022-02-07 14:50:17,830] {logging_mixin.py:109} INFO - [2022-02-07 14:50:17,830] {dag.py:2935} INFO - Setting next_dagrun for data_ingestion_gcs_dag_zone to 2022-02-06T00:00:00+00:00
[2022-02-07 14:50:17,848] {processor.py:171} INFO - Processing /opt/airflow/dags/data_ingestion_gcs_dags_zone.py took 1.513 seconds
[2022-02-07 14:50:48,608] {processor.py:163} INFO - Started process (PID=878) to work on /opt/airflow/dags/data_ingestion_gcs_dags_zone.py
[2022-02-07 14:50:48,611] {processor.py:642} INFO - Processing file /opt/airflow/dags/data_ingestion_gcs_dags_zone.py for tasks to queue
[2022-02-07 14:50:48,613] {logging_mixin.py:109} INFO - [2022-02-07 14:50:48,613] {dagbag.py:500} INFO - Filling up the DagBag from /opt/airflow/dags/data_ingestion_gcs_dags_zone.py
[2022-02-07 14:50:49,382] {processor.py:654} INFO - DAG(s) dict_keys(['data_ingestion_gcs_dag_zone']) retrieved from /opt/airflow/dags/data_ingestion_gcs_dags_zone.py
[2022-02-07 14:50:49,403] {logging_mixin.py:109} INFO - [2022-02-07 14:50:49,403] {dag.py:2396} INFO - Sync 1 DAGs
[2022-02-07 14:50:49,434] {logging_mixin.py:109} INFO - [2022-02-07 14:50:49,434] {dag.py:2935} INFO - Setting next_dagrun for data_ingestion_gcs_dag_zone to 2022-02-06T00:00:00+00:00
[2022-02-07 14:50:49,457] {processor.py:171} INFO - Processing /opt/airflow/dags/data_ingestion_gcs_dags_zone.py took 0.855 seconds
[2022-02-07 14:51:19,838] {processor.py:163} INFO - Started process (PID=904) to work on /opt/airflow/dags/data_ingestion_gcs_dags_zone.py
[2022-02-07 14:51:19,841] {processor.py:642} INFO - Processing file /opt/airflow/dags/data_ingestion_gcs_dags_zone.py for tasks to queue
[2022-02-07 14:51:19,843] {logging_mixin.py:109} INFO - [2022-02-07 14:51:19,843] {dagbag.py:500} INFO - Filling up the DagBag from /opt/airflow/dags/data_ingestion_gcs_dags_zone.py
[2022-02-07 14:51:21,097] {processor.py:654} INFO - DAG(s) dict_keys(['data_ingestion_gcs_dag_zone']) retrieved from /opt/airflow/dags/data_ingestion_gcs_dags_zone.py
[2022-02-07 14:51:21,120] {logging_mixin.py:109} INFO - [2022-02-07 14:51:21,120] {dag.py:2396} INFO - Sync 1 DAGs
[2022-02-07 14:51:21,153] {logging_mixin.py:109} INFO - [2022-02-07 14:51:21,153] {dag.py:2935} INFO - Setting next_dagrun for data_ingestion_gcs_dag_zone to 2022-02-06T00:00:00+00:00
[2022-02-07 14:51:21,179] {processor.py:171} INFO - Processing /opt/airflow/dags/data_ingestion_gcs_dags_zone.py took 1.347 seconds
[2022-02-07 14:51:51,578] {processor.py:163} INFO - Started process (PID=940) to work on /opt/airflow/dags/data_ingestion_gcs_dags_zone.py
[2022-02-07 14:51:51,582] {processor.py:642} INFO - Processing file /opt/airflow/dags/data_ingestion_gcs_dags_zone.py for tasks to queue
[2022-02-07 14:51:51,585] {logging_mixin.py:109} INFO - [2022-02-07 14:51:51,584] {dagbag.py:500} INFO - Filling up the DagBag from /opt/airflow/dags/data_ingestion_gcs_dags_zone.py
[2022-02-07 14:51:52,428] {processor.py:654} INFO - DAG(s) dict_keys(['data_ingestion_gcs_dag_zone']) retrieved from /opt/airflow/dags/data_ingestion_gcs_dags_zone.py
[2022-02-07 14:51:52,446] {logging_mixin.py:109} INFO - [2022-02-07 14:51:52,446] {dag.py:2396} INFO - Sync 1 DAGs
[2022-02-07 14:51:52,465] {logging_mixin.py:109} INFO - [2022-02-07 14:51:52,465] {dag.py:2935} INFO - Setting next_dagrun for data_ingestion_gcs_dag_zone to 2022-02-06T00:00:00+00:00
[2022-02-07 14:51:52,478] {processor.py:171} INFO - Processing /opt/airflow/dags/data_ingestion_gcs_dags_zone.py took 0.910 seconds
[2022-02-07 14:52:22,878] {processor.py:163} INFO - Started process (PID=965) to work on /opt/airflow/dags/data_ingestion_gcs_dags_zone.py
[2022-02-07 14:52:22,881] {processor.py:642} INFO - Processing file /opt/airflow/dags/data_ingestion_gcs_dags_zone.py for tasks to queue
[2022-02-07 14:52:22,882] {logging_mixin.py:109} INFO - [2022-02-07 14:52:22,882] {dagbag.py:500} INFO - Filling up the DagBag from /opt/airflow/dags/data_ingestion_gcs_dags_zone.py
[2022-02-07 14:52:23,571] {processor.py:654} INFO - DAG(s) dict_keys(['data_ingestion_gcs_dag_zone']) retrieved from /opt/airflow/dags/data_ingestion_gcs_dags_zone.py
[2022-02-07 14:52:23,581] {logging_mixin.py:109} INFO - [2022-02-07 14:52:23,580] {dag.py:2396} INFO - Sync 1 DAGs
[2022-02-07 14:52:23,594] {logging_mixin.py:109} INFO - [2022-02-07 14:52:23,594] {dag.py:2935} INFO - Setting next_dagrun for data_ingestion_gcs_dag_zone to 2022-02-06T00:00:00+00:00
[2022-02-07 14:52:23,603] {processor.py:171} INFO - Processing /opt/airflow/dags/data_ingestion_gcs_dags_zone.py took 0.729 seconds
[2022-02-07 14:52:54,162] {processor.py:163} INFO - Started process (PID=990) to work on /opt/airflow/dags/data_ingestion_gcs_dags_zone.py
[2022-02-07 14:52:54,166] {processor.py:642} INFO - Processing file /opt/airflow/dags/data_ingestion_gcs_dags_zone.py for tasks to queue
[2022-02-07 14:52:54,170] {logging_mixin.py:109} INFO - [2022-02-07 14:52:54,169] {dagbag.py:500} INFO - Filling up the DagBag from /opt/airflow/dags/data_ingestion_gcs_dags_zone.py
[2022-02-07 14:52:54,884] {processor.py:654} INFO - DAG(s) dict_keys(['data_ingestion_gcs_dag_zone']) retrieved from /opt/airflow/dags/data_ingestion_gcs_dags_zone.py
[2022-02-07 14:52:54,894] {logging_mixin.py:109} INFO - [2022-02-07 14:52:54,894] {dag.py:2396} INFO - Sync 1 DAGs
[2022-02-07 14:52:54,908] {logging_mixin.py:109} INFO - [2022-02-07 14:52:54,908] {dag.py:2935} INFO - Setting next_dagrun for data_ingestion_gcs_dag_zone to 2022-02-06T00:00:00+00:00
[2022-02-07 14:52:54,922] {processor.py:171} INFO - Processing /opt/airflow/dags/data_ingestion_gcs_dags_zone.py took 0.766 seconds
[2022-02-07 14:53:25,440] {processor.py:163} INFO - Started process (PID=1026) to work on /opt/airflow/dags/data_ingestion_gcs_dags_zone.py
[2022-02-07 14:53:25,446] {processor.py:642} INFO - Processing file /opt/airflow/dags/data_ingestion_gcs_dags_zone.py for tasks to queue
[2022-02-07 14:53:25,450] {logging_mixin.py:109} INFO - [2022-02-07 14:53:25,449] {dagbag.py:500} INFO - Filling up the DagBag from /opt/airflow/dags/data_ingestion_gcs_dags_zone.py
[2022-02-07 14:53:27,736] {processor.py:654} INFO - DAG(s) dict_keys(['data_ingestion_gcs_dag_zone']) retrieved from /opt/airflow/dags/data_ingestion_gcs_dags_zone.py
[2022-02-07 14:53:27,755] {logging_mixin.py:109} INFO - [2022-02-07 14:53:27,754] {dag.py:2396} INFO - Sync 1 DAGs
[2022-02-07 14:53:27,787] {logging_mixin.py:109} INFO - [2022-02-07 14:53:27,787] {dag.py:2935} INFO - Setting next_dagrun for data_ingestion_gcs_dag_zone to 2022-02-06T00:00:00+00:00
[2022-02-07 14:53:27,816] {processor.py:171} INFO - Processing /opt/airflow/dags/data_ingestion_gcs_dags_zone.py took 2.388 seconds
[2022-02-07 14:53:58,293] {processor.py:163} INFO - Started process (PID=1053) to work on /opt/airflow/dags/data_ingestion_gcs_dags_zone.py
[2022-02-07 14:53:58,301] {processor.py:642} INFO - Processing file /opt/airflow/dags/data_ingestion_gcs_dags_zone.py for tasks to queue
[2022-02-07 14:53:58,303] {logging_mixin.py:109} INFO - [2022-02-07 14:53:58,303] {dagbag.py:500} INFO - Filling up the DagBag from /opt/airflow/dags/data_ingestion_gcs_dags_zone.py
[2022-02-07 14:53:59,115] {processor.py:654} INFO - DAG(s) dict_keys(['data_ingestion_gcs_dag_zone']) retrieved from /opt/airflow/dags/data_ingestion_gcs_dags_zone.py
[2022-02-07 14:53:59,125] {logging_mixin.py:109} INFO - [2022-02-07 14:53:59,125] {dag.py:2396} INFO - Sync 1 DAGs
[2022-02-07 14:53:59,140] {logging_mixin.py:109} INFO - [2022-02-07 14:53:59,139] {dag.py:2935} INFO - Setting next_dagrun for data_ingestion_gcs_dag_zone to 2022-02-06T00:00:00+00:00
[2022-02-07 14:53:59,149] {processor.py:171} INFO - Processing /opt/airflow/dags/data_ingestion_gcs_dags_zone.py took 0.861 seconds
[2022-02-07 14:54:29,769] {processor.py:163} INFO - Started process (PID=1080) to work on /opt/airflow/dags/data_ingestion_gcs_dags_zone.py
[2022-02-07 14:54:29,772] {processor.py:642} INFO - Processing file /opt/airflow/dags/data_ingestion_gcs_dags_zone.py for tasks to queue
[2022-02-07 14:54:29,774] {logging_mixin.py:109} INFO - [2022-02-07 14:54:29,773] {dagbag.py:500} INFO - Filling up the DagBag from /opt/airflow/dags/data_ingestion_gcs_dags_zone.py
[2022-02-07 14:54:30,535] {processor.py:654} INFO - DAG(s) dict_keys(['data_ingestion_gcs_dag_zone']) retrieved from /opt/airflow/dags/data_ingestion_gcs_dags_zone.py
[2022-02-07 14:54:30,548] {logging_mixin.py:109} INFO - [2022-02-07 14:54:30,547] {dag.py:2396} INFO - Sync 1 DAGs
[2022-02-07 14:54:30,569] {logging_mixin.py:109} INFO - [2022-02-07 14:54:30,569] {dag.py:2935} INFO - Setting next_dagrun for data_ingestion_gcs_dag_zone to 2022-02-06T00:00:00+00:00
[2022-02-07 14:54:30,580] {processor.py:171} INFO - Processing /opt/airflow/dags/data_ingestion_gcs_dags_zone.py took 0.815 seconds
