[2022-02-06 22:11:33,213] {taskinstance.py:1032} INFO - Dependencies all met for <TaskInstance: data_ingestion_gcs_dag.format_to_parquet_task scheduled__2021-08-02T06:00:00+00:00 [queued]>
[2022-02-06 22:11:33,260] {taskinstance.py:1032} INFO - Dependencies all met for <TaskInstance: data_ingestion_gcs_dag.format_to_parquet_task scheduled__2021-08-02T06:00:00+00:00 [queued]>
[2022-02-06 22:11:33,261] {taskinstance.py:1238} INFO - 
--------------------------------------------------------------------------------
[2022-02-06 22:11:33,263] {taskinstance.py:1239} INFO - Starting attempt 1 of 2
[2022-02-06 22:11:33,267] {taskinstance.py:1240} INFO - 
--------------------------------------------------------------------------------
[2022-02-06 22:11:33,311] {taskinstance.py:1259} INFO - Executing <Task(PythonOperator): format_to_parquet_task> on 2021-08-02 06:00:00+00:00
[2022-02-06 22:11:33,339] {standard_task_runner.py:52} INFO - Started process 1960 to run task
[2022-02-06 22:11:33,376] {standard_task_runner.py:76} INFO - Running: ['***', 'tasks', 'run', 'data_ingestion_gcs_dag', 'format_to_parquet_task', 'scheduled__2021-08-02T06:00:00+00:00', '--job-id', '238', '--raw', '--subdir', 'DAGS_FOLDER/data_ingestion_gcs_dags_hw.py', '--cfg-path', '/tmp/tmpbtlxv6yp', '--error-file', '/tmp/tmpy8yjacph']
[2022-02-06 22:11:33,380] {standard_task_runner.py:77} INFO - Job 238: Subtask format_to_parquet_task
[2022-02-06 22:11:33,836] {logging_mixin.py:109} INFO - Running <TaskInstance: data_ingestion_gcs_dag.format_to_parquet_task scheduled__2021-08-02T06:00:00+00:00 [running]> on host 6aa22590a839
[2022-02-06 22:11:34,260] {warnings.py:110} WARNING - /home/***/.local/lib/python3.7/site-packages/***/utils/context.py:152: AirflowContextDeprecationWarning: Accessing 'execution_date' from the template is deprecated and will be removed in a future version. Please use 'data_interval_start' or 'logical_date' instead.
  warnings.warn(_create_deprecation_warning(key, self._deprecation_replacements[key]))

[2022-02-06 22:11:34,385] {taskinstance.py:1426} INFO - Exporting the following env vars:
AIRFLOW_CTX_DAG_OWNER=***
AIRFLOW_CTX_DAG_ID=data_ingestion_gcs_dag
AIRFLOW_CTX_TASK_ID=format_to_parquet_task
AIRFLOW_CTX_EXECUTION_DATE=2021-08-02T06:00:00+00:00
AIRFLOW_CTX_DAG_RUN_ID=scheduled__2021-08-02T06:00:00+00:00
[2022-02-06 22:11:34,582] {python.py:175} INFO - Done. Returned value was: None
[2022-02-06 22:11:34,605] {taskinstance.py:1277} INFO - Marking task as SUCCESS. dag_id=data_ingestion_gcs_dag, task_id=format_to_parquet_task, execution_date=20210802T060000, start_date=20220206T221133, end_date=20220206T221134
[2022-02-06 22:11:34,726] {local_task_job.py:154} INFO - Task exited with return code 0
[2022-02-06 22:11:34,798] {local_task_job.py:264} INFO - 1 downstream tasks scheduled from follow-on schedule check
