[2022-02-06 17:18:31,545] {taskinstance.py:1032} INFO - Dependencies all met for <TaskInstance: data_ingestion_gcs_dag.bigquery_external_table_task scheduled__2021-09-02T06:00:00+00:00 [queued]>
[2022-02-06 17:18:32,801] {taskinstance.py:1032} INFO - Dependencies all met for <TaskInstance: data_ingestion_gcs_dag.bigquery_external_table_task scheduled__2021-09-02T06:00:00+00:00 [queued]>
[2022-02-06 17:18:32,873] {taskinstance.py:1238} INFO - 
--------------------------------------------------------------------------------
[2022-02-06 17:18:32,976] {taskinstance.py:1239} INFO - Starting attempt 1 of 2
[2022-02-06 17:18:32,997] {taskinstance.py:1240} INFO - 
--------------------------------------------------------------------------------
[2022-02-06 17:18:34,229] {taskinstance.py:1259} INFO - Executing <Task(BigQueryCreateExternalTableOperator): bigquery_external_table_task> on 2021-09-02 06:00:00+00:00
[2022-02-06 17:18:34,597] {standard_task_runner.py:52} INFO - Started process 3902 to run task
[2022-02-06 17:18:34,852] {standard_task_runner.py:76} INFO - Running: ['***', 'tasks', 'run', 'data_ingestion_gcs_dag', 'bigquery_external_table_task', 'scheduled__2021-09-02T06:00:00+00:00', '--job-id', '185', '--raw', '--subdir', 'DAGS_FOLDER/data_ingestion_gcs_dags_hw.py', '--cfg-path', '/tmp/tmp39exc11m', '--error-file', '/tmp/tmpujlwzcai']
[2022-02-06 17:18:34,965] {standard_task_runner.py:77} INFO - Job 185: Subtask bigquery_external_table_task
[2022-02-06 17:18:37,986] {logging_mixin.py:109} INFO - Running <TaskInstance: data_ingestion_gcs_dag.bigquery_external_table_task scheduled__2021-09-02T06:00:00+00:00 [running]> on host 6aa22590a839
[2022-02-06 17:18:39,134] {warnings.py:110} WARNING - /home/***/.local/lib/python3.7/site-packages/***/utils/context.py:152: AirflowContextDeprecationWarning: Accessing 'execution_date' from the template is deprecated and will be removed in a future version. Please use 'data_interval_start' or 'logical_date' instead.
  warnings.warn(_create_deprecation_warning(key, self._deprecation_replacements[key]))

[2022-02-06 17:18:40,932] {taskinstance.py:1426} INFO - Exporting the following env vars:
AIRFLOW_CTX_DAG_OWNER=***
AIRFLOW_CTX_DAG_ID=data_ingestion_gcs_dag
AIRFLOW_CTX_TASK_ID=bigquery_external_table_task
AIRFLOW_CTX_EXECUTION_DATE=2021-09-02T06:00:00+00:00
AIRFLOW_CTX_DAG_RUN_ID=scheduled__2021-09-02T06:00:00+00:00
[2022-02-06 17:18:41,028] {crypto.py:82} WARNING - empty cryptography key - values will not be stored encrypted.
[2022-02-06 17:18:48,638] {taskinstance.py:1277} INFO - Marking task as SUCCESS. dag_id=data_ingestion_gcs_dag, task_id=bigquery_external_table_task, execution_date=20210902T060000, start_date=20220206T171831, end_date=20220206T171848
[2022-02-06 17:18:50,344] {local_task_job.py:154} INFO - Task exited with return code 0
[2022-02-06 17:18:53,558] {local_task_job.py:264} INFO - 0 downstream tasks scheduled from follow-on schedule check
