[2022-02-06 21:58:34,582] {taskinstance.py:1032} INFO - Dependencies all met for <TaskInstance: data_ingestion_gcs_dag.bigquery_external_table_task scheduled__2020-02-02T06:00:00+00:00 [queued]>
[2022-02-06 21:58:34,615] {taskinstance.py:1032} INFO - Dependencies all met for <TaskInstance: data_ingestion_gcs_dag.bigquery_external_table_task scheduled__2020-02-02T06:00:00+00:00 [queued]>
[2022-02-06 21:58:34,618] {taskinstance.py:1238} INFO - 
--------------------------------------------------------------------------------
[2022-02-06 21:58:34,619] {taskinstance.py:1239} INFO - Starting attempt 1 of 2
[2022-02-06 21:58:34,620] {taskinstance.py:1240} INFO - 
--------------------------------------------------------------------------------
[2022-02-06 21:58:34,651] {taskinstance.py:1259} INFO - Executing <Task(BigQueryCreateExternalTableOperator): bigquery_external_table_task> on 2020-02-02 06:00:00+00:00
[2022-02-06 21:58:34,689] {standard_task_runner.py:52} INFO - Started process 1516 to run task
[2022-02-06 21:58:34,710] {standard_task_runner.py:76} INFO - Running: ['***', 'tasks', 'run', 'data_ingestion_gcs_dag', 'bigquery_external_table_task', 'scheduled__2020-02-02T06:00:00+00:00', '--job-id', '212', '--raw', '--subdir', 'DAGS_FOLDER/data_ingestion_gcs_dags_hw.py', '--cfg-path', '/tmp/tmpazu2028r', '--error-file', '/tmp/tmpkg7vqnza']
[2022-02-06 21:58:34,717] {standard_task_runner.py:77} INFO - Job 212: Subtask bigquery_external_table_task
[2022-02-06 21:58:34,894] {logging_mixin.py:109} INFO - Running <TaskInstance: data_ingestion_gcs_dag.bigquery_external_table_task scheduled__2020-02-02T06:00:00+00:00 [running]> on host 6aa22590a839
[2022-02-06 21:58:35,122] {warnings.py:110} WARNING - /home/***/.local/lib/python3.7/site-packages/***/utils/context.py:152: AirflowContextDeprecationWarning: Accessing 'execution_date' from the template is deprecated and will be removed in a future version. Please use 'data_interval_start' or 'logical_date' instead.
  warnings.warn(_create_deprecation_warning(key, self._deprecation_replacements[key]))

[2022-02-06 21:58:35,370] {taskinstance.py:1426} INFO - Exporting the following env vars:
AIRFLOW_CTX_DAG_OWNER=***
AIRFLOW_CTX_DAG_ID=data_ingestion_gcs_dag
AIRFLOW_CTX_TASK_ID=bigquery_external_table_task
AIRFLOW_CTX_EXECUTION_DATE=2020-02-02T06:00:00+00:00
AIRFLOW_CTX_DAG_RUN_ID=scheduled__2020-02-02T06:00:00+00:00
[2022-02-06 21:58:35,395] {crypto.py:82} WARNING - empty cryptography key - values will not be stored encrypted.
[2022-02-06 21:58:38,338] {taskinstance.py:1277} INFO - Marking task as SUCCESS. dag_id=data_ingestion_gcs_dag, task_id=bigquery_external_table_task, execution_date=20200202T060000, start_date=20220206T215834, end_date=20220206T215838
[2022-02-06 21:58:38,563] {local_task_job.py:154} INFO - Task exited with return code 0
[2022-02-06 21:58:38,871] {local_task_job.py:264} INFO - 0 downstream tasks scheduled from follow-on schedule check
