[2022-01-31 22:08:50,789] {taskinstance.py:1032} INFO - Dependencies all met for <TaskInstance: data_ingestion_gcs_dag.download_dataset_task scheduled__2022-01-30T00:00:00+00:00 [queued]>
[2022-01-31 22:08:50,826] {taskinstance.py:1032} INFO - Dependencies all met for <TaskInstance: data_ingestion_gcs_dag.download_dataset_task scheduled__2022-01-30T00:00:00+00:00 [queued]>
[2022-01-31 22:08:50,828] {taskinstance.py:1238} INFO - 
--------------------------------------------------------------------------------
[2022-01-31 22:08:50,829] {taskinstance.py:1239} INFO - Starting attempt 1 of 2
[2022-01-31 22:08:50,830] {taskinstance.py:1240} INFO - 
--------------------------------------------------------------------------------
[2022-01-31 22:08:50,860] {taskinstance.py:1259} INFO - Executing <Task(BashOperator): download_dataset_task> on 2022-01-30 00:00:00+00:00
[2022-01-31 22:08:50,879] {standard_task_runner.py:52} INFO - Started process 189 to run task
[2022-01-31 22:08:50,893] {standard_task_runner.py:76} INFO - Running: ['***', 'tasks', 'run', 'data_ingestion_gcs_dag', 'download_dataset_task', 'scheduled__2022-01-30T00:00:00+00:00', '--job-id', '81', '--raw', '--subdir', 'DAGS_FOLDER/data_ingestion_gcs_dags.py', '--cfg-path', '/tmp/tmplwd1zxwf', '--error-file', '/tmp/tmpnn9dz_n0']
[2022-01-31 22:08:50,903] {standard_task_runner.py:77} INFO - Job 81: Subtask download_dataset_task
[2022-01-31 22:08:50,966] {logging_mixin.py:109} INFO - Running <TaskInstance: data_ingestion_gcs_dag.download_dataset_task scheduled__2022-01-30T00:00:00+00:00 [running]> on host 6aa22590a839
[2022-01-31 22:08:51,086] {taskinstance.py:1426} INFO - Exporting the following env vars:
AIRFLOW_CTX_DAG_OWNER=***
AIRFLOW_CTX_DAG_ID=data_ingestion_gcs_dag
AIRFLOW_CTX_TASK_ID=download_dataset_task
AIRFLOW_CTX_EXECUTION_DATE=2022-01-30T00:00:00+00:00
AIRFLOW_CTX_DAG_RUN_ID=scheduled__2022-01-30T00:00:00+00:00
[2022-01-31 22:08:51,106] {subprocess.py:62} INFO - Tmp dir root location: 
 /tmp
[2022-01-31 22:08:51,112] {subprocess.py:74} INFO - Running command: ['bash', '-c', 'curl -sS https://s3.amazonaws.com/nyc-tlc/trip+data/yellow_tripdata_2021-01.csv > /opt/***/yellow_tripdata_2021-01.csv']
[2022-01-31 22:08:51,171] {subprocess.py:85} INFO - Output:
[2022-01-31 22:09:13,950] {subprocess.py:93} INFO - Command exited with return code 0
[2022-01-31 22:09:14,140] {taskinstance.py:1277} INFO - Marking task as SUCCESS. dag_id=data_ingestion_gcs_dag, task_id=download_dataset_task, execution_date=20220130T000000, start_date=20220131T220850, end_date=20220131T220914
[2022-01-31 22:09:14,237] {local_task_job.py:154} INFO - Task exited with return code 0
[2022-01-31 22:09:14,309] {local_task_job.py:264} INFO - 1 downstream tasks scheduled from follow-on schedule check
