[2022-02-06 15:04:46,437] {taskinstance.py:1032} INFO - Dependencies all met for <TaskInstance: data_ingestion_gcs_dag.download_dataset_task scheduled__2021-03-02T06:00:00+00:00 [queued]>
[2022-02-06 15:04:46,608] {taskinstance.py:1032} INFO - Dependencies all met for <TaskInstance: data_ingestion_gcs_dag.download_dataset_task scheduled__2021-03-02T06:00:00+00:00 [queued]>
[2022-02-06 15:04:46,618] {taskinstance.py:1238} INFO - 
--------------------------------------------------------------------------------
[2022-02-06 15:04:46,624] {taskinstance.py:1239} INFO - Starting attempt 1 of 2
[2022-02-06 15:04:46,626] {taskinstance.py:1240} INFO - 
--------------------------------------------------------------------------------
[2022-02-06 15:04:46,832] {taskinstance.py:1259} INFO - Executing <Task(BashOperator): download_dataset_task> on 2021-03-02 06:00:00+00:00
[2022-02-06 15:04:46,920] {standard_task_runner.py:52} INFO - Started process 3003 to run task
[2022-02-06 15:04:47,034] {standard_task_runner.py:76} INFO - Running: ['***', 'tasks', 'run', 'data_ingestion_gcs_dag', 'download_dataset_task', 'scheduled__2021-03-02T06:00:00+00:00', '--job-id', '157', '--raw', '--subdir', 'DAGS_FOLDER/data_ingestion_gcs_dags_hw.py', '--cfg-path', '/tmp/tmp2xbqfyll', '--error-file', '/tmp/tmpsx4o2r07']
[2022-02-06 15:04:47,053] {standard_task_runner.py:77} INFO - Job 157: Subtask download_dataset_task
[2022-02-06 15:04:47,369] {logging_mixin.py:109} INFO - Running <TaskInstance: data_ingestion_gcs_dag.download_dataset_task scheduled__2021-03-02T06:00:00+00:00 [running]> on host 6aa22590a839
[2022-02-06 15:04:47,554] {warnings.py:110} WARNING - /home/***/.local/lib/python3.7/site-packages/***/utils/context.py:152: AirflowContextDeprecationWarning: Accessing 'execution_date' from the template is deprecated and will be removed in a future version. Please use 'data_interval_start' or 'logical_date' instead.
  warnings.warn(_create_deprecation_warning(key, self._deprecation_replacements[key]))

[2022-02-06 15:04:47,613] {taskinstance.py:1426} INFO - Exporting the following env vars:
AIRFLOW_CTX_DAG_OWNER=***
AIRFLOW_CTX_DAG_ID=data_ingestion_gcs_dag
AIRFLOW_CTX_TASK_ID=download_dataset_task
AIRFLOW_CTX_EXECUTION_DATE=2021-03-02T06:00:00+00:00
AIRFLOW_CTX_DAG_RUN_ID=scheduled__2021-03-02T06:00:00+00:00
[2022-02-06 15:04:47,615] {subprocess.py:62} INFO - Tmp dir root location: 
 /tmp
[2022-02-06 15:04:47,620] {subprocess.py:74} INFO - Running command: ['bash', '-c', 'curl -sS https://s3.amazonaws.com/nyc-tlc/trip+data/yellow_tripdata_2021-03.csv > /opt/***/yellow_tripdata_2021-03.csv']
[2022-02-06 15:04:47,640] {subprocess.py:85} INFO - Output:
[2022-02-06 15:06:32,106] {subprocess.py:93} INFO - Command exited with return code 0
[2022-02-06 15:06:32,319] {taskinstance.py:1277} INFO - Marking task as SUCCESS. dag_id=data_ingestion_gcs_dag, task_id=download_dataset_task, execution_date=20210302T060000, start_date=20220206T150446, end_date=20220206T150632
[2022-02-06 15:06:32,471] {local_task_job.py:154} INFO - Task exited with return code 0
[2022-02-06 15:06:32,646] {local_task_job.py:264} INFO - 1 downstream tasks scheduled from follow-on schedule check
