[2022-02-06 22:11:49,011] {taskinstance.py:1032} INFO - Dependencies all met for <TaskInstance: data_ingestion_gcs_dag.bigquery_external_table_task scheduled__2020-10-02T06:00:00+00:00 [queued]>
[2022-02-06 22:11:49,044] {taskinstance.py:1032} INFO - Dependencies all met for <TaskInstance: data_ingestion_gcs_dag.bigquery_external_table_task scheduled__2020-10-02T06:00:00+00:00 [queued]>
[2022-02-06 22:11:49,046] {taskinstance.py:1238} INFO - 
--------------------------------------------------------------------------------
[2022-02-06 22:11:49,049] {taskinstance.py:1239} INFO - Starting attempt 1 of 2
[2022-02-06 22:11:49,056] {taskinstance.py:1240} INFO - 
--------------------------------------------------------------------------------
[2022-02-06 22:11:49,094] {taskinstance.py:1259} INFO - Executing <Task(BigQueryCreateExternalTableOperator): bigquery_external_table_task> on 2020-10-02 06:00:00+00:00
[2022-02-06 22:11:49,119] {standard_task_runner.py:76} INFO - Running: ['***', 'tasks', 'run', 'data_ingestion_gcs_dag', 'bigquery_external_table_task', 'scheduled__2020-10-02T06:00:00+00:00', '--job-id', '241', '--raw', '--subdir', 'DAGS_FOLDER/data_ingestion_gcs_dags_hw.py', '--cfg-path', '/tmp/tmpl291fs48', '--error-file', '/tmp/tmpawgdaqdp']
[2022-02-06 22:11:49,129] {standard_task_runner.py:77} INFO - Job 241: Subtask bigquery_external_table_task
[2022-02-06 22:11:49,115] {standard_task_runner.py:52} INFO - Started process 1972 to run task
[2022-02-06 22:11:49,319] {logging_mixin.py:109} INFO - Running <TaskInstance: data_ingestion_gcs_dag.bigquery_external_table_task scheduled__2020-10-02T06:00:00+00:00 [running]> on host 6aa22590a839
[2022-02-06 22:11:49,512] {warnings.py:110} WARNING - /home/***/.local/lib/python3.7/site-packages/***/utils/context.py:152: AirflowContextDeprecationWarning: Accessing 'execution_date' from the template is deprecated and will be removed in a future version. Please use 'data_interval_start' or 'logical_date' instead.
  warnings.warn(_create_deprecation_warning(key, self._deprecation_replacements[key]))

[2022-02-06 22:11:49,584] {taskinstance.py:1426} INFO - Exporting the following env vars:
AIRFLOW_CTX_DAG_OWNER=***
AIRFLOW_CTX_DAG_ID=data_ingestion_gcs_dag
AIRFLOW_CTX_TASK_ID=bigquery_external_table_task
AIRFLOW_CTX_EXECUTION_DATE=2020-10-02T06:00:00+00:00
AIRFLOW_CTX_DAG_RUN_ID=scheduled__2020-10-02T06:00:00+00:00
[2022-02-06 22:11:49,597] {crypto.py:82} WARNING - empty cryptography key - values will not be stored encrypted.
[2022-02-06 22:11:50,553] {taskinstance.py:1277} INFO - Marking task as SUCCESS. dag_id=data_ingestion_gcs_dag, task_id=bigquery_external_table_task, execution_date=20201002T060000, start_date=20220206T221149, end_date=20220206T221150
[2022-02-06 22:11:50,646] {local_task_job.py:154} INFO - Task exited with return code 0
[2022-02-06 22:11:50,704] {local_task_job.py:264} INFO - 0 downstream tasks scheduled from follow-on schedule check
