[2022-02-05 19:15:07,711] {taskinstance.py:1032} INFO - Dependencies all met for <TaskInstance: data_ingestion_gcs_dag.format_to_parquet_task scheduled__2019-03-02T06:00:00+00:00 [queued]>
[2022-02-05 19:15:07,904] {taskinstance.py:1032} INFO - Dependencies all met for <TaskInstance: data_ingestion_gcs_dag.format_to_parquet_task scheduled__2019-03-02T06:00:00+00:00 [queued]>
[2022-02-05 19:15:07,906] {taskinstance.py:1238} INFO - 
--------------------------------------------------------------------------------
[2022-02-05 19:15:07,907] {taskinstance.py:1239} INFO - Starting attempt 1 of 2
[2022-02-05 19:15:07,909] {taskinstance.py:1240} INFO - 
--------------------------------------------------------------------------------
[2022-02-05 19:15:08,004] {taskinstance.py:1259} INFO - Executing <Task(PythonOperator): format_to_parquet_task> on 2019-03-02 06:00:00+00:00
[2022-02-05 19:15:08,062] {standard_task_runner.py:52} INFO - Started process 508 to run task
[2022-02-05 19:15:08,098] {standard_task_runner.py:76} INFO - Running: ['***', 'tasks', 'run', 'data_ingestion_gcs_dag', 'format_to_parquet_task', 'scheduled__2019-03-02T06:00:00+00:00', '--job-id', '95', '--raw', '--subdir', 'DAGS_FOLDER/data_ingestion_gcs_dags_hw.py', '--cfg-path', '/tmp/tmpk33ygmvo', '--error-file', '/tmp/tmpjw5f6ggj']
[2022-02-05 19:15:08,114] {standard_task_runner.py:77} INFO - Job 95: Subtask format_to_parquet_task
[2022-02-05 19:15:08,476] {logging_mixin.py:109} INFO - Running <TaskInstance: data_ingestion_gcs_dag.format_to_parquet_task scheduled__2019-03-02T06:00:00+00:00 [running]> on host 6aa22590a839
[2022-02-05 19:15:08,894] {warnings.py:110} WARNING - /home/***/.local/lib/python3.7/site-packages/***/utils/context.py:152: AirflowContextDeprecationWarning: Accessing 'execution_date' from the template is deprecated and will be removed in a future version. Please use 'data_interval_start' or 'logical_date' instead.
  warnings.warn(_create_deprecation_warning(key, self._deprecation_replacements[key]))

[2022-02-05 19:15:09,025] {taskinstance.py:1426} INFO - Exporting the following env vars:
AIRFLOW_CTX_DAG_OWNER=***
AIRFLOW_CTX_DAG_ID=data_ingestion_gcs_dag
AIRFLOW_CTX_TASK_ID=format_to_parquet_task
AIRFLOW_CTX_EXECUTION_DATE=2019-03-02T06:00:00+00:00
AIRFLOW_CTX_DAG_RUN_ID=scheduled__2019-03-02T06:00:00+00:00
[2022-02-05 19:19:03,881] {python.py:175} INFO - Done. Returned value was: None
[2022-02-05 19:19:04,454] {taskinstance.py:1277} INFO - Marking task as SUCCESS. dag_id=data_ingestion_gcs_dag, task_id=format_to_parquet_task, execution_date=20190302T060000, start_date=20220205T191507, end_date=20220205T191904
[2022-02-05 19:19:06,841] {local_task_job.py:154} INFO - Task exited with return code 0
[2022-02-05 19:19:08,463] {local_task_job.py:264} INFO - 0 downstream tasks scheduled from follow-on schedule check
