[2022-02-06 16:37:30,601] {taskinstance.py:1032} INFO - Dependencies all met for <TaskInstance: data_ingestion_gcs_dag.format_to_parquet_task scheduled__2019-03-02T06:00:00+00:00 [queued]>
[2022-02-06 16:37:30,629] {taskinstance.py:1032} INFO - Dependencies all met for <TaskInstance: data_ingestion_gcs_dag.format_to_parquet_task scheduled__2019-03-02T06:00:00+00:00 [queued]>
[2022-02-06 16:37:30,630] {taskinstance.py:1238} INFO - 
--------------------------------------------------------------------------------
[2022-02-06 16:37:30,636] {taskinstance.py:1239} INFO - Starting attempt 3 of 3
[2022-02-06 16:37:30,640] {taskinstance.py:1240} INFO - 
--------------------------------------------------------------------------------
[2022-02-06 16:37:30,676] {taskinstance.py:1259} INFO - Executing <Task(PythonOperator): format_to_parquet_task> on 2019-03-02 06:00:00+00:00
[2022-02-06 16:37:30,706] {standard_task_runner.py:52} INFO - Started process 3553 to run task
[2022-02-06 16:37:30,738] {standard_task_runner.py:76} INFO - Running: ['***', 'tasks', 'run', 'data_ingestion_gcs_dag', 'format_to_parquet_task', 'scheduled__2019-03-02T06:00:00+00:00', '--job-id', '177', '--raw', '--subdir', 'DAGS_FOLDER/data_ingestion_gcs_dags_hw.py', '--cfg-path', '/tmp/tmpxumem59u', '--error-file', '/tmp/tmporyx66fs']
[2022-02-06 16:37:30,755] {standard_task_runner.py:77} INFO - Job 177: Subtask format_to_parquet_task
[2022-02-06 16:37:30,903] {logging_mixin.py:109} INFO - Running <TaskInstance: data_ingestion_gcs_dag.format_to_parquet_task scheduled__2019-03-02T06:00:00+00:00 [running]> on host 6aa22590a839
[2022-02-06 16:37:30,985] {warnings.py:110} WARNING - /home/***/.local/lib/python3.7/site-packages/***/utils/context.py:152: AirflowContextDeprecationWarning: Accessing 'execution_date' from the template is deprecated and will be removed in a future version. Please use 'data_interval_start' or 'logical_date' instead.
  warnings.warn(_create_deprecation_warning(key, self._deprecation_replacements[key]))

[2022-02-06 16:37:31,034] {taskinstance.py:1426} INFO - Exporting the following env vars:
AIRFLOW_CTX_DAG_OWNER=***
AIRFLOW_CTX_DAG_ID=data_ingestion_gcs_dag
AIRFLOW_CTX_TASK_ID=format_to_parquet_task
AIRFLOW_CTX_EXECUTION_DATE=2019-03-02T06:00:00+00:00
AIRFLOW_CTX_DAG_RUN_ID=scheduled__2019-03-02T06:00:00+00:00
[2022-02-06 16:41:30,185] {local_task_job.py:154} INFO - Task exited with return code Negsignal.SIGKILL
[2022-02-06 16:41:31,308] {taskinstance.py:1277} INFO - Marking task as FAILED. dag_id=data_ingestion_gcs_dag, task_id=format_to_parquet_task, execution_date=20190302T060000, start_date=20220206T163730, end_date=20220206T164131
[2022-02-06 16:41:33,618] {local_task_job.py:264} INFO - 0 downstream tasks scheduled from follow-on schedule check
