[2022-02-06 11:21:18,940] {taskinstance.py:1032} INFO - Dependencies all met for <TaskInstance: data_ingestion_gcs_dag.local_to_gcs_task scheduled__2020-05-02T06:00:00+00:00 [queued]>
[2022-02-06 11:21:18,975] {taskinstance.py:1032} INFO - Dependencies all met for <TaskInstance: data_ingestion_gcs_dag.local_to_gcs_task scheduled__2020-05-02T06:00:00+00:00 [queued]>
[2022-02-06 11:21:18,977] {taskinstance.py:1238} INFO - 
--------------------------------------------------------------------------------
[2022-02-06 11:21:18,979] {taskinstance.py:1239} INFO - Starting attempt 1 of 2
[2022-02-06 11:21:18,980] {taskinstance.py:1240} INFO - 
--------------------------------------------------------------------------------
[2022-02-06 11:21:19,022] {taskinstance.py:1259} INFO - Executing <Task(PythonOperator): local_to_gcs_task> on 2020-05-02 06:00:00+00:00
[2022-02-06 11:21:19,036] {standard_task_runner.py:52} INFO - Started process 2681 to run task
[2022-02-06 11:21:19,059] {standard_task_runner.py:76} INFO - Running: ['***', 'tasks', 'run', 'data_ingestion_gcs_dag', 'local_to_gcs_task', 'scheduled__2020-05-02T06:00:00+00:00', '--job-id', '136', '--raw', '--subdir', 'DAGS_FOLDER/data_ingestion_gcs_dags_hw.py', '--cfg-path', '/tmp/tmpzgq2j5r9', '--error-file', '/tmp/tmp56ywk1qx']
[2022-02-06 11:21:19,068] {standard_task_runner.py:77} INFO - Job 136: Subtask local_to_gcs_task
[2022-02-06 11:21:19,238] {logging_mixin.py:109} INFO - Running <TaskInstance: data_ingestion_gcs_dag.local_to_gcs_task scheduled__2020-05-02T06:00:00+00:00 [running]> on host 6aa22590a839
[2022-02-06 11:21:19,462] {warnings.py:110} WARNING - /home/***/.local/lib/python3.7/site-packages/***/utils/context.py:152: AirflowContextDeprecationWarning: Accessing 'execution_date' from the template is deprecated and will be removed in a future version. Please use 'data_interval_start' or 'logical_date' instead.
  warnings.warn(_create_deprecation_warning(key, self._deprecation_replacements[key]))

[2022-02-06 11:21:19,726] {taskinstance.py:1426} INFO - Exporting the following env vars:
AIRFLOW_CTX_DAG_OWNER=***
AIRFLOW_CTX_DAG_ID=data_ingestion_gcs_dag
AIRFLOW_CTX_TASK_ID=local_to_gcs_task
AIRFLOW_CTX_EXECUTION_DATE=2020-05-02T06:00:00+00:00
AIRFLOW_CTX_DAG_RUN_ID=scheduled__2020-05-02T06:00:00+00:00
[2022-02-06 11:21:29,424] {python.py:175} INFO - Done. Returned value was: None
[2022-02-06 11:21:29,834] {taskinstance.py:1277} INFO - Marking task as SUCCESS. dag_id=data_ingestion_gcs_dag, task_id=local_to_gcs_task, execution_date=20200502T060000, start_date=20220206T112118, end_date=20220206T112129
[2022-02-06 11:21:30,130] {local_task_job.py:154} INFO - Task exited with return code 0
[2022-02-06 11:21:30,384] {local_task_job.py:264} INFO - 1 downstream tasks scheduled from follow-on schedule check
