[2022-01-30 22:03:01,422] {taskinstance.py:1032} INFO - Dependencies all met for <TaskInstance: data_ingestion_gcs_dag.download_dataset_task scheduled__2022-01-28T00:00:00+00:00 [queued]>
[2022-01-30 22:03:01,440] {taskinstance.py:1032} INFO - Dependencies all met for <TaskInstance: data_ingestion_gcs_dag.download_dataset_task scheduled__2022-01-28T00:00:00+00:00 [queued]>
[2022-01-30 22:03:01,441] {taskinstance.py:1238} INFO - 
--------------------------------------------------------------------------------
[2022-01-30 22:03:01,442] {taskinstance.py:1239} INFO - Starting attempt 2 of 3
[2022-01-30 22:03:01,443] {taskinstance.py:1240} INFO - 
--------------------------------------------------------------------------------
[2022-01-30 22:03:01,462] {taskinstance.py:1259} INFO - Executing <Task(BashOperator): download_dataset_task> on 2022-01-28 00:00:00+00:00
[2022-01-30 22:03:01,472] {standard_task_runner.py:52} INFO - Started process 324 to run task
[2022-01-30 22:03:01,482] {standard_task_runner.py:76} INFO - Running: ['***', 'tasks', 'run', 'data_ingestion_gcs_dag', 'download_dataset_task', 'scheduled__2022-01-28T00:00:00+00:00', '--job-id', '41', '--raw', '--subdir', 'DAGS_FOLDER/data_ingestion_gcs_dags.py', '--cfg-path', '/tmp/tmp55vwlvmf', '--error-file', '/tmp/tmpqxnz0pq4']
[2022-01-30 22:03:01,484] {standard_task_runner.py:77} INFO - Job 41: Subtask download_dataset_task
[2022-01-30 22:03:01,558] {logging_mixin.py:109} INFO - Running <TaskInstance: data_ingestion_gcs_dag.download_dataset_task scheduled__2022-01-28T00:00:00+00:00 [running]> on host 6aa22590a839
[2022-01-30 22:03:01,621] {taskinstance.py:1426} INFO - Exporting the following env vars:
AIRFLOW_CTX_DAG_OWNER=***
AIRFLOW_CTX_DAG_ID=data_ingestion_gcs_dag
AIRFLOW_CTX_TASK_ID=download_dataset_task
AIRFLOW_CTX_EXECUTION_DATE=2022-01-28T00:00:00+00:00
AIRFLOW_CTX_DAG_RUN_ID=scheduled__2022-01-28T00:00:00+00:00
[2022-01-30 22:03:01,624] {subprocess.py:62} INFO - Tmp dir root location: 
 /tmp
[2022-01-30 22:03:01,627] {subprocess.py:74} INFO - Running command: ['bash', '-c', 'curl -sS https://s3.amazonaws.com/nyc-tlc/trip+data/yellow_tripdata_2021-01.csv > /opt/***/yellow_tripdata_2021-01.csv']
[2022-01-30 22:03:01,647] {subprocess.py:85} INFO - Output:
[2022-01-30 22:03:25,973] {subprocess.py:93} INFO - Command exited with return code 0
[2022-01-30 22:03:26,108] {taskinstance.py:1277} INFO - Marking task as SUCCESS. dag_id=data_ingestion_gcs_dag, task_id=download_dataset_task, execution_date=20220128T000000, start_date=20220130T220301, end_date=20220130T220326
[2022-01-30 22:03:26,159] {local_task_job.py:154} INFO - Task exited with return code 0
[2022-01-30 22:03:26,196] {local_task_job.py:264} INFO - 1 downstream tasks scheduled from follow-on schedule check
