[2022-01-30 21:58:28,879] {processor.py:163} INFO - Started process (PID=112) to work on /opt/airflow/dags/data_ingestion_gcs_dags.py
[2022-01-30 21:58:28,895] {processor.py:642} INFO - Processing file /opt/airflow/dags/data_ingestion_gcs_dags.py for tasks to queue
[2022-01-30 21:58:28,923] {logging_mixin.py:109} INFO - [2022-01-30 21:58:28,923] {dagbag.py:500} INFO - Filling up the DagBag from /opt/airflow/dags/data_ingestion_gcs_dags.py
[2022-01-30 21:58:48,966] {processor.py:654} INFO - DAG(s) dict_keys(['data_ingestion_gcs_dag']) retrieved from /opt/airflow/dags/data_ingestion_gcs_dags.py
[2022-01-30 21:58:52,543] {logging_mixin.py:109} INFO - [2022-01-30 21:58:52,542] {dag.py:2396} INFO - Sync 1 DAGs
[2022-01-30 21:58:52,656] {processor.py:171} INFO - Processing /opt/airflow/dags/data_ingestion_gcs_dags.py took 23.850 seconds
[2022-01-30 21:59:22,956] {processor.py:163} INFO - Started process (PID=146) to work on /opt/airflow/dags/data_ingestion_gcs_dags.py
[2022-01-30 21:59:22,959] {processor.py:642} INFO - Processing file /opt/airflow/dags/data_ingestion_gcs_dags.py for tasks to queue
[2022-01-30 21:59:22,960] {logging_mixin.py:109} INFO - [2022-01-30 21:59:22,960] {dagbag.py:500} INFO - Filling up the DagBag from /opt/airflow/dags/data_ingestion_gcs_dags.py
[2022-01-30 21:59:24,299] {processor.py:654} INFO - DAG(s) dict_keys(['data_ingestion_gcs_dag']) retrieved from /opt/airflow/dags/data_ingestion_gcs_dags.py
[2022-01-30 21:59:24,309] {logging_mixin.py:109} INFO - [2022-01-30 21:59:24,309] {dag.py:2396} INFO - Sync 1 DAGs
[2022-01-30 21:59:24,335] {processor.py:171} INFO - Processing /opt/airflow/dags/data_ingestion_gcs_dags.py took 1.385 seconds
[2022-01-30 21:59:54,607] {processor.py:163} INFO - Started process (PID=167) to work on /opt/airflow/dags/data_ingestion_gcs_dags.py
[2022-01-30 21:59:54,614] {processor.py:642} INFO - Processing file /opt/airflow/dags/data_ingestion_gcs_dags.py for tasks to queue
[2022-01-30 21:59:54,625] {logging_mixin.py:109} INFO - [2022-01-30 21:59:54,625] {dagbag.py:500} INFO - Filling up the DagBag from /opt/airflow/dags/data_ingestion_gcs_dags.py
[2022-01-30 21:59:55,923] {processor.py:654} INFO - DAG(s) dict_keys(['data_ingestion_gcs_dag']) retrieved from /opt/airflow/dags/data_ingestion_gcs_dags.py
[2022-01-30 21:59:55,939] {logging_mixin.py:109} INFO - [2022-01-30 21:59:55,939] {dag.py:2396} INFO - Sync 1 DAGs
[2022-01-30 21:59:55,964] {processor.py:171} INFO - Processing /opt/airflow/dags/data_ingestion_gcs_dags.py took 1.366 seconds
[2022-01-30 22:00:26,053] {processor.py:163} INFO - Started process (PID=191) to work on /opt/airflow/dags/data_ingestion_gcs_dags.py
[2022-01-30 22:00:26,059] {processor.py:642} INFO - Processing file /opt/airflow/dags/data_ingestion_gcs_dags.py for tasks to queue
[2022-01-30 22:00:26,062] {logging_mixin.py:109} INFO - [2022-01-30 22:00:26,062] {dagbag.py:500} INFO - Filling up the DagBag from /opt/airflow/dags/data_ingestion_gcs_dags.py
[2022-01-30 22:00:26,984] {processor.py:654} INFO - DAG(s) dict_keys(['data_ingestion_gcs_dag']) retrieved from /opt/airflow/dags/data_ingestion_gcs_dags.py
[2022-01-30 22:00:26,995] {logging_mixin.py:109} INFO - [2022-01-30 22:00:26,995] {dag.py:2396} INFO - Sync 1 DAGs
[2022-01-30 22:00:27,021] {processor.py:171} INFO - Processing /opt/airflow/dags/data_ingestion_gcs_dags.py took 0.979 seconds
[2022-01-30 22:00:57,184] {processor.py:163} INFO - Started process (PID=224) to work on /opt/airflow/dags/data_ingestion_gcs_dags.py
[2022-01-30 22:00:57,186] {processor.py:642} INFO - Processing file /opt/airflow/dags/data_ingestion_gcs_dags.py for tasks to queue
[2022-01-30 22:00:57,188] {logging_mixin.py:109} INFO - [2022-01-30 22:00:57,188] {dagbag.py:500} INFO - Filling up the DagBag from /opt/airflow/dags/data_ingestion_gcs_dags.py
[2022-01-30 22:00:58,268] {processor.py:654} INFO - DAG(s) dict_keys(['data_ingestion_gcs_dag']) retrieved from /opt/airflow/dags/data_ingestion_gcs_dags.py
[2022-01-30 22:00:58,281] {logging_mixin.py:109} INFO - [2022-01-30 22:00:58,281] {dag.py:2396} INFO - Sync 1 DAGs
[2022-01-30 22:00:58,313] {processor.py:171} INFO - Processing /opt/airflow/dags/data_ingestion_gcs_dags.py took 1.136 seconds
[2022-01-30 22:01:29,449] {processor.py:163} INFO - Started process (PID=249) to work on /opt/airflow/dags/data_ingestion_gcs_dags.py
[2022-01-30 22:01:29,479] {processor.py:642} INFO - Processing file /opt/airflow/dags/data_ingestion_gcs_dags.py for tasks to queue
[2022-01-30 22:01:29,484] {logging_mixin.py:109} INFO - [2022-01-30 22:01:29,483] {dagbag.py:500} INFO - Filling up the DagBag from /opt/airflow/dags/data_ingestion_gcs_dags.py
[2022-01-30 22:01:33,808] {processor.py:654} INFO - DAG(s) dict_keys(['data_ingestion_gcs_dag']) retrieved from /opt/airflow/dags/data_ingestion_gcs_dags.py
[2022-01-30 22:01:33,843] {logging_mixin.py:109} INFO - [2022-01-30 22:01:33,842] {dag.py:2396} INFO - Sync 1 DAGs
[2022-01-30 22:01:33,963] {processor.py:171} INFO - Processing /opt/airflow/dags/data_ingestion_gcs_dags.py took 4.547 seconds
[2022-01-30 22:02:05,023] {processor.py:163} INFO - Started process (PID=276) to work on /opt/airflow/dags/data_ingestion_gcs_dags.py
[2022-01-30 22:02:05,034] {processor.py:642} INFO - Processing file /opt/airflow/dags/data_ingestion_gcs_dags.py for tasks to queue
[2022-01-30 22:02:05,043] {logging_mixin.py:109} INFO - [2022-01-30 22:02:05,043] {dagbag.py:500} INFO - Filling up the DagBag from /opt/airflow/dags/data_ingestion_gcs_dags.py
[2022-01-30 22:02:07,943] {processor.py:654} INFO - DAG(s) dict_keys(['data_ingestion_gcs_dag']) retrieved from /opt/airflow/dags/data_ingestion_gcs_dags.py
[2022-01-30 22:02:07,953] {logging_mixin.py:109} INFO - [2022-01-30 22:02:07,953] {dag.py:2396} INFO - Sync 1 DAGs
[2022-01-30 22:02:07,981] {processor.py:171} INFO - Processing /opt/airflow/dags/data_ingestion_gcs_dags.py took 3.020 seconds
[2022-01-30 22:02:38,133] {processor.py:163} INFO - Started process (PID=298) to work on /opt/airflow/dags/data_ingestion_gcs_dags.py
[2022-01-30 22:02:38,137] {processor.py:642} INFO - Processing file /opt/airflow/dags/data_ingestion_gcs_dags.py for tasks to queue
[2022-01-30 22:02:38,139] {logging_mixin.py:109} INFO - [2022-01-30 22:02:38,139] {dagbag.py:500} INFO - Filling up the DagBag from /opt/airflow/dags/data_ingestion_gcs_dags.py
[2022-01-30 22:02:39,074] {processor.py:654} INFO - DAG(s) dict_keys(['data_ingestion_gcs_dag']) retrieved from /opt/airflow/dags/data_ingestion_gcs_dags.py
[2022-01-30 22:02:39,087] {logging_mixin.py:109} INFO - [2022-01-30 22:02:39,086] {dag.py:2396} INFO - Sync 1 DAGs
[2022-01-30 22:02:39,111] {processor.py:171} INFO - Processing /opt/airflow/dags/data_ingestion_gcs_dags.py took 0.984 seconds
[2022-01-30 22:03:09,276] {processor.py:163} INFO - Started process (PID=321) to work on /opt/airflow/dags/data_ingestion_gcs_dags.py
[2022-01-30 22:03:09,280] {processor.py:642} INFO - Processing file /opt/airflow/dags/data_ingestion_gcs_dags.py for tasks to queue
[2022-01-30 22:03:09,284] {logging_mixin.py:109} INFO - [2022-01-30 22:03:09,284] {dagbag.py:500} INFO - Filling up the DagBag from /opt/airflow/dags/data_ingestion_gcs_dags.py
[2022-01-30 22:03:11,262] {processor.py:654} INFO - DAG(s) dict_keys(['data_ingestion_gcs_dag']) retrieved from /opt/airflow/dags/data_ingestion_gcs_dags.py
[2022-01-30 22:03:11,287] {logging_mixin.py:109} INFO - [2022-01-30 22:03:11,287] {dag.py:2396} INFO - Sync 1 DAGs
[2022-01-30 22:03:11,452] {processor.py:171} INFO - Processing /opt/airflow/dags/data_ingestion_gcs_dags.py took 2.185 seconds
[2022-01-30 22:03:41,858] {processor.py:163} INFO - Started process (PID=342) to work on /opt/airflow/dags/data_ingestion_gcs_dags.py
[2022-01-30 22:03:41,865] {processor.py:642} INFO - Processing file /opt/airflow/dags/data_ingestion_gcs_dags.py for tasks to queue
[2022-01-30 22:03:41,868] {logging_mixin.py:109} INFO - [2022-01-30 22:03:41,867] {dagbag.py:500} INFO - Filling up the DagBag from /opt/airflow/dags/data_ingestion_gcs_dags.py
[2022-01-30 22:03:42,715] {processor.py:654} INFO - DAG(s) dict_keys(['data_ingestion_gcs_dag']) retrieved from /opt/airflow/dags/data_ingestion_gcs_dags.py
[2022-01-30 22:03:42,727] {logging_mixin.py:109} INFO - [2022-01-30 22:03:42,727] {dag.py:2396} INFO - Sync 1 DAGs
[2022-01-30 22:03:42,765] {processor.py:171} INFO - Processing /opt/airflow/dags/data_ingestion_gcs_dags.py took 0.913 seconds
[2022-01-30 22:04:12,921] {processor.py:163} INFO - Started process (PID=364) to work on /opt/airflow/dags/data_ingestion_gcs_dags.py
[2022-01-30 22:04:12,928] {processor.py:642} INFO - Processing file /opt/airflow/dags/data_ingestion_gcs_dags.py for tasks to queue
[2022-01-30 22:04:12,932] {logging_mixin.py:109} INFO - [2022-01-30 22:04:12,931] {dagbag.py:500} INFO - Filling up the DagBag from /opt/airflow/dags/data_ingestion_gcs_dags.py
[2022-01-30 22:04:17,055] {processor.py:654} INFO - DAG(s) dict_keys(['data_ingestion_gcs_dag']) retrieved from /opt/airflow/dags/data_ingestion_gcs_dags.py
[2022-01-30 22:04:17,097] {logging_mixin.py:109} INFO - [2022-01-30 22:04:17,097] {dag.py:2396} INFO - Sync 1 DAGs
[2022-01-30 22:04:17,159] {processor.py:171} INFO - Processing /opt/airflow/dags/data_ingestion_gcs_dags.py took 4.246 seconds
[2022-01-30 22:04:47,273] {processor.py:163} INFO - Started process (PID=387) to work on /opt/airflow/dags/data_ingestion_gcs_dags.py
[2022-01-30 22:04:47,278] {processor.py:642} INFO - Processing file /opt/airflow/dags/data_ingestion_gcs_dags.py for tasks to queue
[2022-01-30 22:04:47,282] {logging_mixin.py:109} INFO - [2022-01-30 22:04:47,282] {dagbag.py:500} INFO - Filling up the DagBag from /opt/airflow/dags/data_ingestion_gcs_dags.py
[2022-01-30 22:04:48,420] {processor.py:654} INFO - DAG(s) dict_keys(['data_ingestion_gcs_dag']) retrieved from /opt/airflow/dags/data_ingestion_gcs_dags.py
[2022-01-30 22:04:48,447] {logging_mixin.py:109} INFO - [2022-01-30 22:04:48,446] {dag.py:2396} INFO - Sync 1 DAGs
[2022-01-30 22:04:48,504] {processor.py:171} INFO - Processing /opt/airflow/dags/data_ingestion_gcs_dags.py took 1.237 seconds
[2022-01-30 22:05:18,673] {processor.py:163} INFO - Started process (PID=409) to work on /opt/airflow/dags/data_ingestion_gcs_dags.py
[2022-01-30 22:05:18,676] {processor.py:642} INFO - Processing file /opt/airflow/dags/data_ingestion_gcs_dags.py for tasks to queue
[2022-01-30 22:05:18,679] {logging_mixin.py:109} INFO - [2022-01-30 22:05:18,679] {dagbag.py:500} INFO - Filling up the DagBag from /opt/airflow/dags/data_ingestion_gcs_dags.py
[2022-01-30 22:05:21,620] {processor.py:654} INFO - DAG(s) dict_keys(['data_ingestion_gcs_dag']) retrieved from /opt/airflow/dags/data_ingestion_gcs_dags.py
[2022-01-30 22:05:21,639] {logging_mixin.py:109} INFO - [2022-01-30 22:05:21,638] {dag.py:2396} INFO - Sync 1 DAGs
[2022-01-30 22:05:21,679] {processor.py:171} INFO - Processing /opt/airflow/dags/data_ingestion_gcs_dags.py took 3.012 seconds
[2022-01-30 22:05:52,298] {processor.py:163} INFO - Started process (PID=431) to work on /opt/airflow/dags/data_ingestion_gcs_dags.py
[2022-01-30 22:05:52,306] {processor.py:642} INFO - Processing file /opt/airflow/dags/data_ingestion_gcs_dags.py for tasks to queue
[2022-01-30 22:05:52,308] {logging_mixin.py:109} INFO - [2022-01-30 22:05:52,308] {dagbag.py:500} INFO - Filling up the DagBag from /opt/airflow/dags/data_ingestion_gcs_dags.py
[2022-01-30 22:05:54,092] {processor.py:654} INFO - DAG(s) dict_keys(['data_ingestion_gcs_dag']) retrieved from /opt/airflow/dags/data_ingestion_gcs_dags.py
[2022-01-30 22:05:54,109] {logging_mixin.py:109} INFO - [2022-01-30 22:05:54,109] {dag.py:2396} INFO - Sync 1 DAGs
[2022-01-30 22:05:54,142] {processor.py:171} INFO - Processing /opt/airflow/dags/data_ingestion_gcs_dags.py took 1.850 seconds
[2022-01-30 22:06:24,622] {processor.py:163} INFO - Started process (PID=452) to work on /opt/airflow/dags/data_ingestion_gcs_dags.py
[2022-01-30 22:06:24,624] {processor.py:642} INFO - Processing file /opt/airflow/dags/data_ingestion_gcs_dags.py for tasks to queue
[2022-01-30 22:06:24,631] {logging_mixin.py:109} INFO - [2022-01-30 22:06:24,630] {dagbag.py:500} INFO - Filling up the DagBag from /opt/airflow/dags/data_ingestion_gcs_dags.py
[2022-01-30 22:06:26,559] {processor.py:654} INFO - DAG(s) dict_keys(['data_ingestion_gcs_dag']) retrieved from /opt/airflow/dags/data_ingestion_gcs_dags.py
[2022-01-30 22:06:26,582] {logging_mixin.py:109} INFO - [2022-01-30 22:06:26,582] {dag.py:2396} INFO - Sync 1 DAGs
[2022-01-30 22:06:26,633] {processor.py:171} INFO - Processing /opt/airflow/dags/data_ingestion_gcs_dags.py took 2.020 seconds
[2022-01-30 22:06:56,879] {processor.py:163} INFO - Started process (PID=472) to work on /opt/airflow/dags/data_ingestion_gcs_dags.py
[2022-01-30 22:06:56,892] {processor.py:642} INFO - Processing file /opt/airflow/dags/data_ingestion_gcs_dags.py for tasks to queue
[2022-01-30 22:06:56,895] {logging_mixin.py:109} INFO - [2022-01-30 22:06:56,894] {dagbag.py:500} INFO - Filling up the DagBag from /opt/airflow/dags/data_ingestion_gcs_dags.py
[2022-01-30 22:07:02,584] {processor.py:654} INFO - DAG(s) dict_keys(['data_ingestion_gcs_dag']) retrieved from /opt/airflow/dags/data_ingestion_gcs_dags.py
[2022-01-30 22:07:02,655] {logging_mixin.py:109} INFO - [2022-01-30 22:07:02,654] {dag.py:2396} INFO - Sync 1 DAGs
[2022-01-30 22:07:02,826] {processor.py:171} INFO - Processing /opt/airflow/dags/data_ingestion_gcs_dags.py took 5.963 seconds
[2022-01-30 22:07:33,396] {processor.py:163} INFO - Started process (PID=493) to work on /opt/airflow/dags/data_ingestion_gcs_dags.py
[2022-01-30 22:07:33,399] {processor.py:642} INFO - Processing file /opt/airflow/dags/data_ingestion_gcs_dags.py for tasks to queue
[2022-01-30 22:07:33,401] {logging_mixin.py:109} INFO - [2022-01-30 22:07:33,401] {dagbag.py:500} INFO - Filling up the DagBag from /opt/airflow/dags/data_ingestion_gcs_dags.py
[2022-01-30 22:07:34,528] {processor.py:654} INFO - DAG(s) dict_keys(['data_ingestion_gcs_dag']) retrieved from /opt/airflow/dags/data_ingestion_gcs_dags.py
[2022-01-30 22:07:34,538] {logging_mixin.py:109} INFO - [2022-01-30 22:07:34,537] {dag.py:2396} INFO - Sync 1 DAGs
[2022-01-30 22:07:34,565] {processor.py:171} INFO - Processing /opt/airflow/dags/data_ingestion_gcs_dags.py took 1.177 seconds
[2022-01-30 22:08:04,733] {processor.py:163} INFO - Started process (PID=515) to work on /opt/airflow/dags/data_ingestion_gcs_dags.py
[2022-01-30 22:08:04,738] {processor.py:642} INFO - Processing file /opt/airflow/dags/data_ingestion_gcs_dags.py for tasks to queue
[2022-01-30 22:08:04,741] {logging_mixin.py:109} INFO - [2022-01-30 22:08:04,741] {dagbag.py:500} INFO - Filling up the DagBag from /opt/airflow/dags/data_ingestion_gcs_dags.py
[2022-01-30 22:08:06,038] {processor.py:654} INFO - DAG(s) dict_keys(['data_ingestion_gcs_dag']) retrieved from /opt/airflow/dags/data_ingestion_gcs_dags.py
[2022-01-30 22:08:06,065] {logging_mixin.py:109} INFO - [2022-01-30 22:08:06,064] {dag.py:2396} INFO - Sync 1 DAGs
[2022-01-30 22:08:06,102] {processor.py:171} INFO - Processing /opt/airflow/dags/data_ingestion_gcs_dags.py took 1.401 seconds
[2022-01-30 22:08:37,355] {processor.py:163} INFO - Started process (PID=539) to work on /opt/airflow/dags/data_ingestion_gcs_dags.py
[2022-01-30 22:08:37,373] {processor.py:642} INFO - Processing file /opt/airflow/dags/data_ingestion_gcs_dags.py for tasks to queue
[2022-01-30 22:08:37,381] {logging_mixin.py:109} INFO - [2022-01-30 22:08:37,381] {dagbag.py:500} INFO - Filling up the DagBag from /opt/airflow/dags/data_ingestion_gcs_dags.py
[2022-01-30 22:08:50,789] {processor.py:654} INFO - DAG(s) dict_keys(['data_ingestion_gcs_dag']) retrieved from /opt/airflow/dags/data_ingestion_gcs_dags.py
[2022-01-30 22:08:50,840] {logging_mixin.py:109} INFO - [2022-01-30 22:08:50,839] {dag.py:2396} INFO - Sync 1 DAGs
[2022-01-30 22:08:50,955] {processor.py:171} INFO - Processing /opt/airflow/dags/data_ingestion_gcs_dags.py took 13.756 seconds
