[2022-01-31 22:09:26,042] {taskinstance.py:1032} INFO - Dependencies all met for <TaskInstance: data_ingestion_gcs_dag.local_to_gcs_task scheduled__2022-01-30T00:00:00+00:00 [queued]>
[2022-01-31 22:09:26,059] {taskinstance.py:1032} INFO - Dependencies all met for <TaskInstance: data_ingestion_gcs_dag.local_to_gcs_task scheduled__2022-01-30T00:00:00+00:00 [queued]>
[2022-01-31 22:09:26,061] {taskinstance.py:1238} INFO - 
--------------------------------------------------------------------------------
[2022-01-31 22:09:26,063] {taskinstance.py:1239} INFO - Starting attempt 1 of 2
[2022-01-31 22:09:26,063] {taskinstance.py:1240} INFO - 
--------------------------------------------------------------------------------
[2022-01-31 22:09:26,080] {taskinstance.py:1259} INFO - Executing <Task(PythonOperator): local_to_gcs_task> on 2022-01-30 00:00:00+00:00
[2022-01-31 22:09:26,089] {standard_task_runner.py:52} INFO - Started process 218 to run task
[2022-01-31 22:09:26,100] {standard_task_runner.py:76} INFO - Running: ['***', 'tasks', 'run', 'data_ingestion_gcs_dag', 'local_to_gcs_task', 'scheduled__2022-01-30T00:00:00+00:00', '--job-id', '83', '--raw', '--subdir', 'DAGS_FOLDER/data_ingestion_gcs_dags.py', '--cfg-path', '/tmp/tmp8enrcau4', '--error-file', '/tmp/tmp28zn3ucs']
[2022-01-31 22:09:26,103] {standard_task_runner.py:77} INFO - Job 83: Subtask local_to_gcs_task
[2022-01-31 22:09:26,174] {logging_mixin.py:109} INFO - Running <TaskInstance: data_ingestion_gcs_dag.local_to_gcs_task scheduled__2022-01-30T00:00:00+00:00 [running]> on host 6aa22590a839
[2022-01-31 22:09:26,244] {taskinstance.py:1426} INFO - Exporting the following env vars:
AIRFLOW_CTX_DAG_OWNER=***
AIRFLOW_CTX_DAG_ID=data_ingestion_gcs_dag
AIRFLOW_CTX_TASK_ID=local_to_gcs_task
AIRFLOW_CTX_EXECUTION_DATE=2022-01-30T00:00:00+00:00
AIRFLOW_CTX_DAG_RUN_ID=scheduled__2022-01-30T00:00:00+00:00
[2022-01-31 22:09:45,502] {python.py:175} INFO - Done. Returned value was: None
[2022-01-31 22:09:45,590] {taskinstance.py:1277} INFO - Marking task as SUCCESS. dag_id=data_ingestion_gcs_dag, task_id=local_to_gcs_task, execution_date=20220130T000000, start_date=20220131T220926, end_date=20220131T220945
[2022-01-31 22:09:45,726] {local_task_job.py:154} INFO - Task exited with return code 0
[2022-01-31 22:09:46,085] {local_task_job.py:264} INFO - 1 downstream tasks scheduled from follow-on schedule check
