[2022-01-27 15:08:56,731] {processor.py:163} INFO - Started process (PID=59) to work on /opt/airflow/dags/data_ingestion_gcs_dags.py
[2022-01-27 15:08:56,742] {processor.py:642} INFO - Processing file /opt/airflow/dags/data_ingestion_gcs_dags.py for tasks to queue
[2022-01-27 15:08:56,744] {logging_mixin.py:109} INFO - [2022-01-27 15:08:56,744] {dagbag.py:500} INFO - Filling up the DagBag from /opt/airflow/dags/data_ingestion_gcs_dags.py
[2022-01-27 15:09:05,913] {processor.py:654} INFO - DAG(s) dict_keys(['data_ingestion_gcs_dag']) retrieved from /opt/airflow/dags/data_ingestion_gcs_dags.py
[2022-01-27 15:09:53,513] {processor.py:163} INFO - Started process (PID=94) to work on /opt/airflow/dags/data_ingestion_gcs_dags.py
[2022-01-27 15:09:53,584] {processor.py:642} INFO - Processing file /opt/airflow/dags/data_ingestion_gcs_dags.py for tasks to queue
[2022-01-27 15:09:53,606] {logging_mixin.py:109} INFO - [2022-01-27 15:09:53,593] {dagbag.py:500} INFO - Filling up the DagBag from /opt/airflow/dags/data_ingestion_gcs_dags.py
[2022-01-27 15:10:05,823] {processor.py:654} INFO - DAG(s) dict_keys(['data_ingestion_gcs_dag']) retrieved from /opt/airflow/dags/data_ingestion_gcs_dags.py
[2022-01-27 15:10:29,002] {logging_mixin.py:109} INFO - [2022-01-27 15:10:29,002] {manager.py:496} INFO - Created Permission View: can read on DAG:data_ingestion_gcs_dag
[2022-01-27 15:10:29,083] {logging_mixin.py:109} INFO - [2022-01-27 15:10:29,082] {manager.py:496} INFO - Created Permission View: can edit on DAG:data_ingestion_gcs_dag
[2022-01-27 15:10:29,085] {logging_mixin.py:109} INFO - [2022-01-27 15:10:29,085] {dag.py:2396} INFO - Sync 1 DAGs
[2022-01-27 15:10:29,128] {logging_mixin.py:109} INFO - [2022-01-27 15:10:29,122] {dag.py:2415} INFO - Creating ORM DAG for data_ingestion_gcs_dag
[2022-01-27 15:10:29,188] {logging_mixin.py:109} INFO - [2022-01-27 15:10:29,187] {dag.py:2935} INFO - Setting next_dagrun for data_ingestion_gcs_dag to 2022-01-26 00:00:00+00:00
[2022-01-27 15:10:29,264] {processor.py:171} INFO - Processing /opt/airflow/dags/data_ingestion_gcs_dags.py took 35.857 seconds
[2022-01-27 15:11:00,189] {processor.py:163} INFO - Started process (PID=139) to work on /opt/airflow/dags/data_ingestion_gcs_dags.py
[2022-01-27 15:11:00,198] {processor.py:642} INFO - Processing file /opt/airflow/dags/data_ingestion_gcs_dags.py for tasks to queue
[2022-01-27 15:11:00,230] {logging_mixin.py:109} INFO - [2022-01-27 15:11:00,230] {dagbag.py:500} INFO - Filling up the DagBag from /opt/airflow/dags/data_ingestion_gcs_dags.py
[2022-01-27 15:11:03,953] {processor.py:654} INFO - DAG(s) dict_keys(['data_ingestion_gcs_dag']) retrieved from /opt/airflow/dags/data_ingestion_gcs_dags.py
[2022-01-27 15:11:03,965] {logging_mixin.py:109} INFO - [2022-01-27 15:11:03,965] {dag.py:2396} INFO - Sync 1 DAGs
[2022-01-27 15:11:03,988] {logging_mixin.py:109} INFO - [2022-01-27 15:11:03,988] {dag.py:2935} INFO - Setting next_dagrun for data_ingestion_gcs_dag to 2022-01-26 00:00:00+00:00
[2022-01-27 15:11:04,001] {processor.py:171} INFO - Processing /opt/airflow/dags/data_ingestion_gcs_dags.py took 3.902 seconds
[2022-01-27 15:11:34,170] {processor.py:163} INFO - Started process (PID=163) to work on /opt/airflow/dags/data_ingestion_gcs_dags.py
[2022-01-27 15:11:34,173] {processor.py:642} INFO - Processing file /opt/airflow/dags/data_ingestion_gcs_dags.py for tasks to queue
[2022-01-27 15:11:34,180] {logging_mixin.py:109} INFO - [2022-01-27 15:11:34,179] {dagbag.py:500} INFO - Filling up the DagBag from /opt/airflow/dags/data_ingestion_gcs_dags.py
[2022-01-27 15:11:34,989] {processor.py:654} INFO - DAG(s) dict_keys(['data_ingestion_gcs_dag']) retrieved from /opt/airflow/dags/data_ingestion_gcs_dags.py
[2022-01-27 15:11:35,009] {logging_mixin.py:109} INFO - [2022-01-27 15:11:35,008] {dag.py:2396} INFO - Sync 1 DAGs
[2022-01-27 15:11:35,030] {logging_mixin.py:109} INFO - [2022-01-27 15:11:35,030] {dag.py:2935} INFO - Setting next_dagrun for data_ingestion_gcs_dag to 2022-01-26 00:00:00+00:00
[2022-01-27 15:11:35,040] {processor.py:171} INFO - Processing /opt/airflow/dags/data_ingestion_gcs_dags.py took 0.876 seconds
[2022-01-27 15:12:05,307] {processor.py:163} INFO - Started process (PID=186) to work on /opt/airflow/dags/data_ingestion_gcs_dags.py
[2022-01-27 15:12:05,310] {processor.py:642} INFO - Processing file /opt/airflow/dags/data_ingestion_gcs_dags.py for tasks to queue
[2022-01-27 15:12:05,312] {logging_mixin.py:109} INFO - [2022-01-27 15:12:05,312] {dagbag.py:500} INFO - Filling up the DagBag from /opt/airflow/dags/data_ingestion_gcs_dags.py
[2022-01-27 15:12:06,055] {processor.py:654} INFO - DAG(s) dict_keys(['data_ingestion_gcs_dag']) retrieved from /opt/airflow/dags/data_ingestion_gcs_dags.py
[2022-01-27 15:12:06,070] {logging_mixin.py:109} INFO - [2022-01-27 15:12:06,070] {dag.py:2396} INFO - Sync 1 DAGs
[2022-01-27 15:12:06,090] {logging_mixin.py:109} INFO - [2022-01-27 15:12:06,090] {dag.py:2935} INFO - Setting next_dagrun for data_ingestion_gcs_dag to 2022-01-26 00:00:00+00:00
[2022-01-27 15:12:06,100] {processor.py:171} INFO - Processing /opt/airflow/dags/data_ingestion_gcs_dags.py took 0.800 seconds
[2022-01-27 15:12:36,257] {processor.py:163} INFO - Started process (PID=216) to work on /opt/airflow/dags/data_ingestion_gcs_dags.py
[2022-01-27 15:12:36,263] {processor.py:642} INFO - Processing file /opt/airflow/dags/data_ingestion_gcs_dags.py for tasks to queue
[2022-01-27 15:12:36,264] {logging_mixin.py:109} INFO - [2022-01-27 15:12:36,264] {dagbag.py:500} INFO - Filling up the DagBag from /opt/airflow/dags/data_ingestion_gcs_dags.py
[2022-01-27 15:12:38,783] {processor.py:654} INFO - DAG(s) dict_keys(['data_ingestion_gcs_dag']) retrieved from /opt/airflow/dags/data_ingestion_gcs_dags.py
[2022-01-27 15:12:38,813] {logging_mixin.py:109} INFO - [2022-01-27 15:12:38,813] {dag.py:2396} INFO - Sync 1 DAGs
[2022-01-27 15:12:38,856] {logging_mixin.py:109} INFO - [2022-01-27 15:12:38,855] {dag.py:2935} INFO - Setting next_dagrun for data_ingestion_gcs_dag to 2022-01-26 00:00:00+00:00
[2022-01-27 15:12:38,892] {processor.py:171} INFO - Processing /opt/airflow/dags/data_ingestion_gcs_dags.py took 2.639 seconds
[2022-01-27 15:13:09,105] {processor.py:163} INFO - Started process (PID=236) to work on /opt/airflow/dags/data_ingestion_gcs_dags.py
[2022-01-27 15:13:09,115] {processor.py:642} INFO - Processing file /opt/airflow/dags/data_ingestion_gcs_dags.py for tasks to queue
[2022-01-27 15:13:09,118] {logging_mixin.py:109} INFO - [2022-01-27 15:13:09,118] {dagbag.py:500} INFO - Filling up the DagBag from /opt/airflow/dags/data_ingestion_gcs_dags.py
[2022-01-27 15:13:10,024] {processor.py:654} INFO - DAG(s) dict_keys(['data_ingestion_gcs_dag']) retrieved from /opt/airflow/dags/data_ingestion_gcs_dags.py
[2022-01-27 15:13:10,074] {logging_mixin.py:109} INFO - [2022-01-27 15:13:10,073] {dag.py:2396} INFO - Sync 1 DAGs
[2022-01-27 15:13:10,106] {logging_mixin.py:109} INFO - [2022-01-27 15:13:10,106] {dag.py:2935} INFO - Setting next_dagrun for data_ingestion_gcs_dag to 2022-01-26 00:00:00+00:00
[2022-01-27 15:13:10,120] {processor.py:171} INFO - Processing /opt/airflow/dags/data_ingestion_gcs_dags.py took 1.036 seconds
[2022-01-27 15:13:40,649] {processor.py:163} INFO - Started process (PID=250) to work on /opt/airflow/dags/data_ingestion_gcs_dags.py
[2022-01-27 15:13:40,652] {processor.py:642} INFO - Processing file /opt/airflow/dags/data_ingestion_gcs_dags.py for tasks to queue
[2022-01-27 15:13:40,653] {logging_mixin.py:109} INFO - [2022-01-27 15:13:40,653] {dagbag.py:500} INFO - Filling up the DagBag from /opt/airflow/dags/data_ingestion_gcs_dags.py
[2022-01-27 15:13:41,694] {processor.py:654} INFO - DAG(s) dict_keys(['data_ingestion_gcs_dag']) retrieved from /opt/airflow/dags/data_ingestion_gcs_dags.py
[2022-01-27 15:13:41,709] {logging_mixin.py:109} INFO - [2022-01-27 15:13:41,708] {dag.py:2396} INFO - Sync 1 DAGs
[2022-01-27 15:13:41,725] {logging_mixin.py:109} INFO - [2022-01-27 15:13:41,725] {dag.py:2935} INFO - Setting next_dagrun for data_ingestion_gcs_dag to 2022-01-26 00:00:00+00:00
[2022-01-27 15:13:41,735] {processor.py:171} INFO - Processing /opt/airflow/dags/data_ingestion_gcs_dags.py took 1.090 seconds
[2022-01-27 15:14:11,852] {processor.py:163} INFO - Started process (PID=281) to work on /opt/airflow/dags/data_ingestion_gcs_dags.py
[2022-01-27 15:14:11,860] {processor.py:642} INFO - Processing file /opt/airflow/dags/data_ingestion_gcs_dags.py for tasks to queue
[2022-01-27 15:14:11,863] {logging_mixin.py:109} INFO - [2022-01-27 15:14:11,862] {dagbag.py:500} INFO - Filling up the DagBag from /opt/airflow/dags/data_ingestion_gcs_dags.py
[2022-01-27 15:14:12,677] {processor.py:654} INFO - DAG(s) dict_keys(['data_ingestion_gcs_dag']) retrieved from /opt/airflow/dags/data_ingestion_gcs_dags.py
[2022-01-27 15:14:12,687] {logging_mixin.py:109} INFO - [2022-01-27 15:14:12,687] {dag.py:2396} INFO - Sync 1 DAGs
[2022-01-27 15:14:12,702] {logging_mixin.py:109} INFO - [2022-01-27 15:14:12,702] {dag.py:2935} INFO - Setting next_dagrun for data_ingestion_gcs_dag to 2022-01-26 00:00:00+00:00
[2022-01-27 15:14:12,713] {processor.py:171} INFO - Processing /opt/airflow/dags/data_ingestion_gcs_dags.py took 0.867 seconds
[2022-01-27 15:14:42,834] {processor.py:163} INFO - Started process (PID=307) to work on /opt/airflow/dags/data_ingestion_gcs_dags.py
[2022-01-27 15:14:42,836] {processor.py:642} INFO - Processing file /opt/airflow/dags/data_ingestion_gcs_dags.py for tasks to queue
[2022-01-27 15:14:42,839] {logging_mixin.py:109} INFO - [2022-01-27 15:14:42,838] {dagbag.py:500} INFO - Filling up the DagBag from /opt/airflow/dags/data_ingestion_gcs_dags.py
[2022-01-27 15:14:43,976] {processor.py:654} INFO - DAG(s) dict_keys(['data_ingestion_gcs_dag']) retrieved from /opt/airflow/dags/data_ingestion_gcs_dags.py
[2022-01-27 15:14:43,989] {logging_mixin.py:109} INFO - [2022-01-27 15:14:43,989] {dag.py:2396} INFO - Sync 1 DAGs
[2022-01-27 15:14:44,007] {logging_mixin.py:109} INFO - [2022-01-27 15:14:44,007] {dag.py:2935} INFO - Setting next_dagrun for data_ingestion_gcs_dag to 2022-01-26 00:00:00+00:00
[2022-01-27 15:14:44,018] {processor.py:171} INFO - Processing /opt/airflow/dags/data_ingestion_gcs_dags.py took 1.191 seconds
[2022-01-27 15:15:14,682] {processor.py:163} INFO - Started process (PID=331) to work on /opt/airflow/dags/data_ingestion_gcs_dags.py
[2022-01-27 15:15:14,687] {processor.py:642} INFO - Processing file /opt/airflow/dags/data_ingestion_gcs_dags.py for tasks to queue
[2022-01-27 15:15:14,692] {logging_mixin.py:109} INFO - [2022-01-27 15:15:14,691] {dagbag.py:500} INFO - Filling up the DagBag from /opt/airflow/dags/data_ingestion_gcs_dags.py
[2022-01-27 15:15:16,996] {processor.py:654} INFO - DAG(s) dict_keys(['data_ingestion_gcs_dag']) retrieved from /opt/airflow/dags/data_ingestion_gcs_dags.py
[2022-01-27 15:15:17,015] {logging_mixin.py:109} INFO - [2022-01-27 15:15:17,015] {dag.py:2396} INFO - Sync 1 DAGs
[2022-01-27 15:15:17,053] {processor.py:171} INFO - Processing /opt/airflow/dags/data_ingestion_gcs_dags.py took 2.382 seconds
[2022-01-27 15:15:47,367] {processor.py:163} INFO - Started process (PID=353) to work on /opt/airflow/dags/data_ingestion_gcs_dags.py
[2022-01-27 15:15:47,378] {processor.py:642} INFO - Processing file /opt/airflow/dags/data_ingestion_gcs_dags.py for tasks to queue
[2022-01-27 15:15:47,385] {logging_mixin.py:109} INFO - [2022-01-27 15:15:47,385] {dagbag.py:500} INFO - Filling up the DagBag from /opt/airflow/dags/data_ingestion_gcs_dags.py
[2022-01-27 15:15:49,322] {processor.py:654} INFO - DAG(s) dict_keys(['data_ingestion_gcs_dag']) retrieved from /opt/airflow/dags/data_ingestion_gcs_dags.py
[2022-01-27 15:15:49,352] {logging_mixin.py:109} INFO - [2022-01-27 15:15:49,351] {dag.py:2396} INFO - Sync 1 DAGs
[2022-01-27 15:15:49,410] {processor.py:171} INFO - Processing /opt/airflow/dags/data_ingestion_gcs_dags.py took 2.053 seconds
[2022-01-27 15:16:19,932] {processor.py:163} INFO - Started process (PID=375) to work on /opt/airflow/dags/data_ingestion_gcs_dags.py
[2022-01-27 15:16:19,977] {processor.py:642} INFO - Processing file /opt/airflow/dags/data_ingestion_gcs_dags.py for tasks to queue
[2022-01-27 15:16:19,985] {logging_mixin.py:109} INFO - [2022-01-27 15:16:19,984] {dagbag.py:500} INFO - Filling up the DagBag from /opt/airflow/dags/data_ingestion_gcs_dags.py
[2022-01-27 15:16:21,769] {processor.py:654} INFO - DAG(s) dict_keys(['data_ingestion_gcs_dag']) retrieved from /opt/airflow/dags/data_ingestion_gcs_dags.py
[2022-01-27 15:16:21,786] {logging_mixin.py:109} INFO - [2022-01-27 15:16:21,785] {dag.py:2396} INFO - Sync 1 DAGs
[2022-01-27 15:16:21,821] {processor.py:171} INFO - Processing /opt/airflow/dags/data_ingestion_gcs_dags.py took 1.943 seconds
[2022-01-27 15:16:52,758] {processor.py:163} INFO - Started process (PID=396) to work on /opt/airflow/dags/data_ingestion_gcs_dags.py
[2022-01-27 15:16:52,797] {processor.py:642} INFO - Processing file /opt/airflow/dags/data_ingestion_gcs_dags.py for tasks to queue
[2022-01-27 15:16:52,802] {logging_mixin.py:109} INFO - [2022-01-27 15:16:52,801] {dagbag.py:500} INFO - Filling up the DagBag from /opt/airflow/dags/data_ingestion_gcs_dags.py
[2022-01-27 15:16:54,513] {processor.py:654} INFO - DAG(s) dict_keys(['data_ingestion_gcs_dag']) retrieved from /opt/airflow/dags/data_ingestion_gcs_dags.py
[2022-01-27 15:16:54,536] {logging_mixin.py:109} INFO - [2022-01-27 15:16:54,536] {dag.py:2396} INFO - Sync 1 DAGs
[2022-01-27 15:16:54,574] {processor.py:171} INFO - Processing /opt/airflow/dags/data_ingestion_gcs_dags.py took 1.842 seconds
[2022-01-27 15:17:25,564] {processor.py:163} INFO - Started process (PID=420) to work on /opt/airflow/dags/data_ingestion_gcs_dags.py
[2022-01-27 15:17:25,569] {processor.py:642} INFO - Processing file /opt/airflow/dags/data_ingestion_gcs_dags.py for tasks to queue
[2022-01-27 15:17:25,573] {logging_mixin.py:109} INFO - [2022-01-27 15:17:25,573] {dagbag.py:500} INFO - Filling up the DagBag from /opt/airflow/dags/data_ingestion_gcs_dags.py
[2022-01-27 15:17:27,521] {processor.py:654} INFO - DAG(s) dict_keys(['data_ingestion_gcs_dag']) retrieved from /opt/airflow/dags/data_ingestion_gcs_dags.py
[2022-01-27 15:17:27,566] {logging_mixin.py:109} INFO - [2022-01-27 15:17:27,566] {dag.py:2396} INFO - Sync 1 DAGs
[2022-01-27 15:17:27,644] {processor.py:171} INFO - Processing /opt/airflow/dags/data_ingestion_gcs_dags.py took 2.104 seconds
[2022-01-27 15:17:57,963] {processor.py:163} INFO - Started process (PID=445) to work on /opt/airflow/dags/data_ingestion_gcs_dags.py
[2022-01-27 15:17:57,967] {processor.py:642} INFO - Processing file /opt/airflow/dags/data_ingestion_gcs_dags.py for tasks to queue
[2022-01-27 15:17:57,969] {logging_mixin.py:109} INFO - [2022-01-27 15:17:57,968] {dagbag.py:500} INFO - Filling up the DagBag from /opt/airflow/dags/data_ingestion_gcs_dags.py
[2022-01-27 15:17:59,388] {processor.py:654} INFO - DAG(s) dict_keys(['data_ingestion_gcs_dag']) retrieved from /opt/airflow/dags/data_ingestion_gcs_dags.py
[2022-01-27 15:17:59,411] {logging_mixin.py:109} INFO - [2022-01-27 15:17:59,409] {dag.py:2396} INFO - Sync 1 DAGs
[2022-01-27 15:17:59,450] {processor.py:171} INFO - Processing /opt/airflow/dags/data_ingestion_gcs_dags.py took 1.491 seconds
[2022-01-27 15:18:30,030] {processor.py:163} INFO - Started process (PID=469) to work on /opt/airflow/dags/data_ingestion_gcs_dags.py
[2022-01-27 15:18:30,046] {processor.py:642} INFO - Processing file /opt/airflow/dags/data_ingestion_gcs_dags.py for tasks to queue
[2022-01-27 15:18:30,063] {logging_mixin.py:109} INFO - [2022-01-27 15:18:30,062] {dagbag.py:500} INFO - Filling up the DagBag from /opt/airflow/dags/data_ingestion_gcs_dags.py
[2022-01-27 15:18:33,845] {processor.py:654} INFO - DAG(s) dict_keys(['data_ingestion_gcs_dag']) retrieved from /opt/airflow/dags/data_ingestion_gcs_dags.py
[2022-01-27 15:18:33,939] {logging_mixin.py:109} INFO - [2022-01-27 15:18:33,938] {dag.py:2396} INFO - Sync 1 DAGs
[2022-01-27 15:18:34,070] {processor.py:171} INFO - Processing /opt/airflow/dags/data_ingestion_gcs_dags.py took 4.060 seconds
[2022-01-27 15:19:04,421] {processor.py:163} INFO - Started process (PID=492) to work on /opt/airflow/dags/data_ingestion_gcs_dags.py
[2022-01-27 15:19:04,430] {processor.py:642} INFO - Processing file /opt/airflow/dags/data_ingestion_gcs_dags.py for tasks to queue
[2022-01-27 15:19:04,437] {logging_mixin.py:109} INFO - [2022-01-27 15:19:04,437] {dagbag.py:500} INFO - Filling up the DagBag from /opt/airflow/dags/data_ingestion_gcs_dags.py
[2022-01-27 15:19:06,613] {processor.py:654} INFO - DAG(s) dict_keys(['data_ingestion_gcs_dag']) retrieved from /opt/airflow/dags/data_ingestion_gcs_dags.py
[2022-01-27 15:19:06,638] {logging_mixin.py:109} INFO - [2022-01-27 15:19:06,637] {dag.py:2396} INFO - Sync 1 DAGs
[2022-01-27 15:19:06,674] {processor.py:171} INFO - Processing /opt/airflow/dags/data_ingestion_gcs_dags.py took 2.270 seconds
[2022-01-27 15:19:36,867] {processor.py:163} INFO - Started process (PID=515) to work on /opt/airflow/dags/data_ingestion_gcs_dags.py
[2022-01-27 15:19:36,871] {processor.py:642} INFO - Processing file /opt/airflow/dags/data_ingestion_gcs_dags.py for tasks to queue
[2022-01-27 15:19:36,873] {logging_mixin.py:109} INFO - [2022-01-27 15:19:36,873] {dagbag.py:500} INFO - Filling up the DagBag from /opt/airflow/dags/data_ingestion_gcs_dags.py
[2022-01-27 15:19:37,637] {processor.py:654} INFO - DAG(s) dict_keys(['data_ingestion_gcs_dag']) retrieved from /opt/airflow/dags/data_ingestion_gcs_dags.py
[2022-01-27 15:19:37,661] {logging_mixin.py:109} INFO - [2022-01-27 15:19:37,661] {dag.py:2396} INFO - Sync 1 DAGs
[2022-01-27 15:19:37,707] {processor.py:171} INFO - Processing /opt/airflow/dags/data_ingestion_gcs_dags.py took 0.846 seconds
[2022-01-27 15:20:07,916] {processor.py:163} INFO - Started process (PID=536) to work on /opt/airflow/dags/data_ingestion_gcs_dags.py
[2022-01-27 15:20:07,919] {processor.py:642} INFO - Processing file /opt/airflow/dags/data_ingestion_gcs_dags.py for tasks to queue
[2022-01-27 15:20:07,920] {logging_mixin.py:109} INFO - [2022-01-27 15:20:07,920] {dagbag.py:500} INFO - Filling up the DagBag from /opt/airflow/dags/data_ingestion_gcs_dags.py
[2022-01-27 15:20:08,978] {processor.py:654} INFO - DAG(s) dict_keys(['data_ingestion_gcs_dag']) retrieved from /opt/airflow/dags/data_ingestion_gcs_dags.py
[2022-01-27 15:20:08,992] {logging_mixin.py:109} INFO - [2022-01-27 15:20:08,992] {dag.py:2396} INFO - Sync 1 DAGs
[2022-01-27 15:20:09,022] {processor.py:171} INFO - Processing /opt/airflow/dags/data_ingestion_gcs_dags.py took 1.112 seconds
[2022-01-27 15:20:39,109] {processor.py:163} INFO - Started process (PID=560) to work on /opt/airflow/dags/data_ingestion_gcs_dags.py
[2022-01-27 15:20:39,113] {processor.py:642} INFO - Processing file /opt/airflow/dags/data_ingestion_gcs_dags.py for tasks to queue
[2022-01-27 15:20:39,115] {logging_mixin.py:109} INFO - [2022-01-27 15:20:39,114] {dagbag.py:500} INFO - Filling up the DagBag from /opt/airflow/dags/data_ingestion_gcs_dags.py
[2022-01-27 15:20:39,967] {processor.py:654} INFO - DAG(s) dict_keys(['data_ingestion_gcs_dag']) retrieved from /opt/airflow/dags/data_ingestion_gcs_dags.py
[2022-01-27 15:20:39,978] {logging_mixin.py:109} INFO - [2022-01-27 15:20:39,978] {dag.py:2396} INFO - Sync 1 DAGs
[2022-01-27 15:20:40,003] {processor.py:171} INFO - Processing /opt/airflow/dags/data_ingestion_gcs_dags.py took 0.901 seconds
[2022-01-27 15:21:10,134] {processor.py:163} INFO - Started process (PID=588) to work on /opt/airflow/dags/data_ingestion_gcs_dags.py
[2022-01-27 15:21:10,139] {processor.py:642} INFO - Processing file /opt/airflow/dags/data_ingestion_gcs_dags.py for tasks to queue
[2022-01-27 15:21:10,141] {logging_mixin.py:109} INFO - [2022-01-27 15:21:10,141] {dagbag.py:500} INFO - Filling up the DagBag from /opt/airflow/dags/data_ingestion_gcs_dags.py
[2022-01-27 15:21:11,024] {processor.py:654} INFO - DAG(s) dict_keys(['data_ingestion_gcs_dag']) retrieved from /opt/airflow/dags/data_ingestion_gcs_dags.py
[2022-01-27 15:21:11,036] {logging_mixin.py:109} INFO - [2022-01-27 15:21:11,035] {dag.py:2396} INFO - Sync 1 DAGs
[2022-01-27 15:21:11,077] {processor.py:171} INFO - Processing /opt/airflow/dags/data_ingestion_gcs_dags.py took 0.948 seconds
[2022-01-27 15:21:41,224] {processor.py:163} INFO - Started process (PID=620) to work on /opt/airflow/dags/data_ingestion_gcs_dags.py
[2022-01-27 15:21:41,230] {processor.py:642} INFO - Processing file /opt/airflow/dags/data_ingestion_gcs_dags.py for tasks to queue
[2022-01-27 15:21:41,231] {logging_mixin.py:109} INFO - [2022-01-27 15:21:41,231] {dagbag.py:500} INFO - Filling up the DagBag from /opt/airflow/dags/data_ingestion_gcs_dags.py
[2022-01-27 15:21:42,045] {processor.py:654} INFO - DAG(s) dict_keys(['data_ingestion_gcs_dag']) retrieved from /opt/airflow/dags/data_ingestion_gcs_dags.py
[2022-01-27 15:21:42,054] {logging_mixin.py:109} INFO - [2022-01-27 15:21:42,054] {dag.py:2396} INFO - Sync 1 DAGs
[2022-01-27 15:21:42,077] {processor.py:171} INFO - Processing /opt/airflow/dags/data_ingestion_gcs_dags.py took 0.857 seconds
[2022-01-27 15:22:12,205] {processor.py:163} INFO - Started process (PID=641) to work on /opt/airflow/dags/data_ingestion_gcs_dags.py
[2022-01-27 15:22:12,208] {processor.py:642} INFO - Processing file /opt/airflow/dags/data_ingestion_gcs_dags.py for tasks to queue
[2022-01-27 15:22:12,210] {logging_mixin.py:109} INFO - [2022-01-27 15:22:12,210] {dagbag.py:500} INFO - Filling up the DagBag from /opt/airflow/dags/data_ingestion_gcs_dags.py
[2022-01-27 15:22:14,647] {processor.py:654} INFO - DAG(s) dict_keys(['data_ingestion_gcs_dag']) retrieved from /opt/airflow/dags/data_ingestion_gcs_dags.py
[2022-01-27 15:22:14,668] {logging_mixin.py:109} INFO - [2022-01-27 15:22:14,667] {dag.py:2396} INFO - Sync 1 DAGs
[2022-01-27 15:22:14,703] {processor.py:171} INFO - Processing /opt/airflow/dags/data_ingestion_gcs_dags.py took 2.502 seconds
[2022-01-27 15:22:44,872] {processor.py:163} INFO - Started process (PID=666) to work on /opt/airflow/dags/data_ingestion_gcs_dags.py
[2022-01-27 15:22:44,879] {processor.py:642} INFO - Processing file /opt/airflow/dags/data_ingestion_gcs_dags.py for tasks to queue
[2022-01-27 15:22:44,883] {logging_mixin.py:109} INFO - [2022-01-27 15:22:44,883] {dagbag.py:500} INFO - Filling up the DagBag from /opt/airflow/dags/data_ingestion_gcs_dags.py
[2022-01-27 15:22:45,753] {processor.py:654} INFO - DAG(s) dict_keys(['data_ingestion_gcs_dag']) retrieved from /opt/airflow/dags/data_ingestion_gcs_dags.py
[2022-01-27 15:22:45,767] {logging_mixin.py:109} INFO - [2022-01-27 15:22:45,767] {dag.py:2396} INFO - Sync 1 DAGs
[2022-01-27 15:22:45,791] {processor.py:171} INFO - Processing /opt/airflow/dags/data_ingestion_gcs_dags.py took 0.928 seconds
[2022-01-27 15:23:16,008] {processor.py:163} INFO - Started process (PID=695) to work on /opt/airflow/dags/data_ingestion_gcs_dags.py
[2022-01-27 15:23:16,010] {processor.py:642} INFO - Processing file /opt/airflow/dags/data_ingestion_gcs_dags.py for tasks to queue
[2022-01-27 15:23:16,011] {logging_mixin.py:109} INFO - [2022-01-27 15:23:16,011] {dagbag.py:500} INFO - Filling up the DagBag from /opt/airflow/dags/data_ingestion_gcs_dags.py
[2022-01-27 15:23:16,784] {processor.py:654} INFO - DAG(s) dict_keys(['data_ingestion_gcs_dag']) retrieved from /opt/airflow/dags/data_ingestion_gcs_dags.py
[2022-01-27 15:23:16,798] {logging_mixin.py:109} INFO - [2022-01-27 15:23:16,797] {dag.py:2396} INFO - Sync 1 DAGs
[2022-01-27 15:23:16,823] {processor.py:171} INFO - Processing /opt/airflow/dags/data_ingestion_gcs_dags.py took 0.819 seconds
[2022-01-27 15:23:47,050] {processor.py:163} INFO - Started process (PID=719) to work on /opt/airflow/dags/data_ingestion_gcs_dags.py
[2022-01-27 15:23:47,057] {processor.py:642} INFO - Processing file /opt/airflow/dags/data_ingestion_gcs_dags.py for tasks to queue
[2022-01-27 15:23:47,063] {logging_mixin.py:109} INFO - [2022-01-27 15:23:47,061] {dagbag.py:500} INFO - Filling up the DagBag from /opt/airflow/dags/data_ingestion_gcs_dags.py
[2022-01-27 15:23:47,812] {processor.py:654} INFO - DAG(s) dict_keys(['data_ingestion_gcs_dag']) retrieved from /opt/airflow/dags/data_ingestion_gcs_dags.py
[2022-01-27 15:23:47,823] {logging_mixin.py:109} INFO - [2022-01-27 15:23:47,823] {dag.py:2396} INFO - Sync 1 DAGs
[2022-01-27 15:23:47,862] {processor.py:171} INFO - Processing /opt/airflow/dags/data_ingestion_gcs_dags.py took 0.824 seconds
[2022-01-27 15:24:18,070] {processor.py:163} INFO - Started process (PID=741) to work on /opt/airflow/dags/data_ingestion_gcs_dags.py
[2022-01-27 15:24:18,077] {processor.py:642} INFO - Processing file /opt/airflow/dags/data_ingestion_gcs_dags.py for tasks to queue
[2022-01-27 15:24:18,082] {logging_mixin.py:109} INFO - [2022-01-27 15:24:18,082] {dagbag.py:500} INFO - Filling up the DagBag from /opt/airflow/dags/data_ingestion_gcs_dags.py
[2022-01-27 15:24:18,905] {processor.py:654} INFO - DAG(s) dict_keys(['data_ingestion_gcs_dag']) retrieved from /opt/airflow/dags/data_ingestion_gcs_dags.py
[2022-01-27 15:24:18,924] {logging_mixin.py:109} INFO - [2022-01-27 15:24:18,924] {dag.py:2396} INFO - Sync 1 DAGs
[2022-01-27 15:24:18,951] {processor.py:171} INFO - Processing /opt/airflow/dags/data_ingestion_gcs_dags.py took 0.902 seconds
[2022-01-27 15:24:49,153] {processor.py:163} INFO - Started process (PID=766) to work on /opt/airflow/dags/data_ingestion_gcs_dags.py
[2022-01-27 15:24:49,159] {processor.py:642} INFO - Processing file /opt/airflow/dags/data_ingestion_gcs_dags.py for tasks to queue
[2022-01-27 15:24:49,166] {logging_mixin.py:109} INFO - [2022-01-27 15:24:49,164] {dagbag.py:500} INFO - Filling up the DagBag from /opt/airflow/dags/data_ingestion_gcs_dags.py
[2022-01-27 15:24:50,724] {processor.py:654} INFO - DAG(s) dict_keys(['data_ingestion_gcs_dag']) retrieved from /opt/airflow/dags/data_ingestion_gcs_dags.py
[2022-01-27 15:24:50,734] {logging_mixin.py:109} INFO - [2022-01-27 15:24:50,734] {dag.py:2396} INFO - Sync 1 DAGs
[2022-01-27 15:24:50,758] {processor.py:171} INFO - Processing /opt/airflow/dags/data_ingestion_gcs_dags.py took 1.662 seconds
[2022-01-27 15:25:20,949] {processor.py:163} INFO - Started process (PID=789) to work on /opt/airflow/dags/data_ingestion_gcs_dags.py
[2022-01-27 15:25:20,953] {processor.py:642} INFO - Processing file /opt/airflow/dags/data_ingestion_gcs_dags.py for tasks to queue
[2022-01-27 15:25:20,955] {logging_mixin.py:109} INFO - [2022-01-27 15:25:20,954] {dagbag.py:500} INFO - Filling up the DagBag from /opt/airflow/dags/data_ingestion_gcs_dags.py
[2022-01-27 15:25:21,729] {processor.py:654} INFO - DAG(s) dict_keys(['data_ingestion_gcs_dag']) retrieved from /opt/airflow/dags/data_ingestion_gcs_dags.py
[2022-01-27 15:25:21,742] {logging_mixin.py:109} INFO - [2022-01-27 15:25:21,742] {dag.py:2396} INFO - Sync 1 DAGs
[2022-01-27 15:25:21,769] {processor.py:171} INFO - Processing /opt/airflow/dags/data_ingestion_gcs_dags.py took 0.824 seconds
[2022-01-27 15:25:51,885] {processor.py:163} INFO - Started process (PID=821) to work on /opt/airflow/dags/data_ingestion_gcs_dags.py
[2022-01-27 15:25:51,888] {processor.py:642} INFO - Processing file /opt/airflow/dags/data_ingestion_gcs_dags.py for tasks to queue
[2022-01-27 15:25:51,890] {logging_mixin.py:109} INFO - [2022-01-27 15:25:51,890] {dagbag.py:500} INFO - Filling up the DagBag from /opt/airflow/dags/data_ingestion_gcs_dags.py
[2022-01-27 15:25:52,642] {processor.py:654} INFO - DAG(s) dict_keys(['data_ingestion_gcs_dag']) retrieved from /opt/airflow/dags/data_ingestion_gcs_dags.py
[2022-01-27 15:25:52,653] {logging_mixin.py:109} INFO - [2022-01-27 15:25:52,653] {dag.py:2396} INFO - Sync 1 DAGs
[2022-01-27 15:25:52,683] {processor.py:171} INFO - Processing /opt/airflow/dags/data_ingestion_gcs_dags.py took 0.803 seconds
[2022-01-27 15:26:22,799] {processor.py:163} INFO - Started process (PID=847) to work on /opt/airflow/dags/data_ingestion_gcs_dags.py
[2022-01-27 15:26:22,802] {processor.py:642} INFO - Processing file /opt/airflow/dags/data_ingestion_gcs_dags.py for tasks to queue
[2022-01-27 15:26:22,804] {logging_mixin.py:109} INFO - [2022-01-27 15:26:22,804] {dagbag.py:500} INFO - Filling up the DagBag from /opt/airflow/dags/data_ingestion_gcs_dags.py
[2022-01-27 15:26:23,563] {processor.py:654} INFO - DAG(s) dict_keys(['data_ingestion_gcs_dag']) retrieved from /opt/airflow/dags/data_ingestion_gcs_dags.py
[2022-01-27 15:26:23,574] {logging_mixin.py:109} INFO - [2022-01-27 15:26:23,574] {dag.py:2396} INFO - Sync 1 DAGs
[2022-01-27 15:26:23,600] {processor.py:171} INFO - Processing /opt/airflow/dags/data_ingestion_gcs_dags.py took 0.805 seconds
[2022-01-27 15:26:53,749] {processor.py:163} INFO - Started process (PID=870) to work on /opt/airflow/dags/data_ingestion_gcs_dags.py
[2022-01-27 15:26:53,755] {processor.py:642} INFO - Processing file /opt/airflow/dags/data_ingestion_gcs_dags.py for tasks to queue
[2022-01-27 15:26:53,757] {logging_mixin.py:109} INFO - [2022-01-27 15:26:53,756] {dagbag.py:500} INFO - Filling up the DagBag from /opt/airflow/dags/data_ingestion_gcs_dags.py
[2022-01-27 15:26:54,623] {processor.py:654} INFO - DAG(s) dict_keys(['data_ingestion_gcs_dag']) retrieved from /opt/airflow/dags/data_ingestion_gcs_dags.py
[2022-01-27 15:26:54,634] {logging_mixin.py:109} INFO - [2022-01-27 15:26:54,633] {dag.py:2396} INFO - Sync 1 DAGs
[2022-01-27 15:26:54,658] {processor.py:171} INFO - Processing /opt/airflow/dags/data_ingestion_gcs_dags.py took 0.920 seconds
[2022-01-27 15:27:24,844] {processor.py:163} INFO - Started process (PID=892) to work on /opt/airflow/dags/data_ingestion_gcs_dags.py
[2022-01-27 15:27:24,848] {processor.py:642} INFO - Processing file /opt/airflow/dags/data_ingestion_gcs_dags.py for tasks to queue
[2022-01-27 15:27:24,850] {logging_mixin.py:109} INFO - [2022-01-27 15:27:24,850] {dagbag.py:500} INFO - Filling up the DagBag from /opt/airflow/dags/data_ingestion_gcs_dags.py
[2022-01-27 15:27:26,289] {processor.py:654} INFO - DAG(s) dict_keys(['data_ingestion_gcs_dag']) retrieved from /opt/airflow/dags/data_ingestion_gcs_dags.py
[2022-01-27 15:27:26,302] {logging_mixin.py:109} INFO - [2022-01-27 15:27:26,302] {dag.py:2396} INFO - Sync 1 DAGs
[2022-01-27 15:27:26,333] {processor.py:171} INFO - Processing /opt/airflow/dags/data_ingestion_gcs_dags.py took 1.499 seconds
[2022-01-27 15:27:56,457] {processor.py:163} INFO - Started process (PID=926) to work on /opt/airflow/dags/data_ingestion_gcs_dags.py
[2022-01-27 15:27:56,460] {processor.py:642} INFO - Processing file /opt/airflow/dags/data_ingestion_gcs_dags.py for tasks to queue
[2022-01-27 15:27:56,461] {logging_mixin.py:109} INFO - [2022-01-27 15:27:56,461] {dagbag.py:500} INFO - Filling up the DagBag from /opt/airflow/dags/data_ingestion_gcs_dags.py
[2022-01-27 15:27:57,755] {processor.py:654} INFO - DAG(s) dict_keys(['data_ingestion_gcs_dag']) retrieved from /opt/airflow/dags/data_ingestion_gcs_dags.py
[2022-01-27 15:27:57,795] {logging_mixin.py:109} INFO - [2022-01-27 15:27:57,794] {dag.py:2396} INFO - Sync 1 DAGs
[2022-01-27 15:27:57,817] {processor.py:171} INFO - Processing /opt/airflow/dags/data_ingestion_gcs_dags.py took 1.386 seconds
[2022-01-27 15:28:27,952] {processor.py:163} INFO - Started process (PID=949) to work on /opt/airflow/dags/data_ingestion_gcs_dags.py
[2022-01-27 15:28:27,955] {processor.py:642} INFO - Processing file /opt/airflow/dags/data_ingestion_gcs_dags.py for tasks to queue
[2022-01-27 15:28:27,957] {logging_mixin.py:109} INFO - [2022-01-27 15:28:27,957] {dagbag.py:500} INFO - Filling up the DagBag from /opt/airflow/dags/data_ingestion_gcs_dags.py
[2022-01-27 15:28:28,791] {processor.py:654} INFO - DAG(s) dict_keys(['data_ingestion_gcs_dag']) retrieved from /opt/airflow/dags/data_ingestion_gcs_dags.py
[2022-01-27 15:28:28,802] {logging_mixin.py:109} INFO - [2022-01-27 15:28:28,802] {dag.py:2396} INFO - Sync 1 DAGs
[2022-01-27 15:28:28,829] {processor.py:171} INFO - Processing /opt/airflow/dags/data_ingestion_gcs_dags.py took 0.881 seconds
[2022-01-27 15:28:58,939] {processor.py:163} INFO - Started process (PID=972) to work on /opt/airflow/dags/data_ingestion_gcs_dags.py
[2022-01-27 15:28:58,942] {processor.py:642} INFO - Processing file /opt/airflow/dags/data_ingestion_gcs_dags.py for tasks to queue
[2022-01-27 15:28:58,944] {logging_mixin.py:109} INFO - [2022-01-27 15:28:58,944] {dagbag.py:500} INFO - Filling up the DagBag from /opt/airflow/dags/data_ingestion_gcs_dags.py
[2022-01-27 15:28:59,831] {processor.py:654} INFO - DAG(s) dict_keys(['data_ingestion_gcs_dag']) retrieved from /opt/airflow/dags/data_ingestion_gcs_dags.py
[2022-01-27 15:28:59,886] {logging_mixin.py:109} INFO - [2022-01-27 15:28:59,885] {dag.py:2396} INFO - Sync 1 DAGs
[2022-01-27 15:28:59,920] {processor.py:171} INFO - Processing /opt/airflow/dags/data_ingestion_gcs_dags.py took 0.986 seconds
[2022-01-27 15:29:30,203] {processor.py:163} INFO - Started process (PID=994) to work on /opt/airflow/dags/data_ingestion_gcs_dags.py
[2022-01-27 15:29:30,217] {processor.py:642} INFO - Processing file /opt/airflow/dags/data_ingestion_gcs_dags.py for tasks to queue
[2022-01-27 15:29:30,226] {logging_mixin.py:109} INFO - [2022-01-27 15:29:30,226] {dagbag.py:500} INFO - Filling up the DagBag from /opt/airflow/dags/data_ingestion_gcs_dags.py
[2022-01-27 15:29:35,789] {processor.py:654} INFO - DAG(s) dict_keys(['data_ingestion_gcs_dag']) retrieved from /opt/airflow/dags/data_ingestion_gcs_dags.py
[2022-01-27 15:29:35,825] {logging_mixin.py:109} INFO - [2022-01-27 15:29:35,825] {dag.py:2396} INFO - Sync 1 DAGs
[2022-01-27 15:29:35,899] {processor.py:171} INFO - Processing /opt/airflow/dags/data_ingestion_gcs_dags.py took 5.729 seconds
[2022-01-27 15:30:06,251] {processor.py:163} INFO - Started process (PID=1015) to work on /opt/airflow/dags/data_ingestion_gcs_dags.py
[2022-01-27 15:30:06,254] {processor.py:642} INFO - Processing file /opt/airflow/dags/data_ingestion_gcs_dags.py for tasks to queue
[2022-01-27 15:30:06,255] {logging_mixin.py:109} INFO - [2022-01-27 15:30:06,255] {dagbag.py:500} INFO - Filling up the DagBag from /opt/airflow/dags/data_ingestion_gcs_dags.py
[2022-01-27 15:30:07,018] {processor.py:654} INFO - DAG(s) dict_keys(['data_ingestion_gcs_dag']) retrieved from /opt/airflow/dags/data_ingestion_gcs_dags.py
[2022-01-27 15:30:07,030] {logging_mixin.py:109} INFO - [2022-01-27 15:30:07,030] {dag.py:2396} INFO - Sync 1 DAGs
[2022-01-27 15:30:07,051] {logging_mixin.py:109} INFO - [2022-01-27 15:30:07,048] {dag.py:2935} INFO - Setting next_dagrun for data_ingestion_gcs_dag to 2022-01-27T00:00:00+00:00
[2022-01-27 15:30:07,065] {processor.py:171} INFO - Processing /opt/airflow/dags/data_ingestion_gcs_dags.py took 0.821 seconds
[2022-01-27 15:30:37,174] {processor.py:163} INFO - Started process (PID=1038) to work on /opt/airflow/dags/data_ingestion_gcs_dags.py
[2022-01-27 15:30:37,176] {processor.py:642} INFO - Processing file /opt/airflow/dags/data_ingestion_gcs_dags.py for tasks to queue
[2022-01-27 15:30:37,179] {logging_mixin.py:109} INFO - [2022-01-27 15:30:37,179] {dagbag.py:500} INFO - Filling up the DagBag from /opt/airflow/dags/data_ingestion_gcs_dags.py
[2022-01-27 15:30:37,892] {processor.py:654} INFO - DAG(s) dict_keys(['data_ingestion_gcs_dag']) retrieved from /opt/airflow/dags/data_ingestion_gcs_dags.py
[2022-01-27 15:30:37,905] {logging_mixin.py:109} INFO - [2022-01-27 15:30:37,904] {dag.py:2396} INFO - Sync 1 DAGs
[2022-01-27 15:30:37,922] {logging_mixin.py:109} INFO - [2022-01-27 15:30:37,922] {dag.py:2935} INFO - Setting next_dagrun for data_ingestion_gcs_dag to 2022-01-27T00:00:00+00:00
[2022-01-27 15:30:37,933] {processor.py:171} INFO - Processing /opt/airflow/dags/data_ingestion_gcs_dags.py took 0.764 seconds
[2022-01-27 15:31:08,513] {processor.py:163} INFO - Started process (PID=1059) to work on /opt/airflow/dags/data_ingestion_gcs_dags.py
[2022-01-27 15:31:08,521] {processor.py:642} INFO - Processing file /opt/airflow/dags/data_ingestion_gcs_dags.py for tasks to queue
[2022-01-27 15:31:08,523] {logging_mixin.py:109} INFO - [2022-01-27 15:31:08,523] {dagbag.py:500} INFO - Filling up the DagBag from /opt/airflow/dags/data_ingestion_gcs_dags.py
[2022-01-27 15:31:10,561] {processor.py:654} INFO - DAG(s) dict_keys(['data_ingestion_gcs_dag']) retrieved from /opt/airflow/dags/data_ingestion_gcs_dags.py
[2022-01-27 15:31:10,589] {logging_mixin.py:109} INFO - [2022-01-27 15:31:10,588] {dag.py:2396} INFO - Sync 1 DAGs
[2022-01-27 15:31:10,612] {logging_mixin.py:109} INFO - [2022-01-27 15:31:10,612] {dag.py:2935} INFO - Setting next_dagrun for data_ingestion_gcs_dag to 2022-01-27T00:00:00+00:00
[2022-01-27 15:31:10,635] {processor.py:171} INFO - Processing /opt/airflow/dags/data_ingestion_gcs_dags.py took 2.130 seconds
[2022-01-27 15:31:40,904] {processor.py:163} INFO - Started process (PID=1082) to work on /opt/airflow/dags/data_ingestion_gcs_dags.py
[2022-01-27 15:31:40,917] {processor.py:642} INFO - Processing file /opt/airflow/dags/data_ingestion_gcs_dags.py for tasks to queue
[2022-01-27 15:31:40,929] {logging_mixin.py:109} INFO - [2022-01-27 15:31:40,928] {dagbag.py:500} INFO - Filling up the DagBag from /opt/airflow/dags/data_ingestion_gcs_dags.py
[2022-01-27 15:31:43,024] {processor.py:654} INFO - DAG(s) dict_keys(['data_ingestion_gcs_dag']) retrieved from /opt/airflow/dags/data_ingestion_gcs_dags.py
[2022-01-27 15:31:43,053] {logging_mixin.py:109} INFO - [2022-01-27 15:31:43,052] {dag.py:2396} INFO - Sync 1 DAGs
[2022-01-27 15:31:43,085] {logging_mixin.py:109} INFO - [2022-01-27 15:31:43,083] {dag.py:2935} INFO - Setting next_dagrun for data_ingestion_gcs_dag to 2022-01-27T00:00:00+00:00
[2022-01-27 15:31:43,103] {processor.py:171} INFO - Processing /opt/airflow/dags/data_ingestion_gcs_dags.py took 2.211 seconds
[2022-01-27 15:32:13,253] {processor.py:163} INFO - Started process (PID=1106) to work on /opt/airflow/dags/data_ingestion_gcs_dags.py
[2022-01-27 15:32:13,256] {processor.py:642} INFO - Processing file /opt/airflow/dags/data_ingestion_gcs_dags.py for tasks to queue
[2022-01-27 15:32:13,258] {logging_mixin.py:109} INFO - [2022-01-27 15:32:13,258] {dagbag.py:500} INFO - Filling up the DagBag from /opt/airflow/dags/data_ingestion_gcs_dags.py
[2022-01-27 15:32:14,211] {processor.py:654} INFO - DAG(s) dict_keys(['data_ingestion_gcs_dag']) retrieved from /opt/airflow/dags/data_ingestion_gcs_dags.py
[2022-01-27 15:32:14,226] {logging_mixin.py:109} INFO - [2022-01-27 15:32:14,226] {dag.py:2396} INFO - Sync 1 DAGs
[2022-01-27 15:32:14,247] {logging_mixin.py:109} INFO - [2022-01-27 15:32:14,247] {dag.py:2935} INFO - Setting next_dagrun for data_ingestion_gcs_dag to 2022-01-27T00:00:00+00:00
[2022-01-27 15:32:14,263] {processor.py:171} INFO - Processing /opt/airflow/dags/data_ingestion_gcs_dags.py took 1.016 seconds
[2022-01-27 15:32:44,445] {processor.py:163} INFO - Started process (PID=1137) to work on /opt/airflow/dags/data_ingestion_gcs_dags.py
[2022-01-27 15:32:44,449] {processor.py:642} INFO - Processing file /opt/airflow/dags/data_ingestion_gcs_dags.py for tasks to queue
[2022-01-27 15:32:44,459] {logging_mixin.py:109} INFO - [2022-01-27 15:32:44,459] {dagbag.py:500} INFO - Filling up the DagBag from /opt/airflow/dags/data_ingestion_gcs_dags.py
[2022-01-27 15:32:49,035] {processor.py:654} INFO - DAG(s) dict_keys(['data_ingestion_gcs_dag']) retrieved from /opt/airflow/dags/data_ingestion_gcs_dags.py
[2022-01-27 15:32:49,073] {logging_mixin.py:109} INFO - [2022-01-27 15:32:49,072] {dag.py:2396} INFO - Sync 1 DAGs
[2022-01-27 15:32:49,143] {logging_mixin.py:109} INFO - [2022-01-27 15:32:49,138] {dag.py:2935} INFO - Setting next_dagrun for data_ingestion_gcs_dag to 2022-01-27T00:00:00+00:00
[2022-01-27 15:32:49,184] {processor.py:171} INFO - Processing /opt/airflow/dags/data_ingestion_gcs_dags.py took 4.782 seconds
[2022-01-27 15:33:19,476] {processor.py:163} INFO - Started process (PID=1150) to work on /opt/airflow/dags/data_ingestion_gcs_dags.py
[2022-01-27 15:33:19,498] {processor.py:642} INFO - Processing file /opt/airflow/dags/data_ingestion_gcs_dags.py for tasks to queue
[2022-01-27 15:33:19,503] {logging_mixin.py:109} INFO - [2022-01-27 15:33:19,500] {dagbag.py:500} INFO - Filling up the DagBag from /opt/airflow/dags/data_ingestion_gcs_dags.py
[2022-01-27 15:33:20,709] {processor.py:654} INFO - DAG(s) dict_keys(['data_ingestion_gcs_dag']) retrieved from /opt/airflow/dags/data_ingestion_gcs_dags.py
[2022-01-27 15:33:20,721] {logging_mixin.py:109} INFO - [2022-01-27 15:33:20,721] {dag.py:2396} INFO - Sync 1 DAGs
[2022-01-27 15:33:20,838] {logging_mixin.py:109} INFO - [2022-01-27 15:33:20,837] {dag.py:2935} INFO - Setting next_dagrun for data_ingestion_gcs_dag to 2022-01-27T00:00:00+00:00
[2022-01-27 15:33:20,881] {processor.py:171} INFO - Processing /opt/airflow/dags/data_ingestion_gcs_dags.py took 1.413 seconds
[2022-01-27 15:33:51,092] {processor.py:163} INFO - Started process (PID=1183) to work on /opt/airflow/dags/data_ingestion_gcs_dags.py
[2022-01-27 15:33:51,095] {processor.py:642} INFO - Processing file /opt/airflow/dags/data_ingestion_gcs_dags.py for tasks to queue
[2022-01-27 15:33:51,097] {logging_mixin.py:109} INFO - [2022-01-27 15:33:51,097] {dagbag.py:500} INFO - Filling up the DagBag from /opt/airflow/dags/data_ingestion_gcs_dags.py
[2022-01-27 15:33:52,029] {processor.py:654} INFO - DAG(s) dict_keys(['data_ingestion_gcs_dag']) retrieved from /opt/airflow/dags/data_ingestion_gcs_dags.py
[2022-01-27 15:33:52,054] {logging_mixin.py:109} INFO - [2022-01-27 15:33:52,053] {dag.py:2396} INFO - Sync 1 DAGs
[2022-01-27 15:33:52,075] {logging_mixin.py:109} INFO - [2022-01-27 15:33:52,075] {dag.py:2935} INFO - Setting next_dagrun for data_ingestion_gcs_dag to 2022-01-27T00:00:00+00:00
[2022-01-27 15:33:52,088] {processor.py:171} INFO - Processing /opt/airflow/dags/data_ingestion_gcs_dags.py took 1.000 seconds
[2022-01-27 15:34:22,239] {processor.py:163} INFO - Started process (PID=1205) to work on /opt/airflow/dags/data_ingestion_gcs_dags.py
[2022-01-27 15:34:22,244] {processor.py:642} INFO - Processing file /opt/airflow/dags/data_ingestion_gcs_dags.py for tasks to queue
[2022-01-27 15:34:22,246] {logging_mixin.py:109} INFO - [2022-01-27 15:34:22,246] {dagbag.py:500} INFO - Filling up the DagBag from /opt/airflow/dags/data_ingestion_gcs_dags.py
[2022-01-27 15:34:23,231] {processor.py:654} INFO - DAG(s) dict_keys(['data_ingestion_gcs_dag']) retrieved from /opt/airflow/dags/data_ingestion_gcs_dags.py
[2022-01-27 15:34:23,378] {logging_mixin.py:109} INFO - [2022-01-27 15:34:23,376] {dag.py:2396} INFO - Sync 1 DAGs
[2022-01-27 15:34:23,474] {logging_mixin.py:109} INFO - [2022-01-27 15:34:23,474] {dag.py:2935} INFO - Setting next_dagrun for data_ingestion_gcs_dag to 2022-01-27T00:00:00+00:00
[2022-01-27 15:34:23,504] {processor.py:171} INFO - Processing /opt/airflow/dags/data_ingestion_gcs_dags.py took 1.270 seconds
[2022-01-27 15:34:53,797] {processor.py:163} INFO - Started process (PID=1227) to work on /opt/airflow/dags/data_ingestion_gcs_dags.py
[2022-01-27 15:34:53,805] {processor.py:642} INFO - Processing file /opt/airflow/dags/data_ingestion_gcs_dags.py for tasks to queue
[2022-01-27 15:34:53,808] {logging_mixin.py:109} INFO - [2022-01-27 15:34:53,807] {dagbag.py:500} INFO - Filling up the DagBag from /opt/airflow/dags/data_ingestion_gcs_dags.py
[2022-01-27 15:34:55,031] {processor.py:654} INFO - DAG(s) dict_keys(['data_ingestion_gcs_dag']) retrieved from /opt/airflow/dags/data_ingestion_gcs_dags.py
[2022-01-27 15:34:55,055] {logging_mixin.py:109} INFO - [2022-01-27 15:34:55,055] {dag.py:2396} INFO - Sync 1 DAGs
[2022-01-27 15:34:55,080] {logging_mixin.py:109} INFO - [2022-01-27 15:34:55,080] {dag.py:2935} INFO - Setting next_dagrun for data_ingestion_gcs_dag to 2022-01-27T00:00:00+00:00
[2022-01-27 15:34:55,100] {processor.py:171} INFO - Processing /opt/airflow/dags/data_ingestion_gcs_dags.py took 1.309 seconds
[2022-01-27 15:35:25,243] {processor.py:163} INFO - Started process (PID=1248) to work on /opt/airflow/dags/data_ingestion_gcs_dags.py
[2022-01-27 15:35:25,247] {processor.py:642} INFO - Processing file /opt/airflow/dags/data_ingestion_gcs_dags.py for tasks to queue
[2022-01-27 15:35:25,249] {logging_mixin.py:109} INFO - [2022-01-27 15:35:25,248] {dagbag.py:500} INFO - Filling up the DagBag from /opt/airflow/dags/data_ingestion_gcs_dags.py
[2022-01-27 15:35:26,337] {processor.py:654} INFO - DAG(s) dict_keys(['data_ingestion_gcs_dag']) retrieved from /opt/airflow/dags/data_ingestion_gcs_dags.py
[2022-01-27 15:35:26,360] {logging_mixin.py:109} INFO - [2022-01-27 15:35:26,360] {dag.py:2396} INFO - Sync 1 DAGs
[2022-01-27 15:35:26,383] {logging_mixin.py:109} INFO - [2022-01-27 15:35:26,383] {dag.py:2935} INFO - Setting next_dagrun for data_ingestion_gcs_dag to 2022-01-27T00:00:00+00:00
[2022-01-27 15:35:26,396] {processor.py:171} INFO - Processing /opt/airflow/dags/data_ingestion_gcs_dags.py took 1.155 seconds
[2022-01-27 15:35:56,878] {processor.py:163} INFO - Started process (PID=1270) to work on /opt/airflow/dags/data_ingestion_gcs_dags.py
[2022-01-27 15:35:56,884] {processor.py:642} INFO - Processing file /opt/airflow/dags/data_ingestion_gcs_dags.py for tasks to queue
[2022-01-27 15:35:56,887] {logging_mixin.py:109} INFO - [2022-01-27 15:35:56,886] {dagbag.py:500} INFO - Filling up the DagBag from /opt/airflow/dags/data_ingestion_gcs_dags.py
[2022-01-27 15:35:58,415] {processor.py:654} INFO - DAG(s) dict_keys(['data_ingestion_gcs_dag']) retrieved from /opt/airflow/dags/data_ingestion_gcs_dags.py
[2022-01-27 15:35:58,477] {logging_mixin.py:109} INFO - [2022-01-27 15:35:58,476] {dag.py:2396} INFO - Sync 1 DAGs
[2022-01-27 15:35:58,523] {logging_mixin.py:109} INFO - [2022-01-27 15:35:58,523] {dag.py:2935} INFO - Setting next_dagrun for data_ingestion_gcs_dag to 2022-01-27T00:00:00+00:00
[2022-01-27 15:35:58,559] {processor.py:171} INFO - Processing /opt/airflow/dags/data_ingestion_gcs_dags.py took 1.685 seconds
[2022-01-27 15:36:28,710] {processor.py:163} INFO - Started process (PID=1293) to work on /opt/airflow/dags/data_ingestion_gcs_dags.py
[2022-01-27 15:36:28,714] {processor.py:642} INFO - Processing file /opt/airflow/dags/data_ingestion_gcs_dags.py for tasks to queue
[2022-01-27 15:36:28,716] {logging_mixin.py:109} INFO - [2022-01-27 15:36:28,716] {dagbag.py:500} INFO - Filling up the DagBag from /opt/airflow/dags/data_ingestion_gcs_dags.py
[2022-01-27 15:36:29,706] {processor.py:654} INFO - DAG(s) dict_keys(['data_ingestion_gcs_dag']) retrieved from /opt/airflow/dags/data_ingestion_gcs_dags.py
[2022-01-27 15:36:29,729] {logging_mixin.py:109} INFO - [2022-01-27 15:36:29,729] {dag.py:2396} INFO - Sync 1 DAGs
[2022-01-27 15:36:29,746] {logging_mixin.py:109} INFO - [2022-01-27 15:36:29,746] {dag.py:2935} INFO - Setting next_dagrun for data_ingestion_gcs_dag to 2022-01-27T00:00:00+00:00
[2022-01-27 15:36:29,768] {processor.py:171} INFO - Processing /opt/airflow/dags/data_ingestion_gcs_dags.py took 1.062 seconds
[2022-01-27 15:36:59,913] {processor.py:163} INFO - Started process (PID=1317) to work on /opt/airflow/dags/data_ingestion_gcs_dags.py
[2022-01-27 15:36:59,921] {processor.py:642} INFO - Processing file /opt/airflow/dags/data_ingestion_gcs_dags.py for tasks to queue
[2022-01-27 15:36:59,924] {logging_mixin.py:109} INFO - [2022-01-27 15:36:59,924] {dagbag.py:500} INFO - Filling up the DagBag from /opt/airflow/dags/data_ingestion_gcs_dags.py
[2022-01-27 15:37:02,477] {processor.py:654} INFO - DAG(s) dict_keys(['data_ingestion_gcs_dag']) retrieved from /opt/airflow/dags/data_ingestion_gcs_dags.py
[2022-01-27 15:37:02,493] {logging_mixin.py:109} INFO - [2022-01-27 15:37:02,492] {dag.py:2396} INFO - Sync 1 DAGs
[2022-01-27 15:37:02,523] {logging_mixin.py:109} INFO - [2022-01-27 15:37:02,523] {dag.py:2935} INFO - Setting next_dagrun for data_ingestion_gcs_dag to 2022-01-27T00:00:00+00:00
[2022-01-27 15:37:02,544] {processor.py:171} INFO - Processing /opt/airflow/dags/data_ingestion_gcs_dags.py took 2.648 seconds
[2022-01-27 15:37:32,760] {processor.py:163} INFO - Started process (PID=1353) to work on /opt/airflow/dags/data_ingestion_gcs_dags.py
[2022-01-27 15:37:32,767] {processor.py:642} INFO - Processing file /opt/airflow/dags/data_ingestion_gcs_dags.py for tasks to queue
[2022-01-27 15:37:32,770] {logging_mixin.py:109} INFO - [2022-01-27 15:37:32,769] {dagbag.py:500} INFO - Filling up the DagBag from /opt/airflow/dags/data_ingestion_gcs_dags.py
[2022-01-27 15:37:34,780] {processor.py:654} INFO - DAG(s) dict_keys(['data_ingestion_gcs_dag']) retrieved from /opt/airflow/dags/data_ingestion_gcs_dags.py
[2022-01-27 15:37:34,798] {logging_mixin.py:109} INFO - [2022-01-27 15:37:34,798] {dag.py:2396} INFO - Sync 1 DAGs
[2022-01-27 15:37:34,820] {logging_mixin.py:109} INFO - [2022-01-27 15:37:34,819] {dag.py:2935} INFO - Setting next_dagrun for data_ingestion_gcs_dag to 2022-01-27T00:00:00+00:00
[2022-01-27 15:37:34,838] {processor.py:171} INFO - Processing /opt/airflow/dags/data_ingestion_gcs_dags.py took 2.081 seconds
[2022-01-27 15:38:05,327] {processor.py:163} INFO - Started process (PID=1374) to work on /opt/airflow/dags/data_ingestion_gcs_dags.py
[2022-01-27 15:38:05,356] {processor.py:642} INFO - Processing file /opt/airflow/dags/data_ingestion_gcs_dags.py for tasks to queue
[2022-01-27 15:38:05,369] {logging_mixin.py:109} INFO - [2022-01-27 15:38:05,369] {dagbag.py:500} INFO - Filling up the DagBag from /opt/airflow/dags/data_ingestion_gcs_dags.py
[2022-01-27 15:38:06,955] {processor.py:654} INFO - DAG(s) dict_keys(['data_ingestion_gcs_dag']) retrieved from /opt/airflow/dags/data_ingestion_gcs_dags.py
[2022-01-27 15:38:06,971] {logging_mixin.py:109} INFO - [2022-01-27 15:38:06,971] {dag.py:2396} INFO - Sync 1 DAGs
[2022-01-27 15:38:07,000] {processor.py:171} INFO - Processing /opt/airflow/dags/data_ingestion_gcs_dags.py took 1.711 seconds
[2022-01-27 15:38:37,154] {processor.py:163} INFO - Started process (PID=1396) to work on /opt/airflow/dags/data_ingestion_gcs_dags.py
[2022-01-27 15:38:37,158] {processor.py:642} INFO - Processing file /opt/airflow/dags/data_ingestion_gcs_dags.py for tasks to queue
[2022-01-27 15:38:37,160] {logging_mixin.py:109} INFO - [2022-01-27 15:38:37,160] {dagbag.py:500} INFO - Filling up the DagBag from /opt/airflow/dags/data_ingestion_gcs_dags.py
[2022-01-27 15:38:38,178] {processor.py:654} INFO - DAG(s) dict_keys(['data_ingestion_gcs_dag']) retrieved from /opt/airflow/dags/data_ingestion_gcs_dags.py
[2022-01-27 15:38:38,195] {logging_mixin.py:109} INFO - [2022-01-27 15:38:38,195] {dag.py:2396} INFO - Sync 1 DAGs
[2022-01-27 15:38:38,267] {processor.py:171} INFO - Processing /opt/airflow/dags/data_ingestion_gcs_dags.py took 1.120 seconds
[2022-01-27 15:39:08,456] {processor.py:163} INFO - Started process (PID=1417) to work on /opt/airflow/dags/data_ingestion_gcs_dags.py
[2022-01-27 15:39:08,463] {processor.py:642} INFO - Processing file /opt/airflow/dags/data_ingestion_gcs_dags.py for tasks to queue
[2022-01-27 15:39:08,467] {logging_mixin.py:109} INFO - [2022-01-27 15:39:08,467] {dagbag.py:500} INFO - Filling up the DagBag from /opt/airflow/dags/data_ingestion_gcs_dags.py
[2022-01-27 15:39:10,958] {processor.py:654} INFO - DAG(s) dict_keys(['data_ingestion_gcs_dag']) retrieved from /opt/airflow/dags/data_ingestion_gcs_dags.py
[2022-01-27 15:39:10,986] {logging_mixin.py:109} INFO - [2022-01-27 15:39:10,986] {dag.py:2396} INFO - Sync 1 DAGs
[2022-01-27 15:39:11,067] {processor.py:171} INFO - Processing /opt/airflow/dags/data_ingestion_gcs_dags.py took 2.626 seconds
[2022-01-27 15:39:41,232] {processor.py:163} INFO - Started process (PID=1440) to work on /opt/airflow/dags/data_ingestion_gcs_dags.py
[2022-01-27 15:39:41,237] {processor.py:642} INFO - Processing file /opt/airflow/dags/data_ingestion_gcs_dags.py for tasks to queue
[2022-01-27 15:39:41,239] {logging_mixin.py:109} INFO - [2022-01-27 15:39:41,238] {dagbag.py:500} INFO - Filling up the DagBag from /opt/airflow/dags/data_ingestion_gcs_dags.py
[2022-01-27 15:39:42,385] {processor.py:654} INFO - DAG(s) dict_keys(['data_ingestion_gcs_dag']) retrieved from /opt/airflow/dags/data_ingestion_gcs_dags.py
[2022-01-27 15:39:42,394] {logging_mixin.py:109} INFO - [2022-01-27 15:39:42,394] {dag.py:2396} INFO - Sync 1 DAGs
[2022-01-27 15:39:42,416] {processor.py:171} INFO - Processing /opt/airflow/dags/data_ingestion_gcs_dags.py took 1.191 seconds
[2022-01-27 15:40:12,626] {processor.py:163} INFO - Started process (PID=1464) to work on /opt/airflow/dags/data_ingestion_gcs_dags.py
[2022-01-27 15:40:12,631] {processor.py:642} INFO - Processing file /opt/airflow/dags/data_ingestion_gcs_dags.py for tasks to queue
[2022-01-27 15:40:12,635] {logging_mixin.py:109} INFO - [2022-01-27 15:40:12,635] {dagbag.py:500} INFO - Filling up the DagBag from /opt/airflow/dags/data_ingestion_gcs_dags.py
[2022-01-27 15:40:13,493] {processor.py:654} INFO - DAG(s) dict_keys(['data_ingestion_gcs_dag']) retrieved from /opt/airflow/dags/data_ingestion_gcs_dags.py
[2022-01-27 15:40:13,505] {logging_mixin.py:109} INFO - [2022-01-27 15:40:13,504] {dag.py:2396} INFO - Sync 1 DAGs
[2022-01-27 15:40:13,532] {processor.py:171} INFO - Processing /opt/airflow/dags/data_ingestion_gcs_dags.py took 0.915 seconds
[2022-01-27 15:40:43,625] {processor.py:163} INFO - Started process (PID=1497) to work on /opt/airflow/dags/data_ingestion_gcs_dags.py
[2022-01-27 15:40:43,628] {processor.py:642} INFO - Processing file /opt/airflow/dags/data_ingestion_gcs_dags.py for tasks to queue
[2022-01-27 15:40:43,630] {logging_mixin.py:109} INFO - [2022-01-27 15:40:43,630] {dagbag.py:500} INFO - Filling up the DagBag from /opt/airflow/dags/data_ingestion_gcs_dags.py
[2022-01-27 15:40:44,263] {processor.py:654} INFO - DAG(s) dict_keys(['data_ingestion_gcs_dag']) retrieved from /opt/airflow/dags/data_ingestion_gcs_dags.py
[2022-01-27 15:40:44,275] {logging_mixin.py:109} INFO - [2022-01-27 15:40:44,275] {dag.py:2396} INFO - Sync 1 DAGs
[2022-01-27 15:40:44,303] {processor.py:171} INFO - Processing /opt/airflow/dags/data_ingestion_gcs_dags.py took 0.684 seconds
[2022-01-27 15:41:14,434] {processor.py:163} INFO - Started process (PID=1520) to work on /opt/airflow/dags/data_ingestion_gcs_dags.py
[2022-01-27 15:41:14,438] {processor.py:642} INFO - Processing file /opt/airflow/dags/data_ingestion_gcs_dags.py for tasks to queue
[2022-01-27 15:41:14,440] {logging_mixin.py:109} INFO - [2022-01-27 15:41:14,440] {dagbag.py:500} INFO - Filling up the DagBag from /opt/airflow/dags/data_ingestion_gcs_dags.py
[2022-01-27 15:41:15,193] {processor.py:654} INFO - DAG(s) dict_keys(['data_ingestion_gcs_dag']) retrieved from /opt/airflow/dags/data_ingestion_gcs_dags.py
[2022-01-27 15:41:15,206] {logging_mixin.py:109} INFO - [2022-01-27 15:41:15,206] {dag.py:2396} INFO - Sync 1 DAGs
[2022-01-27 15:41:15,242] {processor.py:171} INFO - Processing /opt/airflow/dags/data_ingestion_gcs_dags.py took 0.814 seconds
[2022-01-27 15:41:45,394] {processor.py:163} INFO - Started process (PID=1541) to work on /opt/airflow/dags/data_ingestion_gcs_dags.py
[2022-01-27 15:41:45,396] {processor.py:642} INFO - Processing file /opt/airflow/dags/data_ingestion_gcs_dags.py for tasks to queue
[2022-01-27 15:41:45,398] {logging_mixin.py:109} INFO - [2022-01-27 15:41:45,398] {dagbag.py:500} INFO - Filling up the DagBag from /opt/airflow/dags/data_ingestion_gcs_dags.py
[2022-01-27 15:41:46,635] {processor.py:654} INFO - DAG(s) dict_keys(['data_ingestion_gcs_dag']) retrieved from /opt/airflow/dags/data_ingestion_gcs_dags.py
[2022-01-27 15:41:46,692] {logging_mixin.py:109} INFO - [2022-01-27 15:41:46,691] {dag.py:2396} INFO - Sync 1 DAGs
[2022-01-27 15:41:46,748] {processor.py:171} INFO - Processing /opt/airflow/dags/data_ingestion_gcs_dags.py took 1.358 seconds
[2022-01-27 15:42:16,937] {processor.py:163} INFO - Started process (PID=1563) to work on /opt/airflow/dags/data_ingestion_gcs_dags.py
[2022-01-27 15:42:16,940] {processor.py:642} INFO - Processing file /opt/airflow/dags/data_ingestion_gcs_dags.py for tasks to queue
[2022-01-27 15:42:16,942] {logging_mixin.py:109} INFO - [2022-01-27 15:42:16,942] {dagbag.py:500} INFO - Filling up the DagBag from /opt/airflow/dags/data_ingestion_gcs_dags.py
[2022-01-27 15:42:17,697] {processor.py:654} INFO - DAG(s) dict_keys(['data_ingestion_gcs_dag']) retrieved from /opt/airflow/dags/data_ingestion_gcs_dags.py
[2022-01-27 15:42:17,714] {logging_mixin.py:109} INFO - [2022-01-27 15:42:17,714] {dag.py:2396} INFO - Sync 1 DAGs
[2022-01-27 15:42:17,754] {processor.py:171} INFO - Processing /opt/airflow/dags/data_ingestion_gcs_dags.py took 0.823 seconds
[2022-01-27 15:42:48,000] {processor.py:163} INFO - Started process (PID=1586) to work on /opt/airflow/dags/data_ingestion_gcs_dags.py
[2022-01-27 15:42:48,003] {processor.py:642} INFO - Processing file /opt/airflow/dags/data_ingestion_gcs_dags.py for tasks to queue
[2022-01-27 15:42:48,005] {logging_mixin.py:109} INFO - [2022-01-27 15:42:48,005] {dagbag.py:500} INFO - Filling up the DagBag from /opt/airflow/dags/data_ingestion_gcs_dags.py
[2022-01-27 15:42:49,067] {processor.py:654} INFO - DAG(s) dict_keys(['data_ingestion_gcs_dag']) retrieved from /opt/airflow/dags/data_ingestion_gcs_dags.py
[2022-01-27 15:42:49,102] {logging_mixin.py:109} INFO - [2022-01-27 15:42:49,102] {dag.py:2396} INFO - Sync 1 DAGs
[2022-01-27 15:42:49,190] {processor.py:171} INFO - Processing /opt/airflow/dags/data_ingestion_gcs_dags.py took 1.194 seconds
[2022-01-27 15:43:19,411] {processor.py:163} INFO - Started process (PID=1609) to work on /opt/airflow/dags/data_ingestion_gcs_dags.py
[2022-01-27 15:43:19,414] {processor.py:642} INFO - Processing file /opt/airflow/dags/data_ingestion_gcs_dags.py for tasks to queue
[2022-01-27 15:43:19,415] {logging_mixin.py:109} INFO - [2022-01-27 15:43:19,415] {dagbag.py:500} INFO - Filling up the DagBag from /opt/airflow/dags/data_ingestion_gcs_dags.py
[2022-01-27 15:43:20,491] {processor.py:654} INFO - DAG(s) dict_keys(['data_ingestion_gcs_dag']) retrieved from /opt/airflow/dags/data_ingestion_gcs_dags.py
[2022-01-27 15:43:20,503] {logging_mixin.py:109} INFO - [2022-01-27 15:43:20,502] {dag.py:2396} INFO - Sync 1 DAGs
[2022-01-27 15:43:20,524] {processor.py:171} INFO - Processing /opt/airflow/dags/data_ingestion_gcs_dags.py took 1.120 seconds
[2022-01-27 15:43:50,652] {processor.py:163} INFO - Started process (PID=1635) to work on /opt/airflow/dags/data_ingestion_gcs_dags.py
[2022-01-27 15:43:50,661] {processor.py:642} INFO - Processing file /opt/airflow/dags/data_ingestion_gcs_dags.py for tasks to queue
[2022-01-27 15:43:50,666] {logging_mixin.py:109} INFO - [2022-01-27 15:43:50,666] {dagbag.py:500} INFO - Filling up the DagBag from /opt/airflow/dags/data_ingestion_gcs_dags.py
[2022-01-27 15:43:52,579] {processor.py:654} INFO - DAG(s) dict_keys(['data_ingestion_gcs_dag']) retrieved from /opt/airflow/dags/data_ingestion_gcs_dags.py
[2022-01-27 15:43:52,593] {logging_mixin.py:109} INFO - [2022-01-27 15:43:52,593] {dag.py:2396} INFO - Sync 1 DAGs
[2022-01-27 15:43:52,617] {processor.py:171} INFO - Processing /opt/airflow/dags/data_ingestion_gcs_dags.py took 1.970 seconds
[2022-01-27 15:44:22,852] {processor.py:163} INFO - Started process (PID=1666) to work on /opt/airflow/dags/data_ingestion_gcs_dags.py
[2022-01-27 15:44:22,858] {processor.py:642} INFO - Processing file /opt/airflow/dags/data_ingestion_gcs_dags.py for tasks to queue
[2022-01-27 15:44:22,862] {logging_mixin.py:109} INFO - [2022-01-27 15:44:22,862] {dagbag.py:500} INFO - Filling up the DagBag from /opt/airflow/dags/data_ingestion_gcs_dags.py
[2022-01-27 15:44:25,154] {processor.py:654} INFO - DAG(s) dict_keys(['data_ingestion_gcs_dag']) retrieved from /opt/airflow/dags/data_ingestion_gcs_dags.py
[2022-01-27 15:44:25,174] {logging_mixin.py:109} INFO - [2022-01-27 15:44:25,173] {dag.py:2396} INFO - Sync 1 DAGs
[2022-01-27 15:44:25,214] {logging_mixin.py:109} INFO - [2022-01-27 15:44:25,213] {dag.py:2935} INFO - Setting next_dagrun for data_ingestion_gcs_dag to 2022-01-27T00:00:00+00:00
[2022-01-27 15:44:25,242] {processor.py:171} INFO - Processing /opt/airflow/dags/data_ingestion_gcs_dags.py took 2.395 seconds
[2022-01-27 15:44:55,387] {processor.py:163} INFO - Started process (PID=1689) to work on /opt/airflow/dags/data_ingestion_gcs_dags.py
[2022-01-27 15:44:55,391] {processor.py:642} INFO - Processing file /opt/airflow/dags/data_ingestion_gcs_dags.py for tasks to queue
[2022-01-27 15:44:55,392] {logging_mixin.py:109} INFO - [2022-01-27 15:44:55,392] {dagbag.py:500} INFO - Filling up the DagBag from /opt/airflow/dags/data_ingestion_gcs_dags.py
[2022-01-27 15:44:56,413] {processor.py:654} INFO - DAG(s) dict_keys(['data_ingestion_gcs_dag']) retrieved from /opt/airflow/dags/data_ingestion_gcs_dags.py
[2022-01-27 15:44:56,430] {logging_mixin.py:109} INFO - [2022-01-27 15:44:56,430] {dag.py:2396} INFO - Sync 1 DAGs
[2022-01-27 15:44:56,458] {logging_mixin.py:109} INFO - [2022-01-27 15:44:56,457] {dag.py:2935} INFO - Setting next_dagrun for data_ingestion_gcs_dag to 2022-01-27T00:00:00+00:00
[2022-01-27 15:44:56,477] {processor.py:171} INFO - Processing /opt/airflow/dags/data_ingestion_gcs_dags.py took 1.114 seconds
[2022-01-27 15:45:26,570] {processor.py:163} INFO - Started process (PID=1710) to work on /opt/airflow/dags/data_ingestion_gcs_dags.py
[2022-01-27 15:45:26,573] {processor.py:642} INFO - Processing file /opt/airflow/dags/data_ingestion_gcs_dags.py for tasks to queue
[2022-01-27 15:45:26,575] {logging_mixin.py:109} INFO - [2022-01-27 15:45:26,575] {dagbag.py:500} INFO - Filling up the DagBag from /opt/airflow/dags/data_ingestion_gcs_dags.py
[2022-01-27 15:45:27,329] {processor.py:654} INFO - DAG(s) dict_keys(['data_ingestion_gcs_dag']) retrieved from /opt/airflow/dags/data_ingestion_gcs_dags.py
[2022-01-27 15:45:27,341] {logging_mixin.py:109} INFO - [2022-01-27 15:45:27,341] {dag.py:2396} INFO - Sync 1 DAGs
[2022-01-27 15:45:27,359] {logging_mixin.py:109} INFO - [2022-01-27 15:45:27,358] {dag.py:2935} INFO - Setting next_dagrun for data_ingestion_gcs_dag to 2022-01-27T00:00:00+00:00
[2022-01-27 15:45:27,370] {processor.py:171} INFO - Processing /opt/airflow/dags/data_ingestion_gcs_dags.py took 0.807 seconds
[2022-01-27 15:45:57,527] {processor.py:163} INFO - Started process (PID=1732) to work on /opt/airflow/dags/data_ingestion_gcs_dags.py
[2022-01-27 15:45:57,531] {processor.py:642} INFO - Processing file /opt/airflow/dags/data_ingestion_gcs_dags.py for tasks to queue
[2022-01-27 15:45:57,535] {logging_mixin.py:109} INFO - [2022-01-27 15:45:57,535] {dagbag.py:500} INFO - Filling up the DagBag from /opt/airflow/dags/data_ingestion_gcs_dags.py
[2022-01-27 15:45:58,215] {processor.py:654} INFO - DAG(s) dict_keys(['data_ingestion_gcs_dag']) retrieved from /opt/airflow/dags/data_ingestion_gcs_dags.py
[2022-01-27 15:45:58,224] {logging_mixin.py:109} INFO - [2022-01-27 15:45:58,224] {dag.py:2396} INFO - Sync 1 DAGs
[2022-01-27 15:45:58,238] {logging_mixin.py:109} INFO - [2022-01-27 15:45:58,238] {dag.py:2935} INFO - Setting next_dagrun for data_ingestion_gcs_dag to 2022-01-27T00:00:00+00:00
[2022-01-27 15:45:58,247] {processor.py:171} INFO - Processing /opt/airflow/dags/data_ingestion_gcs_dags.py took 0.726 seconds
[2022-01-27 15:46:28,362] {processor.py:163} INFO - Started process (PID=1765) to work on /opt/airflow/dags/data_ingestion_gcs_dags.py
[2022-01-27 15:46:28,370] {processor.py:642} INFO - Processing file /opt/airflow/dags/data_ingestion_gcs_dags.py for tasks to queue
[2022-01-27 15:46:28,372] {logging_mixin.py:109} INFO - [2022-01-27 15:46:28,372] {dagbag.py:500} INFO - Filling up the DagBag from /opt/airflow/dags/data_ingestion_gcs_dags.py
[2022-01-27 15:46:29,626] {processor.py:654} INFO - DAG(s) dict_keys(['data_ingestion_gcs_dag']) retrieved from /opt/airflow/dags/data_ingestion_gcs_dags.py
[2022-01-27 15:46:29,647] {logging_mixin.py:109} INFO - [2022-01-27 15:46:29,641] {dag.py:2396} INFO - Sync 1 DAGs
[2022-01-27 15:46:29,677] {logging_mixin.py:109} INFO - [2022-01-27 15:46:29,677] {dag.py:2935} INFO - Setting next_dagrun for data_ingestion_gcs_dag to 2022-01-27T00:00:00+00:00
[2022-01-27 15:46:29,693] {processor.py:171} INFO - Processing /opt/airflow/dags/data_ingestion_gcs_dags.py took 1.335 seconds
[2022-01-27 15:46:59,805] {processor.py:163} INFO - Started process (PID=1788) to work on /opt/airflow/dags/data_ingestion_gcs_dags.py
[2022-01-27 15:46:59,807] {processor.py:642} INFO - Processing file /opt/airflow/dags/data_ingestion_gcs_dags.py for tasks to queue
[2022-01-27 15:46:59,809] {logging_mixin.py:109} INFO - [2022-01-27 15:46:59,809] {dagbag.py:500} INFO - Filling up the DagBag from /opt/airflow/dags/data_ingestion_gcs_dags.py
[2022-01-27 15:47:00,610] {processor.py:654} INFO - DAG(s) dict_keys(['data_ingestion_gcs_dag']) retrieved from /opt/airflow/dags/data_ingestion_gcs_dags.py
[2022-01-27 15:47:00,622] {logging_mixin.py:109} INFO - [2022-01-27 15:47:00,622] {dag.py:2396} INFO - Sync 1 DAGs
[2022-01-27 15:47:00,652] {processor.py:171} INFO - Processing /opt/airflow/dags/data_ingestion_gcs_dags.py took 0.856 seconds
[2022-01-27 15:47:30,935] {processor.py:163} INFO - Started process (PID=1811) to work on /opt/airflow/dags/data_ingestion_gcs_dags.py
[2022-01-27 15:47:30,938] {processor.py:642} INFO - Processing file /opt/airflow/dags/data_ingestion_gcs_dags.py for tasks to queue
[2022-01-27 15:47:30,939] {logging_mixin.py:109} INFO - [2022-01-27 15:47:30,939] {dagbag.py:500} INFO - Filling up the DagBag from /opt/airflow/dags/data_ingestion_gcs_dags.py
[2022-01-27 15:47:33,111] {processor.py:654} INFO - DAG(s) dict_keys(['data_ingestion_gcs_dag']) retrieved from /opt/airflow/dags/data_ingestion_gcs_dags.py
[2022-01-27 15:47:33,186] {logging_mixin.py:109} INFO - [2022-01-27 15:47:33,185] {dag.py:2396} INFO - Sync 1 DAGs
[2022-01-27 15:47:33,264] {processor.py:171} INFO - Processing /opt/airflow/dags/data_ingestion_gcs_dags.py took 2.336 seconds
[2022-01-27 15:48:03,404] {processor.py:163} INFO - Started process (PID=1832) to work on /opt/airflow/dags/data_ingestion_gcs_dags.py
[2022-01-27 15:48:03,408] {processor.py:642} INFO - Processing file /opt/airflow/dags/data_ingestion_gcs_dags.py for tasks to queue
[2022-01-27 15:48:03,410] {logging_mixin.py:109} INFO - [2022-01-27 15:48:03,409] {dagbag.py:500} INFO - Filling up the DagBag from /opt/airflow/dags/data_ingestion_gcs_dags.py
[2022-01-27 15:48:05,052] {processor.py:654} INFO - DAG(s) dict_keys(['data_ingestion_gcs_dag']) retrieved from /opt/airflow/dags/data_ingestion_gcs_dags.py
[2022-01-27 15:48:05,083] {logging_mixin.py:109} INFO - [2022-01-27 15:48:05,083] {dag.py:2396} INFO - Sync 1 DAGs
[2022-01-27 15:48:05,227] {processor.py:171} INFO - Processing /opt/airflow/dags/data_ingestion_gcs_dags.py took 1.828 seconds
[2022-01-27 15:48:35,438] {processor.py:163} INFO - Started process (PID=1864) to work on /opt/airflow/dags/data_ingestion_gcs_dags.py
[2022-01-27 15:48:35,445] {processor.py:642} INFO - Processing file /opt/airflow/dags/data_ingestion_gcs_dags.py for tasks to queue
[2022-01-27 15:48:35,459] {logging_mixin.py:109} INFO - [2022-01-27 15:48:35,459] {dagbag.py:500} INFO - Filling up the DagBag from /opt/airflow/dags/data_ingestion_gcs_dags.py
[2022-01-27 15:48:37,144] {processor.py:654} INFO - DAG(s) dict_keys(['data_ingestion_gcs_dag']) retrieved from /opt/airflow/dags/data_ingestion_gcs_dags.py
[2022-01-27 15:48:37,154] {logging_mixin.py:109} INFO - [2022-01-27 15:48:37,153] {dag.py:2396} INFO - Sync 1 DAGs
[2022-01-27 15:48:37,196] {processor.py:171} INFO - Processing /opt/airflow/dags/data_ingestion_gcs_dags.py took 1.762 seconds
[2022-01-27 15:49:07,486] {processor.py:163} INFO - Started process (PID=1887) to work on /opt/airflow/dags/data_ingestion_gcs_dags.py
[2022-01-27 15:49:07,488] {processor.py:642} INFO - Processing file /opt/airflow/dags/data_ingestion_gcs_dags.py for tasks to queue
[2022-01-27 15:49:07,489] {logging_mixin.py:109} INFO - [2022-01-27 15:49:07,489] {dagbag.py:500} INFO - Filling up the DagBag from /opt/airflow/dags/data_ingestion_gcs_dags.py
[2022-01-27 15:49:08,303] {processor.py:654} INFO - DAG(s) dict_keys(['data_ingestion_gcs_dag']) retrieved from /opt/airflow/dags/data_ingestion_gcs_dags.py
[2022-01-27 15:49:08,323] {logging_mixin.py:109} INFO - [2022-01-27 15:49:08,323] {dag.py:2396} INFO - Sync 1 DAGs
[2022-01-27 15:49:08,356] {processor.py:171} INFO - Processing /opt/airflow/dags/data_ingestion_gcs_dags.py took 0.874 seconds
[2022-01-27 15:49:38,969] {processor.py:163} INFO - Started process (PID=1910) to work on /opt/airflow/dags/data_ingestion_gcs_dags.py
[2022-01-27 15:49:38,974] {processor.py:642} INFO - Processing file /opt/airflow/dags/data_ingestion_gcs_dags.py for tasks to queue
[2022-01-27 15:49:38,976] {logging_mixin.py:109} INFO - [2022-01-27 15:49:38,976] {dagbag.py:500} INFO - Filling up the DagBag from /opt/airflow/dags/data_ingestion_gcs_dags.py
[2022-01-27 15:49:40,590] {processor.py:654} INFO - DAG(s) dict_keys(['data_ingestion_gcs_dag']) retrieved from /opt/airflow/dags/data_ingestion_gcs_dags.py
[2022-01-27 15:49:40,598] {logging_mixin.py:109} INFO - [2022-01-27 15:49:40,598] {dag.py:2396} INFO - Sync 1 DAGs
[2022-01-27 15:49:40,622] {processor.py:171} INFO - Processing /opt/airflow/dags/data_ingestion_gcs_dags.py took 1.657 seconds
[2022-01-27 15:50:10,799] {processor.py:163} INFO - Started process (PID=1934) to work on /opt/airflow/dags/data_ingestion_gcs_dags.py
[2022-01-27 15:50:10,802] {processor.py:642} INFO - Processing file /opt/airflow/dags/data_ingestion_gcs_dags.py for tasks to queue
[2022-01-27 15:50:10,804] {logging_mixin.py:109} INFO - [2022-01-27 15:50:10,804] {dagbag.py:500} INFO - Filling up the DagBag from /opt/airflow/dags/data_ingestion_gcs_dags.py
[2022-01-27 15:50:11,701] {processor.py:654} INFO - DAG(s) dict_keys(['data_ingestion_gcs_dag']) retrieved from /opt/airflow/dags/data_ingestion_gcs_dags.py
[2022-01-27 15:50:11,717] {logging_mixin.py:109} INFO - [2022-01-27 15:50:11,715] {dag.py:2396} INFO - Sync 1 DAGs
[2022-01-27 15:50:11,743] {processor.py:171} INFO - Processing /opt/airflow/dags/data_ingestion_gcs_dags.py took 0.948 seconds
[2022-01-27 15:50:41,990] {processor.py:163} INFO - Started process (PID=1965) to work on /opt/airflow/dags/data_ingestion_gcs_dags.py
[2022-01-27 15:50:41,994] {processor.py:642} INFO - Processing file /opt/airflow/dags/data_ingestion_gcs_dags.py for tasks to queue
[2022-01-27 15:50:41,996] {logging_mixin.py:109} INFO - [2022-01-27 15:50:41,995] {dagbag.py:500} INFO - Filling up the DagBag from /opt/airflow/dags/data_ingestion_gcs_dags.py
[2022-01-27 15:50:42,894] {processor.py:654} INFO - DAG(s) dict_keys(['data_ingestion_gcs_dag']) retrieved from /opt/airflow/dags/data_ingestion_gcs_dags.py
[2022-01-27 15:50:42,911] {logging_mixin.py:109} INFO - [2022-01-27 15:50:42,911] {dag.py:2396} INFO - Sync 1 DAGs
[2022-01-27 15:50:42,950] {processor.py:171} INFO - Processing /opt/airflow/dags/data_ingestion_gcs_dags.py took 0.969 seconds
[2022-01-27 15:51:13,381] {processor.py:163} INFO - Started process (PID=1987) to work on /opt/airflow/dags/data_ingestion_gcs_dags.py
[2022-01-27 15:51:13,385] {processor.py:642} INFO - Processing file /opt/airflow/dags/data_ingestion_gcs_dags.py for tasks to queue
[2022-01-27 15:51:13,387] {logging_mixin.py:109} INFO - [2022-01-27 15:51:13,386] {dagbag.py:500} INFO - Filling up the DagBag from /opt/airflow/dags/data_ingestion_gcs_dags.py
[2022-01-27 15:51:15,047] {processor.py:654} INFO - DAG(s) dict_keys(['data_ingestion_gcs_dag']) retrieved from /opt/airflow/dags/data_ingestion_gcs_dags.py
[2022-01-27 15:51:15,070] {logging_mixin.py:109} INFO - [2022-01-27 15:51:15,070] {dag.py:2396} INFO - Sync 1 DAGs
[2022-01-27 15:51:15,112] {processor.py:171} INFO - Processing /opt/airflow/dags/data_ingestion_gcs_dags.py took 1.735 seconds
[2022-01-27 15:51:45,500] {processor.py:163} INFO - Started process (PID=2009) to work on /opt/airflow/dags/data_ingestion_gcs_dags.py
[2022-01-27 15:51:45,503] {processor.py:642} INFO - Processing file /opt/airflow/dags/data_ingestion_gcs_dags.py for tasks to queue
[2022-01-27 15:51:45,505] {logging_mixin.py:109} INFO - [2022-01-27 15:51:45,505] {dagbag.py:500} INFO - Filling up the DagBag from /opt/airflow/dags/data_ingestion_gcs_dags.py
[2022-01-27 15:51:46,372] {processor.py:654} INFO - DAG(s) dict_keys(['data_ingestion_gcs_dag']) retrieved from /opt/airflow/dags/data_ingestion_gcs_dags.py
[2022-01-27 15:51:46,387] {logging_mixin.py:109} INFO - [2022-01-27 15:51:46,386] {dag.py:2396} INFO - Sync 1 DAGs
[2022-01-27 15:51:46,419] {processor.py:171} INFO - Processing /opt/airflow/dags/data_ingestion_gcs_dags.py took 0.924 seconds
[2022-01-27 15:52:16,567] {processor.py:163} INFO - Started process (PID=2032) to work on /opt/airflow/dags/data_ingestion_gcs_dags.py
[2022-01-27 15:52:16,571] {processor.py:642} INFO - Processing file /opt/airflow/dags/data_ingestion_gcs_dags.py for tasks to queue
[2022-01-27 15:52:16,573] {logging_mixin.py:109} INFO - [2022-01-27 15:52:16,573] {dagbag.py:500} INFO - Filling up the DagBag from /opt/airflow/dags/data_ingestion_gcs_dags.py
[2022-01-27 15:52:17,819] {processor.py:654} INFO - DAG(s) dict_keys(['data_ingestion_gcs_dag']) retrieved from /opt/airflow/dags/data_ingestion_gcs_dags.py
[2022-01-27 15:52:17,842] {logging_mixin.py:109} INFO - [2022-01-27 15:52:17,842] {dag.py:2396} INFO - Sync 1 DAGs
[2022-01-27 15:52:17,867] {processor.py:171} INFO - Processing /opt/airflow/dags/data_ingestion_gcs_dags.py took 1.304 seconds
[2022-01-27 15:52:47,999] {processor.py:163} INFO - Started process (PID=2064) to work on /opt/airflow/dags/data_ingestion_gcs_dags.py
[2022-01-27 15:52:48,003] {processor.py:642} INFO - Processing file /opt/airflow/dags/data_ingestion_gcs_dags.py for tasks to queue
[2022-01-27 15:52:48,004] {logging_mixin.py:109} INFO - [2022-01-27 15:52:48,004] {dagbag.py:500} INFO - Filling up the DagBag from /opt/airflow/dags/data_ingestion_gcs_dags.py
[2022-01-27 15:52:49,399] {processor.py:654} INFO - DAG(s) dict_keys(['data_ingestion_gcs_dag']) retrieved from /opt/airflow/dags/data_ingestion_gcs_dags.py
[2022-01-27 15:52:49,411] {logging_mixin.py:109} INFO - [2022-01-27 15:52:49,410] {dag.py:2396} INFO - Sync 1 DAGs
[2022-01-27 15:52:49,428] {logging_mixin.py:109} INFO - [2022-01-27 15:52:49,428] {dag.py:2935} INFO - Setting next_dagrun for data_ingestion_gcs_dag to 2022-01-27T00:00:00+00:00
[2022-01-27 15:52:49,438] {processor.py:171} INFO - Processing /opt/airflow/dags/data_ingestion_gcs_dags.py took 1.443 seconds
[2022-01-27 15:53:19,560] {processor.py:163} INFO - Started process (PID=2086) to work on /opt/airflow/dags/data_ingestion_gcs_dags.py
[2022-01-27 15:53:19,566] {processor.py:642} INFO - Processing file /opt/airflow/dags/data_ingestion_gcs_dags.py for tasks to queue
[2022-01-27 15:53:19,569] {logging_mixin.py:109} INFO - [2022-01-27 15:53:19,569] {dagbag.py:500} INFO - Filling up the DagBag from /opt/airflow/dags/data_ingestion_gcs_dags.py
[2022-01-27 15:53:20,313] {processor.py:654} INFO - DAG(s) dict_keys(['data_ingestion_gcs_dag']) retrieved from /opt/airflow/dags/data_ingestion_gcs_dags.py
[2022-01-27 15:53:20,322] {logging_mixin.py:109} INFO - [2022-01-27 15:53:20,322] {dag.py:2396} INFO - Sync 1 DAGs
[2022-01-27 15:53:20,336] {logging_mixin.py:109} INFO - [2022-01-27 15:53:20,336] {dag.py:2935} INFO - Setting next_dagrun for data_ingestion_gcs_dag to 2022-01-27T00:00:00+00:00
[2022-01-27 15:53:20,347] {processor.py:171} INFO - Processing /opt/airflow/dags/data_ingestion_gcs_dags.py took 0.792 seconds
[2022-01-27 15:53:50,463] {processor.py:163} INFO - Started process (PID=2109) to work on /opt/airflow/dags/data_ingestion_gcs_dags.py
[2022-01-27 15:53:50,465] {processor.py:642} INFO - Processing file /opt/airflow/dags/data_ingestion_gcs_dags.py for tasks to queue
[2022-01-27 15:53:50,469] {logging_mixin.py:109} INFO - [2022-01-27 15:53:50,469] {dagbag.py:500} INFO - Filling up the DagBag from /opt/airflow/dags/data_ingestion_gcs_dags.py
[2022-01-27 15:53:51,579] {processor.py:654} INFO - DAG(s) dict_keys(['data_ingestion_gcs_dag']) retrieved from /opt/airflow/dags/data_ingestion_gcs_dags.py
[2022-01-27 15:53:51,588] {logging_mixin.py:109} INFO - [2022-01-27 15:53:51,588] {dag.py:2396} INFO - Sync 1 DAGs
[2022-01-27 15:53:51,603] {logging_mixin.py:109} INFO - [2022-01-27 15:53:51,603] {dag.py:2935} INFO - Setting next_dagrun for data_ingestion_gcs_dag to 2022-01-27T00:00:00+00:00
[2022-01-27 15:53:51,612] {processor.py:171} INFO - Processing /opt/airflow/dags/data_ingestion_gcs_dags.py took 1.160 seconds
[2022-01-27 15:54:21,820] {processor.py:163} INFO - Started process (PID=2143) to work on /opt/airflow/dags/data_ingestion_gcs_dags.py
[2022-01-27 15:54:21,822] {processor.py:642} INFO - Processing file /opt/airflow/dags/data_ingestion_gcs_dags.py for tasks to queue
[2022-01-27 15:54:21,824] {logging_mixin.py:109} INFO - [2022-01-27 15:54:21,824] {dagbag.py:500} INFO - Filling up the DagBag from /opt/airflow/dags/data_ingestion_gcs_dags.py
[2022-01-27 15:54:22,585] {processor.py:654} INFO - DAG(s) dict_keys(['data_ingestion_gcs_dag']) retrieved from /opt/airflow/dags/data_ingestion_gcs_dags.py
[2022-01-27 15:54:22,599] {logging_mixin.py:109} INFO - [2022-01-27 15:54:22,598] {dag.py:2396} INFO - Sync 1 DAGs
[2022-01-27 15:54:22,618] {logging_mixin.py:109} INFO - [2022-01-27 15:54:22,618] {dag.py:2935} INFO - Setting next_dagrun for data_ingestion_gcs_dag to 2022-01-27T00:00:00+00:00
[2022-01-27 15:54:22,630] {processor.py:171} INFO - Processing /opt/airflow/dags/data_ingestion_gcs_dags.py took 0.819 seconds
[2022-01-27 15:54:52,799] {processor.py:163} INFO - Started process (PID=2164) to work on /opt/airflow/dags/data_ingestion_gcs_dags.py
[2022-01-27 15:54:52,807] {processor.py:642} INFO - Processing file /opt/airflow/dags/data_ingestion_gcs_dags.py for tasks to queue
[2022-01-27 15:54:52,810] {logging_mixin.py:109} INFO - [2022-01-27 15:54:52,810] {dagbag.py:500} INFO - Filling up the DagBag from /opt/airflow/dags/data_ingestion_gcs_dags.py
[2022-01-27 15:54:54,059] {processor.py:654} INFO - DAG(s) dict_keys(['data_ingestion_gcs_dag']) retrieved from /opt/airflow/dags/data_ingestion_gcs_dags.py
[2022-01-27 15:54:54,072] {logging_mixin.py:109} INFO - [2022-01-27 15:54:54,072] {dag.py:2396} INFO - Sync 1 DAGs
[2022-01-27 15:54:54,102] {logging_mixin.py:109} INFO - [2022-01-27 15:54:54,102] {dag.py:2935} INFO - Setting next_dagrun for data_ingestion_gcs_dag to 2022-01-27T00:00:00+00:00
[2022-01-27 15:54:54,120] {processor.py:171} INFO - Processing /opt/airflow/dags/data_ingestion_gcs_dags.py took 1.334 seconds
[2022-01-27 15:55:24,276] {processor.py:163} INFO - Started process (PID=2186) to work on /opt/airflow/dags/data_ingestion_gcs_dags.py
[2022-01-27 15:55:24,280] {processor.py:642} INFO - Processing file /opt/airflow/dags/data_ingestion_gcs_dags.py for tasks to queue
[2022-01-27 15:55:24,282] {logging_mixin.py:109} INFO - [2022-01-27 15:55:24,282] {dagbag.py:500} INFO - Filling up the DagBag from /opt/airflow/dags/data_ingestion_gcs_dags.py
[2022-01-27 15:55:25,186] {processor.py:654} INFO - DAG(s) dict_keys(['data_ingestion_gcs_dag']) retrieved from /opt/airflow/dags/data_ingestion_gcs_dags.py
[2022-01-27 15:55:25,201] {logging_mixin.py:109} INFO - [2022-01-27 15:55:25,200] {dag.py:2396} INFO - Sync 1 DAGs
[2022-01-27 15:55:25,221] {logging_mixin.py:109} INFO - [2022-01-27 15:55:25,220] {dag.py:2935} INFO - Setting next_dagrun for data_ingestion_gcs_dag to 2022-01-27T00:00:00+00:00
[2022-01-27 15:55:25,232] {processor.py:171} INFO - Processing /opt/airflow/dags/data_ingestion_gcs_dags.py took 0.962 seconds
[2022-01-27 15:55:56,081] {processor.py:163} INFO - Started process (PID=2214) to work on /opt/airflow/dags/data_ingestion_gcs_dags.py
[2022-01-27 15:55:56,086] {processor.py:642} INFO - Processing file /opt/airflow/dags/data_ingestion_gcs_dags.py for tasks to queue
[2022-01-27 15:55:56,093] {logging_mixin.py:109} INFO - [2022-01-27 15:55:56,092] {dagbag.py:500} INFO - Filling up the DagBag from /opt/airflow/dags/data_ingestion_gcs_dags.py
[2022-01-27 15:55:58,884] {processor.py:654} INFO - DAG(s) dict_keys(['data_ingestion_gcs_dag']) retrieved from /opt/airflow/dags/data_ingestion_gcs_dags.py
[2022-01-27 15:55:58,919] {logging_mixin.py:109} INFO - [2022-01-27 15:55:58,919] {dag.py:2396} INFO - Sync 1 DAGs
[2022-01-27 15:55:58,965] {processor.py:171} INFO - Processing /opt/airflow/dags/data_ingestion_gcs_dags.py took 2.914 seconds
[2022-01-27 15:56:29,209] {processor.py:163} INFO - Started process (PID=2238) to work on /opt/airflow/dags/data_ingestion_gcs_dags.py
[2022-01-27 15:56:29,215] {processor.py:642} INFO - Processing file /opt/airflow/dags/data_ingestion_gcs_dags.py for tasks to queue
[2022-01-27 15:56:29,219] {logging_mixin.py:109} INFO - [2022-01-27 15:56:29,218] {dagbag.py:500} INFO - Filling up the DagBag from /opt/airflow/dags/data_ingestion_gcs_dags.py
[2022-01-27 15:56:31,380] {processor.py:654} INFO - DAG(s) dict_keys(['data_ingestion_gcs_dag']) retrieved from /opt/airflow/dags/data_ingestion_gcs_dags.py
[2022-01-27 15:56:31,395] {logging_mixin.py:109} INFO - [2022-01-27 15:56:31,394] {dag.py:2396} INFO - Sync 1 DAGs
[2022-01-27 15:56:31,431] {processor.py:171} INFO - Processing /opt/airflow/dags/data_ingestion_gcs_dags.py took 2.237 seconds
[2022-01-27 15:57:01,633] {processor.py:163} INFO - Started process (PID=2259) to work on /opt/airflow/dags/data_ingestion_gcs_dags.py
[2022-01-27 15:57:01,636] {processor.py:642} INFO - Processing file /opt/airflow/dags/data_ingestion_gcs_dags.py for tasks to queue
[2022-01-27 15:57:01,638] {logging_mixin.py:109} INFO - [2022-01-27 15:57:01,638] {dagbag.py:500} INFO - Filling up the DagBag from /opt/airflow/dags/data_ingestion_gcs_dags.py
[2022-01-27 15:57:02,292] {processor.py:654} INFO - DAG(s) dict_keys(['data_ingestion_gcs_dag']) retrieved from /opt/airflow/dags/data_ingestion_gcs_dags.py
[2022-01-27 15:57:02,306] {logging_mixin.py:109} INFO - [2022-01-27 15:57:02,305] {dag.py:2396} INFO - Sync 1 DAGs
[2022-01-27 15:57:02,421] {processor.py:171} INFO - Processing /opt/airflow/dags/data_ingestion_gcs_dags.py took 0.794 seconds
[2022-01-27 15:57:32,521] {processor.py:163} INFO - Started process (PID=2283) to work on /opt/airflow/dags/data_ingestion_gcs_dags.py
[2022-01-27 15:57:32,525] {processor.py:642} INFO - Processing file /opt/airflow/dags/data_ingestion_gcs_dags.py for tasks to queue
[2022-01-27 15:57:32,528] {logging_mixin.py:109} INFO - [2022-01-27 15:57:32,527] {dagbag.py:500} INFO - Filling up the DagBag from /opt/airflow/dags/data_ingestion_gcs_dags.py
[2022-01-27 15:57:33,660] {processor.py:654} INFO - DAG(s) dict_keys(['data_ingestion_gcs_dag']) retrieved from /opt/airflow/dags/data_ingestion_gcs_dags.py
[2022-01-27 15:57:33,670] {logging_mixin.py:109} INFO - [2022-01-27 15:57:33,670] {dag.py:2396} INFO - Sync 1 DAGs
[2022-01-27 15:57:33,694] {processor.py:171} INFO - Processing /opt/airflow/dags/data_ingestion_gcs_dags.py took 1.179 seconds
[2022-01-27 15:58:03,797] {processor.py:163} INFO - Started process (PID=2318) to work on /opt/airflow/dags/data_ingestion_gcs_dags.py
[2022-01-27 15:58:03,799] {processor.py:642} INFO - Processing file /opt/airflow/dags/data_ingestion_gcs_dags.py for tasks to queue
[2022-01-27 15:58:03,800] {logging_mixin.py:109} INFO - [2022-01-27 15:58:03,800] {dagbag.py:500} INFO - Filling up the DagBag from /opt/airflow/dags/data_ingestion_gcs_dags.py
[2022-01-27 15:58:04,651] {processor.py:654} INFO - DAG(s) dict_keys(['data_ingestion_gcs_dag']) retrieved from /opt/airflow/dags/data_ingestion_gcs_dags.py
[2022-01-27 15:58:04,665] {logging_mixin.py:109} INFO - [2022-01-27 15:58:04,664] {dag.py:2396} INFO - Sync 1 DAGs
[2022-01-27 15:58:04,701] {processor.py:171} INFO - Processing /opt/airflow/dags/data_ingestion_gcs_dags.py took 0.908 seconds
[2022-01-27 15:58:34,788] {processor.py:163} INFO - Started process (PID=2341) to work on /opt/airflow/dags/data_ingestion_gcs_dags.py
[2022-01-27 15:58:34,791] {processor.py:642} INFO - Processing file /opt/airflow/dags/data_ingestion_gcs_dags.py for tasks to queue
[2022-01-27 15:58:34,794] {logging_mixin.py:109} INFO - [2022-01-27 15:58:34,794] {dagbag.py:500} INFO - Filling up the DagBag from /opt/airflow/dags/data_ingestion_gcs_dags.py
[2022-01-27 15:58:35,913] {processor.py:654} INFO - DAG(s) dict_keys(['data_ingestion_gcs_dag']) retrieved from /opt/airflow/dags/data_ingestion_gcs_dags.py
[2022-01-27 15:58:35,950] {logging_mixin.py:109} INFO - [2022-01-27 15:58:35,950] {dag.py:2396} INFO - Sync 1 DAGs
[2022-01-27 15:58:36,019] {processor.py:171} INFO - Processing /opt/airflow/dags/data_ingestion_gcs_dags.py took 1.235 seconds
[2022-01-27 15:59:06,135] {processor.py:163} INFO - Started process (PID=2365) to work on /opt/airflow/dags/data_ingestion_gcs_dags.py
[2022-01-27 15:59:06,138] {processor.py:642} INFO - Processing file /opt/airflow/dags/data_ingestion_gcs_dags.py for tasks to queue
[2022-01-27 15:59:06,139] {logging_mixin.py:109} INFO - [2022-01-27 15:59:06,139] {dagbag.py:500} INFO - Filling up the DagBag from /opt/airflow/dags/data_ingestion_gcs_dags.py
[2022-01-27 15:59:06,886] {processor.py:654} INFO - DAG(s) dict_keys(['data_ingestion_gcs_dag']) retrieved from /opt/airflow/dags/data_ingestion_gcs_dags.py
[2022-01-27 15:59:06,901] {logging_mixin.py:109} INFO - [2022-01-27 15:59:06,900] {dag.py:2396} INFO - Sync 1 DAGs
[2022-01-27 15:59:06,964] {processor.py:171} INFO - Processing /opt/airflow/dags/data_ingestion_gcs_dags.py took 0.832 seconds
[2022-01-27 15:59:37,266] {processor.py:163} INFO - Started process (PID=2397) to work on /opt/airflow/dags/data_ingestion_gcs_dags.py
[2022-01-27 15:59:37,269] {processor.py:642} INFO - Processing file /opt/airflow/dags/data_ingestion_gcs_dags.py for tasks to queue
[2022-01-27 15:59:37,272] {logging_mixin.py:109} INFO - [2022-01-27 15:59:37,271] {dagbag.py:500} INFO - Filling up the DagBag from /opt/airflow/dags/data_ingestion_gcs_dags.py
[2022-01-27 15:59:38,326] {processor.py:654} INFO - DAG(s) dict_keys(['data_ingestion_gcs_dag']) retrieved from /opt/airflow/dags/data_ingestion_gcs_dags.py
[2022-01-27 15:59:38,339] {logging_mixin.py:109} INFO - [2022-01-27 15:59:38,339] {dag.py:2396} INFO - Sync 1 DAGs
[2022-01-27 15:59:38,362] {processor.py:171} INFO - Processing /opt/airflow/dags/data_ingestion_gcs_dags.py took 1.108 seconds
[2022-01-27 16:00:08,471] {processor.py:163} INFO - Started process (PID=2420) to work on /opt/airflow/dags/data_ingestion_gcs_dags.py
[2022-01-27 16:00:08,486] {processor.py:642} INFO - Processing file /opt/airflow/dags/data_ingestion_gcs_dags.py for tasks to queue
[2022-01-27 16:00:08,490] {logging_mixin.py:109} INFO - [2022-01-27 16:00:08,490] {dagbag.py:500} INFO - Filling up the DagBag from /opt/airflow/dags/data_ingestion_gcs_dags.py
[2022-01-27 16:00:09,429] {processor.py:654} INFO - DAG(s) dict_keys(['data_ingestion_gcs_dag']) retrieved from /opt/airflow/dags/data_ingestion_gcs_dags.py
[2022-01-27 16:00:09,445] {logging_mixin.py:109} INFO - [2022-01-27 16:00:09,445] {dag.py:2396} INFO - Sync 1 DAGs
[2022-01-27 16:00:09,477] {processor.py:171} INFO - Processing /opt/airflow/dags/data_ingestion_gcs_dags.py took 1.010 seconds
[2022-01-27 16:00:39,714] {processor.py:163} INFO - Started process (PID=2443) to work on /opt/airflow/dags/data_ingestion_gcs_dags.py
[2022-01-27 16:00:39,720] {processor.py:642} INFO - Processing file /opt/airflow/dags/data_ingestion_gcs_dags.py for tasks to queue
[2022-01-27 16:00:39,722] {logging_mixin.py:109} INFO - [2022-01-27 16:00:39,722] {dagbag.py:500} INFO - Filling up the DagBag from /opt/airflow/dags/data_ingestion_gcs_dags.py
[2022-01-27 16:00:41,183] {processor.py:654} INFO - DAG(s) dict_keys(['data_ingestion_gcs_dag']) retrieved from /opt/airflow/dags/data_ingestion_gcs_dags.py
[2022-01-27 16:00:41,204] {logging_mixin.py:109} INFO - [2022-01-27 16:00:41,203] {dag.py:2396} INFO - Sync 1 DAGs
[2022-01-27 16:00:41,269] {processor.py:171} INFO - Processing /opt/airflow/dags/data_ingestion_gcs_dags.py took 1.560 seconds
[2022-01-27 16:01:11,488] {processor.py:163} INFO - Started process (PID=2478) to work on /opt/airflow/dags/data_ingestion_gcs_dags.py
[2022-01-27 16:01:11,492] {processor.py:642} INFO - Processing file /opt/airflow/dags/data_ingestion_gcs_dags.py for tasks to queue
[2022-01-27 16:01:11,496] {logging_mixin.py:109} INFO - [2022-01-27 16:01:11,496] {dagbag.py:500} INFO - Filling up the DagBag from /opt/airflow/dags/data_ingestion_gcs_dags.py
[2022-01-27 16:01:12,322] {processor.py:654} INFO - DAG(s) dict_keys(['data_ingestion_gcs_dag']) retrieved from /opt/airflow/dags/data_ingestion_gcs_dags.py
[2022-01-27 16:01:12,334] {logging_mixin.py:109} INFO - [2022-01-27 16:01:12,334] {dag.py:2396} INFO - Sync 1 DAGs
[2022-01-27 16:01:12,359] {processor.py:171} INFO - Processing /opt/airflow/dags/data_ingestion_gcs_dags.py took 0.878 seconds
[2022-01-27 16:01:42,580] {processor.py:163} INFO - Started process (PID=2501) to work on /opt/airflow/dags/data_ingestion_gcs_dags.py
[2022-01-27 16:01:42,582] {processor.py:642} INFO - Processing file /opt/airflow/dags/data_ingestion_gcs_dags.py for tasks to queue
[2022-01-27 16:01:42,585] {logging_mixin.py:109} INFO - [2022-01-27 16:01:42,585] {dagbag.py:500} INFO - Filling up the DagBag from /opt/airflow/dags/data_ingestion_gcs_dags.py
[2022-01-27 16:01:43,643] {processor.py:654} INFO - DAG(s) dict_keys(['data_ingestion_gcs_dag']) retrieved from /opt/airflow/dags/data_ingestion_gcs_dags.py
[2022-01-27 16:01:43,658] {logging_mixin.py:109} INFO - [2022-01-27 16:01:43,658] {dag.py:2396} INFO - Sync 1 DAGs
[2022-01-27 16:01:43,685] {processor.py:171} INFO - Processing /opt/airflow/dags/data_ingestion_gcs_dags.py took 1.109 seconds
[2022-01-27 16:02:13,746] {processor.py:163} INFO - Started process (PID=2527) to work on /opt/airflow/dags/data_ingestion_gcs_dags.py
[2022-01-27 16:02:13,750] {processor.py:642} INFO - Processing file /opt/airflow/dags/data_ingestion_gcs_dags.py for tasks to queue
[2022-01-27 16:02:13,754] {logging_mixin.py:109} INFO - [2022-01-27 16:02:13,754] {dagbag.py:500} INFO - Filling up the DagBag from /opt/airflow/dags/data_ingestion_gcs_dags.py
[2022-01-27 16:02:15,360] {processor.py:654} INFO - DAG(s) dict_keys(['data_ingestion_gcs_dag']) retrieved from /opt/airflow/dags/data_ingestion_gcs_dags.py
[2022-01-27 16:02:15,392] {logging_mixin.py:109} INFO - [2022-01-27 16:02:15,391] {dag.py:2396} INFO - Sync 1 DAGs
[2022-01-27 16:02:15,422] {logging_mixin.py:109} INFO - [2022-01-27 16:02:15,422] {dag.py:2935} INFO - Setting next_dagrun for data_ingestion_gcs_dag to 2022-01-27T00:00:00+00:00
[2022-01-27 16:02:15,444] {processor.py:171} INFO - Processing /opt/airflow/dags/data_ingestion_gcs_dags.py took 1.705 seconds
[2022-01-27 16:02:45,579] {processor.py:163} INFO - Started process (PID=2559) to work on /opt/airflow/dags/data_ingestion_gcs_dags.py
[2022-01-27 16:02:45,584] {processor.py:642} INFO - Processing file /opt/airflow/dags/data_ingestion_gcs_dags.py for tasks to queue
[2022-01-27 16:02:45,591] {logging_mixin.py:109} INFO - [2022-01-27 16:02:45,590] {dagbag.py:500} INFO - Filling up the DagBag from /opt/airflow/dags/data_ingestion_gcs_dags.py
[2022-01-27 16:02:46,799] {processor.py:654} INFO - DAG(s) dict_keys(['data_ingestion_gcs_dag']) retrieved from /opt/airflow/dags/data_ingestion_gcs_dags.py
[2022-01-27 16:02:46,819] {logging_mixin.py:109} INFO - [2022-01-27 16:02:46,818] {dag.py:2396} INFO - Sync 1 DAGs
[2022-01-27 16:02:46,843] {logging_mixin.py:109} INFO - [2022-01-27 16:02:46,843] {dag.py:2935} INFO - Setting next_dagrun for data_ingestion_gcs_dag to 2022-01-27T00:00:00+00:00
[2022-01-27 16:02:46,856] {processor.py:171} INFO - Processing /opt/airflow/dags/data_ingestion_gcs_dags.py took 1.280 seconds
[2022-01-27 16:03:17,065] {processor.py:163} INFO - Started process (PID=2581) to work on /opt/airflow/dags/data_ingestion_gcs_dags.py
[2022-01-27 16:03:17,068] {processor.py:642} INFO - Processing file /opt/airflow/dags/data_ingestion_gcs_dags.py for tasks to queue
[2022-01-27 16:03:17,071] {logging_mixin.py:109} INFO - [2022-01-27 16:03:17,071] {dagbag.py:500} INFO - Filling up the DagBag from /opt/airflow/dags/data_ingestion_gcs_dags.py
[2022-01-27 16:03:17,842] {processor.py:654} INFO - DAG(s) dict_keys(['data_ingestion_gcs_dag']) retrieved from /opt/airflow/dags/data_ingestion_gcs_dags.py
[2022-01-27 16:03:17,857] {logging_mixin.py:109} INFO - [2022-01-27 16:03:17,857] {dag.py:2396} INFO - Sync 1 DAGs
[2022-01-27 16:03:17,876] {logging_mixin.py:109} INFO - [2022-01-27 16:03:17,876] {dag.py:2935} INFO - Setting next_dagrun for data_ingestion_gcs_dag to 2022-01-27T00:00:00+00:00
[2022-01-27 16:03:17,890] {processor.py:171} INFO - Processing /opt/airflow/dags/data_ingestion_gcs_dags.py took 0.831 seconds
[2022-01-27 16:03:48,013] {processor.py:163} INFO - Started process (PID=2604) to work on /opt/airflow/dags/data_ingestion_gcs_dags.py
[2022-01-27 16:03:48,016] {processor.py:642} INFO - Processing file /opt/airflow/dags/data_ingestion_gcs_dags.py for tasks to queue
[2022-01-27 16:03:48,018] {logging_mixin.py:109} INFO - [2022-01-27 16:03:48,018] {dagbag.py:500} INFO - Filling up the DagBag from /opt/airflow/dags/data_ingestion_gcs_dags.py
[2022-01-27 16:03:48,923] {processor.py:654} INFO - DAG(s) dict_keys(['data_ingestion_gcs_dag']) retrieved from /opt/airflow/dags/data_ingestion_gcs_dags.py
[2022-01-27 16:03:48,938] {logging_mixin.py:109} INFO - [2022-01-27 16:03:48,938] {dag.py:2396} INFO - Sync 1 DAGs
[2022-01-27 16:03:48,958] {logging_mixin.py:109} INFO - [2022-01-27 16:03:48,958] {dag.py:2935} INFO - Setting next_dagrun for data_ingestion_gcs_dag to 2022-01-27T00:00:00+00:00
[2022-01-27 16:03:48,971] {processor.py:171} INFO - Processing /opt/airflow/dags/data_ingestion_gcs_dags.py took 0.966 seconds
[2022-01-27 16:04:19,977] {processor.py:163} INFO - Started process (PID=2627) to work on /opt/airflow/dags/data_ingestion_gcs_dags.py
[2022-01-27 16:04:19,981] {processor.py:642} INFO - Processing file /opt/airflow/dags/data_ingestion_gcs_dags.py for tasks to queue
[2022-01-27 16:04:19,983] {logging_mixin.py:109} INFO - [2022-01-27 16:04:19,983] {dagbag.py:500} INFO - Filling up the DagBag from /opt/airflow/dags/data_ingestion_gcs_dags.py
[2022-01-27 16:04:20,782] {processor.py:654} INFO - DAG(s) dict_keys(['data_ingestion_gcs_dag']) retrieved from /opt/airflow/dags/data_ingestion_gcs_dags.py
[2022-01-27 16:04:20,794] {logging_mixin.py:109} INFO - [2022-01-27 16:04:20,794] {dag.py:2396} INFO - Sync 1 DAGs
[2022-01-27 16:04:20,812] {logging_mixin.py:109} INFO - [2022-01-27 16:04:20,812] {dag.py:2935} INFO - Setting next_dagrun for data_ingestion_gcs_dag to 2022-01-27T00:00:00+00:00
[2022-01-27 16:04:20,825] {processor.py:171} INFO - Processing /opt/airflow/dags/data_ingestion_gcs_dags.py took 0.855 seconds
[2022-01-27 16:36:47,575] {processor.py:163} INFO - Started process (PID=2650) to work on /opt/airflow/dags/data_ingestion_gcs_dags.py
[2022-01-27 16:36:47,598] {processor.py:642} INFO - Processing file /opt/airflow/dags/data_ingestion_gcs_dags.py for tasks to queue
[2022-01-27 16:36:47,609] {logging_mixin.py:109} INFO - [2022-01-27 16:36:47,606] {dagbag.py:500} INFO - Filling up the DagBag from /opt/airflow/dags/data_ingestion_gcs_dags.py
[2022-01-27 16:37:32,446] {logging_mixin.py:109} INFO - [2022-01-27 16:37:32,418] {timeout.py:36} ERROR - Process timed out, PID: 2650
[2022-01-27 16:37:32,483] {logging_mixin.py:109} WARNING - Exception ignored in: <function WeakValueDictionary.__init__.<locals>.remove at 0x7fa052abbd40>
[2022-01-27 16:37:32,484] {logging_mixin.py:109} WARNING - Traceback (most recent call last):
[2022-01-27 16:37:32,487] {logging_mixin.py:109} WARNING -   File "/usr/local/lib/python3.7/weakref.py", line 109, in remove
[2022-01-27 16:37:32,507] {logging_mixin.py:109} WARNING -     def remove(wr, selfref=ref(self), _atomic_removal=_remove_dead_weakref):
[2022-01-27 16:37:32,509] {logging_mixin.py:109} WARNING -   File "/home/airflow/.local/lib/python3.7/site-packages/airflow/utils/timeout.py", line 37, in handle_timeout
[2022-01-27 16:37:32,512] {logging_mixin.py:109} WARNING -     raise AirflowTaskTimeout(self.error_message)
[2022-01-27 16:37:32,514] {logging_mixin.py:109} WARNING - airflow.exceptions.AirflowTaskTimeout: DagBag import timeout for /opt/airflow/dags/data_ingestion_gcs_dags.py after 30.0s.
Please take a look at these docs to improve your DAG import time:
* https://airflow.apache.org/docs/apache-airflow/2.2.3/best-practices.html#top-level-python-code
* https://airflow.apache.org/docs/apache-airflow/2.2.3/best-practices.html#reducing-dag-complexity, PID: 2650
[2022-01-27 16:37:38,621] {processor.py:654} INFO - DAG(s) dict_keys(['data_ingestion_gcs_dag']) retrieved from /opt/airflow/dags/data_ingestion_gcs_dags.py
[2022-01-27 16:37:41,889] {processor.py:163} INFO - Started process (PID=2672) to work on /opt/airflow/dags/data_ingestion_gcs_dags.py
[2022-01-27 16:37:41,906] {processor.py:642} INFO - Processing file /opt/airflow/dags/data_ingestion_gcs_dags.py for tasks to queue
[2022-01-27 16:37:41,935] {logging_mixin.py:109} INFO - [2022-01-27 16:37:41,934] {dagbag.py:500} INFO - Filling up the DagBag from /opt/airflow/dags/data_ingestion_gcs_dags.py
