[2022-01-27 15:56:53,209] {taskinstance.py:1032} INFO - Dependencies all met for <TaskInstance: data_ingestion_gcs_dag.format_to_parquet_task manual__2022-01-27T15:55:32.160473+00:00 [queued]>
[2022-01-27 15:56:53,221] {taskinstance.py:1032} INFO - Dependencies all met for <TaskInstance: data_ingestion_gcs_dag.format_to_parquet_task manual__2022-01-27T15:55:32.160473+00:00 [queued]>
[2022-01-27 15:56:53,222] {taskinstance.py:1238} INFO - 
--------------------------------------------------------------------------------
[2022-01-27 15:56:53,223] {taskinstance.py:1239} INFO - Starting attempt 1 of 2
[2022-01-27 15:56:53,224] {taskinstance.py:1240} INFO - 
--------------------------------------------------------------------------------
[2022-01-27 15:56:53,243] {taskinstance.py:1259} INFO - Executing <Task(PythonOperator): format_to_parquet_task> on 2022-01-27 15:55:32.160473+00:00
[2022-01-27 15:56:53,251] {standard_task_runner.py:52} INFO - Started process 2008 to run task
[2022-01-27 15:56:53,258] {standard_task_runner.py:76} INFO - Running: ['***', 'tasks', 'run', 'data_ingestion_gcs_dag', 'format_to_parquet_task', 'manual__2022-01-27T15:55:32.160473+00:00', '--job-id', '25', '--raw', '--subdir', 'DAGS_FOLDER/data_ingestion_gcs_dags.py', '--cfg-path', '/tmp/tmpo73aub6x', '--error-file', '/tmp/tmpwpk_do3m']
[2022-01-27 15:56:53,261] {standard_task_runner.py:77} INFO - Job 25: Subtask format_to_parquet_task
[2022-01-27 15:56:53,328] {logging_mixin.py:109} INFO - Running <TaskInstance: data_ingestion_gcs_dag.format_to_parquet_task manual__2022-01-27T15:55:32.160473+00:00 [running]> on host 6aa22590a839
[2022-01-27 15:56:53,390] {taskinstance.py:1426} INFO - Exporting the following env vars:
AIRFLOW_CTX_DAG_OWNER=***
AIRFLOW_CTX_DAG_ID=data_ingestion_gcs_dag
AIRFLOW_CTX_TASK_ID=format_to_parquet_task
AIRFLOW_CTX_EXECUTION_DATE=2022-01-27T15:55:32.160473+00:00
AIRFLOW_CTX_DAG_RUN_ID=manual__2022-01-27T15:55:32.160473+00:00
[2022-01-27 15:56:55,385] {python.py:175} INFO - Done. Returned value was: None
[2022-01-27 15:56:55,404] {taskinstance.py:1277} INFO - Marking task as SUCCESS. dag_id=data_ingestion_gcs_dag, task_id=format_to_parquet_task, execution_date=20220127T155532, start_date=20220127T155653, end_date=20220127T155655
[2022-01-27 15:56:55,570] {local_task_job.py:154} INFO - Task exited with return code 0
[2022-01-27 15:56:55,630] {local_task_job.py:264} INFO - 1 downstream tasks scheduled from follow-on schedule check
